100	20.746909	
200	-13.616442	
300	9.7124253	
400	-5.937006	
500	4.7392871	
600	-2.3093969	
700	2.5601891	
800	-0.55006534	
900	1.660417	
1000	0.34126534	
1100	1.3555525	
1200	0.82945032	
1300	1.3131408	
1400	1.1297694	
1500	1.3824936	
1600	1.343293	
1700	1.4920466	
1800	1.5112723	
1900	1.6098163	
2000	1.6486548	
2100	1.7183354	
2200	1.7580361	
2300	1.8073518	
2400	1.8379776	
2500	1.8702892	
2600	1.8885434	
2700	1.9029092	
2800	1.9064702	
2900	1.9044898	
3000	1.8928405	
3100	1.8773592	
3200	1.8515828	
3300	1.8241375	
3400	1.7894863	
3500	1.7530932	
3600	1.7130804	
3700	1.6715738	
3800	1.6285791	
3900	1.5850422	
4000	1.5419396	
4100	1.4987891	
4200	1.4573647	
4300	1.4165772	
4400	1.3758827	
4500	1.3386571	
4600	1.3014988	
4700	1.2666489	
4800	1.2336643	
4900	1.2026482	
5000	1.1734803	
5100	1.146751	
5200	1.1220509	
5300	1.0997984	
5400	1.0805135	
5500	1.0631048	
5600	1.0483307	
5700	1.0358463	
5800	1.025369	
5900	1.0171131	
6000	1.0114171	
6100	1.007109	
6200	1.0047353	
6300	1.0039638	
6400	1.0049236	
6500	1.0053404	
6600	1.0120924	
6700	1.0143061	
6800	1.0188103	
6900	1.0242636	
7000	1.0287957	
7100	1.0343642	
7200	1.0393272	
7300	1.0444902	
7400	1.0491506	
7500	1.0537296	
7600	1.0572226	
7700	1.0606738	
7800	1.0631312	
7900	1.0649098	
8000	1.0646682	
8100	1.0652872	
8200	1.0623054	
8300	1.0603879	
8400	1.0558711	
8500	1.0520646	
8600	1.0466619	
8700	1.0410884	
8800	1.0343557	
8900	1.0289778	
9000	1.0230712	
9100	1.0189529	
9200	1.0160494	
9300	1.0158782	
9400	1.0189072	
9500	1.0251836	
9600	1.0380821	
9700	1.0553583	
9800	1.081431	
9900	1.113372	
10000	1.1557313	
10100	1.2043649	
10200	1.2619849	
10300	1.325451	
10400	1.3942242	
10500	1.4659329	
10600	1.5352054	
10700	1.5998998	
10800	1.6621711	
10900	1.7104611	
11000	1.752314	
11100	1.7800472	
11200	1.7979645	
11300	1.8046039	
11400	1.8025235	
11500	1.7929257	
11600	1.7771183	
11700	1.7569205	
11800	1.7343333	
11900	1.7094663	
12000	1.684097	
12100	1.6591065	
12200	1.6367588	
12300	1.6205726	
12400	1.6145117	
12500	1.6217363	
12600	1.6433912	
12700	1.6796101	
12800	1.7273862	
12900	1.7845545	
13000	1.8464205	
13100	1.9080369	
13200	1.9681097	
13300	2.0258738	
13400	2.0821969	
13500	2.1389091	
13600	2.1983848	
13700	2.2579068	
13800	2.3171829	
13900	2.3719176	
14000	2.42079	
14100	2.4607326	
14200	2.4959278	
14300	2.5214486	
14400	2.5437129	
14500	2.5587838	
14600	2.570704	
14700	2.5749656	
14800	2.5739751	
14900	2.5653495	
15000	2.5491041	
15100	2.5259623	
15200	2.495136	
15300	2.4586555	
15400	2.417694	
15500	2.371655	
15600	2.3239624	
15700	2.2741356	
15800	2.2250087	
15900	2.1733534	
16000	2.1257154	
16100	2.0784338	
16200	2.0344148	
16300	1.9937152	
16400	1.9578522	
16500	1.9289045	
16600	1.9059367	
16700	1.8895376	
16800	1.8822647	
16900	1.8774353	
17000	1.8855206	
17100	1.8969755	
17200	1.9169934	
17300	1.9451664	
17400	1.9815004	
17500	2.026276	
17600	2.0804472	
17700	2.1413107	
17800	2.2087509	
17900	2.276981	
18000	2.3481016	
18100	2.4123799	
18200	2.470611	
18300	2.5145386	
18400	2.5436757	
18500	2.5549227	
18600	2.5497836	
18700	2.5281912	
18800	2.494257	
18900	2.4516897	
19000	2.4045976	
19100	2.3566459	
19200	2.3116092	
19300	2.2678571	
19400	2.2300193	
19500	2.1915188	
19600	2.1552598	
19700	2.1164654	
19800	2.078455	
19900	2.0372658	
20000	1.99786	
20100	1.9590665	
20200	1.9199022	
20300	1.8812107	
20400	1.8406541	
20500	1.7985739	
20600	1.7583751	
20700	1.7258087	
20800	1.7076748	
20900	1.7145371	
21000	1.7427205	
21100	1.7973956	
21200	1.8740069	
21300	1.972664	
21400	2.0840484	
21500	2.2034869	
21600	2.326219	
21700	2.4543823	
21800	2.5837516	
21900	2.713249	
22000	2.8341248	
22100	2.9388331	
22200	3.0189772	
22300	3.065843	
22400	3.0780062	
22500	3.056505	
22600	3.0066272	
22700	2.9364836	
22800	2.8531853	
22900	2.7622003	
23000	2.6693545	
23100	2.578285	
23200	2.4882702	
23300	2.4021813	
23400	2.3161615	
23500	2.2346973	
23600	2.1544611	
23700	2.0762829	
23800	2.0019837	
23900	1.9321725	
24000	1.8687554	
24100	1.8160534	
24200	1.7796948	
24300	1.7570545	
24400	1.7585571	
24500	1.7812381	
24600	1.8265467	
24700	1.8996756	
24800	1.9922406	
24900	2.1088804	
25000	2.2480262	
25100	2.4072526	
25200	2.5767853	
25300	2.7506432	
25400	2.9199861	
25500	3.0853632	
25600	3.2400768	
25700	3.3872141	
25800	3.511391	
25900	3.6053722	
26000	3.6583811	
26100	3.667409	
26200	3.627904	
26300	3.5567394	
26400	3.4543406	
26500	3.3350519	
26600	3.1999138	
26700	3.0587935	
26800	2.9146841	
26900	2.7721927	
27000	2.6365209	
27100	2.5092154	
27200	2.3954867	
27300	2.2910995	
27400	2.197681	
27500	2.1163235	
27600	2.0459017	
27700	1.9962901	
27800	1.9623896	
27900	1.9433937	
28000	1.9517889	
28100	1.9825209	
28200	2.0415684	
28300	2.1307866	
28400	2.2501983	
28500	2.403255	
28600	2.5893176	
28700	2.7997035	
28800	3.0246875	
28900	3.2530584	
29000	3.473289	
29100	3.6872991	
29200	3.8827879	
29300	4.0505939	
29400	4.1752881	
29500	4.242386	
29600	4.2436314	
29700	4.1833679	
29800	4.0700824	
29900	3.9200225	
30000	3.7464464	
30100	3.5617458	
30200	3.3776833	
30300	3.199619	
30400	3.0334551	
30500	2.8800053	
30600	2.7430383	
30700	2.6239323	
30800	2.5133316	
30900	2.4188073	
31000	2.3282724	
31100	2.2545021	
31200	2.1901826	
31300	2.1434608	
31400	2.111004	
31500	2.1104694	
31600	2.1329607	
31700	2.1942707	
31800	2.297208	
31900	2.4336254	
32000	2.6128088	
32100	2.8277063	
32200	3.0752406	
32300	3.3437394	
32400	3.6195079	
32500	3.8960461	
32600	4.1513873	
32700	4.3780883	
32800	4.549121	
32900	4.6490979	
33000	4.6636104	
33100	4.5910914	
33200	4.4501313	
33300	4.2587029	
33400	4.0369709	
33500	3.8102844	
33600	3.5879646	
33700	3.3809114	
33800	3.1931932	
33900	3.0244924	
34000	2.8741779	
34100	2.7432695	
34200	2.6267231	
34300	2.5206346	
34400	2.4252199	
34500	2.3394671	
34600	2.2692427	
34700	2.2224366	
34800	2.2038387	
34900	2.2084554	
35000	2.254745	
35100	2.33853	
35200	2.4626208	
35300	2.6189518	
35400	2.8050109	
35500	3.0189216	
35600	3.2557776	
35700	3.5090693	
35800	3.7844078	
35900	4.0579545	
36000	4.3135163	
36100	4.5208095	
36200	4.6526796	
36300	4.6987385	
36400	4.6552806	
36500	4.5318657	
36600	4.3483101	
36700	4.1307266	
36800	3.897761	
36900	3.6672581	
37000	3.4478682	
37100	3.2456068	
37200	3.055523	
37300	2.8841225	
37400	2.7229379	
37500	2.5787831	
37600	2.4528626	
37700	2.3498907	
37800	2.2792352	
37900	2.2370474	
38000	2.2299821	
38100	2.2561717	
38200	2.3102284	
38300	2.3885108	
38400	2.4844215	
38500	2.5873329	
38600	2.6936089	
38700	2.7986966	
38800	2.9109817	
38900	3.0247428	
39000	3.1503243	
39100	3.2843033	
39200	3.433624	
39300	3.5838084	
39400	3.7364496	
39500	3.8732069	
39600	3.9891809	
39700	4.0624577	
39800	4.0867765	
39900	4.0524483	
40000	3.9652423	
40100	3.8350531	
40200	3.6759303	
40300	3.5029838	
40400	3.3294146	
40500	3.1619096	
40600	3.0045957	
40700	2.8572976	
40800	2.7200744	
40900	2.5950467	
41000	2.4859781	
41100	2.3903538	
41200	2.3196824	
41300	2.269117	
41400	2.2432781	
41500	2.2354999	
41600	2.2462721	
41700	2.2680118	
41800	2.3021231	
41900	2.3457204	
42000	2.4023262	
42100	2.4724363	
42200	2.5484307	
42300	2.6441229	
42400	2.7527186	
42500	2.8803069	
42600	3.0227598	
42700	3.1789238	
42800	3.3330698	
42900	3.4709927	
43000	3.5724991	
43100	3.6202936	
43200	3.6139918	
43300	3.5483665	
43400	3.4369475	
43500	3.2914218	
43600	3.1257477	
43700	2.9482711	
43800	2.7656854	
43900	2.5766213	
44000	2.3876331	
44100	2.2001229	
44200	2.0288888	
44300	1.8828006	
44400	1.7782938	
44500	1.718441	
44600	1.7076864	
44700	1.7404116	
44800	1.8105799	
44900	1.9030128	
45000	2.0112213	
45100	2.1221118	
45200	2.2319744	
45300	2.3333052	
45400	2.4260924	
45500	2.512841	
45600	2.5870125	
45700	2.6543639	
45800	2.7081978	
45900	2.7520804	
46000	2.7831618	
46100	2.8039126	
46200	2.8160341	
46300	2.8214562	
46400	2.8232961	
46500	2.819625	
46600	2.8140634	
46700	2.8032979	
46800	2.7919945	
46900	2.7745874	
47000	2.755634	
47100	2.731757	
47200	2.7046525	
47300	2.6712731	
47400	2.6336286	
47500	2.5876903	
47600	2.536074	
47700	2.4776752	
47800	2.4131457	
47900	2.3448584	
48000	2.2714731	
48100	2.2004532	
48200	2.1297775	
48300	2.0647038	
48400	2.0052589	
48500	1.9602241	
48600	1.9222218	
48700	1.9016611	
48800	1.8936506	
48900	1.9038476	
49000	1.9266654	
49100	1.9678766	
49200	2.0277478	
49300	2.1089811	
49400	2.2120227	
49500	2.3440553	
49600	2.4967822	
49700	2.6663323	
49800	2.8484303	
49900	3.0249142	
50000	3.189764	
50100	3.3224413	
50200	3.4179686	
50300	3.4654041	
50400	3.4629575	
50500	3.4199372	
50600	3.3436361	
50700	3.2466171	
50800	3.1372265	
50900	3.0220413	
51000	2.9070551	
51100	2.7912654	
51200	2.6762783	
51300	2.5647467	
51400	2.4532391	
51500	2.3455685	
51600	2.2398566	
51700	2.1409237	
51800	2.0524775	
51900	1.9752185	
52000	1.9238019	
52100	1.8935441	
52200	1.8928457	
52300	1.924335	
52400	1.9935271	
52500	2.1005391	
52600	2.2402429	
52700	2.4118457	
52800	2.6162824	
52900	2.8554388	
53000	3.1094929	
53100	3.3781107	
53200	3.6482925	
53300	3.900868	
53400	4.129147	
53500	4.3172374	
53600	4.4490603	
53700	4.5097271	
53800	4.4921607	
53900	4.3997459	
54000	4.2459503	
54100	4.050403	
54200	3.8324381	
54300	3.6134154	
54400	3.3993607	
54500	3.2048374	
54600	3.0269804	
54700	2.8705729	
54800	2.7310053	
54900	2.6091792	
55000	2.4993735	
55100	2.4006861	
55200	2.3125769	
55300	2.2345205	
55400	2.1771886	
55500	2.1479108	
55600	2.1394201	
55700	2.166874	
55800	2.2335524	
55900	2.3338572	
56000	2.4648676	
56100	2.6249312	
56200	2.8094763	
56300	3.0153512	
56400	3.2427639	
56500	3.4875274	
56600	3.7436037	
56700	3.9938919	
56800	4.2161873	
56900	4.3871291	
57000	4.4876964	
57100	4.5087926	
57200	4.4546762	
57300	4.3347258	
57400	4.165611	
57500	3.9677343	
57600	3.7594149	
57700	3.5550186	
57800	3.357622	
57900	3.1785317	
58000	3.0095839	
58100	2.8545717	
58200	2.7122863	
58300	2.5826596	
58400	2.4683785	
58500	2.372416	
58600	2.2996209	
58700	2.2532734	
58800	2.2330974	
58900	2.2388141	
59000	2.2735242	
59100	2.3343923	
59200	2.4140536	
59300	2.5128389	
59400	2.6219897	
59500	2.741436	
59600	2.86906	
59700	3.0101697	
59800	3.1636641	
59900	3.3362202	
60000	3.5189729	
60100	3.7071018	
60200	3.8809896	
60300	4.0260414	
60400	4.1240639	
60500	4.1621061	
60600	4.1349882	
60700	4.047636	
60800	3.9108193	
60900	3.7440465	
61000	3.5620233	
61100	3.3771364	
61200	3.1975029	
61300	3.025167	
61400	2.8621675	
61500	2.7064893	
61600	2.5610743	
61700	2.4317366	
61800	2.3246102	
61900	2.2428866	
62000	2.1918363	
62100	2.1685967	
62200	2.1701784	
62300	2.200447	
62400	2.246661	
62500	2.3079451	
62600	2.3812285	
62700	2.4561338	
62800	2.5346734	
62900	2.6224285	
63000	2.7152547	
63100	2.8202463	
63200	2.9375984	
63300	3.0690667	
63400	3.2107995	
63500	3.3569987	
63600	3.4972969	
63700	3.6137765	
63800	3.7077227	
63900	3.7525543	
64000	3.7524138	
64100	3.7000267	
64200	3.6076622	
64300	3.4862539	
64400	3.3461858	
64500	3.2002467	
64600	3.055168	
64700	2.9133227	
64800	2.777264	
64900	2.6478076	
65000	2.5240844	
65100	2.4084049	
65200	2.3049448	
65300	2.2173393	
65400	2.1522964	
65500	2.1041564	
65600	2.0834754	
65700	2.0824835	
65800	2.1066036	
65900	2.1481175	
66000	2.2056794	
66100	2.2806614	
66200	2.3605139	
66300	2.4534862	
66400	2.5547462	
66500	2.668618	
66600	2.7943065	
66700	2.9310151	
66800	3.0754289	
66900	3.220874	
67000	3.3574284	
67100	3.4715644	
67200	3.5513912	
67300	3.5895829	
67400	3.5828374	
67500	3.535752	
67600	3.4524157	
67700	3.3471492	
67800	3.2272682	
67900	3.1019415	
68000	2.9770284	
68100	2.8537181	
68200	2.7321409	
68300	2.6139803	
68400	2.4999034	
68500	2.3888758	
68600	2.2891803	
68700	2.2020788	
68800	2.1322785	
68900	2.0818322	
69000	2.0526854	
69100	2.0456606	
69200	2.0639929	
69300	2.1014409	
69400	2.1643422	
69500	2.2382632	
69600	2.3336445	
69700	2.4355485	
69800	2.5574768	
69900	2.6894385	
70000	2.8340972	
70100	2.988381	
70200	3.1466239	
70300	3.3016294	
70400	3.4412149	
70500	3.5510885	
70600	3.6241724	
70700	3.6545042	
70800	3.6419961	
70900	3.591458	
71000	3.510336	
71100	3.407725	
71200	3.2941015	
71300	3.1754792	
71400	3.0570427	
71500	2.9434696	
71600	2.8328649	
71700	2.7273785	
71800	2.6266103	
71900	2.5295113	
72000	2.4390459	
72100	2.3550081	
72200	2.2804091	
72300	2.2181147	
72400	2.1690469	
72500	2.1362853	
72600	2.1198303	
72700	2.1297718	
72800	2.1580378	
72900	2.2212978	
73000	2.2990435	
73100	2.4083657	
73200	2.5357581	
73300	2.6897163	
73400	2.8573509	
73500	3.0423571	
73600	3.2352153	
73700	3.4244487	
73800	3.5926431	
73900	3.7234952	
74000	3.801597	
74100	3.8219836	
74200	3.7862053	
74300	3.7047802	
74400	3.5886859	
74500	3.453431	
74600	3.3085059	
74700	3.1632188	
74800	3.0195734	
74900	2.8810618	
75000	2.7441957	
75100	2.6109532	
75200	2.482444	
75300	2.3617556	
75400	2.2530034	
75500	2.162526	
75600	2.0939235	
75700	2.0478973	
75800	2.0310391	
75900	2.0380122	
76000	2.0718904	
76100	2.1349034	
76200	2.2137472	
76300	2.314423	
76400	2.4261822	
76500	2.5512228	
76600	2.6903103	
76700	2.8380613	
76800	2.9991052	
76900	3.1672086	
77000	3.340885	
77100	3.5060336	
77200	3.6497818	
77300	3.761965	
77400	3.8317572	
77500	3.8576701	
77600	3.8386736	
77700	3.7802603	
77800	3.6902438	
77900	3.5788069	
78000	3.4553166	
78100	3.328501	
78200	3.2032297	
78300	3.0832697	
78400	2.9701371	
78500	2.8624693	
78600	2.7619061	
78700	2.6673421	
78800	2.5811223	
78900	2.5010048	
79000	2.4316075	
79100	2.3718949	
79200	2.3238167	
79300	2.2891019	
79400	2.2647383	
79500	2.2586598	
79600	2.2666122	
79700	2.299136	
79800	2.3562318	
79900	2.4372209	
80000	2.55056	
80100	2.6881963	
80200	2.8570471	
80300	3.0434608	
80400	3.2377439	
80500	3.4308602	
80600	3.5980382	
80700	3.7381772	
80800	3.8189889	
80900	3.8452204	
81000	3.8058788	
81100	3.716585	
81200	3.586917	
81300	3.4352256	
81400	3.2727345	
81500	3.1075634	
81600	2.9442895	
81700	2.784992	
81800	2.623456	
81900	2.4670042	
82000	2.3170061	
82100	2.1771549	
82200	2.0581154	
82300	1.9671568	
82400	1.9072972	
82500	1.8812579	
82600	1.8861473	
82700	1.9213508	
82800	1.9801911	
82900	2.0603594	
83000	2.1500133	
83100	2.2470838	
83200	2.3452851	
83300	2.4463363	
83400	2.5498195	
83500	2.6570595	
83600	2.7738636	
83700	2.8925384	
83800	3.022648	
83900	3.1481913	
84000	3.2740956	
84100	3.3773372	
84200	3.4673057	
84300	3.5284291	
84400	3.5638486	
84500	3.5682782	
84600	3.5442741	
84700	3.4947879	
84800	3.4234504	
84900	3.3373392	
85000	3.2421646	
85100	3.1423236	
85200	3.0424996	
85300	2.9433956	
85400	2.8476101	
85500	2.7567766	
85600	2.6689948	
85700	2.5889764	
85800	2.5137783	
85900	2.4470409	
86000	2.388727	
86100	2.3426522	
86200	2.3073913	
86300	2.2875068	
86400	2.277721	
86500	2.2842085	
86600	2.2988839	
86700	2.3286943	
86800	2.3670183	
86900	2.423417	
87000	2.4904789	
87100	2.5752389	
87200	2.6681048	
87300	2.7567736	
87400	2.8490125	
87500	2.9347788	
87600	3.0209194	
87700	3.108365	
87800	3.1869079	
87900	3.2529509	
88000	3.3001014	
88100	3.3198611	
88200	3.3069202	
88300	3.2628196	
88400	3.192245	
88500	3.1029225	
88600	3.0070075	
88700	2.9088413	
88800	2.8169269	
88900	2.7302077	
89000	2.6505048	
89100	2.5730998	
89200	2.4937467	
89300	2.4099473	
89400	2.3193547	
89500	2.2227893	
89600	2.1287073	
89700	2.0353564	
89800	1.9556562	
89900	1.8891164	
90000	1.8434906	
90100	1.817132	
90200	1.8116428	
90300	1.817784	
90400	1.8417069	
90500	1.8775231	
90600	1.9324267	
90700	2.0043314	
90800	2.1014437	
90900	2.2197283	
91000	2.3616839	
91100	2.5187943	
91200	2.681907	
91300	2.8463443	
91400	3.0042373	
91500	3.1493389	
91600	3.281504	
91700	3.3852129	
91800	3.4510973	
91900	3.4734391	
92000	3.4485954	
92100	3.3883322	
92200	3.2935932	
92300	3.1874357	
92400	3.0697028	
92500	2.9566605	
92600	2.8452874	
92700	2.7416858	
92800	2.6418496	
92900	2.5466273	
93000	2.4512249	
93100	2.3579405	
93200	2.2632729	
93300	2.1693111	
93400	2.0773523	
93500	1.9881452	
93600	1.9074848	
93700	1.8393814	
93800	1.7858946	
93900	1.7569124	
94000	1.7543075	
94100	1.77852	
94200	1.8434337	
94300	1.932712	
94400	2.0544742	
94500	2.2028776	
94600	2.3731665	
94700	2.5548419	
94800	2.7428518	
94900	2.937432	
95000	3.1289092	
95100	3.3151934	
95200	3.4914	
95300	3.6387966	
95400	3.7563362	
95500	3.8207444	
95600	3.8325967	
95700	3.7811193	
95800	3.6875141	
95900	3.5563978	
96000	3.4110915	
96100	3.2538726	
96200	3.101664	
96300	2.9530043	
96400	2.8140858	
96500	2.6852364	
96600	2.5661082	
96700	2.4578201	
96800	2.3581578	
96900	2.2677275	
97000	2.1823073	
97100	2.1059084	
97200	2.0373218	
97300	1.9833089	
97400	1.9412268	
97500	1.9217706	
97600	1.9257729	
97700	1.9599087	
97800	2.0253396	
97900	2.1244198	
98000	2.2561462	
98100	2.4223353	
98200	2.614996	
98300	2.8331526	
98400	3.0661152	
98500	3.3020525	
98600	3.5373524	
98700	3.75378	
98800	3.9530182	
98900	4.1085784	
99000	4.2115366	
99100	4.2445567	
99200	4.2062694	
99300	4.105146	
99400	3.9554759	
99500	3.7763303	
99600	3.5851855	
99700	3.393139	
99800	3.2107231	
99900	3.0416494	
100000	2.8880777	
100100	2.7493514	
100200	2.6240114	
100300	2.5154448	
100400	2.4135403	
100500	2.3242716	
100600	2.2407682	
100700	2.1649914	
100800	2.1028636	
100900	2.0564309	
101000	2.0283148	
101100	2.0225566	
101200	2.0475623	
101300	2.1100099	
101400	2.202033	
101500	2.334449	
101600	2.4992677	
101700	2.6900658	
101800	2.9142698	
101900	3.1580233	
102000	3.4209431	
102100	3.6885208	
102200	3.9430828	
102300	4.1630508	
102400	4.3271832	
102500	4.4172121	
102600	4.4252147	
102700	4.3538745	
102800	4.2165031	
102900	4.0332945	
103000	3.8229652	
103100	3.6068019	
103200	3.3959862	
103300	3.1992267	
103400	3.0193323	
103500	2.8554767	
103600	2.7069226	
103700	2.5724424	
103800	2.452723	
103900	2.344931	
104000	2.2523054	
104100	2.1770865	
104200	2.1214882	
104300	2.0920296	
104400	2.0891858	
104500	2.1130501	
104600	2.1633821	
104700	2.2436916	
104800	2.3464901	
104900	2.4693927	
105000	2.6097616	
105100	2.7655593	
105200	2.9323885	
105300	3.1175395	
105400	3.3183738	
105500	3.5349501	
105600	3.7513765	
105700	3.9512337	
105800	4.1096098	
105900	4.2096195	
106000	4.2395718	
106100	4.1987792	
106200	4.0948846	
106300	3.9397023	
106400	3.7539728	
106500	3.5529193	
106600	3.3519313	
106700	3.1583263	
106800	2.9743098	
106900	2.8016164	
107000	2.6375988	
107100	2.4863228	
107200	2.3490068	
107300	2.2345051	
107400	2.1480785	
107500	2.0919706	
107600	2.0693099	
107700	2.0763877	
107800	2.1123436	
107900	2.1713987	
108000	2.2432884	
108100	2.3267626	
108200	2.4080938	
108300	2.4929733	
108400	2.5742612	
108500	2.6580588	
108600	2.746135	
108700	2.8359901	
108800	2.9439253	
108900	3.0525695	
109000	3.1772268	
109100	3.3009609	
109200	3.4264555	
109300	3.5361281	
109400	3.6217434	
109500	3.665306	
109600	3.6678927	
109700	3.617606	
109800	3.52941	
109900	3.4094534	
110000	3.2710074	
110100	3.125106	
110200	2.980441	
110300	2.8428005	
110400	2.7125376	
110500	2.5904515	
110600	2.4750809	
110700	2.370568	
110800	2.2747463	
110900	2.1925344	
111000	2.127028	
111100	2.0815434	
111200	2.0536089	
111300	2.0441605	
111400	2.0507342	
111500	2.0751691	
111600	2.1169684	
111700	2.1739553	
111800	2.2398057	
111900	2.325099	
112000	2.4177732	
112100	2.5260386	
112200	2.6429398	
112300	2.7711855	
112400	2.9107511	
112500	3.0522215	
112600	3.1826297	
112700	3.2912269	
112800	3.3631143	
112900	3.3911258	
113000	3.3713974	
113100	3.3105419	
113200	3.2146214	
113300	3.0953701	
113400	2.9618242	
113500	2.8213102	
113600	2.677056	
113700	2.5310418	
113800	2.3819126	
113900	2.2357651	
114000	2.0936653	
114100	1.9654142	
114200	1.8565827	
114300	1.7807809	
114400	1.735688	
114500	1.7289924	
114600	1.7552253	
114700	1.8116535	
114800	1.8886858	
114900	1.9794474	
115000	2.0777998	
115100	2.1785652	
115200	2.2785482	
115300	2.3740814	
115400	2.4678059	
115500	2.5637076	
115600	2.6560708	
115700	2.7483597	
115800	2.83552	
115900	2.9152839	
116000	2.9861543	
116100	3.0463403	
116200	3.0952571	
116300	3.1326244	
116400	3.1581717	
116500	3.1658264	
116600	3.1654586	
116700	3.1472853	
116800	3.1195463	
116900	3.0785416	
117000	3.0285577	
117100	2.9681708	
117200	2.9029262	
117300	2.8320587	
117400	2.7582822	
117500	2.6793532	
117600	2.6033384	
117700	2.5261195	
117800	2.4532116	
117900	2.3843548	
118000	2.325699	
118100	2.273296	
118200	2.2375901	
118300	2.2143363	
118400	2.2062042	
118500	2.2126401	
118600	2.2324149	
118700	2.2636961	
118800	2.3037549	
118900	2.3458572	
119000	2.3873937	
119100	2.4243724	
119200	2.4535954	
119300	2.4822632	
119400	2.5119565	
119500	2.5545283	
119600	2.6145888	
119700	2.6903982	
119800	2.7785039	
119900	2.8706272	
120000	2.9641668	
120100	3.0444895	
120200	3.1103226	
120300	3.1516932	
120400	3.1689252	
120500	3.1587611	
120600	3.1269183	
120700	3.0762214	
120800	3.014925	
120900	2.9484239	
121000	2.8811725	
121100	2.8125804	
121200	2.7395977	
121300	2.6574583	
121400	2.5626966	
121500	2.4526918	
121600	2.3278848	
121700	2.1924551	
121800	2.0571883	
121900	1.9296239	
122000	1.8207399	
122100	1.7373254	
122200	1.6910122	
122300	1.6825552	
122400	1.7173264	
122500	1.784811	
122600	1.8823421	
122700	2.001909	
122800	2.1406323	
122900	2.2962562	
123000	2.475244	
123100	2.658486	
123200	2.8504786	
123300	3.0356321	
123400	3.2131303	
123500	3.3889693	
123600	3.5489466	
123700	3.685514	
123800	3.7937023	
123900	3.8516155	
124000	3.8529653	
124100	3.7927368	
124200	3.6762042	
124300	3.5231747	
124400	3.345787	
124500	3.1611879	
124600	2.9808929	
124700	2.8130184	
124800	2.6604998	
124900	2.5245056	
125000	2.4022276	
125100	2.2926954	
125200	2.1893442	
125300	2.0960454	
125400	2.0113943	
125500	1.9375798	
125600	1.8802664	
125700	1.8410304	
125800	1.8287562	
125900	1.8431448	
126000	1.8868087	
126100	1.9608862	
126200	2.060525	
126300	2.1832338	
126400	2.3285707	
126500	2.4882211	
126600	2.6696759	
126700	2.862144	
126800	3.0720939	
126900	3.2832365	
127000	3.4891194	
127100	3.6678881	
127200	3.8051847	
127300	3.8861698	
127400	3.9048684	
127500	3.8664894	
127600	3.7777053	
127700	3.6559732	
127800	3.5097548	
127900	3.3564424	
128000	3.2024723	
128100	3.0554628	
128200	2.9180852	
128300	2.7879414	
128400	2.6676048	
128500	2.5529439	
128600	2.4472407	
128700	2.3482173	
128800	2.2581657	
128900	2.1775269	
129000	2.1111366	
129100	2.060783	
129200	2.0264036	
129300	2.01654	
129400	2.0264134	
129500	2.0651532	
129600	2.1280257	
129700	2.2195694	
129800	2.334656	
129900	2.4774702	
130000	2.6352662	
130100	2.8175664	
130200	3.014928	
130300	3.2314288	
130400	3.4521813	
130500	3.663317	
130600	3.8366387	
130700	3.9575885	
130800	4.0199315	
130900	4.0090437	
131000	3.9415671	
131100	3.8226897	
131200	3.669149	
131300	3.4981738	
131400	3.3208094	
131500	3.1462587	
131600	2.9789756	
131700	2.8221519	
131800	2.6720709	
131900	2.5334142	
132000	2.4029999	
132100	2.2884314	
132200	2.1905112	
132300	2.1171845	
132400	2.0662606	
132500	2.0444055	
132600	2.046397	
132700	2.0750087	
132800	2.125866	
132900	2.192832	
133000	2.2755411	
133100	2.3632496	
133200	2.4638995	
133300	2.5682189	
133400	2.6819063	
133500	2.8040633	
133600	2.9355609	
133700	3.0886857	
133800	3.2444952	
133900	3.4086215	
134000	3.5596143	
134100	3.693381	
134200	3.7853414	
134300	3.8393229	
134400	3.8391276	
134500	3.7858801	
134600	3.692818	
134700	3.5635412	
134800	3.4178929	
134900	3.2638834	
135000	3.1129837	
135100	2.9668521	
135200	2.8287381	
135300	2.7003318	
135400	2.578606	
135500	2.4661831	
135600	2.364466	
135700	2.2740394	
135800	2.201958	
135900	2.1472856	
136000	2.1128875	
136100	2.0963526	
136200	2.0980773	
136300	2.1196176	
136400	2.1564492	
136500	2.2104986	
136600	2.2783698	
136700	2.3613843	
136800	2.4594041	
136900	2.5688465	
137000	2.6923136	
137100	2.8290324	
137200	2.980086	
137300	3.1409846	
137400	3.2998577	
137500	3.4443801	
137600	3.5523677	
137700	3.6117598	
137800	3.6196729	
137900	3.5716193	
138000	3.4803759	
138100	3.3534375	
138200	3.2063492	
138300	3.0471483	
138400	2.8855058	
138500	2.7204277	
138600	2.5603333	
138700	2.4012461	
138800	2.2505317	
138900	2.1105747	
139000	1.9928466	
139100	1.9033758	
139200	1.847336	
139300	1.8284536	
139400	1.8425815	
139500	1.8895935	
139600	1.9573384	
139700	2.0428675	
139800	2.1327804	
139900	2.2256777	
140000	2.316593	
140100	2.405314	
140200	2.4931117	
140300	2.5805845	
140400	2.6709531	
140500	2.7615331	
140600	2.8601633	
140700	2.9532617	
140800	3.0456844	
140900	3.131905	
141000	3.2101069	
141100	3.2752564	
141200	3.3256053	
141300	3.3567742	
141400	3.3647812	
141500	3.3512353	
141600	3.3145957	
141700	3.2597483	
141800	3.1892615	
141900	3.1090757	
142000	3.0222066	
142100	2.9335985	
142200	2.8449327	
142300	2.7574371	
142400	2.6720601	
142500	2.5912768	
142600	2.5144926	
142700	2.4422213	
142800	2.3766322	
142900	2.3180831	
143000	2.2692192	
143100	2.2337145	
143200	2.2090276	
143300	2.2016729	
143400	2.2064662	
143500	2.2244639	
143600	2.2558629	
143700	2.2938666	
143800	2.3413676	
143900	2.3959311	
144000	2.4525293	
144100	2.5071466	
144200	2.5647171	
144300	2.6184296	
144400	2.6787502	
144500	2.7385282	
144600	2.8120747	
144700	2.8859665	
144800	2.956657	
144900	3.0146529	
145000	3.0589079	
145100	3.0781757	
145200	3.0702807	
145300	3.0346778	
145400	2.9732129	
145500	2.8951787	
145600	2.8039951	
145700	2.7122713	
145800	2.6215402	
145900	2.5364825	
146000	2.4582881	
146100	2.384181	
146200	2.3119701	
146300	2.2396104	
146400	2.164746	
146500	2.0885994	
146600	2.0151871	
146700	1.9469456	
146800	1.8888872	
146900	1.8443254	
147000	1.8134825	
147100	1.7949649	
147200	1.788788	
147300	1.7889563	
147400	1.7975564	
147500	1.8197652	
147600	1.8568524	
147700	1.9171277	
147800	2.0044593	
147900	2.1183195	
148000	2.256496	
148100	2.4115078	
148200	2.56892	
148300	2.7307693	
148400	2.8868244	
148500	3.0300517	
148600	3.1605068	
148700	3.2629083	
148800	3.3310581	
148900	3.3574463	
149000	3.3398496	
149100	3.2865922	
149200	3.2015576	
149300	3.1004212	
149400	2.989424	
149500	2.8782105	
149600	2.7686157	
149700	2.6654582	
149800	2.5670309	
149900	2.4741358	
150000	2.3834095	
150100	2.2965554	
150200	2.2092185	
150300	2.1245482	
150400	2.0408523	
150500	1.9610834	
150600	1.8878056	
150700	1.8213204	
150800	1.7681311	
150900	1.7279853	
151000	1.7052765	
151100	1.7058839	
151200	1.7255838	
151300	1.7757411	
151400	1.8470682	
151500	1.9497584	
151600	2.0713645	
151700	2.2168032	
151800	2.377942	
151900	2.55069	
152000	2.7240027	
152100	2.905433	
152200	3.0781395	
152300	3.2448547	
152400	3.3882306	
152500	3.4994795	
152600	3.573053	
152700	3.5984581	
152800	3.5691477	
152900	3.4973401	
153000	3.3904756	
153100	3.2627736	
153200	3.120565	
153300	2.9780211	
153400	2.8347506	
153500	2.69949	
153600	2.5705268	
153700	2.4503093	
153800	2.3386152	
