100	20.746828	
200	-3.9063419	
300	1.4845675	
400	0.33428625	
500	0.64724133	
600	0.66478843	
700	0.76009439	
800	0.84996491	
900	0.94625454	
1000	1.0448718	
1100	1.1430265	
1200	1.23744	
1300	1.3257499	
1400	1.4056791	
1500	1.4763911	
1600	1.5375258	
1700	1.5888166	
1800	1.6310935	
1900	1.6656507	
2000	1.6933123	
2100	1.7153691	
2200	1.7317546	
2300	1.7430788	
2400	1.749411	
2500	1.7513568	
2600	1.7481273	
2700	1.7398974	
2800	1.7263701	
2900	1.7075605	
3000	1.6836225	
3100	1.6544265	
3200	1.6202222	
3300	1.5819903	
3400	1.5398015	
3500	1.493765	
3600	1.445227	
3700	1.3945048	
3800	1.3419274	
3900	1.2882446	
4000	1.2348616	
4100	1.1820222	
4200	1.1307181	
4300	1.0806889	
4400	1.0333996	
4500	0.98829144	
4600	0.94676356	
4700	0.9087519	
4800	0.87482382	
4900	0.84457386	
5000	0.81855302	
5100	0.79621168	
5200	0.77789347	
5300	0.76362321	
5400	0.75263172	
5500	0.74574196	
5600	0.74244116	
5700	0.74198961	
5800	0.74474064	
5900	0.75027111	
6000	0.75838274	
6100	0.76883373	
6200	0.78134397	
6300	0.79550193	
6400	0.81085779	
6500	0.82727944	
6600	0.84449177	
6700	0.86146296	
6800	0.87959175	
6900	0.89701956	
7000	0.91458668	
7100	0.9316443	
7200	0.94783549	
7300	0.96310377	
7400	0.97807071	
7500	0.99077052	
7600	1.0019605	
7700	1.0115021	
7800	1.0190005	
7900	1.0247361	
8000	1.0291488	
8100	1.0289953	
8200	1.0278872	
8300	1.0246501	
8400	1.0177927	
8500	1.0093899	
8600	0.99849327	
8700	0.98532198	
8800	0.97049032	
8900	0.95408973	
9000	0.93617687	
9100	0.91709786	
9200	0.89782261	
9300	0.87833611	
9400	0.8591669	
9500	0.84101472	
9600	0.82409834	
9700	0.80986948	
9800	0.79732595	
9900	0.78835397	
10000	0.78266906	
10100	0.78037432	
10200	0.78140758	
10300	0.78540152	
10400	0.79271918	
10500	0.80261033	
10600	0.81425942	
10700	0.82873392	
10800	0.84467233	
10900	0.86262103	
11000	0.8813461	
11100	0.9014219	
11200	0.92364598	
11300	0.94489486	
11400	0.96635427	
11500	0.9884557	
11600	1.0098025	
11700	1.0312246	
11800	1.0514889	
11900	1.070134	
12000	1.0885559	
12100	1.1050183	
12200	1.1199048	
12300	1.1335205	
12400	1.1449764	
12500	1.155145	
12600	1.1635755	
12700	1.1700821	
12800	1.1752127	
12900	1.1790881	
13000	1.1823352	
13100	1.1851905	
13200	1.1891379	
13300	1.1961838	
13400	1.2078608	
13500	1.2255429	
13600	1.2515262	
13700	1.2852816	
13800	1.3268063	
13900	1.3742707	
14000	1.423318	
14100	1.471329	
14200	1.5145068	
14300	1.5508342	
14400	1.5788868	
14500	1.5981358	
14600	1.6079903	
14700	1.6090672	
14800	1.6016394	
14900	1.5870473	
15000	1.5654149	
15100	1.5389781	
15200	1.5077661	
15300	1.4736455	
15400	1.4369445	
15500	1.3987708	
15600	1.3603456	
15700	1.3219088	
15800	1.2864656	
15900	1.2557648	
16000	1.2317646	
16100	1.2171627	
16200	1.2137231	
16300	1.2242713	
16400	1.2492319	
16500	1.2883379	
16600	1.3418125	
16700	1.4063192	
16800	1.4797679	
16900	1.5575687	
17000	1.6354088	
17100	1.7090282	
17200	1.7755278	
17300	1.8309032	
17400	1.8732756	
17500	1.9004424	
17600	1.9120472	
17700	1.9078632	
17800	1.8889053	
17900	1.8571572	
18000	1.8147877	
18100	1.763454	
18200	1.7058375	
18300	1.6435141	
18400	1.5799673	
18500	1.5174486	
18600	1.4626007	
18700	1.4195804	
18800	1.3944471	
18900	1.3908823	
19000	1.4119571	
19100	1.4593697	
19200	1.529112	
19300	1.6185739	
19400	1.7201811	
19500	1.8270905	
19600	1.9328989	
19700	2.0303768	
19800	2.1144754	
19900	2.1803083	
20000	2.2243247	
20100	2.2469224	
20200	2.2464682	
20300	2.2238834	
20400	2.1812162	
20500	2.120569	
20600	2.0462878	
20700	1.9607115	
20800	1.8669254	
20900	1.7688576	
21000	1.6711532	
21100	1.5787522	
21200	1.4980828	
21300	1.4356231	
21400	1.3944005	
21500	1.3792634	
21600	1.3933672	
21700	1.4369503	
21800	1.5089609	
21900	1.6071391	
22000	1.7245255	
22100	1.8567167	
22200	1.9936393	
22300	2.1273995	
22400	2.2511973	
22500	2.3572641	
22600	2.4401186	
22700	2.4948789	
22800	2.5194541	
22900	2.5113624	
23000	2.4725216	
23100	2.405922	
23200	2.3163096	
23300	2.2102651	
23400	2.090267	
23500	1.961493	
23600	1.831803	
23700	1.7079776	
23800	1.5975928	
23900	1.5074854	
24000	1.4444944	
24100	1.4140379	
24200	1.4180742	
24300	1.4604023	
24400	1.5386967	
24500	1.6483266	
24600	1.7829885	
24700	1.9347688	
24800	2.0926485	
24900	2.2488318	
25000	2.3938876	
25100	2.5205823	
25200	2.6218532	
25300	2.6936694	
25400	2.7309449	
25500	2.7317466	
25600	2.6948493	
25700	2.623727	
25800	2.5211973	
25900	2.3975735	
26000	2.2571651	
26100	2.1065211	
26200	1.9531731	
26300	1.8047142	
26400	1.6697521	
26500	1.5561413	
26600	1.4695698	
26700	1.4159787	
26800	1.400738	
26900	1.4272956	
27000	1.4969827	
27100	1.60825	
27200	1.7524583	
27300	1.9214505	
27400	2.1046724	
27500	2.2883388	
27600	2.4632759	
27700	2.6181073	
27800	2.7462383	
27900	2.841016	
28000	2.8968379	
28100	2.9094164	
28200	2.8765057	
28300	2.7999641	
28400	2.6859621	
28500	2.5423662	
28600	2.3790296	
28700	2.2029809	
28800	2.0228726	
28900	1.84894	
29000	1.6932552	
29100	1.5653529	
29200	1.4721768	
29300	1.4206786	
29400	1.414309	
29500	1.4565797	
29600	1.5460455	
29700	1.6789232	
29800	1.8413413	
29900	2.0241875	
30000	2.2149708	
30100	2.4013645	
30200	2.5730559	
30300	2.720597	
30400	2.8386114	
30500	2.9219759	
30600	2.9637633	
30700	2.960936	
30800	2.9101388	
30900	2.8144994	
31000	2.6793579	
31100	2.5146564	
31200	2.3305285	
31300	2.1345624	
31400	1.9419499	
31500	1.7631994	
31600	1.6111304	
31700	1.4961144	
31800	1.4238943	
31900	1.4012402	
32000	1.4310309	
32100	1.5124548	
32200	1.6432935	
32300	1.8119529	
32400	2.0033296	
32500	2.2062274	
32600	2.406695	
32700	2.5903915	
32800	2.7494251	
32900	2.8726745	
33000	2.9585399	
33100	2.9995709	
33200	2.9942437	
33300	2.938006	
33400	2.8315717	
33500	2.6827716	
33600	2.5004413	
33700	2.2961007	
33800	2.0819685	
33900	1.8736987	
34000	1.6860366	
34100	1.5348228	
34200	1.431952	
34300	1.3843287	
34400	1.3974218	
34500	1.4698468	
34600	1.5955402	
34700	1.7648945	
34800	1.9577766	
34900	2.1605271	
35000	2.3590261	
35100	2.5410133	
35200	2.6939539	
35300	2.8138598	
35400	2.8948928	
35500	2.9352426	
35600	2.9331527	
35700	2.8880535	
35800	2.7969429	
35900	2.6652644	
36000	2.4985095	
36100	2.307048	
36200	2.0996859	
36300	1.8924719	
36400	1.7003174	
36500	1.5384179	
36600	1.4194611	
36700	1.3550663	
36800	1.3483452	
36900	1.4021222	
37000	1.5102672	
37100	1.6640141	
37200	1.849226	
37300	2.0469915	
37400	2.244397	
37500	2.427113	
37600	2.5839576	
37700	2.7061262	
37800	2.7895393	
37900	2.8327805	
38000	2.8342115	
38100	2.7944064	
38200	2.7127562	
38300	2.5929375	
38400	2.4384708	
38500	2.2625367	
38600	2.0714729	
38700	1.878642	
38800	1.6945269	
38900	1.5333956	
39000	1.4101471	
39100	1.3314293	
39200	1.3047389	
39300	1.3316013	
39400	1.4095294	
39500	1.5322051	
39600	1.687273	
39700	1.8618523	
39800	2.0414588	
39900	2.2136294	
40000	2.3705494	
40100	2.5012455	
40200	2.600349	
40300	2.6669334	
40400	2.6973688	
40500	2.692416	
40600	2.6506158	
40700	2.573539	
40800	2.4646885	
40900	2.3308253	
41000	2.1750542	
41100	2.0096497	
41200	1.8410123	
41300	1.6801504	
41400	1.5367724	
41500	1.4227853	
41600	1.3462545	
41700	1.3150733	
41800	1.3310636	
41900	1.3935294	
42000	1.4974921	
42100	1.6354261	
42200	1.793704	
42300	1.9606365	
42400	2.1262962	
42500	2.279718	
42600	2.4120762	
42700	2.5182769	
42800	2.5923288	
42900	2.633048	
43000	2.6372908	
43100	2.6056506	
43200	2.5375067	
43300	2.4352422	
43400	2.3070162	
43500	2.1577613	
43600	1.9983068	
43700	1.8358228	
43800	1.6793156	
43900	1.5395806	
44000	1.4274019	
44100	1.3509197	
44200	1.3165289	
44300	1.3287099	
44400	1.3853606	
44500	1.4831121	
44600	1.6124964	
44700	1.7626023	
44800	1.9228775	
44900	2.0820296	
45000	2.2334329	
45100	2.3659985	
45200	2.4755654	
45300	2.5572085	
45400	2.6083836	
45500	2.6254338	
45600	2.6085801	
45700	2.5555242	
45800	2.4685875	
45900	2.3551564	
46000	2.2200401	
46100	2.0688371	
46200	1.9115797	
46300	1.7556339	
46400	1.6101442	
46500	1.4862334	
46600	1.394805	
46700	1.3434635	
46800	1.3372016	
46900	1.3791102	
47000	1.4646053	
47100	1.5874827	
47200	1.7347687	
47300	1.8970515	
47400	2.0614936	
47500	2.2206746	
47600	2.3629306	
47700	2.483239	
47800	2.5742502	
47900	2.6348251	
48000	2.6595774	
48100	2.6490771	
48200	2.6000637	
48300	2.5141473	
48400	2.3983676	
48500	2.2587503	
48600	2.103054	
48700	1.9388617	
48800	1.7766929	
48900	1.624456	
49000	1.4960294	
49100	1.4004193	
49200	1.3467132	
49300	1.340631	
49400	1.3833602	
49500	1.4716256	
49600	1.5980783	
49700	1.7483602	
49800	1.913069	
49900	2.0799058	
50000	2.2405414	
50100	2.3842246	
50200	2.5051728	
50300	2.5981135	
50400	2.6601676	
50500	2.6878612	
50600	2.680049	
50700	2.6343138	
50800	2.5517958	
50900	2.4389922	
51000	2.3012319	
51100	2.1467562	
51200	1.9827509	
51300	1.8170133	
51400	1.6604474	
51500	1.5252055	
51600	1.4228682	
51700	1.3618838	
51800	1.3496384	
51900	1.3876077	
52000	1.4728083	
52100	1.5989149	
52200	1.7521367	
52300	1.9217465	
52400	2.0937021	
52500	2.2607146	
52600	2.4103267	
52700	2.5364745	
52800	2.6330759	
52900	2.696219	
53000	2.7230544	
53100	2.7124377	
53200	2.6622075	
53300	2.5725312	
53400	2.4509175	
53500	2.3037022	
53600	2.1402237	
53700	1.9672396	
53800	1.7956693	
53900	1.6357916	
54000	1.5022364	
54100	1.4038374	
54200	1.3506831	
54300	1.3476046	
54400	1.3953786	
54500	1.4900018	
54600	1.6226548	
54700	1.7805905	
54800	1.950549	
54900	2.1222604	
55000	2.2841343	
55100	2.4285156	
55200	2.5472059	
55300	2.6368425	
55400	2.6942303	
55500	2.715239	
55600	2.7007013	
55700	2.6469754	
55800	2.5569017	
55900	2.4365709	
56000	2.291717	
56100	2.1312556	
56200	1.9614278	
56300	1.7922351	
56400	1.6351892	
56500	1.5020711	
56600	1.4057019	
56700	1.3514695	
56800	1.3488342	
56900	1.3959284	
57000	1.4904605	
57100	1.623012	
57200	1.7812522	
57300	1.9527424	
57400	2.1252999	
57500	2.2900316	
57600	2.4345925	
57700	2.5543156	
57800	2.6440276	
57900	2.6991237	
58000	2.7176914	
58100	2.6986741	
58200	2.6395406	
58300	2.5431788	
58400	2.4162415	
58500	2.2652988	
58600	2.0997593	
58700	1.9266985	
58800	1.7573926	
58900	1.6030076	
59000	1.4752899	
59100	1.3850796	
59200	1.3403573	
59300	1.3456453	
59400	1.4000759	
59500	1.5001473	
59600	1.6358697	
59700	1.7938146	
59800	1.9630585	
59900	2.1319398	
60000	2.290013	
60100	2.4295237	
60200	2.5430376	
60300	2.627243	
60400	2.6789149	
60500	2.6947364	
60600	2.674364	
60700	2.6164479	
60800	2.5227416	
60900	2.4000252	
61000	2.2541464	
61100	2.0940917	
61200	1.9268641	
61300	1.7620735	
61400	1.6094569	
61500	1.4827004	
61600	1.3913222	
61700	1.3440175	
61800	1.3457558	
61900	1.3971069	
62000	1.4934186	
62100	1.626725	
62200	1.7836819	
62300	1.9535993	
62400	2.1225942	
62500	2.283102	
62600	2.4247387	
62700	2.5407576	
62800	2.6272288	
62900	2.6796826	
63000	2.6959436	
63100	2.6751254	
63200	2.6149942	
63300	2.5181536	
63400	2.3925919	
63500	2.2429307	
63600	2.0803297	
63700	1.9105423	
63800	1.7450288	
63900	1.5933315	
64000	1.468874	
64100	1.381231	
64200	1.3382828	
64300	1.3442718	
64400	1.399361	
64500	1.4983144	
64600	1.6327685	
64700	1.7892296	
64800	1.9565225	
64900	2.123563	
65000	2.2814645	
65100	2.4200033	
65200	2.5329953	
65300	2.6171196	
65400	2.6692965	
65500	2.6858721	
65600	2.6662228	
65700	2.6086471	
65800	2.5155784	
65900	2.3942783	
66000	2.2506932	
66100	2.0908137	
66200	1.9247967	
66300	1.7604415	
66400	1.6093727	
66500	1.482491	
66600	1.3916219	
66700	1.3440642	
66800	1.3456719	
66900	1.3958349	
67000	1.4923086	
67100	1.6249893	
67200	1.7812583	
67300	1.9511701	
67400	2.1200274	
67500	2.2809829	
67600	2.4220567	
67700	2.5388622	
67800	2.6259245	
67900	2.6797564	
68000	2.6971336	
68100	2.6778455	
68200	2.6183392	
68300	2.5228449	
68400	2.3975717	
68500	2.2486864	
68600	2.08629	
68700	1.9166823	
68800	1.7508079	
68900	1.5986444	
69000	1.4730471	
69100	1.384277	
69200	1.3400175	
69300	1.3455296	
69400	1.4000759	
69500	1.4992157	
69600	1.6336665	
69700	1.7908063	
69800	1.9593439	
69900	2.1270467	
70000	2.285532	
70100	2.4251709	
70200	2.5390766	
70300	2.623798	
70400	2.6768181	
70500	2.6932031	
70600	2.6742554	
70700	2.6162865	
70800	2.5230298	
70900	2.4007991	
71000	2.2566344	
71100	2.095415	
71200	1.9278431	
71300	1.7625154	
71400	1.6102151	
71500	1.4828745	
71600	1.3915145	
71700	1.3441908	
71800	1.3468052	
71900	1.3982894	
72000	1.4961114	
72100	1.6300609	
72200	1.7881665	
72300	1.9586275	
72400	2.12847	
72500	2.289498	
72600	2.4309702	
72700	2.5479752	
72800	2.6342942	
72900	2.6878008	
73000	2.7042056	
73100	2.6835627	
73200	2.6236685	
73300	2.5262948	
73400	2.3999862	
73500	2.2501005	
73600	2.08648	
73700	1.915952	
73800	1.7488564	
73900	1.5965133	
74000	1.4711891	
74100	1.3826975	
74200	1.3396146	
74300	1.3464176	
74400	1.4027258	
74500	1.5037699	
74600	1.6395917	
74700	1.798074	
74800	1.9674792	
74900	2.1357458	
75000	2.2942476	
75100	2.4334944	
75200	2.5470389	
75300	2.6306978	
75400	2.6824267	
75500	2.6975483	
75600	2.6761581	
75700	2.6167512	
75800	2.5211805	
75900	2.3974051	
76000	2.251706	
76100	2.0890333	
76200	1.9205369	
76300	1.7549419	
76400	1.602858	
76500	1.4762972	
76600	1.386973	
76700	1.3414304	
76800	1.3470005	
76900	1.4007462	
77000	1.5006496	
77100	1.6365806	
77200	1.7956376	
77300	1.9666489	
77400	2.1363227	
77500	2.2965158	
77600	2.4373572	
77700	2.5527546	
77800	2.6372033	
77900	2.6877813	
78000	2.703526	
78100	2.6803943	
78200	2.6188927	
78300	2.5198565	
78400	2.3929107	
78500	2.2421251	
78600	2.0781325	
78700	1.9076532	
78800	1.7414735	
78900	1.5894681	
79000	1.4659529	
79100	1.3787631	
79200	1.3377882	
79300	1.3464486	
79400	1.4044734	
79500	1.5070919	
79600	1.6436649	
79700	1.8024307	
79800	1.9719496	
79900	2.1400479	
80000	2.2973259	
80100	2.4365407	
80200	2.5480513	
80300	2.6318939	
80400	2.6817449	
80500	2.6955837	
80600	2.6730558	
80700	2.6121106	
80800	2.5152747	
80900	2.3907223	
81000	2.2445963	
81100	2.0813974	
81200	1.9130084	
81300	1.7475471	
81400	1.5964531	
81500	1.4704365	
81600	1.3827692	
81700	1.3392006	
81800	1.3461419	
81900	1.402354	
82000	1.5031185	
82100	1.6396142	
82200	1.7999051	
82300	1.9702661	
82400	2.1398111	
82500	2.2991101	
82600	2.439578	
82700	2.5532114	
82800	2.637275	
82900	2.6862624	
83000	2.7012204	
83100	2.6773339	
83200	2.6144655	
83300	2.5152022	
83400	2.3874932	
83500	2.2369679	
83600	2.0732395	
83700	1.902758	
83800	1.7371705	
83900	1.5859614	
84000	1.4631557	
84100	1.3769373	
84200	1.3366787	
84300	1.3468958	
84400	1.405145	
84500	1.5088528	
84600	1.6459417	
84700	1.8046337	
84800	1.9744111	
84900	2.1422799	
85000	2.3000494	
85100	2.4379484	
85200	2.549968	
85300	2.6325607	
85400	2.682153	
85500	2.6949793	
85600	2.672166	
85700	2.6101502	
85800	2.5128273	
85900	2.3874669	
86000	2.2407931	
86100	2.0775317	
86200	1.9088462	
86300	1.743275	
86400	1.5921994	
86500	1.4678644	
86600	1.3803034	
86700	1.3382589	
86800	1.3459455	
86900	1.4031425	
87000	1.5051764	
87100	1.642674	
87200	1.802648	
87300	1.9733779	
87400	2.1429623	
87500	2.3023858	
87600	2.4415326	
87700	2.5554497	
87800	2.6384191	
87900	2.6869111	
88000	2.7013792	
88100	2.676451	
88200	2.6134562	
88300	2.5135585	
88400	2.3855065	
88500	2.234529	
88600	2.0710987	
88700	1.9004998	
88800	1.7346896	
88900	1.5840954	
89000	1.4615805	
89100	1.3760054	
89200	1.3366092	
89300	1.3467274	
89400	1.4060306	
89500	1.5097885	
89600	1.6477076	
89700	1.807272	
89800	1.9767468	
89900	2.1449515	
90000	2.3028978	
90100	2.4403895	
90200	2.5526391	
90300	2.6346266	
90400	2.6838926	
90500	2.6963382	
90600	2.6728739	
90700	2.6100684	
90800	2.511926	
90900	2.3861762	
91000	2.2368869	
91100	2.0747997	
91200	1.9056712	
91300	1.7398362	
91400	1.5891936	
91500	1.4650984	
91600	1.3780883	
91700	1.3364898	
91800	1.3455861	
91900	1.4036006	
92000	1.5066028	
92100	1.6445993	
92200	1.8053953	
92300	1.9764825	
92400	2.1461405	
92500	2.3050475	
92600	2.4450992	
92700	2.5576252	
92800	2.640707	
92900	2.6886465	
93000	2.7021042	
93100	2.6773047	
93200	2.612701	
93300	2.5129406	
93400	2.3836273	
93500	2.232794	
93600	2.0684222	
93700	1.8981932	
93800	1.7326822	
93900	1.5819649	
94000	1.4592705	
94100	1.3745509	
94200	1.3356688	
94300	1.3464736	
94400	1.4070745	
94500	1.5112478	
94600	1.6499972	
94700	1.809657	
94800	1.980046	
94900	2.1479206	
95000	2.3059366	
95100	2.4433864	
95200	2.5552629	
95300	2.6371861	
95400	2.6857315	
95500	2.6978668	
95600	2.6731147	
95700	2.6100175	
95800	2.5111586	
95900	2.3846175	
96000	2.2350389	
96100	2.0722514	
96200	1.9032645	
96300	1.7369206	
96400	1.5865167	
96500	1.4619236	
96600	1.3757905	
96700	1.3354168	
96800	1.3452788	
96900	1.4038612	
97000	1.5080285	
97100	1.646774	
97200	1.8080708	
97300	1.9796462	
97400	2.149231	
97500	2.308477	
97600	2.4474099	
97700	2.5599194	
97800	2.6425994	
97900	2.6897358	
98000	2.7026472	
98100	2.6767824	
98200	2.6120214	
98300	2.5113762	
98400	2.3822148	
98500	2.2305097	
98600	2.0662773	
98700	1.8958923	
98800	1.7301173	
98900	1.5798058	
99000	1.4574477	
99100	1.3730282	
99200	1.3346883	
99300	1.3461729	
99400	1.4076602	
99500	1.5121689	
99600	1.6513099	
99700	1.8116075	
99800	1.9821189	
99900	2.150338	
100000	2.3082676	
100100	2.4459564	
100200	2.5570276	
100300	2.639239	
100400	2.6868798	
100500	2.6985754	
100600	2.6740289	
100700	2.6095197	
100800	2.5101889	
100900	2.3835078	
101000	2.2329724	
101100	2.0701526	
101200	1.9006068	
101300	1.734105	
101400	1.5837634	
101500	1.4600097	
101600	1.373925	
101700	1.3341307	
101800	1.3445945	
101900	1.4045144	
102000	1.5086742	
102100	1.6483525	
102200	1.8099019	
102300	1.9817122	
102400	2.1516463	
102500	2.3101293	
102600	2.4494169	
102700	2.5610769	
102800	2.6434887	
102900	2.6906722	
103000	2.7028062	
103100	2.6768813	
103200	2.6111535	
103300	2.5100788	
103400	2.3808814	
103500	2.2291331	
103600	2.0646784	
103700	1.8936721	
103800	1.7283358	
103900	1.5781886	
104000	1.4557637	
104100	1.3718966	
104200	1.3339215	
104300	1.3459162	
104400	1.4074805	
104500	1.5125663	
104600	1.6520531	
104700	1.8125157	
104800	1.9831602	
104900	2.1520107	
105000	2.3101597	
105100	2.4473919	
105200	2.55911	
105300	2.6397058	
105400	2.6882603	
105500	2.6994264	
105600	2.6739469	
105700	2.6093765	
105800	2.5095288	
105900	2.3817561	
106000	2.231748	
106100	2.0685234	
106200	1.898433	
106300	1.7318554	
106400	1.5813245	
106500	1.4577266	
106600	1.3720499	
106700	1.3328406	
106800	1.3438548	
106900	1.4041211	
107000	1.5092909	
107100	1.6492099	
107200	1.8112267	
107300	1.9834485	
107400	2.1527999	
107500	2.3121027	
107600	2.4505585	
107700	2.5629163	
107800	2.6445073	
107900	2.6910587	
108000	2.7033571	
108100	2.6768615	
108200	2.6112006	
108300	2.5093194	
108400	2.3799264	
108500	2.2280101	
108600	2.0636148	
108700	1.8925813	
108800	1.7271234	
108900	1.5769804	
109000	1.454743	
109100	1.3708584	
109200	1.3332203	
109300	1.3454005	
109400	1.4072269	
109500	1.5128449	
109600	1.652187	
109700	1.8133653	
109800	1.9841695	
109900	2.1532394	
110000	2.3111868	
110100	2.4483373	
110200	2.5604373	
110300	2.6420306	
110400	2.6889996	
110500	2.7012044	
110600	2.6749123	
110700	2.6106066	
110800	2.5103486	
110900	2.3821685	
111000	2.2317118	
111100	2.0676703	
111200	1.8980384	
111300	1.7308914	
111400	1.5807058	
111500	1.4562342	
111600	1.3707353	
111700	1.3314874	
111800	1.343083	
111900	1.4037542	
112000	1.5095738	
112100	1.6498301	
112200	1.8120355	
112300	1.9851302	
112400	2.1548381	
112500	2.3136738	
112600	2.4525653	
112700	2.5644955	
112800	2.6462998	
112900	2.6927573	
113000	2.7050533	
113100	2.6777232	
113200	2.6118618	
113300	2.5105262	
113400	2.3807621	
113500	2.228488	
113600	2.0638781	
113700	1.892888	
113800	1.7265518	
113900	1.5764848	
114000	1.4538545	
114100	1.3700304	
114200	1.3321832	
114300	1.3448694	
114400	1.4064864	
114500	1.5130194	
114600	1.6521896	
114700	1.8135922	
114800	1.9854655	
114900	2.1547881	
115000	2.3125585	
115100	2.4509381	
115200	2.5621479	
115300	2.6438856	
115400	2.6914052	
115500	2.7032304	
115600	2.67687	
115700	2.6117466	
115800	2.5112061	
115900	2.3830731	
116000	2.2320133	
116100	2.0678464	
116200	1.8971	
116300	1.7301493	
116400	1.5790193	
116500	1.4547587	
116600	1.3691578	
116700	1.3304105	
116800	1.3422978	
116900	1.4034323	
117000	1.5094744	
117100	1.6503227	
117200	1.8134319	
117300	1.9861869	
117400	2.1564675	
117500	2.3156698	
117600	2.4543163	
117700	2.5662145	
117800	2.6477639	
117900	2.6938174	
118000	2.7060396	
118100	2.6788457	
118200	2.612432	
118300	2.5107997	
118400	2.3812678	
118500	2.2285605	
118600	2.0632756	
118700	1.8926836	
118800	1.7262619	
118900	1.5756341	
119000	1.4528705	
119100	1.3688836	
119200	1.3309538	
119300	1.3438209	
119400	1.4058138	
119500	1.5120601	
119600	1.6522667	
119700	1.8138975	
119800	1.9856971	
119900	2.1556497	
120000	2.3134777	
120100	2.4519391	
120200	2.5640204	
120300	2.6452052	
120400	2.6932978	
120500	2.704461	
120600	2.6781838	
120700	2.6126587	
120800	2.5123736	
120900	2.3833058	
121000	2.2325708	
121100	2.0676477	
121200	1.8964122	
121300	1.7293974	
121400	1.5776979	
121500	1.4533796	
121600	1.3678729	
121700	1.3290464	
121800	1.3410529	
121900	1.4026102	
122000	1.5091312	
122100	1.6503849	
122200	1.8136872	
122300	1.9872513	
122400	2.1568929	
122500	2.3167548	
122600	2.4550078	
122700	2.5673586	
122800	2.6488577	
122900	2.6953013	
123000	2.7070752	
123100	2.6797976	
123200	2.6133461	
123300	2.5114634	
123400	2.3815134	
123500	2.2291634	
123600	2.0637021	
123700	1.8929484	
123800	1.7255585	
123900	1.5750664	
124000	1.4522543	
124100	1.3679174	
124200	1.330016	
124300	1.3427	
124400	1.4049461	
124500	1.5112927	
124600	1.6518059	
124700	1.8140673	
124800	1.9855448	
124900	2.1563809	
125000	2.3142962	
125100	2.4528906	
125200	2.5651436	
125300	2.6459173	
125400	2.6944325	
125500	2.7055578	
125600	2.6797503	
125700	2.6139172	
125800	2.513429	
125900	2.3823873	
126000	2.2326549	
126100	2.0679387	
126200	1.8958367	
126300	1.7291076	
126400	1.5766277	
126500	1.4521656	
126600	1.3667061	
126700	1.3277118	
126800	1.3395612	
126900	1.4017951	
127000	1.5081621	
127100	1.649994	
127200	1.8134707	
127300	1.9870327	
127400	2.1575005	
127500	2.3163805	
127600	2.4555914	
127700	2.5679502	
127800	2.6496258	
127900	2.6963987	
128000	2.7079453	
128100	2.680255	
128200	2.6139662	
128300	2.5123558	
128400	2.3822192	
128500	2.2297765	
128600	2.0643978	
128700	1.8933422	
128800	1.7262498	
128900	1.5748525	
129000	1.4519668	
129100	1.3670879	
129200	1.3288931	
129300	1.3417057	
129400	1.4034164	
129500	1.5099501	
129600	1.65057	
129700	1.8126887	
129800	1.9852853	
129900	2.1549896	
130000	2.3140043	
130100	2.4534883	
130200	2.5658158	
130300	2.647213	
130400	2.6954758	
130500	2.7063998	
130600	2.6807099	
130700	2.6150779	
130800	2.5146656	
130900	2.3837291	
131000	2.2332516	
131100	2.0688584	
131200	1.8966764	
131300	1.7296034	
131400	1.576179	
131500	1.4517852	
131600	1.3657699	
131700	1.3267087	
131800	1.3381889	
131900	1.4007843	
132000	1.5064953	
132100	1.6481841	
132200	1.8117555	
132300	1.9863594	
132400	2.1561569	
132500	2.3162649	
132600	2.455529	
132700	2.568187	
132800	2.6501887	
132900	2.6974143	
133000	2.709087	
133100	2.682125	
133200	2.6157604	
133300	2.5142685	
133400	2.3825694	
133500	2.2317288	
133600	2.066425	
133700	1.8952401	
133800	1.727439	
133900	1.5762336	
134000	1.4520099	
134100	1.3672679	
134200	1.3282982	
134300	1.3402975	
134400	1.4018027	
134500	1.5074945	
134600	1.64831	
134700	1.810269	
134800	1.9833421	
134900	2.1540327	
135000	2.3130535	
135100	2.4529623	
135200	2.5658467	
135300	2.6480488	
135400	2.6967928	
135500	2.7085674	
135600	2.6829041	
135700	2.6177095	
135800	2.517767	
135900	2.3863528	
136000	2.2363303	
136100	2.0720125	
136200	1.8994665	
136300	1.7318188	
136400	1.5778216	
136500	1.4520434	
136600	1.3654796	
136700	1.3255308	
136800	1.337184	
136900	1.3984019	
137000	1.5048468	
137100	1.6463268	
137200	1.8102288	
137300	1.9848788	
137400	2.1555291	
137500	2.3160361	
137600	2.455536	
137700	2.569043	
137800	2.6512263	
137900	2.6991071	
138000	2.7109764	
138100	2.6849689	
138200	2.6190677	
138300	2.5179126	
138400	2.3861551	
138500	2.2355539	
138600	2.0704642	
138700	1.8987012	
138800	1.7301719	
138900	1.5782417	
139000	1.4534654	
139100	1.3675519	
139200	1.3276754	
139300	1.3388622	
139400	1.3997968	
139500	1.5052266	
139600	1.6451855	
139700	1.8078912	
139800	1.9813084	
139900	2.1526929	
140000	2.312334	
140100	2.4528393	
140200	2.5671206	
140300	2.6501528	
140400	2.6992291	
140500	2.7119314	
140600	2.6862916	
140700	2.6216901	
140800	2.5216813	
140900	2.3908813	
141000	2.2400863	
141100	2.0754731	
141200	1.9024065	
141300	1.7335299	
141400	1.5789867	
141500	1.4531127	
141600	1.3651323	
141700	1.3239221	
141800	1.3358208	
141900	1.3965339	
142000	1.5025031	
142100	1.6443349	
142200	1.8083979	
142300	1.9828919	
142400	2.1556872	
142500	2.3155405	
142600	2.4566795	
142700	2.5693379	
142800	2.6526692	
142900	2.700846	
143000	2.7137115	
143100	2.6878741	
143200	2.6222701	
143300	2.5219814	
143400	2.392297	
143500	2.2394616	
143600	2.0746906	
143700	1.902059	
143800	1.7339299	
143900	1.5802178	
144000	1.45476	
144100	1.3676306	
144200	1.3269964	
144300	1.337397	
144400	1.3980378	
144500	1.5030041	
144600	1.6432271	
144700	1.80598	
144800	1.9795209	
144900	2.1521242	
145000	2.3130588	
145100	2.4538477	
145200	2.5687538	
145300	2.6522065	
145400	2.7019716	
145500	2.7149709	
145600	2.6899429	
145700	2.6259031	
145800	2.5254558	
145900	2.3969946	
146000	2.2438913	
146100	2.079539	
146200	1.9057791	
146300	1.7362195	
146400	1.5808556	
146500	1.4536726	
146600	1.3648281	
146700	1.3235452	
146800	1.3340666	
146900	1.394619	
147000	1.5004695	
147100	1.6425248	
147200	1.8072918	
147300	1.9818648	
147400	2.1555352	
147500	2.3157874	
147600	2.4575325	
147700	2.5712914	
147800	2.6545244	
147900	2.7036252	
148000	2.716863	
148100	2.6907649	
148200	2.6263982	
148300	2.5256896	
148400	2.3960744	
148500	2.2434887	
148600	2.078458	
148700	1.9053574	
148800	1.7366416	
148900	1.5820201	
149000	1.4556202	
149100	1.3675022	
149200	1.3260255	
149300	1.3362474	
149400	1.3959963	
149500	1.5005374	
149600	1.641257	
149700	1.8039635	
149800	1.9782508	
149900	2.1514	
150000	2.3122117	
150100	2.4550342	
150200	2.5697493	
150300	2.6540737	
150400	2.7044137	
150500	2.7177876	
150600	2.6931412	
150700	2.6290713	
150800	2.529273	
150900	2.3990019	
151000	2.2475547	
151100	2.0821286	
151200	1.9082975	
151300	1.7377385	
151400	1.5823573	
151500	1.4536574	
151600	1.364483	
151700	1.3224402	
151800	1.3324337	
151900	1.392598	
152000	1.4981829	
152100	1.6401462	
152200	1.8049706	
152300	1.9807918	
152400	2.153984	
152500	2.3150507	
152600	2.4571349	
152700	2.5715614	
152800	2.6552328	
152900	2.7044339	
153000	2.7186051	
153100	2.6929458	
153200	2.6287281	
153300	2.528467	
153400	2.3993567	
153500	2.2466709	
153600	2.0820288	
153700	1.9084721	
153800	1.7392554	
153900	1.5840504	
154000	1.4566267	
154100	1.367695	
154200	1.3255397	
154300	1.3342061	
154400	1.3932733	
154500	1.4974483	
154600	1.6375574	
154700	1.8004818	
154800	1.9751058	
154900	2.1484755	
155000	2.3107187	
155100	2.4530817	
155200	2.5703646	
155300	2.6543685	
155400	2.7062886	
155500	2.7197583	
155600	2.6961599	
155700	2.632701	
155800	2.5336965	
155900	2.4049792	
156000	2.2517828	
156100	2.0866748	
156200	1.9125393	
156300	1.740793	
156400	1.5845846	
156500	1.4552951	
156600	1.3646746	
156700	1.3215956	
156800	1.33065	
156900	1.390177	
157000	1.4951663	
157100	1.6369664	
157200	1.802154	
157300	1.9777525	
157400	2.1522255	
157500	2.314089	
157600	2.456414	
157700	2.5718259	
157800	2.6567249	
157900	2.7071863	
158000	2.7210554	
158100	2.6971484	
158200	2.6329943	
158300	2.5335459	
158400	2.4045354	
158500	2.2515881	
158600	2.0873071	
158700	1.9130719	
158800	1.7433318	
158900	1.5872047	
159000	1.4584466	
159100	1.3682612	
159200	1.3249046	
159300	1.3327233	
159400	1.3909404	
159500	1.4941118	
159600	1.6343726	
159700	1.7975259	
159800	1.9721629	
159900	2.1469273	
160000	2.3094645	
160100	2.4532345	
160200	2.5708258	
160300	2.6561455	
160400	2.7081558	
160500	2.7229103	
160600	2.699925	
160700	2.6368565	
160800	2.538582	
160900	2.4077264	
161000	2.2569148	
161100	2.0904144	
161200	1.9163899	
161300	1.7436006	
161400	1.5866083	
161500	1.4564156	
161600	1.3648108	
161700	1.3207438	
161800	1.328691	
161900	1.387755	
162000	1.4921698	
162100	1.6338503	
162200	1.7990466	
162300	1.9756729	
162400	2.1499444	
162500	2.313071	
162600	2.4554832	
162700	2.5723074	
162800	2.6573006	
162900	2.7087779	
163000	2.7230012	
163100	2.6991485	
163200	2.6362105	
163300	2.537178	
163400	2.408281	
163500	2.2561277	
163600	2.0915804	
163700	1.9174611	
163800	1.746669	
163900	1.5899055	
164000	1.4603731	
164100	1.3689535	
164200	1.3242479	
164300	1.3306725	
164400	1.3881568	
164500	1.4908201	
164600	1.6298149	
164700	1.7930909	
164800	1.9683039	
164900	2.1435036	
165000	2.3061503	
165100	2.4515878	
165200	2.5698415	
165300	2.6569195	
165400	2.7096425	
165500	2.7248836	
165600	2.7026228	
165700	2.6409105	
165800	2.5427238	
165900	2.4146713	
166000	2.2614718	
166100	2.0954885	
166200	1.9213423	
166300	1.7476832	
166400	1.589686	
166500	1.4580739	
166600	1.3651915	
166700	1.3199267	
166800	1.3264504	
166900	1.3844535	
167000	1.4881917	
167100	1.6294174	
167200	1.7947186	
167300	1.971199	
167400	2.1466696	
167500	2.3103914	
167600	2.4547265	
167700	2.5717635	
167800	2.6587175	
167900	2.7107557	
168000	2.7263487	
168100	2.7031117	
168200	2.6412098	
168300	2.5428346	
168400	2.4150129	
168500	2.2627369	
168600	2.0979965	
168700	1.9240804	
168800	1.7524899	
168900	1.5943898	
169000	1.4638425	
169100	1.3704823	
169200	1.3242658	
169300	1.3289406	
169400	1.3850465	
169500	1.4863482	
169600	1.6248254	
169700	1.7883194	
169800	1.9635105	
169900	2.1396304	
170000	2.3046208	
170100	2.4494363	
170200	2.5697516	
170300	2.6574568	
170400	2.712078	
170500	2.728617	
170600	2.7076446	
170700	2.6462702	
170800	2.549422	
170900	2.4204116	
171000	2.2689893	
171100	2.1022359	
171200	1.9278757	
171300	1.7531866	
171400	1.5940493	
171500	1.4607879	
171600	1.3665689	
171700	1.319379	
171800	1.3243058	
171900	1.3809038	
172000	1.4837205	
172100	1.6244179	
172200	1.7895945	
172300	1.966315	
172400	2.1432529	
172500	2.3076984	
172600	2.4524526	
172700	2.5718313	
172800	2.6597038	
172900	2.7131054	
173000	2.7298946	
173100	2.707892	
173200	2.6471022	
173300	2.5499699	
173400	2.4224715	
173500	2.2705789	
173600	2.1060863	
173700	1.9316677	
173800	1.7591246	
173900	1.5996897	
174000	1.4674654	
174100	1.3726188	
174200	1.3241308	
174300	1.3272145	
174400	1.3813417	
174500	1.4816204	
174600	1.6196012	
174700	1.7822638	
174800	1.9584104	
174900	2.1347582	
175000	2.301671	
175100	2.4474712	
175200	2.5693526	
175300	2.658951	
175400	2.7144254	
175500	2.7323681	
175600	2.7128866	
175700	2.653171	
175800	2.5573389	
175900	2.4277829	
176000	2.277401	
176100	2.1098545	
176200	1.9344491	
176300	1.7595425	
176400	1.5984564	
176500	1.4638416	
176600	1.3677475	
176700	1.3189749	
176800	1.3221308	
176900	1.3773906	
177000	1.4790458	
177100	1.6191823	
177200	1.7842946	
177300	1.9614016	
177400	2.1390201	
177500	2.3055902	
177600	2.4510328	
177700	2.5719069	
177800	2.660998	
177900	2.7154584	
178000	2.7331766	
178100	2.7123906	
178200	2.6529107	
178300	2.5565928	
178400	2.4279891	
178500	2.2785074	
178600	2.113479	
178700	1.9389301	
178800	1.7654979	
178900	1.605313	
179000	1.4708884	
179100	1.3745809	
179200	1.3244325	
179300	1.3248265	
179400	1.3775618	
179500	1.4761667	
179600	1.6134812	
179700	1.775516	
179800	1.9515127	
179900	2.1289686	
180000	2.2968358	
180100	2.4437774	
180200	2.5669147	
180300	2.6594802	
180400	2.7151041	
180500	2.7356315	
180600	2.7165661	
180700	2.6582318	
180800	2.5626396	
180900	2.4341605	
181000	2.2841681	
181100	2.1167639	
181200	1.9406293	
181300	1.7643327	
181400	1.6026104	
181500	1.4661684	
181600	1.3687299	
181700	1.3177818	
181800	1.3191624	
181900	1.3729871	
182000	1.4734291	
182100	1.6129369	
182200	1.7774902	
182300	1.9552171	
182400	2.1332406	
182500	2.3012446	
182600	2.4478624	
182700	2.5698514	
182800	2.6603777	
182900	2.7158489	
183000	2.7351526	
183100	2.7156057	
183200	2.6572358	
183300	2.5620644	
183400	2.4339928	
183500	2.2851412	
183600	2.1203504	
183700	1.9457699	
183800	1.7714046	
183900	1.610683	
184000	1.4747567	
184100	1.37669	
184200	1.324357	
184300	1.3227912	
184400	1.3734702	
184500	1.4702771	
184600	1.6059829	
184700	1.7675312	
184800	1.9440443	
184900	2.1213858	
185000	2.2902222	
185100	2.4392136	
185200	2.563187	
185300	2.6564393	
185400	2.7149293	
185500	2.7362702	
185600	2.718983	
185700	2.6617796	
185800	2.5677159	
185900	2.4399175	
186000	2.2901731	
186100	2.1231324	
186200	1.9462867	
186300	1.7699917	
186400	1.6067427	
186500	1.468658	
186600	1.3696911	
186700	1.3168883	
186800	1.315769	
186900	1.3674546	
187000	1.4669227	
187100	1.6045265	
187200	1.768857	
187300	1.9460195	
187400	2.1254814	
187500	2.2949494	
187600	2.4426665	
187700	2.5660194	
187800	2.6573193	
187900	2.7151559	
188000	2.7354059	
188100	2.7171723	
188200	2.6599333	
188300	2.5666636	
188400	2.4389615	
188500	2.2912011	
188600	2.1266252	
188700	1.9523867	
188800	1.7773135	
188900	1.6160673	
189000	1.4788413	
189100	1.378845	
189200	1.3239023	
189300	1.3204608	
189400	1.3687035	
189500	1.4632643	
189600	1.5973942	
189700	1.7578965	
189800	1.9333643	
189900	2.1115532	
190000	2.2811939	
190100	2.4313743	
190200	2.55767	
190300	2.6516374	
190400	2.7121789	
190500	2.7351987	
190600	2.7193446	
190700	2.6641055	
190800	2.5714418	
190900	2.4444476	
191000	2.2951646	
191100	2.1289039	
191200	1.9524152	
191300	1.7752913	
191400	1.611043	
191500	1.4717873	
191600	1.3710103	
191700	1.3153705	
191800	1.3124553	
191900	1.3618546	
192000	1.4587197	
192100	1.5944346	
192200	1.757987	
192300	1.9345171	
192400	2.1146648	
192500	2.2847654	
192600	2.433803	
192700	2.5595494	
192800	2.6531455	
192900	2.711584	
193000	2.7337972	
193100	2.7169033	
193200	2.6612166	
193300	2.5699655	
193400	2.4435761	
193500	2.2963204	
193600	2.132637	
193700	1.9591339	
193800	1.7843864	
193900	1.6223058	
194000	1.4832461	
194100	1.3815337	
194200	1.3241081	
194300	1.3175225	
194400	1.3625515	
194500	1.4548669	
194600	1.5863553	
194700	1.7445267	
194800	1.9203129	
194900	2.0977456	
195000	2.2687562	
195100	2.4206805	
195200	2.5486564	
195300	2.6452941	
195400	2.7070988	
195500	2.7320676	
195600	2.718498	
195700	2.6652041	
195800	2.5745518	
195900	2.4491062	
196000	2.3003923	
196100	2.1349293	
196200	1.9582899	
196300	1.7816715	
196400	1.6158393	
196500	1.4757001	
196600	1.37238	
196700	1.3146838	
196800	1.3094529	
196900	1.3547755	
197000	1.4492215	
197100	1.5821606	
197200	1.7433779	
197300	1.9196065	
197400	2.099685	
197500	2.270661	
197600	2.4220539	
197700	2.5494415	
197800	2.6446022	
197900	2.7048307	
198000	2.7294376	
198100	2.7142683	
198200	2.6607247	
198300	2.5705577	
198400	2.4463575	
198500	2.3007983	
198600	2.1379858	
198700	1.9649166	
198800	1.79046	
198900	1.6281103	
199000	1.4882969	
199100	1.3843186	
199200	1.3241521	
199300	1.3145208	
199400	1.3560086	
199500	1.4443958	
199600	1.5728402	
199700	1.7288826	
199800	1.9026042	
199900	2.0801464	
200000	2.2515533	
200100	2.4046343	
200200	2.5346978	
200300	2.6333507	
200400	2.697226	
200500	2.7248472	
200600	2.7137349	
200700	2.6624962	
200800	2.5735685	
200900	2.4499094	
201000	2.3024321	
201100	2.1378156	
201200	1.9620923	
201300	1.7856227	
201400	1.6196788	
201500	1.4787606	
201600	1.3735192	
201700	1.3137628	
201800	1.3042767	
201900	1.3471001	
202000	1.4372174	
202100	1.5666828	
202200	1.7255547	
202300	1.9005732	
202400	2.0794393	
202500	2.25189	
202600	2.4041741	
202700	2.5332141	
202800	2.6297901	
202900	2.6920819	
203000	2.7180726	
203100	2.704894	
203200	2.6532588	
203300	2.5650878	
203400	2.4428628	
203500	2.299167	
203600	2.1370384	
203700	1.9660086	
203800	1.7928769	
203900	1.6310179	
204000	1.4915602	
204100	1.3857062	
204200	1.3235978	
204300	1.3102671	
204400	1.3482818	
204500	1.4320869	
204600	1.5562942	
204700	1.7085328	
204800	1.8796383	
204900	2.0562157	
205000	2.2268563	
205100	2.3820146	
205200	2.5120019	
205300	2.6132511	
205400	2.6801753	
205500	2.7099745	
205600	2.701391	
205700	2.6525856	
205800	2.5664133	
205900	2.4446038	
206000	2.2989833	
206100	2.1359204	
206200	1.961469	
206300	1.7863853	
206400	1.6208511	
206500	1.4801599	
206600	1.3737024	
206700	1.3117528	
206800	1.2987523	
206900	1.3376958	
207000	1.4235355	
207100	1.548825	
207200	1.7035406	
207300	1.8746384	
207400	2.0524966	
207500	2.2236336	
207600	2.3793803	
207700	2.507264	
207800	2.6061937	
207900	2.6688403	
208000	2.6961837	
208100	2.6850375	
208200	2.6355723	
208300	2.5500747	
208400	2.4304061	
208500	2.2891692	
208600	2.1298428	
208700	1.9614001	
208800	1.790869	
208900	1.6308042	
209000	1.4920303	
209100	1.3860104	
209200	1.3218573	
209300	1.3045397	
209400	1.3377941	
209500	1.4166215	
209600	1.5349233	
209700	1.683395	
209800	1.84974	
209900	2.0235245	
210000	2.1929197	
210100	2.347625	
210200	2.4787201	
210300	2.5819399	
210400	2.6508613	
210500	2.6833092	
210600	2.6770352	
210700	2.6311017	
210800	2.5479614	
210900	2.4285422	
211000	2.2856919	
211100	2.1243653	
211200	1.9527554	
211300	1.7801881	
211400	1.6171574	
211500	1.4772515	
211600	1.3716376	
211700	1.3076321	
211800	1.2923378	
211900	1.3270317	
212000	1.4076453	
212100	1.5265332	
212200	1.675851	
212300	1.8409638	
212400	2.0144294	
212500	2.1832924	
212600	2.3376353	
212700	2.4661213	
212800	2.5655889	
212900	2.629642	
213000	2.6574818	
213100	2.6479156	
213200	2.599885	
213300	2.5169768	
213400	2.4027744	
213500	2.262711	
213600	2.1081902	
213700	1.9443652	
213800	1.7783757	
213900	1.6225817	
214000	1.4870369	
214100	1.3824895	
214200	1.3170954	
214300	1.2971415	
214400	1.3247543	
214500	1.39772	
214600	1.5088002	
214700	1.6501914	
214800	1.8097388	
214900	1.9781752	
215000	2.1438251	
215100	2.295511	
215200	2.4276794	
215300	2.5311978	
215400	2.6026308	
215500	2.6374318	
215600	2.6335469	
215700	2.5914562	
215800	2.5104512	
215900	2.3970157	
216000	2.2554376	
216100	2.0992287	
216200	1.9323885	
216300	1.7644965	
216400	1.6068608	
216500	1.4703836	
216600	1.366797	
216700	1.3028376	
216800	1.2846661	
216900	1.3137904	
217000	1.3876121	
217100	1.4986759	
217200	1.6386115	
217300	1.7951325	
217400	1.9611946	
217500	2.1241721	
217600	2.2747427	
217700	2.4019066	
217800	2.5022841	
217900	2.5669948	
218000	2.5969356	
218100	2.5887605	
218200	2.5441222	
218300	2.4641888	
218400	2.3553442	
218500	2.2208025	
218600	2.0731649	
218700	1.9163967	
218800	1.758115	
218900	1.6092965	
219000	1.4788479	
219100	1.3768912	
219200	1.3111052	
219300	1.2877294	
219400	1.3085811	
219500	1.3726159	
219600	1.4740581	
219700	1.6048811	
219800	1.7553026	
219900	1.9153824	
220000	2.0738794	
220100	2.2220335	
220200	2.35242	
220300	2.4578681	
220400	2.531277	
220500	2.5700597	
220600	2.5712547	
220700	2.5345705	
220800	2.4594625	
220900	2.3501796	
221000	2.2177498	
221100	2.0675456	
221200	1.9091124	
221300	1.7488155	
221400	1.5977434	
221500	1.4658002	
221600	1.3646731	
221700	1.2994519	
221800	1.2766201	
221900	1.2988571	
222000	1.3615939	
222100	1.4605798	
222200	1.5879627	
222300	1.733258	
222400	1.8879732	
222500	2.0422871	
222600	2.1859383	
222700	2.3134321	
222800	2.4147452	
222900	2.4835298	
223000	2.5170628	
223100	2.5140632	
223200	2.4750417	
223300	2.4015129	
223400	2.299216	
223500	2.1725975	
223600	2.0346596	
223700	1.8866637	
223800	1.7377864	
223900	1.5971358	
224000	1.4728215	
224100	1.3735014	
224200	1.3069981	
224300	1.2780168	
224400	1.2904863	
224500	1.3428702	
224600	1.4309718	
224700	1.5480463	
224800	1.6866005	
224900	1.8354255	
225000	1.9857832	
225100	2.127514	
225200	2.2560354	
225300	2.3624567	
225400	2.4406986	
225500	2.4852592	
225600	2.4942655	
225700	2.4657669	
225800	2.4005646	
225900	2.3026986	
226000	2.1774756	
226100	2.0365288	
226200	1.8878996	
226300	1.736203	
226400	1.5927827	
226500	1.4668003	
226600	1.3661971	
226700	1.2995528	
226800	1.2704074	
226900	1.281979	
227000	1.3316304	
227100	1.4168181	
227200	1.5288811	
227300	1.65896	
227400	1.8007549	
227500	1.9452623	
227600	2.081808	
227700	2.2064762	
227800	2.3105374	
227900	2.3842241	
228000	2.4257898	
228100	2.4314971	
228200	2.4009818	
228300	2.3375086	
228400	2.2442147	
228500	2.1298454	
228600	1.9992388	
228700	1.8616816	
228800	1.7227607	
228900	1.5896906	
229000	1.4711628	
229100	1.3744073	
229200	1.3059585	
229300	1.2708848	
229400	1.2734057	
229500	1.3130557	
229600	1.3857659	
229700	1.4877102	
229800	1.612095	
229900	1.7479743	
230000	1.886576	
230100	2.0225543	
230200	2.1474873	
230300	2.2545881	
230400	2.3358177	
230500	2.3879345	
230600	2.4056563	
230700	2.3886992	
230800	2.3355807	
230900	2.2495603	
231000	2.1378166	
231100	2.0055014	
231200	1.8669947	
231300	1.7255531	
231400	1.5896334	
231500	1.4683934	
231600	1.3701398	
231700	1.3010308	
231800	1.2656785	
231900	1.2663254	
232000	1.3033928	
232100	1.3727749	
232200	1.4686514	
232300	1.5839907	
232400	1.7112785	
232500	1.8407765	
232600	1.9694283	
232700	2.08926	
232800	2.1933706	
232900	2.2728886	
233000	2.3229197	
233100	2.3389386	
233200	2.3195413	
233300	2.2673027	
233400	2.184471	
233500	2.0810059	
233600	1.9616528	
233700	1.8329359	
233800	1.703768	
233900	1.5788116	
234000	1.4665197	
234100	1.3733584	
234200	1.3047004	
234300	1.2648634	
234400	1.2585727	
234500	1.2857855	
234600	1.3447035	
234700	1.4307747	
234800	1.5401506	
234900	1.6601791	
235000	1.7878975	
235100	1.9143092	
235200	2.0330587	
235300	2.1376778	
235400	2.2211866	
235500	2.2779883	
235600	2.3047411	
235700	2.2997066	
235800	2.2588671	
235900	2.1869331	
236000	2.0882023	
236100	1.9711903	
236200	1.8408183	
236300	1.7104553	
236400	1.5836425	
236500	1.4682958	
236600	1.3724427	
236700	1.3025567	
236800	1.261694	
236900	1.2535635	
237000	1.2776889	
237100	1.3326673	
237200	1.4131192	
237300	1.5122801	
237400	1.6227746	
237500	1.7415721	
237600	1.8594808	
237700	1.9716788	
237800	2.0735363	
237900	2.1572576	
238000	2.2133029	
238100	2.2413582	
238200	2.2342601	
238300	2.1949891	
238400	2.1251871	
238500	2.0327666	
238600	1.9222476	
238700	1.8052229	
238800	1.6852836	
238900	1.5685563	
239000	1.4623573	
239100	1.372475	
239200	1.3046035	
239300	1.2613387	
239400	1.2475192	
239500	1.2636283	
239600	1.309402	
239700	1.3806383	
239800	1.4731718	
239900	1.5803726	
240000	1.6958494	
