100	20.746828	
200	-3.4196245	
300	1.3135583	
400	0.40891258	
500	0.64492511	
600	0.68202055	
700	0.77229167	
800	0.8643418	
900	0.96112509	
1000	1.0605624	
1100	1.1589419	
1200	1.2532942	
1300	1.3398952	
1400	1.4174364	
1500	1.485133	
1600	1.5422218	
1700	1.5897059	
1800	1.6279757	
1900	1.6583352	
2000	1.6821482	
2100	1.7005204	
2200	1.7131161	
2300	1.7218574	
2400	1.7258678	
2500	1.7254375	
2600	1.7206703	
2700	1.7112115	
2800	1.6969324	
2900	1.6777038	
3000	1.6536891	
3100	1.6247667	
3200	1.5913003	
3300	1.553463	
3400	1.512266	
3500	1.4672091	
3600	1.4198048	
3700	1.3702958	
3800	1.3189141	
3900	1.2666938	
4000	1.2143427	
4100	1.1628167	
4200	1.1125104	
4300	1.0641599	
4400	1.0176746	
4500	0.97385674	
4600	0.9335111	
4700	0.89651531	
4800	0.86359071	
4900	0.83456779	
5000	0.80936094	
5100	0.78837247	
5200	0.77096879	
5300	0.75759285	
5400	0.74827891	
5500	0.7416895	
5600	0.73927709	
5700	0.73994759	
5800	0.74334858	
5900	0.74966984	
6000	0.75854237	
6100	0.76964136	
6200	0.78296319	
6300	0.79764024	
6400	0.81315261	
6500	0.83050074	
6600	0.84791124	
6700	0.86598706	
6800	0.88435717	
6900	0.90224865	
7000	0.92009458	
7100	0.93695411	
7200	0.95331188	
7300	0.96955584	
7400	0.98324636	
7500	0.99593226	
7600	1.0064539	
7700	1.0155437	
7800	1.0227072	
7900	1.0289487	
8000	1.031246	
8100	1.0310081	
8200	1.0286338	
8300	1.0237933	
8400	1.0161902	
8500	1.0068896	
8600	0.99516004	
8700	0.9812309	
8800	0.96534363	
8900	0.94767049	
9000	0.92870935	
9100	0.90866703	
9200	0.88813013	
9300	0.86745921	
9400	0.84694284	
9500	0.82771748	
9600	0.80966348	
9700	0.79392336	
9800	0.78142685	
9900	0.77136734	
10000	0.76431849	
10100	0.76070521	
10200	0.7596915	
10300	0.76213354	
10400	0.76736225	
10500	0.77490012	
10600	0.78499668	
10700	0.79710628	
10800	0.8113444	
10900	0.82738811	
11000	0.84483591	
11100	0.86347942	
11200	0.88333255	
11300	0.90398648	
11400	0.92492489	
11500	0.94665659	
11600	0.96828604	
11700	0.98966055	
11800	1.0113345	
11900	1.0307171	
12000	1.0502954	
12100	1.0675788	
12200	1.0840715	
12300	1.0991963	
12400	1.1120521	
12500	1.1234487	
12600	1.1327375	
12700	1.1409425	
12800	1.1470566	
12900	1.1516659	
13000	1.1549692	
13100	1.1576566	
13200	1.1602387	
13300	1.1632406	
13400	1.1691259	
13500	1.1784352	
13600	1.1936855	
13700	1.2161469	
13800	1.245581	
13900	1.2826545	
14000	1.3249511	
14100	1.3702468	
14200	1.4144285	
14300	1.4563117	
14400	1.4912938	
14500	1.5194154	
14600	1.5384769	
14700	1.5489331	
14800	1.5507857	
14900	1.5444345	
15000	1.5304928	
15100	1.5103433	
15200	1.4848489	
15300	1.4549972	
15400	1.4224043	
15500	1.3878138	
15600	1.351771	
15700	1.3157807	
15800	1.280529	
15900	1.2493658	
16000	1.2234676	
16100	1.2054553	
16200	1.198119	
16300	1.2031945	
16400	1.2223602	
16500	1.255771	
16600	1.3022602	
16700	1.3606453	
16800	1.427861	
16900	1.4993178	
17000	1.5723547	
17100	1.6424861	
17200	1.7056285	
17300	1.7603362	
17400	1.8030674	
17500	1.8320991	
17600	1.8473662	
17700	1.8478194	
17800	1.8338573	
17900	1.807238	
18000	1.77049	
18100	1.724412	
18200	1.6705999	
18300	1.612512	
18400	1.5519258	
18500	1.4935718	
18600	1.4411165	
18700	1.4003519	
18800	1.3772818	
18900	1.3763233	
19000	1.3979695	
19100	1.444408	
19200	1.5117922	
19300	1.5967529	
19400	1.6930722	
19500	1.792507	
19600	1.8894115	
19700	1.9772538	
19800	2.0503411	
19900	2.1067535	
20000	2.1418829	
20100	2.1555309	
20200	2.1470021	
20300	2.1183046	
20400	2.0719282	
20500	2.010355	
20600	1.9357184	
20700	1.851077	
20800	1.7600126	
20900	1.6667332	
21000	1.5765657	
21100	1.4952823	
21200	1.4298349	
21300	1.3859429	
21400	1.3686959	
21500	1.3812228	
21600	1.4222822	
21700	1.4915233	
21800	1.5846311	
21900	1.6938421	
22000	1.8142206	
22100	1.9383265	
22200	2.0585527	
22300	2.1680178	
22400	2.261062	
22500	2.3338919	
22600	2.3816492	
22700	2.401788	
22800	2.3957573	
22900	2.3623583	
23000	2.3037741	
23100	2.2241869	
23200	2.127457	
23300	2.016897	
23400	1.8983021	
23500	1.7754253	
23600	1.6594869	
23700	1.55719	
23800	1.4761146	
23900	1.4234059	
24000	1.4032024	
24100	1.4189612	
24200	1.4698748	
24300	1.5537829	
24400	1.6660523	
24500	1.7977009	
24600	1.9426058	
24700	2.0921254	
24800	2.2347377	
24900	2.364966	
25000	2.4735075	
25100	2.556221	
25200	2.6074892	
25300	2.6246668	
25400	2.6068763	
25500	2.554325	
25600	2.4710555	
25700	2.3612127	
25800	2.2319494	
25900	2.0884537	
26000	1.9389867	
26100	1.791928	
26200	1.6569501	
26300	1.5446619	
26400	1.462487	
26500	1.4170292	
26600	1.4127355	
26700	1.4497343	
26800	1.5275962	
26900	1.6406857	
27000	1.7798306	
27100	1.9361455	
27200	2.1006768	
27300	2.2628476	
27400	2.4125165	
27500	2.5431332	
27600	2.6475449	
27700	2.7217689	
27800	2.7613067	
27900	2.7645424	
28000	2.7288226	
28100	2.6554975	
28200	2.5477966	
28300	2.4136241	
28400	2.2592293	
28500	2.0927592	
28600	1.9233056	
28700	1.7619458	
28800	1.6210007	
28900	1.5104884	
29000	1.4370964	
29100	1.4066632	
29200	1.421666	
29300	1.482748	
29400	1.587734	
29500	1.7284204	
29600	1.892366	
29700	2.0703989	
29800	2.2521018	
29900	2.4237779	
30000	2.5758789	
30100	2.701406	
30200	2.7930266	
30300	2.8463402	
30400	2.8592352	
30500	2.827077	
30600	2.752753	
30700	2.6352788	
30800	2.4863742	
30900	2.3129289	
31000	2.1258826	
31100	1.9355273	
31200	1.7545699	
31300	1.5991204	
31400	1.481145	
31500	1.4092976	
31600	1.3890333	
31700	1.4228708	
31800	1.5084669	
31900	1.6393512	
32000	1.8024662	
32100	1.9835473	
32200	2.1709604	
32300	2.3532041	
32400	2.5172806	
32500	2.6552313	
32600	2.7608141	
32700	2.8316708	
32800	2.8648183	
32900	2.8586178	
33000	2.810427	
33100	2.7201895	
33200	2.5919609	
33300	2.4326695	
33400	2.2520529	
33500	2.0586929	
33600	1.8654741	
33700	1.6859329	
33800	1.538323	
33900	1.432069	
34000	1.3753664	
34100	1.3741428	
34200	1.4282065	
34300	1.5347912	
34400	1.6844922	
34500	1.8627182	
34600	2.0546588	
34700	2.2476054	
34800	2.428806	
34900	2.5856178	
35000	2.7107798	
35100	2.7982388	
35200	2.8457593	
35300	2.8515263	
35400	2.8139992	
35500	2.7346875	
35600	2.6134393	
35700	2.4592457	
35800	2.2795326	
35900	2.084237	
36000	1.8855782	
36100	1.6959131	
36200	1.5339943	
36300	1.4115017	
36400	1.3381717	
36500	1.320809	
36600	1.3592705	
36700	1.4523005	
36800	1.5888878	
36900	1.7582798	
37000	1.9425102	
37100	2.1275998	
37200	2.3037518	
37300	2.4582803	
37400	2.5830034	
37500	2.6736781	
37600	2.7295438	
37700	2.7489905	
37800	2.7313907	
37900	2.6773433	
38000	2.5871005	
38100	2.4654552	
38200	2.3170795	
38300	2.1507978	
38400	1.9741621	
38500	1.7967043	
38600	1.6317694	
38700	1.4913375	
38800	1.3860248	
38900	1.3252257	
39000	1.314036	
39100	1.3540705	
39200	1.441723	
39300	1.5710357	
39400	1.729356	
39500	1.904832	
39600	2.0824576	
39700	2.2528815	
39800	2.4042029	
39900	2.5281761	
40000	2.6207731	
40100	2.6768427	
40200	2.6956245	
40300	2.6765339	
40400	2.6187838	
40500	2.5250505	
40600	2.4003963	
40700	2.2513278	
40800	2.0846499	
40900	1.9120198	
41000	1.7419667	
41100	1.5862403	
41200	1.4558495	
41300	1.3612708	
41400	1.3088458	
41500	1.3045569	
41600	1.3483293	
41700	1.4371494	
41800	1.5629699	
41900	1.7142104	
42000	1.8791306	
42100	2.0456634	
42200	2.2051239	
42300	2.3473553	
42400	2.4647048	
42500	2.5535021	
42600	2.6109136	
42700	2.6349284	
42800	2.6239627	
42900	2.5781542	
43000	2.4963864	
43100	2.3862896	
43200	2.2527886	
43300	2.1027053	
43400	1.9420461	
43500	1.7816084	
43600	1.6305011	
43700	1.4994933	
43800	1.3977678	
43900	1.3350557	
44000	1.3159221	
44100	1.3450129	
44200	1.4185897	
44300	1.531414	
44400	1.6736217	
44500	1.8327183	
44600	1.9985918	
44700	2.159993	
44800	2.3088324	
44900	2.4357453	
45000	2.535049	
45100	2.6033238	
45200	2.6377237	
45300	2.6350431	
45400	2.5960965	
45500	2.5195919	
45600	2.4109064	
45700	2.2773324	
45800	2.1241491	
45900	1.9619895	
46000	1.7977251	
46100	1.6430797	
46200	1.5072502	
46300	1.4021179	
46400	1.3361656	
46500	1.3154633	
46600	1.3429861	
46700	1.4165497	
46800	1.5302544	
46900	1.6733159	
47000	1.8333865	
47100	1.9998591	
47200	2.161886	
47300	2.3105747	
47400	2.4381834	
47500	2.5392577	
47600	2.6101779	
47700	2.6484003	
47800	2.6518302	
47900	2.6192955	
48000	2.5492791	
48100	2.4465701	
48200	2.3187487	
48300	2.1705316	
48400	2.0116421	
48500	1.8484909	
48600	1.6909856	
48700	1.5508103	
48800	1.4374678	
48900	1.3621819	
49000	1.3317738	
49100	1.3506587	
49200	1.4174557	
49300	1.526289	
49400	1.6672709	
49500	1.8276828	
49600	1.9976469	
49700	2.1645554	
49800	2.3198434	
49900	2.4535701	
50000	2.5614349	
50100	2.6380833	
50200	2.6802485	
50300	2.6846555	
50400	2.6522803	
50500	2.5800266	
50600	2.4731724	
50700	2.3390965	
50800	2.1838827	
50900	2.0177147	
51000	1.8474872	
51100	1.6843743	
51200	1.5400174	
51300	1.4263694	
51400	1.3521464	
51500	1.3259188	
51600	1.3498544	
51700	1.4227861	
51800	1.538282	
51900	1.6849919	
52000	1.8499105	
52100	2.021896	
52200	2.1889965	
52300	2.3431866	
52400	2.4738629	
52500	2.5784359	
52600	2.6513408	
52700	2.6901194	
52800	2.6936192	
52900	2.6592001	
53000	2.5869195	
53100	2.4803462	
53200	2.3472176	
53300	2.1934946	
53400	2.0282653	
53500	1.858596	
53600	1.6964265	
53700	1.5517781	
53800	1.437823	
53900	1.3626073	
54000	1.3351348	
54100	1.3582635	
54200	1.4297674	
54300	1.5444726	
54400	1.6913192	
54500	1.8563518	
54600	2.0292451	
54700	2.1983193	
54800	2.3543025	
54900	2.4875533	
55000	2.5925743	
55100	2.6658033	
55200	2.7037179	
55300	2.703191	
55400	2.6649845	
55500	2.586748	
55600	2.474368	
55700	2.3352412	
55800	2.1751917	
55900	2.0046499	
56000	1.8318192	
56100	1.6680535	
56200	1.5247043	
56300	1.4140287	
56400	1.3449034	
56500	1.3249845	
56600	1.3549902	
56700	1.4341793	
56800	1.5547276	
56900	1.7051224	
57000	1.8722023	
57100	2.0451877	
57200	2.2111511	
57300	2.3625851	
57400	2.4900781	
57500	2.5905983	
57600	2.6580199	
57700	2.6912843	
57800	2.6895183	
57900	2.648357	
58000	2.5699542	
58100	2.4584729	
58200	2.3215426	
58300	2.1641876	
58400	1.9980466	
58500	1.8288611	
58600	1.6685074	
58700	1.5281577	
58800	1.4196785	
58900	1.3514259	
59000	1.3306475	
59100	1.3604984	
59200	1.4377231	
59300	1.5559993	
59400	1.7044507	
59500	1.8693614	
59600	2.0410084	
59700	2.2077589	
59800	2.3595185	
59900	2.4880301	
60000	2.5889925	
60100	2.6575495	
60200	2.6902617	
60300	2.6862863	
60400	2.6440251	
60500	2.5628047	
60600	2.4484253	
60700	2.3069895	
60800	2.1489835	
60900	1.9799305	
61000	1.8097015	
61100	1.6495234	
61200	1.5104853	
61300	1.403718	
61400	1.3393259	
61500	1.322045	
61600	1.3556259	
61700	1.4363721	
61800	1.5572186	
61900	1.7076106	
62000	1.8733176	
62100	2.0438318	
62200	2.2087248	
62300	2.3578062	
62400	2.4834309	
62500	2.5819349	
62600	2.6486572	
62700	2.6799434	
62800	2.6764322	
62900	2.6342535	
63000	2.5545676	
63100	2.4424488	
63200	2.30374	
63300	2.1487478	
63400	1.9831253	
63500	1.81624	
63600	1.657765	
63700	1.5201774	
63800	1.4141803	
63900	1.3481836	
64000	1.3295238	
64100	1.3601979	
64200	1.4383699	
64300	1.5568811	
64400	1.7046781	
64500	1.8690526	
64600	2.039271	
64700	2.204207	
64800	2.3546779	
64900	2.482669	
65000	2.5827999	
65100	2.6505097	
65200	2.6838226	
65300	2.6797961	
65400	2.6379706	
65500	2.5571906	
65600	2.4436585	
65700	2.3031323	
65800	2.1463069	
65900	1.9788584	
66000	1.8096433	
66100	1.6503837	
66200	1.5116267	
66300	1.4052258	
66400	1.340369	
66500	1.3231927	
66600	1.3559597	
66700	1.4360708	
66800	1.5565207	
66900	1.7067475	
67000	1.872754	
67100	2.0429935	
67200	2.2083627	
67300	2.3573737	
67400	2.4843899	
67500	2.5830582	
67600	2.6503547	
67700	2.6825193	
67800	2.6791701	
67900	2.6374896	
68000	2.557186	
68100	2.4448114	
68200	2.3058243	
68300	2.1505279	
68400	1.9845084	
68500	1.8169679	
68600	1.6584059	
68700	1.5200493	
68800	1.4139226	
68900	1.3482633	
69000	1.3298826	
69100	1.3613706	
69200	1.4406066	
69300	1.5597691	
69400	1.7084613	
69500	1.8734617	
69600	2.0433526	
69700	2.2093567	
69800	2.3602152	
69900	2.4876742	
70000	2.5878002	
70100	2.6561602	
70200	2.6884865	
70300	2.6846831	
70400	2.6422486	
70500	2.5609337	
70600	2.44741	
70700	2.3064825	
70800	2.1489301	
70900	1.9805443	
71000	1.811211	
71100	1.651207	
71200	1.5125823	
71300	1.4054553	
71400	1.3409354	
71500	1.3242879	
71600	1.357903	
71700	1.4388585	
71800	1.5608559	
71900	1.7118119	
72000	1.8789008	
72100	2.0497198	
72200	2.2158219	
72300	2.365298	
72400	2.4922053	
72500	2.5907779	
72600	2.6573322	
72700	2.6885376	
72800	2.6842935	
72900	2.6409295	
73000	2.5592074	
73100	2.445051	
73200	2.3058497	
73300	2.1475334	
73400	1.9810158	
73500	1.8123981	
73600	1.6533268	
73700	1.5152369	
73800	1.4100022	
73900	1.3458054	
74000	1.3296307	
74100	1.3633105	
74200	1.444512	
74300	1.5657818	
74400	1.7159616	
74500	1.8821477	
74600	2.052336	
74700	2.2175846	
74800	2.3683339	
74900	2.4944714	
75000	2.5934259	
75100	2.6599753	
75200	2.6911691	
75300	2.6853389	
75400	2.6410357	
75500	2.5580663	
75600	2.4431565	
75700	2.3011588	
75800	2.1432279	
75900	1.9745972	
76000	1.8050833	
76100	1.6453326	
76200	1.5071828	
76300	1.4018163	
76400	1.3388951	
76500	1.3241028	
76600	1.3594076	
76700	1.4426565	
76800	1.565642	
76900	1.7172894	
77000	1.8854427	
77100	2.056318	
77200	2.2222795	
77300	2.3709431	
77400	2.4965069	
77500	2.5942357	
77600	2.6592804	
77700	2.6890503	
77800	2.6828988	
77900	2.6377591	
78000	2.5542183	
78100	2.4381637	
78200	2.2969432	
78300	2.1393941	
78400	1.9718859	
78500	1.8034827	
78600	1.6447539	
78700	1.5082241	
78800	1.4042683	
78900	1.342203	
79000	1.3289967	
79100	1.3641113	
79200	1.4477571	
79300	1.5706474	
79400	1.7208362	
79500	1.8874272	
79600	2.0573668	
79700	2.222233	
79800	2.3711124	
79900	2.4967771	
80000	2.5940268	
80100	2.6592998	
80200	2.6890445	
80300	2.6819	
80400	2.6364639	
80500	2.5521815	
80600	2.4367419	
80700	2.2961428	
80800	2.1360701	
80900	1.9681978	
81000	1.799155	
81100	1.6404166	
81200	1.5029394	
81300	1.3987783	
81400	1.3370122	
81500	1.3234611	
81600	1.360646	
81700	1.4447807	
81800	1.5685285	
81900	1.7208233	
82000	1.8888478	
82100	2.0594629	
82200	2.2250165	
82300	2.3734455	
82400	2.4986359	
82500	2.594914	
82600	2.6597258	
82700	2.6886693	
82800	2.6814381	
82900	2.6350375	
83000	2.5508432	
83100	2.4337409	
83200	2.2932323	
83300	2.1336931	
83400	1.9664505	
83500	1.7977502	
83600	1.6398157	
83700	1.5039814	
83800	1.4010283	
83900	1.3402078	
84000	1.3281399	
84100	1.3652187	
84200	1.4500162	
84300	1.5734721	
84400	1.7243759	
84500	1.8908406	
84600	2.0609863	
84700	2.2256879	
84800	2.3743675	
84900	2.4989668	
85000	2.5950686	
85100	2.6597301	
85200	2.6886714	
85300	2.6809565	
85400	2.6345424	
85500	2.5495063	
85600	2.4335098	
85700	2.2930608	
85800	2.1332324	
85900	1.9648643	
86000	1.795877	
86100	1.6371009	
86200	1.5011012	
86300	1.3970916	
86400	1.3359112	
86500	1.3238557	
86600	1.3616162	
86700	1.4464223	
86800	1.5709961	
86900	1.7242217	
87000	1.8923282	
87100	2.0633353	
87200	2.2281954	
87300	2.3767946	
87400	2.501877	
87500	2.5978019	
87600	2.6619418	
87700	2.6903147	
87800	2.6822273	
87900	2.6349222	
88000	2.54941	
88100	2.431875	
88200	2.2897655	
88300	2.1305107	
88400	1.9623335	
88500	1.793465	
88600	1.6358645	
88700	1.5005435	
88800	1.3983832	
88900	1.3383649	
89000	1.3275788	
89100	1.3660945	
89200	1.4521028	
89300	1.5765474	
89400	1.7283163	
89500	1.8950709	
89600	2.0657326	
89700	2.2296337	
89800	2.3775225	
89900	2.5016423	
90000	2.5981278	
90100	2.6612017	
90200	2.6895682	
90300	2.6810401	
90400	2.6333598	
90500	2.5481926	
90600	2.4313725	
90700	2.2900901	
90800	2.1301328	
90900	1.9615636	
91000	1.7927776	
91100	1.6345736	
91200	1.4979807	
91300	1.3950947	
91400	1.3347438	
91500	1.3237069	
91600	1.3621844	
91700	1.4481808	
91800	1.5737122	
91900	1.7273519	
92000	1.895778	
92100	2.0674205	
92200	2.2322153	
92300	2.3810022	
92400	2.5049262	
92500	2.6007003	
92600	2.6638873	
92700	2.6913638	
92800	2.68253	
92900	2.6340895	
93000	2.5478301	
93100	2.4290369	
93200	2.2870257	
93300	2.1262737	
93400	1.9579412	
93500	1.7891128	
93600	1.6312649	
93700	1.496602	
93800	1.3951962	
93900	1.3364589	
94000	1.3265329	
94100	1.3671822	
94200	1.4535411	
94300	1.5792771	
94400	1.7315471	
94500	1.8989543	
94600	2.0695495	
94700	2.2332276	
94800	2.3809981	
94900	2.5046399	
95000	2.5996626	
95100	2.662664	
95200	2.6897595	
95300	2.6803918	
95400	2.6317232	
95500	2.545629	
95600	2.4284344	
95700	2.2868437	
95800	2.1264393	
95900	1.9579911	
96000	1.7891572	
96100	1.6308088	
96200	1.4949399	
96300	1.3924832	
96400	1.333376	
96500	1.3230771	
96600	1.362774	
96700	1.4499966	
96800	1.5757683	
96900	1.7300413	
97000	1.8988794	
97100	2.0707794	
97200	2.2354812	
97300	2.3841871	
97400	2.5077469	
97500	2.6030404	
97600	2.6657465	
97700	2.6924656	
97800	2.6826506	
97900	2.6329444	
98000	2.5455972	
98100	2.4261976	
98200	2.2834725	
98300	2.122279	
98400	1.95396	
98500	1.7846082	
98600	1.6273334	
98700	1.4925029	
98800	1.3924217	
98900	1.3344954	
99000	1.3264102	
99100	1.3673109	
99200	1.4554034	
99300	1.5816303	
99400	1.7346749	
99500	1.9022097	
99600	2.073111	
99700	2.2361497	
99800	2.3833495	
99900	2.5066781	
100000	2.6010797	
100100	2.6630892	
100200	2.6897201	
100300	2.6796136	
100400	2.6305086	
100500	2.5433233	
100600	2.4253515	
100700	2.2841936	
100800	2.1232098	
100900	1.9548379	
101000	1.7860946	
101100	1.6282424	
101200	1.492499	
101300	1.3904565	
101400	1.3320749	
101500	1.3223088	
101600	1.3629077	
101700	1.4507782	
101800	1.5773185	
101900	1.7324908	
102000	1.9016158	
102100	2.072787	
102200	2.2386347	
102300	2.3862544	
102400	2.5106862	
102500	2.6046931	
102600	2.6666055	
102700	2.6932857	
102800	2.6829782	
102900	2.6319808	
103000	2.5443081	
103100	2.4245037	
103200	2.281121	
103300	2.1193838	
103400	1.9505901	
103500	1.7813831	
103600	1.6241144	
103700	1.4897925	
103800	1.3900599	
103900	1.3330119	
104000	1.3254438	
104100	1.367598	
104200	1.4560063	
104300	1.5839674	
104400	1.7370692	
104500	1.9048975	
104600	2.0755834	
104700	2.2387054	
104800	2.3859651	
104900	2.5086507	
105000	2.6026236	
105100	2.664137	
105200	2.6901362	
105300	2.6791828	
105400	2.6299474	
105500	2.5422602	
105600	2.4241906	
105700	2.2820648	
105800	2.121486	
105900	1.9532988	
106000	1.7840562	
106100	1.626206	
106200	1.4908173	
106300	1.3889438	
106400	1.3310753	
106500	1.3214161	
106600	1.3628639	
106700	1.4511658	
106800	1.5783335	
106900	1.7337	
107000	1.9031386	
107100	2.0754491	
107200	2.2407753	
107300	2.3884835	
107400	2.5126774	
107500	2.6068732	
107600	2.6687432	
107700	2.6947145	
107800	2.6838185	
107900	2.6324042	
108000	2.5441671	
108100	2.4238386	
108200	2.2794941	
108300	2.1178241	
108400	1.9482804	
108500	1.7787785	
108600	1.6219372	
108700	1.4872017	
108800	1.3879423	
108900	1.3316773	
109000	1.3248752	
109100	1.3678318	
109200	1.4568881	
109300	1.5847785	
109400	1.7384646	
109500	1.9073857	
109600	2.0780074	
109700	2.2410241	
109800	2.3886658	
109900	2.5107572	
110000	2.6040612	
110100	2.6654564	
110200	2.6912702	
110300	2.6801736	
110400	2.6299688	
110500	2.5417857	
110600	2.4235938	
110700	2.2811724	
110800	2.1202543	
110900	1.9516613	
111000	1.7823504	
111100	1.6245318	
111200	1.4891514	
111300	1.3876472	
111400	1.3298145	
111500	1.3211649	
111600	1.3626478	
111700	1.45139	
111800	1.5792873	
111900	1.7348747	
112000	1.9053189	
112100	2.0776693	
112200	2.2427363	
112300	2.3908319	
112400	2.5153024	
112500	2.6093776	
112600	2.6704275	
112700	2.6963277	
112800	2.6844781	
112900	2.6332146	
113000	2.5443626	
113100	2.4232608	
113200	2.2783535	
113300	2.1167536	
113400	1.9469905	
113500	1.777153	
113600	1.6195281	
113700	1.4855407	
113800	1.3860047	
113900	1.3302817	
114000	1.3240915	
114100	1.3672672	
114200	1.4574319	
114300	1.5858472	
114400	1.7403477	
114500	1.9091957	
114600	2.079736	
114700	2.2440191	
114800	2.3903791	
114900	2.5127218	
115000	2.6061375	
115100	2.6670702	
115200	2.6920927	
115300	2.6811035	
115400	2.6304018	
115500	2.5415589	
115600	2.4233372	
115700	2.2806187	
115800	2.1190806	
115900	1.9505014	
116000	1.781015	
116100	1.6231207	
116200	1.4870849	
116300	1.386311	
116400	1.3281065	
116500	1.3203338	
116600	1.3623999	
116700	1.4517356	
116800	1.5798641	
116900	1.7358944	
117000	1.9066144	
117100	2.079334	
117200	2.2451763	
117300	2.3928579	
117400	2.5174413	
117500	2.6110978	
117600	2.6727698	
117700	2.6978843	
117800	2.6856329	
117900	2.6337955	
118000	2.544583	
118100	2.4230459	
118200	2.2778352	
118300	2.1155763	
118400	1.9447784	
118500	1.7751146	
118600	1.6173453	
118700	1.4833652	
118800	1.3841985	
118900	1.3289341	
119000	1.3229369	
119100	1.3671559	
119200	1.4581912	
119300	1.5869789	
119400	1.7413641	
119500	1.9108458	
119600	2.0824091	
119700	2.245739	
119800	2.3924204	
119900	2.5142019	
120000	2.6080646	
120100	2.6682826	
120200	2.6935155	
120300	2.6819721	
120400	2.6309055	
120500	2.5421328	
120600	2.4230285	
120700	2.2805686	
120800	2.1188371	
120900	1.9503206	
121000	1.7801233	
121100	1.6218941	
121200	1.4855337	
121300	1.384868	
121400	1.3271001	
121500	1.3192865	
121600	1.3616401	
121700	1.4517398	
121800	1.5801852	
121900	1.7372284	
122000	1.9083596	
122100	2.081609	
122200	2.2469867	
122300	2.3952528	
122400	2.5190983	
122500	2.6132363	
122600	2.6744729	
122700	2.6994297	
122800	2.6871389	
122900	2.6348085	
123000	2.5448692	
123100	2.4229668	
123200	2.2773761	
123300	2.1142978	
123400	1.9435436	
123500	1.7736785	
123600	1.615849	
123700	1.4816066	
123800	1.3826618	
123900	1.3277778	
124000	1.3218902	
124100	1.3667475	
124200	1.4579687	
124300	1.5876705	
124400	1.7423834	
124500	1.91239	
124600	2.0840325	
124700	2.2468788	
124800	2.3941551	
124900	2.5165013	
125000	2.6096596	
125100	2.6694714	
125200	2.6945937	
125300	2.683067	
125400	2.6312114	
125500	2.5422165	
125600	2.4226025	
125700	2.2795502	
125800	2.1182004	
125900	1.9486691	
126000	1.7787594	
126100	1.6205852	
126200	1.4841553	
126300	1.3833213	
126400	1.3256271	
126500	1.3184254	
126600	1.3613535	
126700	1.4514777	
126800	1.5806655	
126900	1.7378461	
127000	1.9094926	
127100	2.0827316	
127200	2.2482457	
127300	2.3971372	
127400	2.5206604	
127500	2.6151199	
127600	2.6760811	
127700	2.7006411	
127800	2.6876106	
127900	2.6350765	
128000	2.5449311	
128100	2.422358	
128200	2.276887	
128300	2.1132907	
128400	1.9422477	
128500	1.7723288	
128600	1.6139097	
128700	1.4797639	
128800	1.3810287	
128900	1.3262471	
129000	1.3213386	
129100	1.3662338	
129200	1.4576817	
129300	1.5872905	
129400	1.7433694	
129500	1.9132653	
129600	2.0849684	
129700	2.2483388	
129800	2.3952679	
129900	2.5181942	
130000	2.610585	
130100	2.6711127	
130200	2.6954866	
130300	2.6831779	
130400	2.6317684	
130500	2.5425024	
130600	2.4223217	
130700	2.2796513	
130800	2.1177673	
130900	1.9481806	
131000	1.778095	
131100	1.6196236	
131200	1.4831982	
131300	1.3820438	
131400	1.3243817	
131500	1.3172674	
131600	1.360493	
131700	1.4507958	
131800	1.5802121	
131900	1.7380054	
132000	1.9099596	
132100	2.0832037	
132200	2.2495674	
132300	2.3984721	
132400	2.5223489	
132500	2.6166712	
132600	2.6775162	
132700	2.7020972	
132800	2.6894371	
132900	2.6364128	
133000	2.546095	
133100	2.4237254	
133200	2.2770421	
133300	2.1137743	
133400	1.9422198	
133500	1.7720681	
133600	1.6135915	
133700	1.4790569	
133800	1.3799778	
133900	1.3250188	
134000	1.3202758	
134100	1.3654395	
134200	1.4571198	
134300	1.5869374	
134400	1.7432062	
134500	1.9137887	
134600	2.0856678	
134700	2.2496638	
134800	2.3964965	
134900	2.5193073	
135000	2.6118577	
135100	2.6724504	
135200	2.6969701	
135300	2.6846962	
135400	2.6331886	
135500	2.5439464	
135600	2.4242411	
135700	2.2806845	
135800	2.1194664	
135900	1.9488801	
136000	1.7787255	
136100	1.6195548	
136200	1.4832691	
136300	1.38139	
136400	1.3233838	
136500	1.3161345	
136600	1.3591734	
136700	1.4497751	
136800	1.5794032	
136900	1.7373386	
137000	1.9093399	
137100	2.0836729	
137200	2.2502764	
137300	2.3994279	
137400	2.5239041	
137500	2.6184285	
137600	2.6798326	
137700	2.7044119	
137800	2.6918858	
137900	2.6388621	
138000	2.5483267	
138100	2.4258237	
138200	2.2789964	
138300	2.1150014	
138400	1.9432585	
138500	1.7728115	
138600	1.6135568	
138700	1.4785258	
138800	1.3795029	
138900	1.3242742	
139000	1.3191273	
139100	1.364644	
139200	1.4569929	
139300	1.5864949	
139400	1.7432401	
139500	1.9139165	
139600	2.0868733	
139700	2.2501767	
139800	2.3980601	
139900	2.5199648	
140000	2.6135299	
140100	2.6744758	
140200	2.6989399	
140300	2.6866731	
140400	2.6350746	
140500	2.5460775	
140600	2.4256739	
140700	2.2824255	
140800	2.1210463	
140900	1.950296	
141000	1.779835	
141100	1.620331	
141200	1.4831621	
141300	1.3808086	
141400	1.3228174	
141500	1.3148534	
141600	1.3576537	
141700	1.448254	
141800	1.5785662	
141900	1.7363343	
142000	1.9088289	
142100	2.0836334	
142200	2.2510343	
142300	2.4009239	
142400	2.525765	
142500	2.620246	
142600	2.6816958	
142700	2.7070056	
142800	2.6944389	
142900	2.6412298	
143000	2.5508449	
143100	2.4276686	
143200	2.280845	
143300	2.1165735	
143400	1.944487	
143500	1.7735051	
143600	1.6135327	
143700	1.4784041	
143800	1.3786019	
143900	1.3233983	
144000	1.3181492	
144100	1.363326	
144200	1.4555557	
144300	1.5857933	
144400	1.7428052	
144500	1.9136479	
144600	2.0868214	
144700	2.2509296	
144800	2.398644	
144900	2.521493	
145000	2.6148669	
145100	2.675311	
145200	2.700056	
145300	2.6884166	
145400	2.6363882	
145500	2.5474965	
145600	2.4272794	
145700	2.2825388	
145800	2.1228096	
145900	1.9509611	
146000	1.7810304	
146100	1.6203456	
146200	1.4832083	
146300	1.3802191	
146400	1.3215492	
146500	1.3132037	
146600	1.3561883	
146700	1.4463177	
146800	1.5766483	
146900	1.7351363	
147000	1.907494	
147100	2.0833655	
147200	2.250474	
147300	2.4015873	
147400	2.5261692	
147500	2.621667	
147600	2.683831	
147700	2.7090005	
147800	2.6962897	
147900	2.643605	
148000	2.5528112	
148100	2.4302575	
148200	2.2810711	
148300	2.1182395	
148400	1.9456839	
148500	1.7743634	
148600	1.6140828	
148700	1.47843	
148800	1.3778682	
148900	1.3225679	
149000	1.3171428	
149100	1.3618136	
149200	1.4539699	
149300	1.5845835	
149400	1.7407852	
149500	1.9123546	
149600	2.0862129	
149700	2.2506241	
149800	2.3977166	
149900	2.5215491	
150000	2.615602	
150100	2.6766538	
150200	2.7017279	
150300	2.6900369	
150400	2.6383087	
150500	2.5495938	
150600	2.430215	
150700	2.2850652	
150800	2.1254731	
150900	1.9536197	
151000	1.7830044	
151100	1.6219457	
151200	1.4841238	
151300	1.3807091	
151400	1.320722	
151500	1.3118339	
151600	1.3542519	
151700	1.444049	
151800	1.5736947	
151900	1.7325224	
152000	1.9056603	
152100	2.0823707	
152200	2.2504491	
152300	2.4011477	
152400	2.5268162	
152500	2.6227872	
152600	2.6859779	
152700	2.7114752	
152800	2.6996732	
152900	2.6469248	
