100	20.746909	
200	-5.2968891	
300	2.1004984	
400	0.047520861	
500	0.69815042	
600	0.60805912	
700	0.73755082	
800	0.81502034	
900	0.91293846	
1000	1.0084756	
1100	1.1052981	
1200	1.2000485	
1300	1.2902434	
1400	1.3747352	
1500	1.4518507	
1600	1.5212114	
1700	1.5808019	
1800	1.6338554	
1900	1.6773748	
2000	1.7151269	
2100	1.7454095	
2200	1.7695467	
2300	1.7880444	
2400	1.8010578	
2500	1.8080929	
2600	1.8091192	
2700	1.8046544	
2800	1.7935619	
2900	1.7764694	
3000	1.7530021	
3100	1.72433	
3200	1.6896844	
3300	1.6508895	
3400	1.6068511	
3500	1.5595209	
3600	1.5092036	
3700	1.4568131	
3800	1.4025576	
3900	1.346337	
4000	1.2913076	
4100	1.2367996	
4200	1.1838697	
4300	1.1325247	
4400	1.0838399	
4500	1.0371112	
4600	0.99373287	
4700	0.95374058	
4800	0.9176761	
4900	0.88553493	
5000	0.85691208	
5100	0.83224953	
5200	0.81125988	
5300	0.79425069	
5400	0.78052382	
5500	0.77065413	
5600	0.76425586	
5700	0.76114431	
5800	0.76107402	
5900	0.76444195	
6000	0.76990992	
6100	0.77745525	
6200	0.78741536	
6300	0.79912544	
6400	0.81195854	
6500	0.82549282	
6600	0.84018594	
6700	0.85562267	
6800	0.87139699	
6900	0.88765165	
7000	0.90384055	
7100	0.91965815	
7200	0.93504809	
7300	0.94994921	
7400	0.96348665	
7500	0.97684711	
7600	0.98803831	
7700	0.99810617	
7800	1.0064536	
7900	1.0129969	
8000	1.01779	
8100	1.0199891	
8200	1.0204532	
8300	1.0189169	
8400	1.0147217	
8500	1.0086368	
8600	1.0001695	
8700	0.99068994	
8800	0.9788247	
8900	0.96596474	
9000	0.9519427	
9100	0.9371733	
9200	0.92206296	
9300	0.90710586	
9400	0.89217871	
9500	0.87870054	
9600	0.8655975	
9700	0.85489475	
9800	0.84591942	
9900	0.8399516	
10000	0.83781374	
10100	0.83955703	
10200	0.84477694	
10300	0.85492839	
10400	0.86795069	
10500	0.88436	
10600	0.90521151	
10700	0.92658905	
10800	0.94992156	
10900	0.97438821	
11000	0.99981213	
11100	1.0248258	
11200	1.049767	
11300	1.0742541	
11400	1.097773	
11500	1.1195623	
11600	1.1404427	
11700	1.1594461	
11800	1.1766328	
11900	1.1918355	
12000	1.2052907	
12100	1.2167077	
12200	1.2262761	
12300	1.2339134	
12400	1.2391822	
12500	1.2428343	
12600	1.2451107	
12700	1.2458682	
12800	1.2466351	
12900	1.2480743	
13000	1.2519915	
13100	1.2602014	
13200	1.2753555	
13300	1.3001782	
13400	1.333911	
13500	1.3797156	
13600	1.4324624	
13700	1.4900955	
13800	1.5486577	
13900	1.6032724	
14000	1.6519367	
14100	1.6922103	
14200	1.7231171	
14300	1.7453856	
14400	1.7581277	
14500	1.7631004	
14600	1.7594212	
14700	1.7478701	
14800	1.7286411	
14900	1.7033887	
15000	1.6728352	
15100	1.6377197	
15200	1.5995635	
15300	1.5587211	
15400	1.5159219	
15500	1.472407	
15600	1.4284835	
15700	1.3859145	
15800	1.3458275	
15900	1.3097711	
16000	1.2796632	
16100	1.2587271	
16200	1.2487832	
16300	1.2540647	
16400	1.2764655	
16500	1.3156225	
16600	1.372758	
16700	1.4452192	
16800	1.5271438	
16900	1.6173806	
17000	1.7084736	
17100	1.7967744	
17200	1.8764426	
17300	1.9443314	
17400	1.9974838	
17500	2.0322753	
17600	2.0492911	
17700	2.04843	
17800	2.0306397	
17900	1.9980101	
18000	1.9547016	
18100	1.9030301	
18200	1.8453723	
18300	1.783619	
18400	1.7184863	
18500	1.6531625	
18600	1.5888988	
18700	1.5275269	
18800	1.4741921	
18900	1.4341379	
19000	1.4127245	
19100	1.4149662	
19200	1.4447599	
19300	1.501569	
19400	1.5849032	
19500	1.6900355	
19600	1.8089411	
19700	1.9335269	
19800	2.0565581	
19900	2.1723131	
20000	2.2738366	
20100	2.3572525	
20200	2.4198885	
20300	2.4568578	
20400	2.4676303	
20500	2.4526519	
20600	2.4145908	
20700	2.356747	
20800	2.2853313	
20900	2.2028526	
21000	2.1131302	
21100	2.0175893	
21200	1.917504	
21300	1.8155243	
21400	1.7132801	
21500	1.6118274	
21600	1.5153456	
21700	1.4295663	
21800	1.3596941	
21900	1.3157143	
22000	1.3041977	
22100	1.3300092	
22200	1.394676	
22300	1.4962177	
22400	1.6287917	
22500	1.7820496	
22600	1.9478925	
22700	2.1160742	
22800	2.276777	
22900	2.4198767	
23000	2.5384915	
23100	2.625354	
23200	2.6756442	
23300	2.6864555	
23400	2.6598212	
23500	2.6003838	
23600	2.5166345	
23700	2.4156908	
23800	2.3032291	
23900	2.1847322	
24000	2.0619424	
24100	1.9381873	
24200	1.8148455	
24300	1.6980235	
24400	1.5899231	
24500	1.4974193	
24600	1.4289858	
24700	1.389707	
24800	1.3890554	
24900	1.4318401	
25000	1.516156	
25100	1.6414823	
25200	1.7943908	
25300	1.9661915	
25400	2.1435571	
25500	2.3189563	
25600	2.4817382	
25700	2.6295409	
25800	2.7530111	
25900	2.8481782	
26000	2.9072769	
26100	2.9242061	
26200	2.8987503	
26300	2.8349389	
26400	2.7407667	
26500	2.6265649	
26600	2.4969155	
26700	2.3585022	
26800	2.2126281	
26900	2.0634231	
27000	1.9127153	
27100	1.7644708	
27200	1.6241584	
27300	1.4973017	
27400	1.3917533	
27500	1.3190439	
27600	1.2873688	
27700	1.3032294	
27800	1.373308	
27900	1.4940354	
28000	1.6600174	
28100	1.8613205	
28200	2.0814827	
28300	2.3077589	
28400	2.5252332	
28500	2.7200605	
28600	2.8855576	
28700	3.0111124	
28800	3.087206	
28900	3.1108018	
29000	3.0766236	
29100	2.9948761	
29200	2.8763629	
29300	2.7330966	
29400	2.5743276	
29500	2.4070017	
29600	2.2367519	
29700	2.0651226	
29800	1.8981134	
29900	1.7430816	
30000	1.6078361	
30100	1.499954	
30200	1.4274821	
30300	1.3999241	
30400	1.4227183	
30500	1.5016154	
30600	1.6308363	
30700	1.7996344	
30800	1.9943987	
30900	2.1990934	
31000	2.4006667	
31100	2.5907127	
31200	2.7633279	
31300	2.9116873	
31400	3.0305409	
31500	3.1117784	
31600	3.1469511	
31700	3.1309002	
31800	3.0632118	
31900	2.9542155	
32000	2.8161408	
32100	2.6565815	
32200	2.4842783	
32300	2.3061153	
32400	2.1261341	
32500	1.9502841	
32600	1.783439	
32700	1.6312544	
32800	1.5019378	
32900	1.4022951	
33000	1.3414889	
33100	1.3273083	
33200	1.3674019	
33300	1.464241	
33400	1.6191938	
33500	1.818213	
33600	2.0538186	
33700	2.3029884	
33800	2.5515011	
33900	2.7822248	
34000	2.9827899	
34100	3.1386062	
34200	3.2455788	
34300	3.2927554	
34400	3.2738737	
34500	3.1910855	
34600	3.0557821	
34700	2.8810487	
34800	2.6822724	
34900	2.4688754	
35000	2.250421	
35100	2.0384502	
35200	1.8426887	
35300	1.6757338	
35400	1.5511965	
35500	1.4757248	
35600	1.4568066	
35700	1.4987482	
35800	1.5982582	
35900	1.7502683	
36000	1.9347415	
36100	2.1365314	
36200	2.3413741	
36300	2.5345575	
36400	2.7070549	
36500	2.8559497	
36600	2.9770244	
36700	3.0663397	
36800	3.119021	
36900	3.1279015	
37000	3.0862373	
37100	2.9939125	
37200	2.8596089	
37300	2.6921359	
37400	2.5014482	
37500	2.2991517	
37600	2.0942439	
37700	1.9008241	
37800	1.7268136	
37900	1.5827705	
38000	1.4775625	
38100	1.4163655	
38200	1.4075003	
38300	1.4522404	
38400	1.555474	
38500	1.7119724	
38600	1.9127392	
38700	2.137289	
38800	2.3733032	
38900	2.6020363	
39000	2.8063753	
39100	2.9754425	
39200	3.0968017	
39300	3.1634432	
39400	3.1700307	
39500	3.1110677	
39600	2.991577	
39700	2.8165913	
39800	2.6000016	
39900	2.3601663	
40000	2.113168	
40100	1.8765958	
40200	1.6690579	
40300	1.5059194	
40400	1.402742	
40500	1.3696465	
40600	1.4073307	
40700	1.5099605	
40800	1.6666098	
40900	1.857396	
41000	2.0617044	
41100	2.2665395	
41200	2.4556415	
41300	2.6186638	
41400	2.7501085	
41500	2.8507516	
41600	2.9179773	
41700	2.9534831	
41800	2.9538873	
41900	2.9166404	
42000	2.8410664	
42100	2.7313744	
42200	2.590219	
42300	2.4212428	
42400	2.234839	
42500	2.0413729	
42600	1.853642	
42700	1.6848062	
42800	1.5474489	
42900	1.4545567	
43000	1.4109565	
43100	1.4217409	
43200	1.4876544	
43300	1.6047686	
43400	1.7639713	
43500	1.951983	
43600	2.1526723	
43700	2.3520027	
43800	2.5360253	
43900	2.6890369	
44000	2.8056351	
44100	2.8754485	
44200	2.8958657	
44300	2.8676325	
44400	2.7892498	
44500	2.6659228	
44600	2.5006469	
44700	2.3093959	
44800	2.1028105	
44900	1.8948625	
45000	1.7015656	
45100	1.5330708	
45200	1.4065682	
45300	1.3277174	
45400	1.302749	
45500	1.3316469	
45600	1.4106194	
45700	1.5297729	
45800	1.6786684	
45900	1.8418195	
46000	2.0098675	
46100	2.17081	
46200	2.3184813	
46300	2.4430928	
46400	2.5436395	
46500	2.6184105	
46600	2.6653326	
46700	2.6833163	
46800	2.6697628	
46900	2.6254837	
47000	2.5514549	
47100	2.4512677	
47200	2.3298862	
47300	2.1907026	
47400	2.0399899	
47500	1.8849509	
47600	1.7330629	
47700	1.5970974	
47800	1.4902116	
47900	1.4196727	
48000	1.3922656	
48100	1.4109986	
48200	1.4748928	
48300	1.5803919	
48400	1.7204699	
48500	1.8816215	
48600	2.0538561	
48700	2.2263402	
48800	2.3874738	
48900	2.5246138	
49000	2.6340229	
49100	2.7056905	
49200	2.7378525	
49300	2.7269008	
49400	2.6725694	
49500	2.5779558	
49600	2.4470214	
49700	2.2902676	
49800	2.1144182	
49900	1.9340905	
50000	1.7580473	
50100	1.5983657	
50200	1.4693981	
50300	1.3802782	
50400	1.3380348	
50500	1.3457427	
50600	1.4033156	
50700	1.503511	
50800	1.6369002	
50900	1.7881813	
51000	1.9502668	
51100	2.1089832	
51200	2.2585611	
51300	2.3893524	
51400	2.4986969	
51500	2.5840856	
51600	2.6433819	
51700	2.6745325	
51800	2.676514	
51900	2.6454626	
52000	2.5826902	
52100	2.4948048	
52200	2.3822767	
52300	2.2527896	
52400	2.1078021	
52500	1.9556345	
52600	1.80227	
52700	1.6603887	
52800	1.5401297	
52900	1.4556507	
53000	1.4100503	
53100	1.4114075	
53200	1.4590837	
53300	1.5503345	
53400	1.6804379	
53500	1.8380797	
53600	2.01094	
53700	2.1902658	
53800	2.3639732	
53900	2.5188251	
54000	2.6488017	
54100	2.7442804	
54200	2.800679	
54300	2.813676	
54400	2.7814217	
54500	2.7042178	
54600	2.5862942	
54700	2.4348551	
54800	2.2615155	
54900	2.0746022	
55000	1.8869829	
55100	1.7081286	
55200	1.5539752	
55300	1.4402695	
55400	1.3735148	
55500	1.3610486	
55600	1.402541	
55700	1.4949638	
55800	1.627173	
55900	1.7830819	
56000	1.9525443	
56100	2.1217108	
56200	2.2821916	
56300	2.4236653	
56400	2.5422604	
56500	2.6346867	
56600	2.7008661	
56700	2.7380651	
56800	2.7449029	
56900	2.7184226	
57000	2.6582802	
57100	2.5679885	
57200	2.4551041	
57300	2.3194072	
57400	2.1681783	
57500	2.0057613	
57600	1.8442555	
57700	1.6917219	
57800	1.56429	
57900	1.4706647	
58000	1.4185644	
58100	1.4146271	
58200	1.4576782	
58300	1.5476912	
58400	1.677836	
58500	1.8387189	
58600	2.0172588	
58700	2.2021418	
58800	2.3833942	
58900	2.5456945	
59000	2.6824338	
59100	2.7830527	
59200	2.8441453	
59300	2.8605034	
59400	2.8307225	
59500	2.7545298	
59600	2.6364361	
59700	2.4810837	
59800	2.3032516	
59900	2.1094295	
60000	1.9148513	
60100	1.7281956	
60200	1.5670246	
60300	1.445754	
60400	1.3738425	
60500	1.3575456	
60600	1.3967608	
60700	1.4875335	
60800	1.6206226	
60900	1.7793886	
61000	1.9522057	
61100	2.1249581	
61200	2.2883463	
61300	2.4333252	
61400	2.5527031	
61500	2.6457773	
61600	2.7110162	
61700	2.7463322	
61800	2.7510488	
61900	2.7225025	
62000	2.660435	
62100	2.5670317	
62200	2.4498084	
62300	2.3113324	
62400	2.1552451	
62500	1.9904073	
62600	1.8252683	
62700	1.6722256	
62800	1.5455016	
62900	1.4546302	
63000	1.4067835	
63100	1.4068051	
63200	1.4555824	
63300	1.5506201	
63400	1.685179	
63500	1.8493166	
63600	2.0281806	
63700	2.2124926	
63800	2.390017	
63900	2.5481857	
64000	2.6765236	
64100	2.771049	
64200	2.8239864	
64300	2.8340328	
64400	2.7988378	
64500	2.7186405	
64600	2.5979486	
64700	2.4425674	
64800	2.2660116	
64900	2.0746007	
65000	1.8831612	
65100	1.7019111	
65200	1.545242	
65300	1.4296272	
65400	1.3622464	
65500	1.3489883	
65600	1.3898059	
65700	1.4809563	
65800	1.6122405	
65900	1.7689529	
66000	1.9391486	
66100	2.1099915	
66200	2.2711125	
66300	2.4143325	
66400	2.5316739	
66500	2.6240765	
66600	2.6872973	
66700	2.7213384	
66800	2.724364	
66900	2.6940709	
67000	2.6316611	
67100	2.5381361	
67200	2.4213283	
67300	2.283391	
67400	2.1295236	
67500	1.9665126	
67600	1.8040858	
67700	1.6531874	
67800	1.5294373	
67900	1.4409888	
68000	1.395099	
68100	1.3974064	
68200	1.4481536	
68300	1.5441054	
68400	1.6790802	
68500	1.841714	
68600	2.0185801	
68700	2.1996912	
68800	2.3733544	
68900	2.5273185	
69000	2.6516497	
69100	2.7431844	
69200	2.7946701	
69300	2.8042988	
69400	2.7696443	
69500	2.6917728	
69600	2.5741783	
69700	2.4237061	
69800	2.2518524	
69900	2.0659787	
70000	1.8791621	
70100	1.701718	
70200	1.5473055	
70300	1.4328821	
70400	1.3637895	
70500	1.3480664	
70600	1.3848455	
70700	1.4722101	
70800	1.5987	
70900	1.7521964	
71000	1.9195193	
71100	2.0894005	
71200	2.2508211	
71300	2.3951274	
71400	2.5145611	
71500	2.6083465	
71600	2.6749856	
71700	2.7114981	
71800	2.7165706	
71900	2.6884991	
72000	2.6276309	
72100	2.5371946	
72200	2.4203265	
72300	2.2846514	
72400	2.1315704	
72500	1.9695669	
72600	1.8075636	
72700	1.6559822	
72800	1.5308871	
72900	1.4399305	
73000	1.3918272	
73100	1.3922797	
73200	1.4403956	
73300	1.5342785	
73400	1.6672738	
73500	1.8283297	
73600	2.0043754	
73700	2.1844518	
73800	2.3570652	
73900	2.5120638	
74000	2.6380069	
74100	2.7313427	
74200	2.7856142	
74300	2.7991176	
74400	2.7687434	
74500	2.6949574	
74600	2.5820061	
74700	2.4354599	
74800	2.2672146	
74900	2.0839656	
75000	1.8984534	
75100	1.7206501	
75200	1.5654203	
75300	1.4452199	
75400	1.3716945	
75500	1.3496776	
75600	1.3813554	
75700	1.4629092	
75800	1.586166	
75900	1.7376846	
76000	1.904763	
76100	2.0753194	
76200	2.2383291	
76300	2.3856292	
76400	2.5090411	
76500	2.6068311	
76600	2.6762229	
76700	2.7159028	
76800	2.7237573	
76900	2.6983495	
77000	2.6396882	
77100	2.5497893	
77200	2.4328799	
77300	2.2969374	
77400	2.1441709	
77500	1.9801981	
77600	1.8172887	
77700	1.6632046	
77800	1.5351418	
77900	1.4413406	
78000	1.391197	
78100	1.3890227	
78200	1.4359413	
78300	1.5282516	
78400	1.660837	
78500	1.8213647	
78600	1.9975362	
78700	2.1776523	
78800	2.3515	
78900	2.5060144	
79000	2.633184	
79100	2.7281501	
79200	2.784155	
79300	2.7997433	
79400	2.7719026	
79500	2.7011033	
79600	2.5908075	
79700	2.4466287	
79800	2.2801344	
79900	2.0985762	
80000	1.912417	
80100	1.7341681	
80200	1.5765582	
80300	1.4535435	
80400	1.3764786	
80500	1.3499979	
80600	1.3778463	
80700	1.4558682	
80800	1.5761611	
80900	1.7261351	
81000	1.8925714	
81100	2.0643174	
81200	2.2292572	
81300	2.3788427	
81400	2.5044995	
81500	2.6051334	
81600	2.6763642	
81700	2.7182837	
81800	2.7273484	
81900	2.7039048	
82000	2.6457349	
82100	2.5561953	
82200	2.4385207	
82300	2.3019026	
82400	2.1483976	
82500	1.9832298	
82600	1.8193064	
82700	1.6635233	
82800	1.5341295	
82900	1.4392828	
83000	1.3881465	
83100	1.3855058	
83200	1.4322359	
83300	1.5245062	
83400	1.6574739	
83500	1.8176997	
83600	1.9932693	
83700	2.1732649	
83800	2.3457762	
83900	2.5003183	
84000	2.6261909	
84100	2.7207971	
84200	2.7772804	
84300	2.7931415	
84400	2.7665745	
84500	2.6970728	
84600	2.5883118	
84700	2.4465313	
84800	2.2819707	
84900	2.1021792	
85000	1.9177074	
85100	1.7401519	
85200	1.5818433	
85300	1.457704	
85400	1.378537	
85500	1.3492713	
85600	1.3739391	
85700	1.4488984	
85800	1.566857	
85900	1.7147416	
86000	1.8802921	
86100	2.052068	
86200	2.2173794	
86300	2.3685641	
86400	2.4957969	
86500	2.5985388	
86600	2.6718545	
86700	2.7147252	
86800	2.7257527	
86900	2.702904	
87000	2.6453696	
87100	2.5565928	
87200	2.4390564	
87300	2.301753	
87400	2.1481818	
87500	1.9835681	
87600	1.8183863	
87700	1.6635451	
87800	1.5318769	
87900	1.4369673	
88000	1.3844732	
88100	1.381481	
88200	1.4277241	
88300	1.5200863	
88400	1.6519891	
88500	1.8119196	
88600	1.9869423	
88700	2.1660118	
88800	2.3376326	
88900	2.4897859	
89000	2.6161779	
89100	2.7099548	
89200	2.7668201	
89300	2.7835182	
89400	2.7584963	
89500	2.6909126	
89600	2.5846828	
89700	2.4460165	
89800	2.2841481	
89900	2.1069002	
90000	1.9237718	
90100	1.747521	
90200	1.5894267	
90300	1.4630094	
90400	1.381975	
90500	1.3491341	
90600	1.3698701	
90700	1.441159	
90800	1.5558577	
90900	1.7012973	
91000	1.8657954	
91100	2.0376369	
91200	2.2034928	
91300	2.3565126	
91400	2.4861304	
91500	2.5909729	
91600	2.6666107	
91700	2.7119071	
91800	2.7249437	
91900	2.7035778	
92000	2.6470348	
92100	2.5593003	
92200	2.4424235	
92300	2.3040757	
92400	2.1513594	
92500	1.9863939	
92600	1.8204989	
92700	1.6651498	
92800	1.5321085	
92900	1.4357364	
93000	1.3823936	
93100	1.3779533	
93200	1.4230881	
93300	1.5147934	
93400	1.6456776	
93500	1.805546	
93600	1.9794451	
93700	2.1580011	
93800	2.3289504	
93900	2.4798942	
94000	2.6067312	
94100	2.7005742	
94200	2.7582286	
94300	2.7765192	
94400	2.7535946	
94500	2.688867	
94600	2.5858929	
94700	2.449254	
94800	2.2904641	
94900	2.1157862	
95000	1.9339819	
95100	1.7583228	
95200	1.5997923	
95300	1.4729675	
95400	1.3863659	
95500	1.3502667	
95600	1.3665485	
95700	1.4339451	
95800	1.5446799	
95900	1.6881872	
96000	1.8509214	
96100	2.0230406	
96200	2.1904042	
96300	2.3453586	
96400	2.4779568	
96500	2.5849909	
96600	2.6635975	
96700	2.7114512	
96800	2.7268074	
96900	2.7072584	
97000	2.652322	
97100	2.5652481	
97200	2.4490372	
97300	2.3101298	
97400	2.1566877	
97500	1.991908	
97600	1.8249326	
97700	1.6685074	
97800	1.5336915	
97900	1.4358922	
98000	1.3807228	
98100	1.3752208	
98200	1.4192705	
98300	1.5098402	
98400	1.640705	
98500	1.7989835	
98600	1.9728102	
98700	2.1511293	
98800	2.3208696	
98900	2.4731629	
99000	2.5985716	
99100	2.6929658	
99200	2.751797	
99300	2.7720414	
99400	2.7512323	
99500	2.6885056	
99600	2.5883853	
99700	2.4550101	
99800	2.2989328	
99900	2.125932	
100000	1.9453144	
100100	1.7705021	
100200	1.6107927	
100300	1.4812599	
100400	1.3917368	
100500	1.3518409	
100600	1.3642176	
100700	1.4270032	
100800	1.5345011	
100900	1.6754828	
101000	1.8381969	
101100	2.0099912	
101200	2.1780376	
101300	2.3349602	
101400	2.4703211	
101500	2.5802807	
101600	2.6614849	
101700	2.7121895	
101800	2.7292461	
101900	2.7115437	
102000	2.6580354	
102100	2.5719625	
102200	2.4550582	
102300	2.3166837	
102400	2.1612304	
102500	1.996849	
102600	1.8285107	
102700	1.671179	
102800	1.534955	
102900	1.4354093	
103000	1.3791873	
103100	1.3724786	
103200	1.4160255	
103300	1.5059821	
103400	1.6357633	
103500	1.7941881	
103600	1.9676583	
103700	2.1448734	
103800	2.3142438	
103900	2.4660367	
104000	2.5910343	
104100	2.6854778	
104200	2.7451231	
104300	2.7664101	
104400	2.747386	
104500	2.6872479	
104600	2.5892641	
104700	2.4589184	
104800	2.3046362	
104900	2.1343305	
105000	1.9553116	
105100	1.7806077	
105200	1.6205306	
105300	1.4878636	
105400	1.3968053	
105500	1.3535934	
105600	1.3613083	
105700	1.4206767	
105800	1.5248398	
105900	1.6634173	
106000	1.8246513	
106100	1.9964428	
106200	2.1658915	
106300	2.3245113	
106400	2.4619572	
106500	2.5747847	
106600	2.6589341	
106700	2.7112361	
106800	2.7308038	
106900	2.7149004	
107000	2.6626497	
107100	2.5764109	
107200	2.460774	
107300	2.3211004	
107400	2.1653323	
107500	1.9998678	
107600	1.8313228	
107700	1.6725516	
107800	1.5356931	
107900	1.4348922	
108000	1.3773814	
108100	1.3701735	
108200	1.4126011	
108300	1.5019565	
108400	1.6315182	
108500	1.7889399	
108600	1.9622314	
108700	2.1383662	
108800	2.3069836	
108900	2.4580926	
109000	2.5821081	
109100	2.6775317	
109200	2.7372103	
109300	2.759945	
109400	2.7423713	
109500	2.6845875	
109600	2.5894166	
109700	2.4618849	
109800	2.3104317	
109900	2.1425667	
110000	1.9652529	
110100	1.7915124	
110200	1.6308986	
110300	1.4961577	
110400	1.4020642	
110500	1.3554632	
110600	1.358753	
110700	1.4138611	
110800	1.5141324	
110900	1.6503997	
111000	1.8102619	
111100	1.9816134	
111200	2.1518657	
111300	2.3129033	
111400	2.4533642	
111500	2.5687923	
111600	2.6557092	
111700	2.7110217	
111800	2.7326288	
111900	2.7187692	
112000	2.6681965	
112100	2.5836221	
112200	2.4671819	
112300	2.3279475	
112400	2.1713767	
112500	2.0048152	
112600	1.8357246	
112700	1.6759077	
112800	1.5383873	
112900	1.4350998	
113000	1.3765229	
113100	1.3674794	
113200	1.4094928	
113300	1.4978048	
113400	1.6259109	
113500	1.7833678	
113600	1.9550623	
113700	2.1311165	
113800	2.2988748	
113900	2.4494828	
114000	2.5737499	
114100	2.6690652	
114200	2.7301443	
114300	2.7544594	
114400	2.7392634	
114500	2.6843197	
114600	2.5921731	
114700	2.4674152	
114800	2.3191243	
114900	2.1540176	
115000	1.977973	
115100	1.8049008	
115200	1.6434162	
115300	1.5081369	
115400	1.409169	
115500	1.3576135	
115600	1.3570327	
115700	1.406277	
115800	1.5027317	
115900	1.6360561	
116000	1.7944213	
116100	1.9657101	
116200	2.1373392	
116300	2.3004039	
116400	2.4442541	
116500	2.562848	
116600	2.6536754	
116700	2.711745	
116800	2.7367929	
116900	2.7250583	
117000	2.6768068	
117100	2.5933397	
117200	2.4766584	
117300	2.3376507	
117400	2.1800723	
117500	2.0122703	
117600	1.8425977	
117700	1.6808171	
117800	1.5416181	
117900	1.4362175	
118000	1.3759753	
118100	1.3656379	
118200	1.4056267	
118300	1.4930585	
118400	1.6208077	
118500	1.7772873	
118600	1.9487283	
118700	2.1234479	
118800	2.2915657	
118900	2.4414182	
119000	2.5651744	
119100	2.661559	
119200	2.7241962	
119300	2.7494746	
119400	2.7373427	
119500	2.6849797	
119600	2.5957078	
119700	2.4746955	
119800	2.3294676	
119900	2.1663985	
120000	1.9923441	
120100	1.8196507	
120200	1.6576369	
120300	1.5182079	
120400	1.4171697	
120500	1.3608753	
120600	1.3551195	
120700	1.3995636	
120800	1.4914289	
120900	1.6216196	
121000	1.7784359	
121100	1.9496435	
121200	2.122396	
121300	2.2878822	
121400	2.4351705	
121500	2.5576606	
121600	2.6517057	
121700	2.7136314	
121800	2.7415749	
121900	2.7324918	
122000	2.6860145	
122100	2.6038402	
122200	2.4875444	
122300	2.3476653	
122400	2.1895604	
122500	2.0197904	
122600	1.8488959	
122700	1.6849669	
122800	1.5433536	
122900	1.4374497	
123000	1.375586	
123100	1.3635304	
123200	1.4026973	
123300	1.4889119	
123400	1.616061	
123500	1.7718926	
123600	1.9421681	
123700	2.11729	
123800	2.2838036	
123900	2.4339356	
124000	2.5576859	
124100	2.6538968	
124200	2.7174855	
124300	2.7445157	
124400	2.7341995	
124500	2.6848513	
124600	2.5988777	
124700	2.4806079	
124800	2.3386667	
124900	2.1780098	
125000	2.006093	
125100	1.8340996	
125200	1.6708331	
125300	1.5300044	
125400	1.4248666	
125500	1.3643395	
125600	1.3531888	
125700	1.3929555	
125800	1.480493	
125900	1.6063691	
126000	1.7615858	
126100	1.9321785	
126200	2.1068715	
126300	2.2741188	
126400	2.4241895	
126500	2.5515053	
126600	2.6486563	
126700	2.7149181	
126800	2.7458916	
126900	2.7395632	
127000	2.6952051	
127100	2.6138753	
127200	2.4989221	
127300	2.3580258	
127400	2.1986159	
127500	2.0278892	
127600	1.8549035	
127700	1.6900116	
127800	1.5464596	
127900	1.4385575	
128000	1.3748409	
128100	1.361509	
128200	1.3993442	
128300	1.4849526	
128400	1.610687	
128500	1.7657141	
128600	1.9360406	
128700	2.1097772	
128800	2.2762469	
128900	2.4256499	
129000	2.5493948	
129100	2.6464456	
129200	2.7107496	
129300	2.73994	
129400	2.7317498	
129500	2.685333	
129600	2.6027946	
129700	2.4880657	
129800	2.3491909	
129900	2.1915424	
130000	2.021745	
130100	1.8503311	
130200	1.6867777	
130300	1.5448957	
130400	1.4343385	
130500	1.3694469	
130600	1.3522879	
130700	1.3868069	
130800	1.4685373	
130900	1.5912044	
131000	1.7434779	
131100	1.9137222	
131200	2.0900645	
131300	2.2594068	
131400	2.4144493	
131500	2.5445624	
131600	2.6467423	
131700	2.7172046	
131800	2.7513279	
131900	2.7488535	
132000	2.7069933	
132100	2.6276856	
132200	2.5128747	
132300	2.3726731	
132400	2.2111052	
132500	2.0397836	
132600	1.8640789	
132700	1.6981436	
132800	1.5518126	
132900	1.4411754	
133000	1.375394	
133100	1.3600317	
133200	1.3959013	
133300	1.4801361	
133400	1.6048059	
133500	1.7596704	
133600	1.9289571	
133700	2.102545	
133800	2.2687341	
133900	2.4181675	
134000	2.5422492	
134100	2.6407323	
134200	2.70579	
134300	2.7375009	
134400	2.731972	
134500	2.6887611	
134600	2.6100123	
134700	2.500263	
134800	2.3635698	
134900	2.2087277	
135000	2.0408864	
135100	1.8699485	
135200	1.7053589	
135300	1.5609055	
135400	1.4463102	
135500	1.3753293	
135600	1.3528177	
135700	1.3807181	
135800	1.456906	
135900	1.5758643	
136000	1.7252731	
136100	1.8947544	
136200	2.0720532	
136300	2.2449454	
136400	2.4041342	
136500	2.5390582	
136600	2.6469132	
136700	2.7217712	
136800	2.7599405	
136900	2.7615317	
137000	2.7228066	
137100	2.644583	
137200	2.5306033	
137300	2.3898651	
137400	2.2269321	
137500	2.0529976	
137600	1.8748692	
137700	1.706726	
137800	1.5571587	
137900	1.4443625	
138000	1.3760808	
138100	1.3588648	
138200	1.393159	
138300	1.4760761	
138400	1.6007861	
138500	1.7538964	
138600	1.9235636	
138700	2.0963619	
138800	2.2626201	
138900	2.4115981	
139000	2.5364251	
139100	2.6349327	
139200	2.701442	
139300	2.7348371	
139400	2.7322713	
139500	2.6921221	
139600	2.6165408	
139700	2.5110715	
139800	2.3776396	
139900	2.2260936	
140000	2.0598815	
140100	1.8901371	
140200	1.7244323	
140300	1.5772997	
140400	1.4586299	
140500	1.382617	
140600	1.3535885	
140700	1.3751895	
140800	1.4457738	
140900	1.5589712	
141000	1.7056905	
141100	1.8742706	
141200	2.0522751	
141300	2.2282128	
141400	2.3916607	
141500	2.5321735	
141600	2.6458107	
141700	2.7256032	
141800	2.768846	
141900	2.7741746	
142000	2.7387147	
142100	2.663	
142200	2.5493922	
142300	2.4086767	
142400	2.2443288	
142500	2.0667543	
142600	1.887072	
142700	1.7152367	
142800	1.5635419	
142900	1.4476669	
143000	1.3767511	
143100	1.3570705	
143200	1.3900585	
143300	1.4721951	
143400	1.5947954	
143500	1.7478281	
143600	1.916609	
143700	2.0891613	
143800	2.2554768	
143900	2.4043984	
144000	2.5294044	
144100	2.6289241	
144200	2.6966739	
144300	2.7325025	
144400	2.7326958	
144500	2.6964251	
144600	2.6245393	
