100	20.746828	
200	-7.0014412	
300	3.1071394	
400	-0.49740772	
500	0.88547493	
600	0.49381777	
700	0.74673612	
800	0.77750142	
900	0.89271018	
1000	0.98079058	
1100	1.0782612	
1200	1.171139	
1300	1.2616794	
1400	1.3474548	
1500	1.4264294	
1600	1.4988143	
1700	1.563646	
1800	1.6209181	
1900	1.6715368	
2000	1.7150622	
2100	1.7520937	
2200	1.7825457	
2300	1.8066799	
2400	1.8244823	
2500	1.8362017	
2600	1.8406864	
2700	1.8396862	
2800	1.8315746	
2900	1.8171196	
3000	1.7963755	
3100	1.7695335	
3200	1.7368723	
3300	1.6988822	
3400	1.6567014	
3500	1.6104513	
3600	1.5606808	
3700	1.5083778	
3800	1.4547377	
3900	1.3991409	
4000	1.3437908	
4100	1.2891879	
4200	1.2353482	
4300	1.1836751	
4400	1.1335004	
4500	1.0858618	
4600	1.0406428	
4700	0.99725247	
4800	0.95894579	
4900	0.92402091	
5000	0.89262189	
5100	0.86477911	
5200	0.84030379	
5300	0.81971832	
5400	0.80190215	
5500	0.78773611	
5600	0.77531785	
5700	0.7681892	
5800	0.76342285	
5900	0.76160384	
6000	0.76235851	
6100	0.76524535	
6200	0.77039757	
6300	0.7771652	
6400	0.78577713	
6500	0.79547819	
6600	0.80661225	
6700	0.81870442	
6800	0.83140833	
6900	0.84473553	
7000	0.85822273	
7100	0.87187165	
7200	0.88494683	
7300	0.8980237	
7400	0.91038088	
7500	0.92140351	
7600	0.93171843	
7700	0.9411191	
7800	0.94927959	
7900	0.9559609	
8000	0.96138174	
8100	0.96559631	
8200	0.96839314	
8300	0.96960444	
8400	0.96958908	
8500	0.96769878	
8600	0.96456881	
8700	0.96013574	
8800	0.95375691	
8900	0.94628764	
9000	0.93831512	
9100	0.92830233	
9200	0.91757239	
9300	0.90599273	
9400	0.89338935	
9500	0.88148304	
9600	0.86891736	
9700	0.85669631	
9800	0.84566188	
9900	0.83527955	
10000	0.82714493	
10100	0.82033074	
10200	0.81673294	
10300	0.81478372	
10400	0.81799867	
10500	0.82320528	
10600	0.83216817	
10700	0.8437333	
10800	0.85832423	
10900	0.87531576	
11000	0.89411901	
11100	0.91431977	
11200	0.93573395	
11300	0.95779774	
11400	0.98065229	
11500	1.0034026	
11600	1.0256967	
11700	1.047401	
11800	1.0688131	
11900	1.0883737	
12000	1.1069653	
12100	1.1238769	
12200	1.1393489	
12300	1.1533151	
12400	1.1651687	
12500	1.1758045	
12600	1.1850597	
12700	1.1924736	
12800	1.198196	
12900	1.202182	
13000	1.2052469	
13100	1.2071003	
13200	1.2089622	
13300	1.2104397	
13400	1.2138402	
13500	1.2201773	
13600	1.2316541	
13700	1.2512867	
13800	1.2797401	
13900	1.319054	
14000	1.3670439	
14100	1.4223379	
14200	1.4798287	
14300	1.5368918	
14400	1.5898608	
14500	1.6351687	
14600	1.6728853	
14700	1.7022989	
14800	1.7221571	
14900	1.7333044	
15000	1.7377717	
15100	1.7340706	
15200	1.7233499	
15300	1.7066161	
15400	1.6840222	
15500	1.6573504	
15600	1.6275186	
15700	1.5956159	
15800	1.5620334	
15900	1.5272387	
16000	1.4912265	
16100	1.4551212	
16200	1.4187871	
16300	1.3859001	
16400	1.3554209	
16500	1.3305752	
16600	1.3144714	
16700	1.3094536	
16800	1.3199951	
16900	1.3469708	
17000	1.3924228	
17100	1.4547638	
17200	1.5307572	
17300	1.6164941	
17400	1.707079	
17500	1.7968333	
17600	1.8811822	
17700	1.9555907	
17800	2.0168383	
17900	2.0627264	
18000	2.0915064	
18100	2.1036181	
18200	2.0981422	
18300	2.0806087	
18400	2.0499552	
18500	2.0128088	
18600	1.9698776	
18700	1.9247444	
18800	1.8773766	
18900	1.8269997	
19000	1.7729599	
19100	1.7145693	
19200	1.6511143	
19300	1.583565	
19400	1.514482	
19500	1.4528181	
19600	1.40413	
19700	1.3816399	
19800	1.392205	
19900	1.4385769	
20000	1.5172536	
20100	1.623258	
20200	1.7468545	
20300	1.8791148	
20400	2.0121417	
20500	2.1406115	
20600	2.2566081	
20700	2.3595594	
20800	2.4423796	
20900	2.5010669	
21000	2.534575	
21100	2.5406125	
21200	2.5203579	
21300	2.4792736	
21400	2.4225148	
21500	2.3582513	
21600	2.2899897	
21700	2.2194853	
21800	2.1470218	
21900	2.0699775	
22000	1.9862779	
22100	1.8944162	
22200	1.7904989	
22300	1.6785619	
22400	1.5626464	
22500	1.455007	
22600	1.3664165	
22700	1.309863	
22800	1.2946953	
22900	1.322958	
23000	1.3941952	
23100	1.5024809	
23200	1.6361996	
23300	1.785911	
23400	1.9419418	
23500	2.0968615	
23600	2.2442585	
23700	2.3774711	
23800	2.4928921	
23900	2.5835218	
24000	2.6436993	
24100	2.6711802	
24200	2.6644435	
24300	2.6265987	
24400	2.5647	
24500	2.4872802	
24600	2.4033196	
24700	2.3179315	
24800	2.2338986	
24900	2.1494665	
25000	2.0627683	
25100	1.9697331	
25200	1.8664091	
25300	1.7531991	
25400	1.6297399	
25500	1.5052289	
25600	1.3935767	
25700	1.3097478	
25800	1.2709634	
25900	1.2873039	
26000	1.3592343	
26100	1.480218	
26200	1.6336521	
26300	1.8056256	
26400	1.9816083	
26500	2.1529456	
26600	2.3158752	
26700	2.4646521	
26800	2.5979591	
26900	2.7066775	
27000	2.7852627	
27100	2.8267	
27200	2.8291946	
27300	2.7929787	
27400	2.7263539	
27500	2.6399067	
27600	2.5437058	
27700	2.4452091	
27800	2.3434797	
27900	2.238408	
28000	2.1263177	
28100	2.0063525	
28200	1.8733838	
28300	1.7325144	
28400	1.5870085	
28500	1.4510804	
28600	1.3398993	
28700	1.2688919	
28800	1.250998	
28900	1.292563	
29000	1.3913026	
29100	1.5368973	
29200	1.7131187	
29300	1.9034735	
29400	2.0941829	
29500	2.2757106	
29600	2.444741	
29700	2.5975386	
29800	2.7292508	
29900	2.8311347	
30000	2.8968881	
30100	2.9206161	
30200	2.9013881	
30300	2.8435053	
30400	2.7567425	
30500	2.6542788	
30600	2.5471163	
30700	2.4371788	
30800	2.3259926	
30900	2.2106476	
31000	2.08843	
31100	1.9568698	
31200	1.8164762	
31300	1.6711045	
31400	1.5299144	
31500	1.4119321	
31600	1.3336632	
31700	1.3097389	
31800	1.3511847	
31900	1.4561459	
32000	1.6135485	
32100	1.8023433	
32200	2.0016562	
32300	2.1968225	
32400	2.3800615	
32500	2.5486551	
32600	2.700018	
32700	2.8312053	
32800	2.9328022	
32900	2.9972249	
33000	3.0161629	
33100	2.9890341	
33200	2.9207516	
33300	2.8247148	
33400	2.7133598	
33500	2.5953673	
33600	2.4738969	
33700	2.3454729	
33800	2.2091026	
33900	2.0644034	
34000	1.9120523	
34100	1.752299	
34200	1.6013695	
34300	1.4674743	
34400	1.3704324	
34500	1.3239543	
34600	1.3414437	
34700	1.4239398	
34800	1.5642033	
34900	1.7510667	
35000	1.9592165	
35100	2.1694602	
35200	2.3707822	
35300	2.5521684	
35400	2.7149823	
35500	2.8524621	
35600	2.9630858	
35700	3.0353857	
35800	3.063168	
35900	3.0432329	
36000	2.978602	
36100	2.8787701	
36200	2.7591864	
36300	2.630397	
36400	2.4959559	
36500	2.3565753	
36600	2.2099267	
36700	2.0583885	
36800	1.9056401	
36900	1.7565711	
37000	1.6230026	
37100	1.5159826	
37200	1.4514405	
37300	1.4440392	
37400	1.5009445	
37500	1.6223331	
37600	1.793959	
37700	1.9971338	
37800	2.2048902	
37900	2.4022864	
38000	2.577973	
38100	2.7312167	
38200	2.8589251	
38300	2.9607924	
38400	3.0280128	
38500	3.05487	
38600	3.0342055	
38700	2.9677778	
38800	2.862379	
38900	2.7313873	
39000	2.5838186	
39100	2.4271801	
39200	2.2614666	
39300	2.0947933	
39400	1.9314057	
39500	1.7793274	
39600	1.6499577	
39700	1.5514076	
39800	1.4988105	
39900	1.5011559	
40000	1.5650278	
40100	1.6899673	
40200	1.8641906	
40300	2.0674509	
40400	2.2772003	
40500	2.4747558	
40600	2.6450044	
40700	2.7854075	
40800	2.8937539	
40900	2.9660762	
41000	3.0013945	
41100	2.994661	
41200	2.9410547	
41300	2.8442132	
41400	2.7092717	
41500	2.5478508	
41600	2.369794	
41700	2.1820353	
41800	1.9960084	
41900	1.8245625	
42000	1.6802875	
42100	1.5795831	
42200	1.5325713	
42300	1.5470252	
42400	1.6248948	
42500	1.7619507	
42600	1.9437538	
42700	2.14692	
42800	2.3503086	
42900	2.5347157	
43000	2.6881905	
43100	2.8059959	
43200	2.8856299	
43300	2.9302729	
43400	2.9373318	
43500	2.9053874	
43600	2.8320555	
43700	2.7202788	
43800	2.575753	
43900	2.4078094	
44000	2.223858	
44100	2.0364878	
44200	1.8560813	
44300	1.6988565	
44400	1.5771541	
44500	1.507005	
44600	1.4948277	
44700	1.5437808	
44800	1.6510617	
44900	1.8034244	
45000	1.9845146	
45100	2.1745743	
45200	2.355787	
45300	2.5116293	
45400	2.6366952	
45500	2.7250662	
45600	2.778672	
45700	2.7963473	
45800	2.7792274	
45900	2.7263554	
46000	2.6404481	
46100	2.5237127	
46200	2.3808827	
46300	2.2221768	
46400	2.0549264	
46500	1.888025	
46600	1.7324224	
46700	1.5993713	
46800	1.5016105	
46900	1.4487813	
47000	1.4462986	
47100	1.4937888	
47200	1.5876869	
47300	1.7175081	
47400	1.8681629	
47500	2.0261423	
47600	2.1773975	
47700	2.3124593	
47800	2.4251681	
47900	2.512328	
48000	2.5732515	
48100	2.6058085	
48200	2.6124906	
48300	2.5899646	
48400	2.538746	
48500	2.4595364	
48600	2.3575914	
48700	2.2367057	
48800	2.1046211	
48900	1.9640216	
49000	1.8241778	
49100	1.693703	
49200	1.5822781	
49300	1.5017072	
49400	1.4590572	
49500	1.463246	
49600	1.5121677	
49700	1.602921	
49800	1.7260188	
49900	1.8702274	
50000	2.0202575	
50100	2.1652369	
50200	2.2958867	
50300	2.4063076	
50400	2.4923317	
50500	2.5528387	
50600	2.5849116	
50700	2.5911159	
50800	2.5676686	
50900	2.5145065	
51000	2.4347544	
51100	2.3308981	
51200	2.2110497	
51300	2.0796747	
51400	1.9417428	
51500	1.804891	
51600	1.6773699	
51700	1.5701749	
51800	1.496933	
51900	1.4646987	
52000	1.4796146	
52100	1.5412206	
52200	1.6438417	
52300	1.7769235	
52400	1.9267375	
52500	2.0789188	
52600	2.2234048	
52700	2.3515239	
52800	2.4584257	
52900	2.5414166	
53000	2.5986115	
53100	2.631345	
53200	2.6362614	
53300	2.6114167	
53400	2.556602	
53500	2.4743464	
53600	2.3700911	
53700	2.2472632	
53800	2.1140271	
53900	1.9744253	
54000	1.8349455	
54100	1.707106	
54200	1.6019991	
54300	1.5289644	
54400	1.499783	
54500	1.5178599	
54600	1.5848911	
54700	1.6934897	
54800	1.8335209	
54900	1.9909746	
55000	2.1517784	
55100	2.3031244	
55200	2.4367946	
55300	2.5466234	
55400	2.6293651	
55500	2.6845821	
55600	2.7089006	
55700	2.7039285	
55800	2.6661474	
55900	2.5962864	
56000	2.4974579	
56100	2.3760418	
56200	2.2371865	
56300	2.0890885	
56400	1.9371253	
56500	1.7920478	
56600	1.6635679	
56700	1.5670137	
56800	1.5106709	
56900	1.503631	
57000	1.5467797	
57100	1.6389782	
57200	1.7689378	
57300	1.9237488	
57400	2.0875619	
57500	2.2467153	
57600	2.3898558	
57700	2.5110519	
57800	2.6050961	
57900	2.6724198	
58000	2.7110527	
58100	2.7193472	
58200	2.6981773	
58300	2.6447679	
58400	2.560154	
58500	2.4509473	
58600	2.320496	
58700	2.1775321	
58800	2.0265889	
58900	1.8766814	
59000	1.7382091	
59100	1.6230494	
59200	1.542989	
59300	1.5066559	
59400	1.5194401	
59500	1.583651	
59600	1.6920963	
59700	1.8348053	
59800	1.9951566	
59900	2.1610595	
60000	2.3163605	
60100	2.4524382	
60200	2.5627701	
60300	2.645186	
60400	2.6974654	
60500	2.719219	
60600	2.7114033	
60700	2.6706058	
60800	2.5983388	
60900	2.4968563	
61000	2.3730318	
61100	2.2311503	
61200	2.0794476	
61300	1.9256821	
61400	1.7782595	
61500	1.6497455	
61600	1.5526972	
61700	1.4978188	
61800	1.4906005	
61900	1.5349505	
62000	1.6260726	
62100	1.7559392	
62200	1.909842	
62300	2.0726108	
62400	2.2309329	
62500	2.3728112	
62600	2.4921701	
62700	2.5838943	
62800	2.6491389	
62900	2.6849411	
63000	2.6912521	
63100	2.6679415	
63200	2.6145735	
63300	2.5305334	
63400	2.4227374	
63500	2.2947721	
63600	2.1528915	
63700	2.0044853	
63800	1.8573773	
63900	1.7203422	
64000	1.6074226	
64100	1.5284894	
64200	1.4923277	
64300	1.5051429	
64400	1.5673401	
64500	1.6729253	
64600	1.812001	
64700	1.9689874	
64800	2.1315713	
64900	2.284487	
65000	2.4188673	
65100	2.5281798	
65200	2.6105841	
65300	2.6637537	
65400	2.6870192	
65500	2.681834	
65600	2.6446093	
65700	2.5772798	
65800	2.4814282	
65900	2.3627705	
66000	2.2271147	
66100	2.0800919	
66200	1.9299052	
66300	1.7856421	
66400	1.6566684	
66500	1.5573412	
66600	1.4975367	
66700	1.4832296	
66800	1.5197201	
66900	1.6025499	
67000	1.7246094	
67100	1.8733904	
67200	2.0327859	
67300	2.1906543	
67400	2.3347046	
67500	2.4569328	
67600	2.553831	
67700	2.6236826	
67800	2.6655807	
67900	2.678165	
68000	2.6617319	
68100	2.615379	
68200	2.5387514	
68300	2.4364193	
68400	2.3140467	
68500	2.1767324	
68600	2.0310568	
68700	1.8844496	
68800	1.7463465	
68900	1.6281406	
69000	1.5417755	
69100	1.4959008	
69200	1.4979758	
69300	1.5483323	
69400	1.6446727	
69500	1.7760095	
69600	1.9298916	
69700	2.0913515	
69800	2.2474061	
69900	2.3863937	
70000	2.5023515	
70100	2.5916536	
70200	2.6525244	
70300	2.6838601	
70400	2.6872736	
70500	2.6586469	
70600	2.5997441	
70700	2.5112539	
70800	2.398487	
70900	2.2671825	
71000	2.1230399	
71100	1.9735817	
71200	1.826654	
71300	1.6930612	
71400	1.5851477	
71500	1.5141315	
71600	1.4867454	
71700	1.5094827	
71800	1.5802878	
71900	1.6931103	
72000	1.8363345	
72100	1.9949415	
72200	2.1553271	
72300	2.3045911	
72400	2.43396	
72500	2.5385257	
72600	2.6162022	
72700	2.6658184	
72800	2.6861789	
72900	2.6777617	
73000	2.6382371	
73100	2.569024	
73200	2.4717995	
73300	2.3522677	
73400	2.2183573	
73500	2.0724051	
73600	1.9244613	
73700	1.7823487	
73800	1.657035	
73900	1.5616162	
74000	1.5044759	
74100	1.4938257	
74200	1.5323281	
74300	1.6183068	
74400	1.7426902	
74500	1.8929294	
74600	2.0547301	
74700	2.2138459	
74800	2.3580028	
74900	2.4803497	
75000	2.5763635	
75100	2.6441706	
75200	2.6825605	
75300	2.6926124	
75400	2.6716177	
75500	2.6198703	
75600	2.5380958	
75700	2.4305221	
75800	2.3018037	
75900	2.1600651	
76000	2.0112073	
76100	1.8622153	
76200	1.7242338	
76300	1.6082082	
76400	1.5275237	
76500	1.4886809	
76600	1.4992641	
76700	1.5585732	
76800	1.6623476	
76900	1.7994073	
77000	1.9555847	
77100	2.1176824	
77200	2.27089	
77300	2.4059923	
77400	2.5173102	
77500	2.601246	
77600	2.6578951	
77700	2.6855107	
77800	2.682943	
77900	2.6506351	
78000	2.5883929	
78100	2.4963752	
78200	2.3826166	
78300	2.2497138	
78400	2.1064361	
78500	1.9576672	
78600	1.813294	
78700	1.6830886	
78800	1.5790087	
78900	1.5122266	
79000	1.4904097	
79100	1.517202	
79200	1.5925144	
79300	1.7091004	
79400	1.8542587	
79500	2.014667	
79600	2.1754443	
79700	2.3243497	
79800	2.4521336	
79900	2.5545062	
80000	2.628944	
80100	2.6746402	
80200	2.6907344	
80300	2.6776311	
80400	2.6335002	
80500	2.5589903	
80600	2.4569584	
80700	2.334592	
80800	2.1958451	
80900	2.047762	
81000	1.8981769	
81100	1.7570204	
81200	1.63416	
81300	1.5437684	
81400	1.4943822	
81500	1.4916362	
81600	1.538807	
81700	1.6318744	
81800	1.7614095	
81900	1.9143239	
82000	2.0761381	
82100	2.2319869	
82200	2.3729218	
82300	2.4910863	
82400	2.581675	
82500	2.6458915	
82600	2.6804429	
82700	2.6855365	
82800	2.6612932	
82900	2.6062838	
83000	2.5213266	
83100	2.4125849	
83200	2.2843157	
83300	2.1431262	
83400	1.9950055	
83500	1.8484723	
83600	1.7132755	
83700	1.6019642	
83800	1.5250058	
83900	1.4908203	
84000	1.5049952	
84100	1.5685926	
84200	1.6749437	
84300	1.8147859	
84400	1.9716134	
84500	2.1341329	
84600	2.2866862	
84700	2.4201903	
84800	2.5293709	
84900	2.6113133	
85000	2.6641505	
85100	2.6875875	
85200	2.682782	
85300	2.6464582	
85400	2.5799641	
85500	2.4848027	
85600	2.3671878	
85700	2.2321827	
85800	2.0860403	
85900	1.9363777	
86000	1.7924041	
86100	1.6637062	
86200	1.5640186	
86300	1.5033416	
86400	1.4875825	
86500	1.5218126	
86600	1.6026627	
86700	1.7236899	
86800	1.8720722	
86900	2.0318847	
87000	2.1912436	
87100	2.3369688	
87200	2.4613324	
87300	2.5598092	
87400	2.6309758	
87500	2.6735603	
87600	2.6864193	
87700	2.669947	
87800	2.6230442	
87900	2.5457244	
88000	2.4425727	
88100	2.3182795	
88200	2.1814894	
88300	2.0329864	
88400	1.8856157	
88500	1.7464764	
88600	1.627413	
88700	1.5405498	
88800	1.494191	
88900	1.4960688	
89000	1.5462905	
89100	1.6428973	
89200	1.7744621	
89300	1.9284831	
89400	2.0906033	
89500	2.2468472	
89600	2.3861511	
89700	2.5017988	
89800	2.5909801	
89900	2.6515423	
90000	2.6823051	
90100	2.6861714	
90200	2.6578815	
90300	2.5994905	
90400	2.5117807	
90500	2.4000385	
90600	2.268329	
90700	2.1252201	
90800	1.9763958	
90900	1.8295817	
91000	1.6961577	
91100	1.5874082	
91200	1.5155902	
91300	1.4868057	
91400	1.507221	
91500	1.5759388	
91600	1.6867465	
91700	1.8290653	
91800	1.9870729	
91900	2.1477375	
92000	2.2983735	
92100	2.4287525	
92200	2.5347917	
92300	2.6132513	
92400	2.6639553	
92500	2.6858838	
92600	2.6765724	
92700	2.6384803	
92800	2.5687225	
92900	2.4724409	
93000	2.3541859	
93100	2.2196556	
93200	2.0733071	
93300	1.925604	
93400	1.7829942	
93500	1.657019	
93600	1.5601753	
93700	1.5021696	
93800	1.4897269	
93900	1.5269061	
94000	1.6108129	
94100	1.7341342	
94200	1.8839569	
94300	2.0444113	
94400	2.2044264	
94500	2.348578	
94600	2.47147	
94700	2.5683164	
94800	2.6367141	
94900	2.6762393	
95000	2.6875172	
95100	2.6684954	
95200	2.6187528	
95300	2.5391644	
95400	2.4335299	
95500	2.3082547	
95600	2.1680088	
95700	2.0194723	
95800	1.8713254	
95900	1.733213	
96000	1.6156022	
96100	1.5322516	
96200	1.4906056	
96300	1.4965424	
96400	1.5517551	
96500	1.6515457	
96600	1.7858558	
96700	1.940914	
96800	2.1026205	
96900	2.2570165	
97000	2.394236	
97100	2.5080897	
97200	2.5945992	
97300	2.6535413	
97400	2.683544	
97500	2.6832119	
97600	2.6539887	
97700	2.5931238	
97800	2.5035815	
97900	2.3910649	
98000	2.2598389	
98100	2.1169449	
98200	1.9683863	
98300	1.822883	
98400	1.6912069	
98500	1.5844404	
98600	1.5147576	
98700	1.4883657	
98800	1.5113138	
98900	1.5824599	
99000	1.6958853	
99100	1.8392332	
99200	1.9985174	
99300	2.1598985	
99400	2.3099771	
99500	2.4395199	
99600	2.5439513	
99700	2.621321	
99800	2.6689369	
99900	2.6878064	
100000	2.6779945	
100100	2.6370817	
100200	2.5655942	
100300	2.4669401	
100400	2.3469532	
100500	2.2096904	
100600	2.0627325	
100700	1.9137549	
100800	1.7715908	
100900	1.6467883	
101000	1.5524674	
101100	1.4983921	
101200	1.490029	
101300	1.5314795	
101400	1.6190479	
101500	1.7445967	
101600	1.8955111	
101700	2.0562979	
101800	2.2144461	
101900	2.3574319	
102000	2.4784859	
102100	2.5729833	
102200	2.6402398	
102300	2.6782077	
102400	2.6868578	
102500	2.6656253	
102600	2.6137564	
102700	2.5320316	
102800	2.4248649	
102900	2.2980055	
103000	2.157803	
103100	2.0101298	
103200	1.8626271	
103300	1.7259651	
103400	1.6112172	
103500	1.529906	
103600	1.4906241	
103700	1.4992491	
103800	1.5575501	
103900	1.6598056	
104000	1.7959334	
104100	1.951556	
104200	2.11397	
104300	2.2684093	
104400	2.403959	
104500	2.5160957	
104600	2.6008441	
104700	2.6572813	
104800	2.6839992	
104900	2.6825982	
105000	2.6503136	
105100	2.5874714	
105200	2.4962632	
105300	2.3816561	
105400	2.2480271	
105500	2.1038769	
105600	1.9548401	
105700	1.8098897	
105800	1.6789659	
105900	1.5752821	
106000	1.5091332	
106100	1.4861538	
106200	1.5142904	
106300	1.5883718	
106400	1.70455	
106500	1.8495352	
106600	2.0086199	
106700	2.1689105	
106800	2.3170654	
106900	2.4447582	
107000	2.5474107	
107100	2.6220699	
107200	2.6687934	
107300	2.6856237	
107400	2.6734117	
107500	2.6303621	
107600	2.5569686	
107700	2.4570229	
107800	2.3350451	
107900	2.1995034	
108000	2.0520649	
108100	1.9040758	
108200	1.7632049	
108300	1.6403453	
108400	1.5489273	
108500	1.496535	
108600	1.4917826	
108700	1.5346681	
108800	1.6250929	
108900	1.7526566	
109000	1.9045468	
109100	2.0662374	
109200	2.2242757	
109300	2.3654493	
109400	2.4856544	
109500	2.5780202	
109600	2.6425814	
109700	2.6782525	
109800	2.6858468	
109900	2.6622451	
110000	2.6087461	
110100	2.5255535	
110200	2.417543	
110300	2.2886603	
110400	2.1473371	
110500	1.9992511	
110600	1.8519781	
110700	1.715939	
110800	1.6023689	
110900	1.5245154	
111000	1.4883045	
111100	1.5005068	
111200	1.5616294	
111300	1.66636	
111400	1.8039764	
111500	1.9600512	
111600	2.12186	
111700	2.2745598	
111800	2.4091878	
111900	2.519873	
112000	2.6030923	
112100	2.6584477	
112200	2.6848915	
112300	2.6807309	
112400	2.6473277	
112500	2.5830496	
112600	2.4900907	
112700	2.375014	
112800	2.2409762	
112900	2.0973652	
113000	1.9489249	
113100	1.8043087	
113200	1.675268	
113300	1.5725237	
113400	1.507701	
113500	1.4879082	
113600	1.5166685	
113700	1.5937749	
113800	1.7116764	
113900	1.8574793	
114000	2.0177847	
114100	2.1784035	
114200	2.3259663	
114300	2.4527641	
114400	2.5541703	
114500	2.627218	
114600	2.6719589	
114700	2.6874012	
114800	2.673552	
114900	2.6292936	
115000	2.5548071	
115100	2.4531364	
115200	2.3312477	
115300	2.1929787	
115400	2.0455924	
115500	1.8970008	
115600	1.7562336	
115700	1.6345889	
115800	1.5444685	
115900	1.4954381	
116000	1.492468	
116100	1.5393506	
116200	1.6316582	
116300	1.7605414	
116400	1.9132821	
116500	2.0748764	
116600	2.230987	
116700	2.3726331	
116800	2.4910405	
116900	2.5821972	
117000	2.6466763	
117100	2.6813501	
117200	2.6862469	
117300	2.6621174	
117400	2.6065623	
117500	2.5211024	
117600	2.4123272	
117700	2.2827998	
117800	2.1417323	
117900	1.9933035	
118000	1.8464695	
118100	1.7111806	
118200	1.6002535	
118300	1.5228524	
118400	1.4889931	
118500	1.5029598	
118600	1.5668435	
118700	1.6731054	
118800	1.812767	
118900	1.9698922	
119000	2.1322038	
119100	2.2849579	
119200	2.4177952	
119300	2.5269195	
119400	2.608676	
119500	2.6616103	
119600	2.6850633	
119700	2.680632	
119800	2.6447755	
119900	2.5790108	
120000	2.4847187	
120100	2.3680064	
120200	2.2325971	
120300	2.0880669	
120400	1.9386785	
120500	1.7951308	
120600	1.6664469	
120700	1.5663459	
120800	1.5046722	
120900	1.4876537	
121000	1.5201148	
121100	1.5995349	
121200	1.718867	
121300	1.8667603	
121400	2.0260647	
121500	2.1859496	
121600	2.3324079	
121700	2.4577763	
121800	2.5573437	
121900	2.6293237	
122000	2.6727903	
122100	2.6862286	
122200	2.6708494	
122300	2.6241588	
122400	2.5477463	
122500	2.4444694	
122600	2.3210178	
122700	2.18391	
122800	2.0357986	
122900	1.8878222	
123000	1.7483746	
123100	1.6284786	
123200	1.5406954	
123300	1.493459	
123400	1.4939034	
123500	1.5426047	
123600	1.6380256	
123700	1.7686853	
123800	1.9223018	
123900	2.0842092	
124000	2.2409852	
124100	2.3806318	
124200	2.497003	
124300	2.5868554	
124400	2.6478164	
124500	2.6800838	
124600	2.6845748	
124700	2.6577599	
124800	2.6009376	
124900	2.5144636	
125000	2.4041442	
125100	2.2735811	
125200	2.1313648	
125300	1.9831556	
125400	1.8363967	
125500	1.7022931	
125600	1.5924766	
125700	1.5186476	
125800	1.4874037	
125900	1.5049303	
126000	1.5709213	
126100	1.6797971	
126200	1.8200697	
126300	1.9776746	
126400	2.1386842	
126500	2.2903874	
126600	2.4223678	
126700	2.5298637	
126800	2.6103574	
126900	2.662453	
127000	2.6858588	
127100	2.6783999	
127200	2.6414697	
127300	2.5737235	
127400	2.4778169	
127500	2.3608067	
127600	2.2252748	
127700	2.0803106	
127800	1.9322029	
127900	1.7887202	
128000	1.6616685	
128100	1.56301	
128200	1.5028654	
128300	1.4876284	
128400	1.5227125	
128500	1.6040223	
128600	1.7260405	
128700	1.8741924	
128800	2.0345199	
128900	2.1946196	
129000	2.3402457	
129100	2.4640068	
129200	2.5624033	
129300	2.6325052	
129400	2.6740925	
129500	2.6861981	
129600	2.6694927	
129700	2.6213018	
129800	2.5442856	
129900	2.4401225	
130000	2.3162585	
130100	2.1772749	
130200	2.0290071	
130300	1.8810641	
130400	1.7422338	
130500	1.6228961	
130600	1.5371509	
130700	1.492435	
130800	1.4951403	
130900	1.5465394	
131000	1.6431855	
131100	1.7754179	
131200	1.9293871	
131300	2.091116	
131400	2.2465702	
131500	2.3853859	
131600	2.5013558	
131700	2.5898982	
131800	2.6510257	
131900	2.6831484	
132000	2.6847523	
132100	2.6574531	
132200	2.5985838	
132300	2.510496	
132400	2.3993591	
132500	2.2690302	
132600	2.1266042	
132700	1.9779582	
132800	1.8317633	
132900	1.6985443	
133000	1.5903392	
133100	1.5171217	
133200	1.4881858	
133300	1.5073154	
133400	1.5754957	
133500	1.6863238	
133600	1.828185	
133700	1.9863601	
133800	2.1482813	
133900	2.2991452	
134000	2.4303256	
134100	2.5366343	
134200	2.6154866	
134300	2.6655873	
134400	2.6861565	
134500	2.6785726	
134600	2.6400392	
134700	2.5709728	
134800	2.4743324	
134900	2.3557985	
135000	2.2187968	
135100	2.073653	
135200	1.9243075	
135300	1.7818512	
135400	1.6554933	
135500	1.5584713	
135600	1.5013445	
135700	1.4887808	
135800	1.5262752	
135900	1.6100088	
136000	1.7329095	
136100	1.8821656	
136200	2.0428464	
136300	2.201217	
136400	2.3462898	
136500	2.4694982	
136600	2.5659648	
136700	2.6356756	
136800	2.6760863	
136900	2.6868122	
137000	2.6683585	
137100	2.618402	
137200	2.5388613	
137300	2.4333129	
137400	2.3079914	
137500	2.1697794	
137600	2.0207307	
137700	1.8734545	
137800	1.7353074	
137900	1.6183577	
138000	1.5338865	
138100	1.4907773	
138200	1.4965833	
138300	1.5501357	
138400	1.6496724	
138500	1.7833538	
138600	1.9382099	
138700	2.1005446	
138800	2.2557233	
138900	2.3933756	
139000	2.5071412	
139100	2.5938262	
139200	2.6529159	
139300	2.6813627	
139400	2.6832205	
139500	2.6532402	
139600	2.5935391	
139700	2.5046036	
139800	2.3918434	
139900	2.2594994	
140000	2.1167477	
140100	1.9680747	
140200	1.8221612	
140300	1.6901354	
140400	1.5830959	
140500	1.5136782	
140600	1.4871568	
140700	1.5097396	
140800	1.5805077	
140900	1.6926853	
141000	1.8355737	
141100	1.9939074	
141200	2.1546393	
141300	2.3047154	
141400	2.4343238	
141500	2.5398039	
141600	2.6166129	
141700	2.6663538	
141800	2.6866395	
141900	2.6759	
142000	2.6358144	
142100	2.5646283	
142200	2.4666001	
142300	2.347246	
142400	2.2119196	
142500	2.0647469	
142600	1.9172078	
142700	1.7747978	
142800	1.6501002	
142900	1.5548276	
143000	1.4991235	
143100	1.4891926	
143200	1.52875	
143300	1.6148389	
143400	1.7399084	
143500	1.8905686	
143600	2.0511228	
143700	2.2105235	
143800	2.353602	
143900	2.475609	
144000	2.5704734	
144100	2.6376746	
144200	2.6757732	
144300	2.685689	
144400	2.665435	
144500	2.6145918	
144600	2.5341232	
144700	2.4282508	
144800	2.3022829	
144900	2.1623941	
145000	2.0136143	
145100	1.8660595	
145200	1.7287787	
145300	1.6124745	
145400	1.5305712	
145500	1.4903678	
145600	1.4978416	
145700	1.5542691	
145800	1.6550737	
145900	1.790126	
146000	1.9452886	
146100	2.10716	
146200	2.2611494	
146300	2.3980617	
146400	2.5112654	
146500	2.5969534	
146600	2.65529	
146700	2.6841746	
146800	2.6830297	
146900	2.6523674	
147000	2.5906639	
147100	2.4998077	
147200	2.3867165	
147300	2.2544836	
147400	2.111428	
147500	1.9625918	
147600	1.8171851	
147700	1.6861509	
147800	1.5803894	
147900	1.5120716	
148000	1.4873133	
148100	1.5118669	
148200	1.5844328	
148300	1.6990959	
148400	1.8430259	
148500	2.0026568	
148600	2.1636486	
148700	2.3129406	
148800	2.441968	
148900	2.545272	
149000	2.6214944	
149100	2.6685839	
149200	2.6864426	
149300	2.6758841	
149400	2.634403	
149500	2.5623248	
149600	2.4633033	
149700	2.3431796	
149800	2.2059339	
149900	2.0593553	
150000	1.9103565	
150100	1.7688619	
150200	1.6447263	
150300	1.5512469	
150400	1.4980598	
150500	1.490498	
150600	1.5326876	
150700	1.6208108	
150800	1.7468555	
150900	1.8977325	
151000	2.058517	
151100	2.2166058	
151200	2.3594437	
151300	2.4802541	
151400	2.5742727	
151500	2.6412912	
151600	2.6786029	
151700	2.686766	
151800	2.6649644	
151900	2.6123558	
152000	2.5299984	
152100	2.4222935	
152200	2.2951043	
152300	2.1546226	
152400	2.0067111	
152500	1.8592058	
152600	1.7229491	
152700	1.6085674	
152800	1.5280552	
152900	1.4890531	
153000	1.4992364	
153100	1.558055	
153200	1.6614011	
153300	1.7978067	
153400	1.9536855	
153500	2.1159969	
153600	2.270065	
153700	2.4051894	
153800	2.5166687	
153900	2.6010619	
154000	2.6569417	
154100	2.6830098	
154200	2.6814849	
154300	2.6487137	
154400	2.5857655	
154500	2.4945404	
154600	2.3796716	
154700	2.2460404	
154800	2.1021476	
154900	1.9532302	
155000	1.8085792	
155100	1.6780231	
155200	1.5747448	
155300	1.5089789	
155400	1.4863612	
155500	1.5148009	
155600	1.5889923	
155700	1.7053464	
155800	1.8503638	
155900	2.0094393	
156000	2.1698186	
156100	2.3177156	
156200	2.4456974	
156300	2.5481005	
156400	2.6227396	
156500	2.6691775	
156600	2.6857731	
156700	2.6733496	
156800	2.6298457	
156900	2.5560805	
157000	2.455772	
157100	2.3338316	
157200	2.1977435	
157300	2.0504423	
157400	1.9023152	
157500	1.7614815	
157600	1.638851	
157700	1.5476567	
157800	1.4956543	
157900	1.4913072	
158000	1.5351566	
158100	1.6256786	
158200	1.753764	
158300	1.9055283	
158400	2.0675506	
158500	2.2252953	
158600	2.3663195	
158700	2.4860443	
158800	2.5784379	
158900	2.6424452	
159000	2.6779324	
159100	2.6851967	
159200	2.6615799	
159300	2.6079155	
159400	2.5247329	
159500	2.4166951	
159600	2.2878726	
159700	2.146646	
159800	1.9986874	
159900	1.8515814	
160000	1.7157505	
160100	1.602289	
160200	1.524675	
160300	1.4884832	
160400	1.5006069	
160500	1.5618924	
160600	1.6665279	
160700	1.8040735	
160800	1.960113	
160900	2.1220509	
161000	2.274648	
161100	2.4094483	
161200	2.520161	
161300	2.6034052	
161400	2.6586952	
161500	2.6850272	
161600	2.6808509	
161700	2.647277	
161800	2.5827896	
161900	2.4897529	
162000	2.374558	
162100	2.2399931	
162200	2.0967194	
162300	1.9479808	
162400	1.803401	
162500	1.6743939	
162600	1.5717348	
162700	1.5070535	
162800	1.4874308	
162900	1.5163174	
163000	1.5935912	
163100	1.711678	
163200	1.8574819	
163300	2.0178176	
163400	2.1783709	
163500	2.3258514	
163600	2.4525037	
163700	2.5537538	
163800	2.6268054	
163900	2.6712966	
164000	2.6867814	
164100	2.6728689	
164200	2.6287036	
164300	2.5543268	
164400	2.4528223	
164500	2.3309786	
164600	2.1929872	
164700	2.0456623	
164800	1.8972473	
164900	1.7565654	
165000	1.6349669	
165100	1.5448084	
165200	1.4956904	
165300	1.4925648	
165400	1.5391492	
165500	1.6312726	
165600	1.7599162	
165700	1.9125475	
165800	2.0741331	
165900	2.230267	
166000	2.3721062	
166100	2.4906276	
166200	2.5820222	
166300	2.64653	
166400	2.6813743	
166500	2.6862965	
166600	2.6623065	
166700	2.6067642	
166800	2.521304	
166900	2.4124771	
167000	2.2829603	
167100	2.1418276	
167200	1.9933992	
167300	1.8465022	
167400	1.7111467	
167500	1.6001236	
167600	1.522607	
167700	1.4886847	
167800	1.502491	
167900	1.5662813	
168000	1.6723964	
168100	1.8121053	
168200	1.9691363	
168300	2.1314006	
168400	2.2842471	
168500	2.4170828	
168600	2.5261513	
168700	2.6079831	
168800	2.661042	
168900	2.6845281	
169000	2.680276	
169100	2.6446104	
169200	2.5790339	
169300	2.4850377	
169400	2.3684936	
169500	2.2332532	
169600	2.0889196	
169700	1.9396253	
169800	1.7961054	
169900	1.6673372	
170000	1.567098	
170100	1.5051808	
170200	1.487748	
170300	1.5196968	
170400	1.5987797	
170500	1.7178189	
170600	1.8653867	
170700	2.0247245	
170800	2.1846925	
170900	2.3313396	
171000	2.4569459	
171100	2.5568191	
171200	2.6290013	
171300	2.6727131	
171400	2.6863263	
171500	2.6711261	
171600	2.6246559	
171700	2.5485051	
171800	2.445157	
171900	2.3218707	
172000	2.1847385	
172100	2.0365999	
172200	1.8886075	
172300	1.7490699	
172400	1.6288025	
172500	1.5408253	
172600	1.4932509	
172700	1.4935505	
172800	1.5418134	
172900	1.6368935	
173000	1.7675429	
173100	1.9211554	
173200	2.0828166	
173300	2.2396952	
173400	2.3793329	
173500	2.4960802	
173600	2.5859455	
173700	2.6471547	
173800	2.6797437	
173900	2.6843613	
174000	2.6578355	
174100	2.6012815	
174200	2.5152131	
174300	2.4050648	
174400	2.2747637	
174500	2.1327028	
174600	1.9845611	
174700	1.8379299	
174800	1.7035809	
174900	1.5934987	
175000	1.519347	
175100	1.4876335	
175200	1.5045884	
175300	1.570078	
175400	1.6784438	
175500	1.8183807	
175600	1.9758358	
175700	2.1370823	
175800	2.288804	
175900	2.4211763	
176000	2.5289962	
176100	2.6098114	
176200	2.6622282	
176300	2.6858769	
176400	2.6787775	
176500	2.6419858	
176600	2.5745572	
176700	2.4790165	
176800	2.3620056	
176900	2.226645	
177000	2.0816594	
177100	1.9335546	
177200	1.7899179	
177300	1.6626218	
177400	1.5636416	
177500	1.5029648	
177600	1.4875382	
177700	1.521838	
177800	1.6029894	
177900	1.7245589	
178000	1.8725454	
178100	2.0327772	
178200	2.19287	
178300	2.3387983	
178400	2.4627073	
178500	2.5614072	
178600	2.631695	
178700	2.6736079	
178800	2.6860627	
178900	2.6696598	
179000	2.6218517	
179100	2.5452106	
179200	2.4413467	
179300	2.3177154	
179400	2.1789418	
179500	2.0308539	
179600	1.8828836	
179700	1.7438786	
179800	1.6242459	
179900	1.5382157	
180000	1.4927907	
180100	1.4949294	
180200	1.545655	
180300	1.6419795	
180400	1.7735687	
180500	1.9273305	
180600	2.0891026	
180700	2.2445806	
180800	2.3838824	
180900	2.500152	
181000	2.5890872	
181100	2.6506079	
181200	2.6831229	
181300	2.6850106	
181400	2.6580836	
181500	2.5995284	
181600	2.5117539	
181700	2.4008583	
181800	2.2705807	
181900	2.1282812	
182000	1.9795625	
182100	1.8332574	
182200	1.6997901	
182300	1.5912796	
182400	1.5175633	
182500	1.4881666	
182600	1.5065584	
182700	1.574519	
182800	1.6845313	
182900	1.826325	
183000	1.9843801	
183100	2.1462726	
183200	2.2976521	
183300	2.4286166	
183400	2.535375	
183500	2.6145004	
183600	2.6649438	
183700	2.6857814	
183800	2.678667	
183900	2.6404451	
184000	2.5718633	
184100	2.4755855	
184200	2.3572269	
184300	2.2205632	
184400	2.0755253	
184500	1.9262303	
184600	1.7837057	
184700	1.6570916	
184800	1.5596956	
184900	1.5018649	
185000	1.4889186	
185100	1.5253851	
185200	1.6085972	
185300	1.7310251	
185400	1.8799809	
185500	2.0405188	
185600	2.1992048	
185700	2.3443189	
185800	2.4680221	
185900	2.5648306	
186000	2.6349741	
186100	2.675869	
186200	2.6867756	
186300	2.6687756	
186400	2.6192238	
186500	2.5400556	
186600	2.4348027	
186700	2.309699	
186800	2.1717271	
186900	2.0225256	
187000	1.8752632	
187100	1.7369537	
187200	1.6195053	
187300	1.5348128	
187400	1.4909519	
187500	1.4959852	
187600	1.54899	
187700	1.6480045	
187800	1.7813204	
187900	1.9360263	
188000	2.0983063	
188100	2.2535862	
188200	2.3915422	
188300	2.5054809	
188400	2.5927405	
188500	2.6520205	
188600	2.6809735	
188700	2.6832514	
188800	2.6537191	
188900	2.5944443	
189000	2.5059508	
189100	2.3934895	
189200	2.2614834	
189300	2.1188261	
189400	1.9702398	
189500	1.8242869	
189600	1.6919899	
189700	1.5846976	
189800	1.5144812	
189900	1.4871691	
190000	1.5090986	
190100	1.5790365	
190200	1.690603	
190300	1.8335431	
190400	1.9915091	
190500	2.1522996	
190600	2.3026536	
190700	2.4325362	
190800	2.5384471	
190900	2.6158613	
191000	2.6657991	
191100	2.6866176	
191200	2.6763038	
191300	2.6367063	
191400	2.565903	
191500	2.46826	
191600	2.3491844	
191700	2.2139724	
191800	2.0669078	
191900	1.9194252	
192000	1.7767518	
192100	1.6516938	
192200	1.5559708	
192300	1.4995129	
192400	1.4889139	
192500	1.5278552	
192600	1.6131338	
192700	1.7377846	
192800	1.8882455	
192900	2.0487237	
193000	2.2082047	
193100	2.3516746	
193200	2.4738477	
193300	2.5693176	
193400	2.6367754	
193500	2.6753318	
193600	2.6856541	
193700	2.6659879	
193800	2.6155699	
193900	2.5357349	
194000	2.4299966	
194100	2.3044138	
194200	2.1646439	
194300	2.0160129	
194400	1.8684072	
194500	1.7309355	
194600	1.6142369	
194700	1.5316068	
194800	1.4908556	
194900	1.4973283	
195000	1.5530431	
195100	1.6531083	
195200	1.7877425	
195300	1.9427152	
195400	2.1046368	
195500	2.2588291	
195600	2.3960287	
195700	2.5095798	
195800	2.5959523	
195900	2.6546277	
196000	2.684158	
196100	2.6833145	
196200	2.6532253	
196300	2.5917404	
196400	2.5015454	
196500	2.3887426	
196600	2.2567086	
196700	2.1137119	
196800	1.9649387	
196900	1.8192791	
197000	1.6880008	
197100	1.581757	
197200	1.5127994	
197300	1.4872925	
197400	1.510936	
197500	1.582984	
197600	1.6970312	
197700	1.8407345	
197800	2.000053	
197900	2.1613009	
198000	2.3110203	
198100	2.439955	
198200	2.5438925	
198300	2.6206786	
198400	2.6678756	
198500	2.6863654	
198600	2.6762334	
198700	2.6352461	
198800	2.5636524	
198900	2.4650691	
199000	2.3452632	
199100	2.2081354	
199200	2.0616376	
199300	1.9127938	
199400	1.7709517	
199500	1.6464949	
199600	1.552489	
199700	1.4985794	
199800	1.4903547	
199900	1.5316441	
200000	1.6190237	
200100	1.7445408	
200200	1.8951171	
200300	2.0559686	
200400	2.2142303	
200500	2.357248	
200600	2.478564	
200700	2.5730567	
200800	2.6404726	
200900	2.678267	
201000	2.686929	
201100	2.6655877	
201200	2.6134656	
201300	2.5315036	
201400	2.4240958	
201500	2.29731	
201600	2.1580926	
201700	2.0091591	
201800	1.8617687	
201900	1.7249974	
202000	1.6104501	
202100	1.5290029	
202200	1.4894006	
202300	1.4988787	
202400	1.5569007	
202500	1.6595711	
202600	1.795463	
202700	1.9512492	
202800	2.113806	
202900	2.2677949	
203000	2.4032928	
203100	2.515139	
203200	2.5999966	
203300	2.6563159	
203400	2.6830812	
203500	2.6817986	
203600	2.6495665	
203700	2.5870514	
203800	2.4963475	
203900	2.3817681	
204000	2.2484157	
204100	2.1046644	
204200	1.9556709	
204300	1.8109135	
204400	1.680213	
204500	1.5761049	
204600	1.5098723	
204700	1.4864665	
204800	1.5141061	
204900	1.5876637	
205000	1.7033077	
205100	1.8479826	
205200	2.0070633	
205300	2.1674943	
205400	2.315833	
205500	2.4438652	
205600	2.5468155	
205700	2.6217885	
205800	2.6688205	
205900	2.6858285	
206000	2.6738133	
206100	2.6307197	
206200	2.5572649	
206300	2.4574935	
206400	2.3356569	
206500	2.1997752	
206600	2.0524821	
206700	1.9043657	
206800	1.7632925	
206900	1.6405325	
207000	1.5484904	
207100	1.4959254	
207200	1.4909676	
207300	1.5337074	
207400	1.6237832	
207500	1.75146	
207600	1.902851	
207700	2.0646176	
207800	2.2226688	
207900	2.3638684	
208000	2.4842063	
208100	2.5767752	
208200	2.6412372	
208300	2.6769475	
208400	2.6850194	
208500	2.6618116	
208600	2.6087223	
208700	2.5260152	
208800	2.4182764	
208900	2.2899615	
209000	2.1488908	
209100	2.0010097	
209200	1.8539283	
209300	1.7178216	
209400	1.6038492	
209500	1.5256007	
209600	1.488685	
209700	1.5004051	
209800	1.560438	
209900	1.6644956	
210000	1.8015706	
210100	1.9575232	
210200	2.1193787	
210300	2.2724285	
210400	2.4074139	
210500	2.518655	
210600	2.6022871	
210700	2.6582504	
210800	2.6846824	
210900	2.6813176	
211000	2.6481002	
211100	2.5840415	
211200	2.4914966	
211300	2.3766501	
211400	2.2423803	
211500	2.099222	
211600	1.950498	
211700	1.8057752	
211800	1.6763748	
211900	1.5732923	
212000	1.5078983	
212100	1.4872589	
212200	1.5155707	
212300	1.5920694	
212400	1.709463	
212500	1.8549347	
212600	2.0152854	
212700	2.1759001	
212800	2.3237234	
212900	2.4508331	
213000	2.5523386	
213100	2.6259696	
213200	2.6709157	
213300	2.6868951	
213400	2.6735753	
213500	2.6298644	
213600	2.5559682	
213700	2.4548081	
213800	2.3333333	
213900	2.1955416	
214000	2.0482696	
214100	1.8996991	
214200	1.7589957	
214300	1.6368164	
214400	1.5459794	
214500	1.4961918	
214600	1.4921359	
214700	1.5380384	
214800	1.6293308	
214900	1.7575205	
215000	1.9098336	
215100	2.0712846	
215200	2.2278516	
215300	2.3701649	
215400	2.4884941	
215500	2.580844	
215600	2.6456459	
215700	2.6810413	
215800	2.6865401	
215900	2.6629191	
216000	2.6079326	
216100	2.5228589	
216200	2.4144166	
216300	2.2852328	
216400	2.14421	
216500	1.9958534	
216600	1.8488304	
216700	1.7132432	
216800	1.6017411	
216900	1.5233737	
217000	1.4890459	
217100	1.5018043	
217200	1.5649285	
217300	1.6702351	
217400	1.8097753	
217500	1.9664396	
217600	2.1285866	
217700	2.2820347	
217800	2.4148986	
217900	2.5247181	
218000	2.6067931	
218100	2.6604786	
218200	2.6843263	
218300	2.6806068	
218400	2.645473	
218500	2.5803331	
218600	2.4869047	
218700	2.3705503	
218800	2.2355729	
218900	2.0914232	
219000	1.9420482	
219100	1.7984466	
219200	1.6692291	
219300	1.5683566	
219400	1.5058865	
219500	1.4874083	
219600	1.5188801	
219700	1.5968896	
219800	1.7157117	
219900	1.862783	
220000	2.0221294	
220100	2.1822427	
220200	2.3289693	
220300	2.4550937	
220400	2.5554363	
220500	2.6278748	
220600	2.6722903	
220700	2.6863694	
220800	2.6715599	
220900	2.6256243	
221000	2.5499795	
221100	2.4472049	
221200	2.3238868	
221300	2.1870358	
221400	2.0389654	
221500	1.890936	
221600	1.7511644	
221700	1.630698	
221800	1.5418244	
221900	1.4936435	
222000	1.4930701	
222100	1.5406177	
222200	1.6349689	
222300	1.7651254	
222400	1.9185515	
222500	2.0802451	
222600	2.2372541	
222700	2.3770698	
222800	2.4943974	
222900	2.5847551	
223000	2.646287	
223100	2.6794225	
223200	2.6844668	
223300	2.6585328	
223400	2.6023781	
223500	2.516838	
223600	2.4070346	
223700	2.2770171	
223800	2.13514	
223900	1.986958	
224000	1.8403091	
224100	1.7057501	
224200	1.5948868	
224300	1.5202777	
224400	1.4878659	
224500	1.503842	
224600	1.568687	
224700	1.676336	
224800	1.8158132	
224900	1.9732155	
225000	2.1344685	
225100	2.2863333	
225200	2.4191969	
225300	2.5274354	
225400	2.6088605	
225500	2.6615713	
225600	2.6857811	
225700	2.6791861	
225800	2.6428625	
225900	2.575826	
226000	2.4810072	
226100	2.3641367	
226200	2.2289942	
226300	2.0841911	
226400	1.9359808	
226500	1.7922308	
226600	1.6645679	
226700	1.5649715	
226800	1.5037054	
226900	1.4878208	
227000	1.5209034	
227100	1.6014738	
227200	1.7224624	
227300	1.8700961	
227400	2.030356	
227500	2.1906314	
227600	2.336772	
227700	2.4611678	
227800	2.5602895	
227900	2.6310157	
228000	2.6732547	
228100	2.6862895	
228200	2.6703236	
228300	2.6232634	
228400	2.5468285	
228500	2.4434302	
228600	2.3199747	
228700	2.1814797	
228800	2.0334947	
228900	1.8853895	
229000	1.7462363	
229100	1.6261689	
229200	1.5394801	
229300	1.4934221	
229400	1.4945245	
229500	1.5445037	
229600	1.6402508	
229700	1.771282	
229800	1.9248252	
229900	2.0865038	
230000	2.2422799	
230100	2.3819545	
230200	2.4986395	
230300	2.5880753	
230400	2.6502043	
230500	2.6828449	
230600	2.6853559	
230700	2.6589427	
230800	2.6007861	
230900	2.513503	
231000	2.4028919	
231100	2.2728383	
231200	2.1306359	
231300	1.9819571	
231400	1.8355236	
231500	1.7015656	
231600	1.5927535	
231700	1.5183941	
231800	1.4883053	
231900	1.505798	
232000	1.5731198	
232100	1.6825514	
232200	1.8239722	
232300	1.9817926	
232400	2.1437784	
232500	2.295423	
232600	2.426687	
232700	2.5338754	
232800	2.613396	
232900	2.6643248	
233000	2.6855489	
233100	2.6790677	
233200	2.6410775	
233300	2.5730847	
233400	2.4771614	
233500	2.3589525	
233600	2.2227744	
233700	2.0777232	
233800	1.9285667	
233900	1.7857563	
234000	1.6588859	
234100	1.5609374	
234200	1.5024016	
234300	1.4887867	
234400	1.5245131	
234500	1.6069481	
234600	1.728903	
234700	1.8775336	
234800	2.0377611	
234900	2.1967362	
235000	2.3423503	
235100	2.4659702	
235200	2.5636956	
235300	2.6338804	
235400	2.6754962	
235500	2.6866554	
235600	2.6691081	
235700	2.6202304	
235800	2.541497	
235900	2.4364976	
236000	2.3117189	
236100	2.1738918	
236200	2.0247493	
236300	1.8773839	
236400	1.7388991	
236500	1.6208317	
236600	1.5357473	
236700	1.4913325	
236800	1.4954123	
236900	1.5477784	
237000	1.6461211	
237100	1.7789542	
237200	1.9335416	
237300	2.0957357	
237400	2.251227	
237500	2.3894755	
237600	2.5038555	
237700	2.5915744	
237800	2.6511402	
237900	2.6807151	
238000	2.683306	
238100	2.6543236	
238200	2.5954144	
238300	2.5074582	
238400	2.3952933	
238500	2.263817	
238600	2.120995	
238700	1.9725528	
238800	1.826498	
238900	1.6939244	
239000	1.5861477	
239100	1.5152778	
239200	1.4873298	
239300	1.5083299	
239400	1.5774678	
239500	1.6885716	
239600	1.8310688	
239700	1.9890672	
239800	2.1497433	
239900	2.3004038	
240000	2.430719	
