100	20.746828	
200	-4.5147485	
300	1.7309003	
400	0.2234941	
500	0.66053788	
600	0.64206676	
700	0.74774949	
800	0.83409613	
900	0.93005261	
1000	1.0276143	
1100	1.125188	
1200	1.2200255	
1300	1.3094543	
1400	1.3917386	
1500	1.4656924	
1600	1.530532	
1700	1.5863288	
1800	1.6334369	
1900	1.6724772	
2000	1.7055775	
2100	1.7303772	
2200	1.75072	
2300	1.7652932	
2400	1.774693	
2500	1.7789416	
2600	1.7778579	
2700	1.7711222	
2800	1.7586002	
2900	1.7403461	
3000	1.716572	
3100	1.6876781	
3200	1.6529816	
3300	1.6145177	
3400	1.5705302	
3500	1.5238383	
3600	1.4753501	
3700	1.4223017	
3800	1.3703184	
3900	1.3141219	
4000	1.2596882	
4100	1.2058601	
4200	1.153294	
4300	1.1030485	
4400	1.0544561	
4500	1.0087161	
4600	0.96618674	
4700	0.92707662	
4800	0.89185213	
4900	0.86063854	
5000	0.8331878	
5100	0.80977346	
5200	0.79039999	
5300	0.77442293	
5400	0.76294295	
5500	0.75419585	
5600	0.74924405	
5700	0.74809326	
5800	0.7496567	
5900	0.7541297	
6000	0.76143556	
6100	0.7707159	
6200	0.78218579	
6300	0.79512228	
6400	0.80960115	
6500	0.82538559	
6600	0.84108847	
6700	0.85769628	
6800	0.87460671	
6900	0.89210215	
7000	0.90886419	
7100	0.92548896	
7200	0.94147348	
7300	0.9566132	
7400	0.97071342	
7500	0.98445614	
7600	0.9955982	
7700	1.005361	
7800	1.0134765	
7900	1.0199323	
8000	1.0238898	
8100	1.0255984	
8200	1.0253329	
8300	1.0225778	
8400	1.017236	
8500	1.0098023	
8600	1.0002488	
8700	0.98833652	
8800	0.9747645	
8900	0.95989929	
9000	0.94346714	
9100	0.92643153	
9200	0.90904711	
9300	0.89122329	
9400	0.8745623	
9500	0.85797224	
9600	0.84285263	
9700	0.82988106	
9800	0.81905858	
9900	0.81129084	
10000	0.8073014	
10100	0.80694429	
10200	0.81006488	
10300	0.81701193	
10400	0.82675245	
10500	0.83934969	
10600	0.85455412	
10700	0.87147824	
10800	0.89060908	
10900	0.91068434	
11000	0.93362586	
11100	0.95563314	
11200	0.97784902	
11300	1.0004773	
11400	1.0230571	
11500	1.044919	
11600	1.06608	
11700	1.0860472	
11800	1.1050195	
11900	1.1228856	
12000	1.1388247	
12100	1.1535208	
12200	1.1664407	
12300	1.177529	
12400	1.1866518	
12500	1.1943411	
12600	1.2002399	
12700	1.2048238	
12800	1.2080411	
12900	1.2105492	
13000	1.2135318	
13100	1.2178803	
13200	1.2264742	
13300	1.2403405	
13400	1.2620338	
13500	1.2920898	
13600	1.332118	
13700	1.3785898	
13800	1.4311151	
13900	1.4851246	
14000	1.5359572	
14100	1.5812949	
14200	1.6182871	
14300	1.6471717	
14400	1.666414	
14500	1.6766868	
14600	1.6780508	
14700	1.6712121	
14800	1.6568346	
14900	1.6355286	
15000	1.6087206	
15100	1.5767029	
15200	1.541793	
15300	1.5036823	
15400	1.4635707	
15500	1.4228107	
15600	1.3811453	
15700	1.3419097	
15800	1.304575	
15900	1.2736131	
16000	1.2497955	
16100	1.2353882	
16200	1.2333557	
16300	1.2450743	
16400	1.2721607	
16500	1.3153346	
16600	1.372886	
16700	1.4432279	
16800	1.522914	
16900	1.6065599	
17000	1.6905531	
17100	1.7699922	
17200	1.8409311	
17300	1.8994928	
17400	1.9436512	
17500	1.9716858	
17600	1.9819363	
17700	1.9757505	
17800	1.9538228	
17900	1.9190429	
18000	1.8731841	
18100	1.8194271	
18200	1.7597453	
18300	1.6962791	
18400	1.629927	
18500	1.5644486	
18600	1.5045364	
18700	1.4548536	
18800	1.4187291	
18900	1.4030335	
19000	1.4116307	
19100	1.4466773	
19200	1.508502	
19300	1.5913704	
19400	1.6931291	
19500	1.805391	
19600	1.9214959	
19700	2.033366	
19800	2.1348092	
19900	2.220744	
20000	2.287469	
20100	2.3311273	
20200	2.3521758	
20300	2.3487913	
20400	2.3207111	
20500	2.2727391	
20600	2.207359	
20700	2.1283751	
20800	2.0395254	
20900	1.9431598	
21000	1.8431196	
21100	1.7415323	
21200	1.6443554	
21300	1.5544878	
21400	1.476778	
21500	1.4149701	
21600	1.374633	
21700	1.3609369	
21800	1.3772416	
21900	1.4278079	
22000	1.5109376	
22100	1.624131	
22200	1.7601604	
22300	1.9102371	
22400	2.0644951	
22500	2.2145361	
22600	2.3512957	
22700	2.4658002	
22800	2.5532146	
22900	2.6082688	
23000	2.6276506	
23100	2.610648	
23200	2.560898	
23300	2.4831546	
23400	2.3851974	
23500	2.2720246	
23600	2.1483305	
23700	2.0181703	
23800	1.8863987	
23900	1.7596971	
24000	1.6422698	
24100	1.5423708	
24200	1.4647737	
24300	1.4156624	
24400	1.4004745	
24500	1.4259353	
24600	1.4898608	
24700	1.5927542	
24800	1.726939	
24900	1.8836227	
25000	2.052604	
25100	2.2232473	
25200	2.3859238	
25300	2.534222	
25400	2.661252	
25500	2.7598626	
25600	2.8256545	
25700	2.8535079	
25800	2.8401262	
25900	2.7892258	
26000	2.702631	
26100	2.5919887	
26200	2.4631246	
26300	2.320054	
26400	2.1694566	
26500	2.017247	
26600	1.8660669	
26700	1.7234654	
26800	1.5944783	
26900	1.4843337	
27000	1.4016463	
27100	1.3536396	
27200	1.3492182	
27300	1.3912734	
27400	1.4841164	
27500	1.6214226	
27600	1.7971601	
27700	1.9968931	
27800	2.2067186	
27900	2.4146659	
28000	2.6066325	
28100	2.7743714	
28200	2.9087109	
28300	3.0010791	
28400	3.0454247	
28500	3.0391127	
28600	2.9807625	
28700	2.8799925	
28800	2.7442814	
28900	2.5869136	
29000	2.4149772	
29100	2.2347397	
29200	2.0528558	
29300	1.8770396	
29400	1.7180014	
29500	1.5843055	
29600	1.4830962	
29700	1.420672	
29800	1.4035111	
29900	1.4382189	
30000	1.5235401	
30100	1.656529	
30200	1.8249556	
30300	2.0171844	
30400	2.2193605	
30500	2.4176876	
30600	2.6036741	
30700	2.7688907	
30800	2.9047767	
30900	3.0091169	
31000	3.0746825	
31100	3.0910719	
31200	3.0566279	
31300	2.9730475	
31400	2.8481651	
31500	2.6937587	
31600	2.5171309	
31700	2.3281838	
31800	2.1357954	
31900	1.9488595	
32000	1.7754856	
32100	1.6253119	
32200	1.5044801	
32300	1.4200414	
32400	1.3802891	
32500	1.3905962	
32600	1.4555503	
32700	1.5749868	
32800	1.7439094	
32900	1.9467063	
33000	2.1712329	
33100	2.4012189	
33200	2.6204397	
33300	2.817416	
33400	2.9801069	
33500	3.0985787	
33600	3.1695094	
33700	3.1844711	
33800	3.1373303	
33900	3.0329414	
34000	2.8792575	
34100	2.6897146	
34200	2.4755374	
34300	2.2505621	
34400	2.0283254	
34500	1.8220488	
34600	1.6467898	
34700	1.5145676	
34800	1.4378036	
34900	1.419561	
35000	1.4644925	
35100	1.5669128	
35200	1.7223951	
35300	1.9120555	
35400	2.1172936	
35500	2.326811	
35600	2.5248187	
35700	2.6983791	
35800	2.844624	
35900	2.9562474	
36000	3.0307126	
36100	3.0635635	
36200	3.0511989	
36300	2.9889123	
36400	2.8788428	
36500	2.7234605	
36600	2.5379462	
36700	2.329829	
36800	2.111954	
36900	1.9006245	
37000	1.7082685	
37100	1.5521256	
37200	1.4417947	
37300	1.3877905	
37400	1.39272	
37500	1.4586271	
37600	1.5826022	
37700	1.7545653	
37800	1.9594608	
37900	2.1766203	
38000	2.3930478	
38100	2.5923415	
38200	2.7619188	
38300	2.8908319	
38400	2.9743038	
38500	3.0077639	
38600	2.9906659	
38700	2.9209339	
38800	2.8004649	
38900	2.6344985	
39000	2.434474	
39100	2.2151527	
39200	1.9875208	
39300	1.7737503	
39400	1.5844603	
39500	1.4383229	
39600	1.3453557	
39700	1.3126841	
39800	1.3409882	
39900	1.4266657	
40000	1.5623921	
40100	1.7329936	
40200	1.9200062	
40300	2.109807	
40400	2.2906916	
40500	2.4508637	
40600	2.5823321	
40700	2.6813459	
40800	2.7473239	
40900	2.7787798	
41000	2.7754703	
41100	2.736616	
41200	2.6626379	
41300	2.5573441	
41400	2.4232373	
41500	2.2693284	
41600	2.0997069	
41700	1.9238228	
41800	1.7528926	
41900	1.5967179	
42000	1.4702837	
42100	1.38335	
42200	1.3429483	
42300	1.3523771	
42400	1.4111697	
42500	1.5155168	
42600	1.6577367	
42700	1.8245219	
42800	2.0020315	
42900	2.1789874	
43000	2.3436314	
43100	2.4856857	
43200	2.5948954	
43300	2.6713253	
43400	2.7071348	
43500	2.7043158	
43600	2.6601931	
43700	2.5764921	
43800	2.4572209	
43900	2.3097176	
44000	2.1421631	
44100	1.9679349	
44200	1.7940006	
44300	1.6334593	
44400	1.495559	
44500	1.3916217	
44600	1.3285886	
44700	1.3119736	
44800	1.3412958	
44900	1.4150674	
45000	1.5265653	
45100	1.6645779	
45200	1.8187056	
45300	1.9785254	
45400	2.1336909	
45500	2.2778158	
45600	2.4020933	
45700	2.5011821	
45800	2.5745261	
45900	2.6176933	
46000	2.6295055	
46100	2.6081167	
46200	2.5529839	
46300	2.4670326	
46400	2.3561306	
46500	2.2235558	
46600	2.078361	
46700	1.9253029	
46800	1.772394	
46900	1.6292001	
47000	1.507085	
47100	1.4158533	
47200	1.3641952	
47300	1.3571344	
47400	1.3962972	
47500	1.4799128	
47600	1.5999562	
47700	1.7466688	
47800	1.9075392	
47900	2.0727151	
48000	2.231416	
48100	2.3757403	
48200	2.4953066	
48300	2.5868026	
48400	2.6450891	
48500	2.6659008	
48600	2.6493752	
48700	2.5935292	
48800	2.5008587	
48900	2.3774704	
49000	2.2312465	
49100	2.0694981	
49200	1.9024304	
49300	1.7391764	
49400	1.5907398	
49500	1.4687455	
49600	1.3825076	
49700	1.3406392	
49800	1.3465847	
49900	1.4004308	
50000	1.4971022	
50100	1.628284	
50200	1.7788426	
50300	1.9419241	
50400	2.1031636	
50500	2.2570948	
50600	2.3916275	
50700	2.5050054	
50800	2.5915245	
50900	2.6493951	
51000	2.6751907	
51100	2.6680964	
51200	2.6243986	
51300	2.5474819	
51400	2.4427523	
51500	2.3138066	
51600	2.1688866	
51700	2.0127995	
51800	1.8535389	
51900	1.6996184	
52000	1.5649297	
52100	1.4590248	
52200	1.3918122	
52300	1.3719139	
52400	1.4005411	
52500	1.477201	
52600	1.5955365	
52700	1.744835	
52800	1.9114266	
52900	2.0866672	
53000	2.2574875	
53100	2.4145543	
53200	2.5479536	
53300	2.6523169	
53400	2.7232682	
53500	2.755335	
53600	2.7471491	
53700	2.6976637	
53800	2.6067388	
53900	2.4815145	
54000	2.3290298	
54100	2.1591631	
54200	1.9810631	
54300	1.8037692	
54400	1.6405562	
54500	1.5047459	
54600	1.40733	
54700	1.3571838	
54800	1.3584761	
54900	1.411988	
55000	1.5115389	
55100	1.6492768	
55200	1.8076257	
55300	1.9788824	
55400	2.1479939	
55500	2.3076931	
55600	2.4462392	
55700	2.5612684	
55800	2.6484439	
55900	2.7038023	
56000	2.727039	
56100	2.7151616	
56200	2.6659537	
56300	2.5819076	
56400	2.4704043	
56500	2.3327605	
56600	2.1786527	
56700	2.0132749	
56800	1.8461206	
56900	1.6877254	
57000	1.5498056	
57100	1.4459117	
57200	1.3836013	
57300	1.3715798	
57400	1.4095995	
57500	1.4958267	
57600	1.6242216	
57700	1.7811048	
57800	1.9543869	
57900	2.1324613	
58000	2.3038713	
58100	2.4589312	
58200	2.5876556	
58300	2.6854749	
58400	2.747731	
58500	2.7703206	
58600	2.7521444	
58700	2.6925754	
58800	2.5918171	
58900	2.458346	
59000	2.2993408	
59100	2.1244523	
59200	1.9432502	
59300	1.765708	
59400	1.6055326	
59500	1.475938	
59600	1.3871828	
59700	1.3468889	
59800	1.358312	
59900	1.4207883	
60000	1.5280477	
60100	1.6703727	
60200	1.8318124	
60300	2.0025188	
60400	2.1700775	
60500	2.324919	
60600	2.4595933	
60700	2.5672449	
60800	2.6466493	
60900	2.6944023	
61000	2.7083668	
61100	2.6879553	
61200	2.630778	
61300	2.5407236	
61400	2.4221535	
61500	2.2823617	
61600	2.1263901	
61700	1.9618801	
61800	1.7967172	
61900	1.6440841	
62000	1.5137977	
62100	1.4194205	
62200	1.3671589	
62300	1.3649252	
62400	1.411934	
62500	1.5052538	
62600	1.6368888	
62700	1.7945585	
62800	1.9664852	
62900	2.1406826	
63000	2.3057171	
63100	2.4534058	
63200	2.5740224	
63300	2.6633693	
63400	2.7175021	
63500	2.7338638	
63600	2.7093435	
63700	2.6453889	
63800	2.5430971	
63900	2.4096253	
64000	2.2529703	
64100	2.0820689	
64200	1.9059613	
64300	1.7354714	
64400	1.5828358	
64500	1.4596285	
64600	1.3765542	
64700	1.3410804	
64800	1.355983	
64900	1.4197741	
65000	1.5275376	
65100	1.667064	
65200	1.8260819	
65300	1.9940958	
65400	2.1588065	
65500	2.3113934	
65600	2.4437237	
65700	2.5500756	
65800	2.6284262	
65900	2.6754742	
66000	2.6887628	
66100	2.6675382	
66200	2.6101831	
66300	2.5201283	
66400	2.4017946	
66500	2.2633032	
66600	2.1091102	
66700	1.9467213	
66800	1.7844058	
66900	1.6341207	
67000	1.5069611	
67100	1.4139115	
67200	1.3640845	
67300	1.36222	
67400	1.4100947	
67500	1.5033764	
67600	1.6342263	
67700	1.7909913	
67800	1.9608572	
67900	2.1328964	
68000	2.296993	
68100	2.4422232	
68200	2.5622692	
68300	2.6513641	
68400	2.7067802	
68500	2.7228815	
68600	2.7013535	
68700	2.6391731	
68800	2.5389549	
68900	2.4082446	
69000	2.2545565	
69100	2.0863387	
69200	1.9121834	
69300	1.7432065	
69400	1.5904755	
69500	1.4667145	
69600	1.3819917	
69700	1.3441823	
69800	1.3566209	
69900	1.4180179	
70000	1.5236848	
70100	1.6620188	
70200	1.821048	
70300	1.9901083	
70400	2.1552308	
70500	2.3093782	
70600	2.4430969	
70700	2.5519635	
70800	2.6324912	
70900	2.6815259	
71000	2.6961659	
71100	2.6765603	
71200	2.6198788	
71300	2.5300647	
71400	2.4122389	
71500	2.2721364	
71600	2.1169789	
71700	1.953332	
71800	1.7893014	
71900	1.6376951	
72000	1.5088702	
72100	1.4150359	
72200	1.3644258	
72300	1.36293	
72400	1.4112254	
72500	1.5048146	
72600	1.6371189	
72700	1.7946853	
72800	1.9660412	
72900	2.1392759	
73000	2.3032474	
73100	2.4498303	
73200	2.570201	
73300	2.6596872	
73400	2.7153231	
73500	2.7321853	
73600	2.7106272	
73700	2.6483402	
73800	2.5485084	
73900	2.4180328	
74000	2.2633329	
74100	2.0949857	
74200	1.920083	
74300	1.749518	
74400	1.5952961	
74500	1.4703396	
74600	1.3847375	
74700	1.3464854	
74800	1.3581483	
74900	1.4199631	
75000	1.5266167	
75100	1.6660154	
75200	1.8260295	
75300	1.9963207	
75400	2.1629093	
75500	2.3182539	
75600	2.4529949	
75700	2.5620953	
75800	2.6427077	
75900	2.6915156	
76000	2.7056095	
76100	2.6839307	
76200	2.6261415	
76300	2.5336517	
76400	2.4139079	
76500	2.2712057	
76600	2.1140589	
76700	1.9486471	
76800	1.7828968	
76900	1.6307468	
77000	1.5023603	
77100	1.4097032	
77200	1.3616196	
77300	1.3627739	
77400	1.4139121	
77500	1.5105997	
77600	1.64525	
77700	1.8045136	
77800	1.9762455	
77900	2.150088	
78000	2.3131051	
78100	2.4577725	
78200	2.5766304	
78300	2.6645786	
78400	2.7173134	
78500	2.7317045	
78600	2.7082778	
78700	2.6440926	
78800	2.5426515	
78900	2.4116263	
79000	2.2559554	
79100	2.0875464	
79200	1.912529	
79300	1.7431319	
79400	1.5896798	
79500	1.4657606	
79600	1.3818132	
79700	1.3449142	
79800	1.3585813	
79900	1.4218334	
80000	1.5292502	
80100	1.6698794	
80200	1.8303572	
80300	2.000865	
80400	2.167522	
80500	2.3223521	
80600	2.4561382	
80700	2.5651972	
80800	2.6438457	
80900	2.6916225	
81000	2.7036105	
81100	2.6806768	
81200	2.6206345	
81300	2.5265725	
81400	2.4049663	
81500	2.2613608	
81600	2.1027751	
81700	1.9371508	
81800	1.7715112	
81900	1.6200993	
82000	1.4932228	
82100	1.4036113	
82200	1.3573196	
82300	1.3615209	
82400	1.4153695	
82500	1.5141629	
82600	1.6500739	
82700	1.8099523	
82800	1.9819633	
82900	2.1542551	
83000	2.3161079	
83100	2.4585253	
83200	2.575551	
83300	2.6606844	
83400	2.712283	
83500	2.7250046	
83600	2.700463	
83700	2.6347448	
83800	2.5327425	
83900	2.401682	
84000	2.2467348	
84100	2.0792758	
84200	1.9057208	
84300	1.7370094	
84400	1.5854202	
84500	1.4628773	
84600	1.3797666	
84700	1.3437604	
84800	1.3581505	
84900	1.4221968	
85000	1.5296658	
85100	1.669831	
85200	1.8306662	
85300	2.0001597	
85400	2.1671396	
85500	2.3216128	
85600	2.45525	
85700	2.5642021	
85800	2.6425095	
85900	2.6898916	
86000	2.7012139	
86100	2.6778918	
86200	2.6170467	
86300	2.5221362	
86400	2.3997786	
86500	2.255098	
86600	2.0970295	
86700	1.9302	
86800	1.7654946	
86900	1.6147012	
87000	1.4883051	
87100	1.3990571	
87200	1.3548888	
87300	1.3606682	
87400	1.4154133	
87500	1.5157711	
87600	1.6519805	
87700	1.8121694	
87800	1.9839729	
87900	2.1555996	
88000	2.3160674	
88100	2.4583251	
88200	2.5737534	
88300	2.6587001	
88400	2.7094799	
88500	2.7219022	
88600	2.697019	
88700	2.631417	
88800	2.5295963	
88900	2.3992526	
89000	2.245108	
89100	2.0786271	
89200	1.9052618	
89300	1.7373083	
89400	1.5859815	
89500	1.4633748	
89600	1.3804328	
89700	1.3439594	
89800	1.3582601	
89900	1.4215324	
90000	1.52902	
90100	1.6688371	
90200	1.8297824	
90300	2.0000351	
90400	2.16678	
90500	2.3219672	
90600	2.4562444	
90700	2.5656258	
90800	2.6449482	
90900	2.6917907	
91000	2.7037475	
91100	2.6798272	
91200	2.6186826	
91300	2.5233187	
91400	2.3994153	
91500	2.2545289	
91600	2.0954504	
91700	1.9284756	
91800	1.7632417	
91900	1.6117832	
92000	1.4859626	
92100	1.397012	
92200	1.3533501	
92300	1.3601744	
92400	1.4158469	
92500	1.516781	
92600	1.6536998	
92700	1.8145114	
92800	1.9866801	
92900	2.1582835	
93000	2.3188191	
93100	2.4596282	
93200	2.5758301	
93300	2.6598917	
93400	2.7097528	
93500	2.72229	
93600	2.6971229	
93700	2.6314591	
93800	2.52953	
93900	2.3996196	
94000	2.2455951	
94100	2.0797773	
94200	1.9060662	
94300	1.7385306	
94400	1.5870917	
94500	1.4644152	
94600	1.3807109	
94700	1.3442422	
94800	1.3582317	
94900	1.4212771	
95000	1.52885	
95100	1.6688622	
95200	1.8297619	
95300	2.0006883	
95400	2.1682291	
95500	2.3231836	
95600	2.4586978	
95700	2.5684253	
95800	2.6480291	
95900	2.694895	
96000	2.7073004	
96100	2.6825413	
96200	2.620887	
96300	2.524802	
96400	2.3999626	
96500	2.2539733	
96600	2.0941846	
96700	1.9259211	
96800	1.7599846	
96900	1.6083923	
97000	1.4829626	
97100	1.3947154	
97200	1.3519621	
97300	1.3591017	
97400	1.4166703	
97500	1.5183574	
97600	1.6568206	
97700	1.8175301	
97800	1.9901467	
97900	2.1619045	
98000	2.3211385	
98100	2.4624504	
98200	2.5766365	
98300	2.6604766	
98400	2.7100576	
98500	2.7217102	
98600	2.6960057	
98700	2.6301248	
98800	2.5284195	
98900	2.3988347	
99000	2.24485	
99100	2.0789425	
99200	1.9057912	
99300	1.7384627	
99400	1.5866946	
99500	1.4640411	
99600	1.3807472	
99700	1.3440581	
99800	1.3577585	
99900	1.4207867	
100000	1.5281439	
100100	1.6684525	
100200	1.8297112	
100300	2.0008067	
100400	2.1685748	
100500	2.324669	
100600	2.4603275	
100700	2.5702252	
100800	2.6499797	
100900	2.6969229	
101000	2.7085442	
101100	2.6838509	
101200	2.6212329	
101300	2.5243238	
101400	2.3988879	
101500	2.2519791	
101600	2.0915241	
101700	1.922411	
101800	1.756112	
101900	1.6042409	
102000	1.4789918	
102100	1.3917935	
102200	1.3496265	
102300	1.3586378	
102400	1.4167857	
102500	1.5199193	
102600	1.6587826	
102700	1.8203139	
102800	1.9927096	
102900	2.1637824	
103000	2.322806	
103100	2.4627257	
103200	2.5766577	
103300	2.6598326	
103400	2.7082143	
103500	2.7199771	
103600	2.6936314	
103700	2.627596	
103800	2.5259988	
103900	2.3967853	
104000	2.2437743	
104100	2.0782891	
104200	1.9055516	
104300	1.7386473	
104400	1.5870928	
104500	1.4642472	
104600	1.380822	
104700	1.343439	
104800	1.3570084	
104900	1.419412	
105000	1.5265145	
105100	1.6662913	
105200	1.8281194	
105300	1.9992503	
105400	2.1679164	
105500	2.3242003	
105600	2.4608172	
105700	2.5710121	
105800	2.6516054	
105900	2.6983566	
106000	2.7106036	
106100	2.6853629	
106200	2.623057	
106300	2.5251769	
106400	2.3989702	
106500	2.2514908	
106600	2.0908852	
106700	1.9203504	
106800	1.754431	
106900	1.6018891	
107000	1.4767747	
107100	1.38989	
107200	1.348222	
107300	1.3579372	
107400	1.4168909	
107500	1.5204866	
107600	1.6597349	
107700	1.8219454	
107800	1.9940312	
107900	2.1653263	
108000	2.3235826	
108100	2.4637315	
108200	2.5760455	
108300	2.6593062	
108400	2.707605	
108500	2.7189079	
108600	2.6927931	
108700	2.6268061	
108800	2.5257099	
108900	2.3951961	
109000	2.2440115	
109100	2.0785806	
109200	1.9070185	
109300	1.7398996	
109400	1.5882753	
109500	1.4651552	
109600	1.3807235	
109700	1.3430892	
109800	1.3562053	
109900	1.4180323	
110000	1.5242766	
110100	1.6645535	
110200	1.8258989	
110300	1.9972254	
110400	2.166605	
110500	2.3230617	
110600	2.4607632	
110700	2.5714419	
110800	2.6525782	
110900	2.6999025	
111000	2.7120039	
111100	2.6871539	
111200	2.6238956	
111300	2.5267442	
111400	2.3996948	
111500	2.2509891	
111600	2.0897446	
111700	1.9192907	
111800	1.7523374	
111900	1.6000781	
112000	1.4746043	
112100	1.387631	
112200	1.3464335	
112300	1.3565143	
112400	1.4164945	
112500	1.5204476	
112600	1.6600392	
112700	1.8221472	
112800	1.9946387	
112900	2.1653117	
113000	2.323954	
113100	2.4638716	
113200	2.5760867	
113300	2.6584225	
113400	2.7070263	
113500	2.7186467	
113600	2.6927221	
113700	2.6269802	
113800	2.5263755	
113900	2.3963766	
114000	2.2456991	
114100	2.0812669	
114200	1.909286	
114300	1.7426206	
114400	1.5903494	
114500	1.4666146	
114600	1.3818086	
114700	1.3431613	
114800	1.355293	
114900	1.4160727	
115000	1.5219974	
115100	1.6616508	
115200	1.8231911	
115300	1.9951859	
115400	2.1648036	
115500	2.3224379	
115600	2.4611756	
115700	2.5725641	
115800	2.6549654	
115900	2.7028586	
116000	2.7147057	
116100	2.6909742	
116200	2.6275643	
116300	2.5295307	
116400	2.4029748	
116500	2.252836	
116600	2.0913574	
116700	1.9196233	
116800	1.7527164	
116900	1.5995282	
117000	1.4734458	
117100	1.386464	
117200	1.3450271	
117300	1.3554056	
117400	1.4156906	
117500	1.5199739	
117600	1.6605825	
117700	1.8226251	
117800	1.9953512	
117900	2.1658245	
118000	2.3242905	
118100	2.464072	
118200	2.5763377	
118300	2.6585144	
118400	2.7072115	
118500	2.7192854	
118600	2.6930966	
118700	2.6283933	
118800	2.5277847	
118900	2.3987369	
119000	2.2487656	
119100	2.0841987	
119200	1.9124248	
119300	1.7453539	
119400	1.5928414	
119500	1.4685368	
119600	1.3826878	
119700	1.3427304	
119800	1.3538658	
119900	1.4142183	
120000	1.5190933	
120100	1.6587252	
120200	1.8202816	
120300	1.9930544	
120400	2.1629472	
120500	2.3214848	
120600	2.4618032	
120700	2.5740042	
120800	2.6568364	
120900	2.7058794	
121000	2.7182581	
121100	2.6945137	
121200	2.6311453	
121300	2.5335553	
121400	2.4044557	
121500	2.2549286	
121600	2.0923644	
121700	1.920423	
121800	1.7520859	
121900	1.5985201	
122000	1.4720582	
122100	1.3851767	
122200	1.3438998	
122300	1.354525	
122400	1.4146308	
122500	1.5194389	
122600	1.6597387	
122700	1.8225062	
122800	1.9957218	
122900	2.1660237	
123000	2.3242591	
123100	2.4641125	
123200	2.5758248	
123300	2.6585017	
123400	2.7070763	
123500	2.7188343	
123600	2.6933729	
123700	2.6293677	
123800	2.5295645	
123900	2.4006386	
124000	2.2516415	
124100	2.087236	
124200	1.9161982	
124300	1.7484235	
124400	1.5954186	
124500	1.4704365	
124600	1.3836312	
124700	1.3422607	
124800	1.3524309	
124900	1.4121216	
125000	1.5158627	
125100	1.6549422	
125200	1.8168185	
125300	1.9894914	
125400	2.1605376	
125500	2.3205577	
125600	2.4606317	
125700	2.5749485	
125800	2.6587538	
125900	2.7081792	
126000	2.721414	
126100	2.6979236	
126200	2.6348291	
126300	2.5373852	
126400	2.4096788	
126500	2.2576498	
126600	2.0945949	
126700	1.9226711	
126800	1.7530054	
126900	1.5991363	
127000	1.4716645	
127100	1.3841674	
127200	1.3427269	
127300	1.352841	
127400	1.4133529	
127500	1.5184883	
127600	1.6588722	
127700	1.8220125	
127800	1.994869	
127900	2.1658247	
128000	2.324334	
128100	2.4632976	
128200	2.5765305	
128300	2.6590106	
128400	2.7074008	
128500	2.719852	
128600	2.6952792	
128700	2.6309676	
128800	2.532559	
128900	2.4039932	
129000	2.255826	
129100	2.0914408	
129200	1.9209853	
129300	1.7528764	
129400	1.5992054	
129500	1.4725193	
129600	1.3848728	
129700	1.3426565	
129800	1.3510002	
129900	1.4095784	
130000	1.5129352	
130100	1.6512013	
130200	1.8129981	
130300	1.9861745	
130400	2.1579296	
130500	2.3199777	
130600	2.4610814	
130700	2.5759696	
130800	2.6610088	
130900	2.7118547	
131000	2.7255487	
131100	2.7027117	
131200	2.6398901	
131300	2.5421406	
131400	2.4128358	
131500	2.2624335	
131600	2.0971531	
131700	1.9247884	
131800	1.7543091	
131900	1.599354	
132000	1.4714261	
132100	1.383637	
132200	1.3415138	
132300	1.351722	
132400	1.4123331	
132500	1.5173745	
132600	1.6581198	
132700	1.8214643	
132800	1.9946243	
132900	2.1653771	
133000	2.3239143	
133100	2.463067	
133200	2.5770512	
133300	2.6586071	
133400	2.7078714	
133500	2.7206385	
133600	2.6964671	
133700	2.6329958	
133800	2.5350619	
133900	2.40753	
134000	2.2598755	
134100	2.0961876	
134200	1.9256382	
134300	1.7570908	
134400	1.6031579	
134500	1.475558	
134600	1.3860477	
134700	1.3424613	
134800	1.3494916	
134900	1.4062603	
135000	1.5084184	
135100	1.6463027	
135200	1.808106	
135300	1.9819476	
135400	2.1546801	
135500	2.3174938	
135600	2.4594754	
135700	2.577288	
135800	2.6627395	
135900	2.7151859	
136000	2.7301245	
136100	2.7073868	
136200	2.6454822	
136300	2.547792	
136400	2.4177064	
136500	2.2670289	
136600	2.1007902	
136700	1.9275357	
136800	1.7560574	
136900	1.600493	
137000	1.4716506	
137100	1.3828425	
137200	1.3404911	
137300	1.3506894	
137400	1.4109936	
137500	1.5160443	
137600	1.6568639	
137700	1.8204386	
137800	1.9937755	
137900	2.1647362	
138000	2.3235235	
138100	2.4622346	
138200	2.5763327	
138300	2.6584709	
138400	2.7081801	
138500	2.7211981	
138600	2.6980226	
138700	2.6353949	
138800	2.5381817	
138900	2.4117829	
139000	2.2650468	
139100	2.1016631	
139200	1.9311953	
139300	1.7623218	
139400	1.6076427	
139500	1.4790077	
139600	1.3877129	
139700	1.3426822	
139800	1.3474178	
139900	1.4032577	
140000	1.5039386	
140100	1.6411154	
140200	1.8026198	
140300	1.9773399	
140400	2.1509208	
140500	2.3147438	
140600	2.4585626	
140700	2.5778872	
140800	2.6649195	
140900	2.7184182	
141000	2.7343822	
141100	2.7128711	
141200	2.6510958	
141300	2.5535895	
141400	2.4235884	
141500	2.2724195	
141600	2.1046603	
141700	1.9306474	
141800	1.7583868	
141900	1.6017043	
142000	1.4718521	
142100	1.3818588	
142200	1.3395646	
142300	1.3487031	
142400	1.409373	
142500	1.5142114	
142600	1.6555048	
142700	1.8188024	
142800	1.9926342	
142900	2.1633139	
143000	2.3223791	
143100	2.4627973	
143200	2.5748256	
143300	2.658192	
143400	2.7085178	
143500	2.7220379	
143600	2.6996113	
143700	2.6379324	
143800	2.5417546	
143900	2.41622	
144000	2.2701315	
144100	2.1077063	
144200	1.937476	
144300	1.7683238	
144400	1.6122525	
144500	1.4825017	
144600	1.3902276	
144700	1.3423233	
144800	1.3457263	
144900	1.3998211	
145000	1.4991253	
145100	1.6354908	
145200	1.7969717	
145300	1.9715048	
145400	2.1468256	
145500	2.3115173	
145600	2.4582182	
145700	2.5777373	
145800	2.6671776	
145900	2.7215163	
146000	2.7391773	
146100	2.7181929	
146200	2.6573642	
146300	2.5599704	
146400	2.429575	
146500	2.2776869	
146600	2.1096538	
146700	1.9343306	
146800	1.7611941	
146900	1.6029361	
147000	1.4721843	
147100	1.3818907	
147200	1.3383572	
147300	1.3472293	
147400	1.4069642	
147500	1.512018	
147600	1.6531685	
147700	1.8166128	
147800	1.9905906	
147900	2.1623674	
148000	2.3209987	
148100	2.461259	
148200	2.5740305	
148300	2.6579903	
148400	2.7088153	
148500	2.7230286	
148600	2.7016357	
148700	2.6412739	
148800	2.5459757	
148900	2.4216727	
149000	2.2765603	
149100	2.1147149	
149200	1.9448075	
149300	1.7747683	
149400	1.6187677	
149500	1.4872265	
149600	1.3924577	
149700	1.3428571	
149800	1.344323	
149900	1.3954288	
150000	1.4936235	
150100	1.6296024	
150200	1.7901443	
150300	1.9652081	
150400	2.1413537	
150500	2.3083808	
150600	2.4561757	
150700	2.5780728	
150800	2.6688155	
150900	2.7256533	
151000	2.7445377	
151100	2.7247658	
151200	2.6649101	
151300	2.5676261	
151400	2.4372036	
151500	2.2845937	
151600	2.1155078	
151700	1.9390731	
151800	1.7654283	
151900	1.6049614	
152000	1.4734656	
152100	1.3820319	
152200	1.3373373	
152300	1.3456915	
152400	1.4049875	
152500	1.5100148	
152600	1.6509619	
152700	1.814257	
152800	1.988996	
152900	2.1603585	
153000	2.3208135	
153100	2.4599872	
153200	2.5743734	
153300	2.6577722	
153400	2.7099075	
153500	2.7250478	
153600	2.7042671	
153700	2.645784	
153800	2.551764	
153900	2.4286671	
154000	2.2848327	
154100	2.1234981	
154200	1.9535144	
154300	1.7832732	
154400	1.6258818	
154500	1.4928216	
154600	1.3946701	
154700	1.3439178	
154800	1.3427121	
154900	1.3920201	
155000	1.4878831	
155100	1.622453	
155200	1.7833711	
155300	1.9589359	
155400	2.136481	
155500	2.3044396	
155600	2.4545007	
155700	2.5792014	
155800	2.6720276	
155900	2.730204	
156000	2.7515494	
156100	2.7325499	
156200	2.6738701	
156300	2.5769149	
156400	2.4466527	
156500	2.2924422	
156600	2.1231065	
156700	1.9449515	
156800	1.7701072	
156900	1.6079753	
157000	1.4751163	
157100	1.3821265	
157200	1.336437	
157300	1.3442671	
157400	1.402887	
157500	1.5077242	
157600	1.6484915	
157700	1.8121562	
157800	1.9867722	
157900	2.1590576	
158000	2.320149	
158100	2.4587602	
158200	2.5737705	
158300	2.6587063	
158400	2.710761	
158500	2.7271171	
158600	2.7073767	
158700	2.6496548	
158800	2.5574826	
158900	2.4354883	
159000	2.2927329	
159100	2.132377	
159200	1.9624259	
159300	1.791901	
159400	1.6334922	
159500	1.4982558	
159600	1.3983216	
159700	1.3445547	
159800	1.3407956	
159900	1.3881449	
160000	1.4817366	
160100	1.6144908	
160200	1.7753549	
160300	1.9513468	
160400	2.1298484	
160500	2.300507	
160600	2.4523889	
160700	2.5795294	
160800	2.6747519	
160900	2.7347381	
161000	2.7582132	
161100	2.7404013	
161200	2.6828656	
161300	2.5860598	
161400	2.4564142	
161500	2.3010324	
161600	2.1303456	
161700	1.9509	
161800	1.7745717	
161900	1.6107328	
162000	1.476813	
162100	1.3820227	
162200	1.3357295	
162300	1.3422362	
162400	1.400533	
162500	1.5045548	
162600	1.6452805	
162700	1.8094149	
162800	1.9838574	
162900	2.1566885	
163000	2.3180899	
163100	2.4570357	
163200	2.572847	
163300	2.657671	
163400	2.7107678	
163500	2.7283855	
163600	2.7093971	
163700	2.6534891	
163800	2.5626871	
163900	2.4420987	
164000	2.3009861	
164100	2.1417884	
164200	1.9721534	
164300	1.8015092	
164400	1.6415312	
164500	1.504967	
164600	1.4022965	
164700	1.3457666	
164800	1.3390325	
164900	1.3830878	
165000	1.4745694	
165100	1.6057516	
165200	1.7653342	
165300	1.9416925	
165400	2.1209397	
165500	2.2943687	
165600	2.4483537	
165700	2.5789226	
165800	2.6770381	
165900	2.7396594	
166000	2.7649154	
166100	2.7490199	
166200	2.6928306	
166300	2.5975496	
166400	2.4670979	
166500	2.311734	
166600	2.1398011	
166700	1.9589907	
166800	1.7802683	
166900	1.6154112	
167000	1.4791976	
167100	1.3823765	
167200	1.3349122	
167300	1.3404087	
167400	1.3978569	
167500	1.5014789	
167600	1.6416065	
167700	1.805326	
167800	1.9802154	
167900	2.1532528	
168000	2.3150482	
168100	2.4552889	
168200	2.5713251	
168300	2.6573861	
168400	2.7108091	
168500	2.7301805	
168600	2.7121479	
168700	2.6585901	
168800	2.5693896	
168900	2.4500027	
169000	2.3107792	
169100	2.1527193	
169200	1.9831111	
169300	1.8125758	
169400	1.6513402	
169500	1.5124309	
169600	1.4073498	
169700	1.347485	
169800	1.3375738	
169900	1.3781784	
170000	1.4669588	
170100	1.5960121	
170200	1.7547973	
170300	1.9309059	
170400	2.1120789	
170500	2.2870679	
170600	2.4439291	
170700	2.5774344	
170800	2.6788596	
170900	2.7442802	
171000	2.7715622	
171100	2.7579226	
171200	2.7033018	
171300	2.6085161	
171400	2.4789329	
171500	2.3229911	
171600	2.1493558	
171700	1.9673088	
171800	1.7865203	
171900	1.6199152	
172000	1.481403	
172100	1.3830893	
172200	1.3338882	
172300	1.3384679	
172400	1.3943437	
172500	1.4974482	
172600	1.6373206	
172700	1.8008208	
172800	1.9757468	
172900	2.1493794	
173000	2.3121317	
173100	2.4523332	
173200	2.5691332	
173300	2.6561333	
173400	2.7105101	
173500	2.7312834	
173600	2.7151917	
173700	2.6627975	
173800	2.5761386	
173900	2.458402	
174000	2.3207978	
174100	2.1642952	
174200	1.9949792	
174300	1.8246705	
174400	1.6616033	
174500	1.5210479	
174600	1.4133981	
174700	1.3500312	
174800	1.3359602	
174900	1.3729795	
175000	1.458318	
175100	1.5845501	
175200	1.741879	
175300	1.918017	
175400	2.1002714	
175500	2.2784093	
175600	2.4389549	
175700	2.5743935	
175800	2.6802858	
175900	2.7486727	
176000	2.7786462	
176100	2.7680473	
176200	2.7152144	
176300	2.6225653	
176400	2.4930912	
176500	2.3366234	
176600	2.1611567	
176700	1.9778272	
176800	1.7946602	
176900	1.6267401	
177000	1.4852728	
177100	1.3847753	
177200	1.3337763	
177300	1.3361634	
177400	1.3907394	
177500	1.4927019	
177600	1.6315193	
177700	1.7946118	
177800	1.9698025	
177900	2.1437962	
178000	2.3066388	
178100	2.4499123	
178200	2.5658939	
178300	2.6545364	
178400	2.7099305	
178500	2.7326605	
178600	2.7188152	
178700	2.669014	
178800	2.5845819	
178900	2.468894	
179000	2.3334944	
179100	2.1788592	
179200	2.0103877	
179300	1.8394518	
179400	1.6752501	
179500	1.5322762	
179600	1.4214419	
179700	1.3538817	
179800	1.3349999	
179900	1.367849	
180000	1.4483426	
180100	1.5718107	
180200	1.727492	
180300	1.9026317	
180400	2.0860499	
180500	2.2666284	
180600	2.4312248	
180700	2.5709518	
180800	2.6807025	
180900	2.7532761	
181000	2.7870597	
181100	2.779607	
181200	2.7290611	
181300	2.6376002	
181400	2.5086166	
181500	2.3524413	
181600	2.174686	
181700	1.9899665	
181800	1.8046642	
181900	1.6338939	
182000	1.4896706	
182100	1.3871779	
182200	1.3335123	
182300	1.3338732	
182400	1.386986	
182500	1.4865914	
182600	1.6245198	
182700	1.786891	
182800	1.9620156	
182900	2.1363144	
183000	2.3004529	
183100	2.4444993	
183200	2.561498	
183300	2.6512977	
183400	2.7084515	
183500	2.7327462	
183600	2.7208953	
183700	2.6735088	
183800	2.5919686	
183900	2.4786461	
184000	2.345078	
184100	2.1926592	
184200	2.0249724	
184300	1.8536445	
184400	1.6885767	
184500	1.5432668	
184600	1.4294638	
184700	1.3574619	
184800	1.334286	
184900	1.3622005	
185000	1.4385262	
185100	1.556648	
185200	1.7100926	
185300	1.8841612	
185400	2.0686953	
185500	2.2510995	
185600	2.4198617	
185700	2.5640355	
185800	2.6775048	
185900	2.7550168	
186000	2.7927616	
186100	2.7883657	
186200	2.7408994	
186300	2.650908	
186400	2.523041	
186500	2.3673295	
186600	2.1885634	
186700	2.0011511	
186800	1.8146109	
186900	1.6417109	
187000	1.4943096	
187100	1.3892723	
187200	1.3330791	
187300	1.3307421	
187400	1.3817234	
187500	1.479291	
187600	1.6156751	
187700	1.7769982	
187800	1.9509928	
187900	2.1252841	
188000	2.2897999	
188100	2.4352544	
188200	2.5533291	
188300	2.6437241	
188400	2.7032923	
188500	2.7287179	
188600	2.7197093	
188700	2.6749624	
188800	2.5962122	
188900	2.4860659	
189000	2.3550353	
189100	2.2044984	
189200	2.0389927	
189300	1.8677582	
189400	1.7028831	
189500	1.5543134	
189600	1.4384854	
189700	1.3626259	
189800	1.3336292	
189900	1.3553867	
190000	1.4259425	
190100	1.5389164	
190200	1.6881722	
190300	1.8606033	
190400	2.045443	
190500	2.2302295	
190600	2.4020527	
190700	2.5510843	
190800	2.6700488	
190900	2.7522412	
191000	2.7952244	
191100	2.794479	
191200	2.7502551	
191300	2.6616323	
191400	2.5367302	
191500	2.3801351	
191600	2.2009704	
191700	2.0117746	
191800	1.8227257	
191900	1.646341	
192000	1.4988823	
192100	1.3905764	
192200	1.3319929	
192300	1.327244	
192400	1.3752015	
192500	1.4714486	
192600	1.604198	
192700	1.7644133	
192800	1.9366531	
192900	2.1104192	
193000	2.2751574	
193100	2.4208431	
193200	2.540292	
193300	2.6317507	
193400	2.6920502	
193500	2.7198307	
193600	2.7126878	
193700	2.6701974	
193800	2.5949533	
193900	2.4879256	
194000	2.3601074	
194100	2.2120779	
194200	2.0488577	
194300	1.8788437	
194400	1.714339	
194500	1.5651189	
194600	1.4462731	
194700	1.3667108	
194800	1.3327254	
194900	1.3483082	
195000	1.4126907	
195100	1.5203346	
195200	1.6635022	
195300	1.8339118	
195400	2.0171471	
195500	2.2029647	
195600	2.3779504	
195700	2.5318808	
195800	2.6551724	
195900	2.7433367	
196000	2.7898567	
196100	2.7943109	
196200	2.7534302	
196300	2.669271	
196400	2.5435394	
196500	2.3885598	
196600	2.2098789	
196700	2.0191767	
196800	1.8289203	
196900	1.6509646	
197000	1.501487	
197100	1.3913643	
197200	1.330507	
197300	1.3225015	
197400	1.3677873	
197500	1.4610911	
197600	1.5903615	
197700	1.7475389	
197800	1.9175225	
197900	2.0893312	
198000	2.2535051	
198100	2.399619	
198200	2.5190144	
198300	2.6120954	
198400	2.6737563	
198500	2.7025418	
198600	2.6972578	
198700	2.6581378	
198800	2.5859737	
198900	2.4818244	
199000	2.3581423	
199100	2.2136372	
199200	2.0529903	
199300	1.8855633	
199400	1.7220839	
199500	1.573301	
199600	1.4525686	
199700	1.3693819	
199800	1.3313176	
199900	1.3403568	
200000	1.3977616	
200100	1.498905	
200200	1.635681	
200300	1.8023689	
200400	1.9834435	
200500	2.1689503	
200600	2.3459033	
200700	2.5046409	
200800	2.6322287	
200900	2.7252395	
201000	2.7763653	
201100	2.783965	
201200	2.747338	
201300	2.6655466	
201400	2.5418877	
201500	2.3879887	
201600	2.209423	
201700	2.0184373	
201800	1.8280454	
201900	1.6497015	
202000	1.5001467	
202100	1.389025	
202200	1.3266358	
202300	1.3170619	
202400	1.3598448	
202500	1.4497099	
202600	1.5753547	
202700	1.7281236	
202800	1.8946033	
202900	2.0627387	
203000	2.2241875	
203100	2.3684915	
203200	2.4872254	
203300	2.5809324	
203400	2.6428632	
203500	2.6724302	
203600	2.6687773	
203700	2.6315338	
203800	2.5618535	
203900	2.4613515	
204000	2.3407496	
204100	2.200268	
204200	2.0437209	
204300	1.8800547	
204400	1.7198865	
204500	1.572983	
204600	1.4526445	
204700	1.3683878	
204800	1.3263652	
204900	1.3311753	
205000	1.3821077	
205100	1.4769478	
205200	1.6073947	
205300	1.768155	
205400	1.9457432	
205500	2.1287277	
205600	2.3062286	
205700	2.4659677	
205800	2.5953932	
205900	2.6913172	
206000	2.74622	
206100	2.7558564	
206200	2.7213015	
206300	2.6415164	
206400	2.5189399	
206500	2.3655919	
206600	2.1879403	
206700	1.9988709	
206800	1.8105792	
206900	1.6349924	
207000	1.4885764	
207100	1.3806347	
207200	1.3196331	
207300	1.3101937	
207400	1.3515478	
207500	1.4374025	
207600	1.5595046	
207700	1.7068182	
207800	1.8668704	
207900	2.0289765	
208000	2.1857048	
208100	2.3253572	
208200	2.44157	
208300	2.5340285	
208400	2.5939359	
208500	2.6238279	
208600	2.6200987	
208700	2.5836728	
208800	2.5159071	
208900	2.4189148	
209000	2.3026519	
209100	2.1665875	
209200	2.0152845	
209300	1.8581032	
209400	1.7032854	
209500	1.5616588	
209600	1.4443461	
209700	1.3610008	
209800	1.3181131	
209900	1.3192305	
210000	1.3657016	
210100	1.4540342	
210200	1.5784622	
210300	1.7318572	
210400	1.9037001	
210500	2.0815972	
210600	2.2553029	
210700	2.4118478	
210800	2.5419688	
210900	2.6383434	
211000	2.6931746	
211100	2.7043237	
211200	2.6700607	
211300	2.5907375	
211400	2.4697192	
211500	2.3182749	
211600	2.1433028	
211700	1.958628	
211800	1.7757542	
211900	1.6066254	
212000	1.4676091	
212100	1.3651047	
212200	1.3089402	
212300	1.3005286	
212400	1.3414933	
212500	1.4251233	
212600	1.5420766	
212700	1.6814304	
212800	1.8338346	
212900	1.9876573	
213000	2.1354511	
213100	2.2707146	
213200	2.3821936	
213300	2.4713315	
213400	2.5303139	
213500	2.5591391	
213600	2.5556794	
213700	2.5201678	
213800	2.4534994	
213900	2.3601696	
214000	2.2481669	
214100	2.1172413	
214200	1.9731836	
214300	1.8241058	
214400	1.6768882	
214500	1.5430709	
214600	1.4311262	
214700	1.3505446	
214800	1.3079266	
214900	1.3074871	
215000	1.3494819	
215100	1.4303954	
215200	1.5487166	
215300	1.6935688	
215400	1.8568314	
215500	2.0263263	
215600	2.1924363	
215700	2.3424174	
215800	2.4707526	
215900	2.5644342	
216000	2.61803	
216100	2.6288089	
216200	2.595392	
216300	2.5185198	
216400	2.4018416	
216500	2.2512363	
216600	2.0827944	
216700	1.9042529	
216800	1.7304274	
216900	1.5721797	
217000	1.4411517	
217100	1.346233	
217200	1.2953421	
217300	1.2895724	
217400	1.3293395	
217500	1.4094761	
217600	1.5195433	
217700	1.651043	
217800	1.7940693	
217900	1.9393379	
218000	2.0792958	
218100	2.2043348	
218200	2.3130757	
218300	2.3986517	
218400	2.4567708	
218500	2.4850974	
218600	2.4818167	
218700	2.4471773	
218800	2.3827758	
218900	2.2946485	
219000	2.1843801	
219100	2.0591288	
219200	1.9233033	
219300	1.782617	
219400	1.6454	
219500	1.5198151	
219600	1.4153545	
219700	1.3395876	
219800	1.2988016	
219900	1.2967249	
220000	1.3349052	
220100	1.4104247	
220200	1.5191952	
220300	1.6542116	
220400	1.8059879	
220500	1.9633971	
220600	2.1157842	
220700	2.2577982	
220800	2.3773771	
220900	2.4656116	
221000	2.5154565	
221100	2.5259002	
221200	2.4922359	
221300	2.4170128	
221400	2.3045281	
221500	2.1602575	
221600	1.9998234	
221700	1.8324444	
221800	1.6701496	
221900	1.5240855	
222000	1.4049744	
222100	1.3207364	
222200	1.2755379	
222300	1.2735968	
222400	1.3121031	
222500	1.3874711	
222600	1.4903414	
222700	1.6129496	
222800	1.7469498	
222900	1.8818878	
223000	2.0131114	
223100	2.1311476	
223200	2.2343564	
223300	2.3159935	
223400	2.3722636	
223500	2.3999721	
223600	2.397299	
223700	2.3631763	
223800	2.3008349	
223900	2.216218	
224000	2.1105463	
224100	1.9924196	
224200	1.8649621	
224300	1.7349162	
224400	1.6091287	
224500	1.4949982	
224600	1.4001759	
224700	1.3318605	
224800	1.2938573	
224900	1.2920849	
225000	1.3267005	
225100	1.3949529	
225200	1.4934956	
225300	1.6149939	
225400	1.7507295	
225500	1.8899176	
225600	2.0288661	
225700	2.1555536	
225800	2.2625766	
225900	2.3431855	
226000	2.3891466	
226100	2.3988709	
226200	2.367919	
226300	2.2982358	
226400	2.1938406	
226500	2.0604363	
226600	1.9116749	
226700	1.7581763	
226800	1.609698	
226900	1.4771533	
227000	1.3698159	
227100	1.2933827	
227200	1.2531543	
227300	1.2514373	
227400	1.2860378	
227500	1.35427	
227600	1.4475579	
227700	1.5613395	
227800	1.6844626	
227900	1.8102633	
228000	1.9310028	
228100	2.0439398	
228200	2.1408668	
228300	2.2196317	
228400	2.2728443	
228500	2.3021602	
228600	2.3004084	
228700	2.2698181	
228800	2.2122249	
228900	2.1326871	
229000	2.0354009	
229100	1.9257061	
229200	1.8070447	
229300	1.6892042	
229400	1.5758559	
229500	1.473801	
229600	1.3897422	
229700	1.3275247	
229800	-40.772565	
