100	-0.0069711808	
200	0.0024292832	
300	-0.00055825211	
400	0.00012629967	
500	-0.00020543645	
600	-8.39445e-05	
700	-7.4448106e-05	
800	-0.00012698191	
900	-0.00017474387	
1000	1.5682334e-05	
1100	-0.00016566642	
1200	-0.00028132248	
1300	0.00010387682	
1400	0.00020654269	
1500	0.00094735142	
1600	0.0021632248	
1700	0.0026731782	
1800	0.0045308743	
1900	0.006418301	
2000	0.008491535	
2100	0.010570707	
2200	0.013716744	
2300	0.016886901	
2400	0.020290478	
2500	0.024497574	
2600	0.029189963	
2700	0.034464823	
2800	0.039834185	
2900	0.045727901	
3000	0.052424804	
3100	0.059427513	
3200	0.066621777	
3300	0.074246746	
3400	0.08220392	
3500	0.090506031	
3600	0.10010828	
3700	0.10968992	
3800	0.11958105	
3900	0.12965761	
4000	0.1404069	
4100	0.15178037	
4200	0.16290864	
4300	0.17444962	
4400	0.18636982	
4500	0.19829871	
4600	0.21076836	
4700	0.22358108	
4800	0.23601909	
4900	0.24953976	
5000	0.26260457	
5100	0.27618029	
5200	0.28959542	
5300	0.30349576	
5400	0.31735848	
5500	0.3309393	
5600	0.34545221	
5700	0.35914344	
5800	0.37330747	
5900	0.38722722	
6000	0.40139397	
6100	0.41493651	
6200	0.4285221	
6300	0.44095498	
6400	0.45326573	
6500	0.46467772	
6600	0.47556924	
6700	0.48548632	
6800	0.49396066	
6900	0.50069389	
7000	0.50616825	
7100	0.50982925	
7200	0.5113172	
7300	0.51132603	
7400	0.5087508	
7500	0.50379518	
7600	0.49584686	
7700	0.4857943	
7800	0.47306161	
7900	0.46107034	
8000	0.44378756	
8100	0.4251602	
8200	0.40415553	
8300	0.38166496	
8400	0.35283025	
8500	0.32628155	
8600	0.29739044	
8700	0.2672314	
8800	0.2356411	
8900	0.19912749	
9000	0.16453384	
9100	0.12783863	
9200	0.089354588	
9300	0.04969918	
9400	0.0079924931	
9500	-0.034977281	
9600	-0.07915931	
9700	-0.12569621	
9800	-0.17545223	
9900	-0.22477924	
10000	-0.27704318	
10100	-0.33024633	
10200	-0.38598902	
10300	-0.44120115	
10400	-0.49740157	
10500	-0.55325225	
10600	-0.60916869	
10700	-0.66389367	
10800	-0.71676541	
10900	-0.76836799	
11000	-0.81703902	
11100	-0.86296813	
11200	-0.90602489	
11300	-0.94517736	
11400	-0.98039027	
11500	-1.0109686	
11600	-1.0358252	
11700	-1.0571192	
11800	-1.0709878	
11900	-1.0820431	
12000	-1.0826806	
12100	-1.0818365	
12200	-1.07218	
12300	-1.0540559	
12400	-1.0304172	
12500	-0.99894225	
12600	-0.96017135	
12700	-0.9131922	
12800	-0.85848663	
12900	-0.79639629	
13000	-0.72483907	
13100	-0.64435401	
13200	-0.55389353	
13300	-0.45388914	
13400	-0.34062744	
13500	-0.22206771	
13600	-0.095372605	
13700	0.035262478	
13800	0.16759581	
13900	0.29595438	
14000	0.41677375	
14100	0.52668415	
14200	0.62244068	
14300	0.70289575	
14400	0.76832832	
14500	0.81962681	
14600	0.85852267	
14700	0.88647044	
14800	0.90579998	
14900	0.91833942	
15000	0.92539245	
15100	0.92682239	
15200	0.92339101	
15300	0.91362538	
15400	0.89991586	
15500	0.87953113	
15600	0.85147295	
15700	0.81414391	
15800	0.76547504	
15900	0.70429778	
16000	0.6292115	
16100	0.53992592	
16200	0.43675658	
16300	0.32200779	
16400	0.19695557	
16500	0.065671181	
16600	-0.069274985	
16700	-0.20380299	
16800	-0.33437116	
16900	-0.45773708	
17000	-0.57119899	
17100	-0.6734078	
17200	-0.76266886	
17300	-0.83872696	
17400	-0.90223326	
17500	-0.95411816	
17600	-0.99533263	
17700	-1.0274718	
17800	-1.0515392	
17900	-1.0680946	
18000	-1.0770542	
18100	-1.0783988	
18200	-1.0697549	
18300	-1.0499753	
18400	-1.0123792	
18500	-0.95940286	
18600	-0.88565229	
18700	-0.79141747	
18800	-0.67636937	
18900	-0.5453155	
19000	-0.39957495	
19100	-0.24894288	
19200	-0.095134184	
19300	0.053942892	
19400	0.19342011	
19500	0.32006565	
19600	0.43208704	
19700	0.5284713	
19800	0.60725708	
19900	0.67426318	
20000	0.72837345	
20100	0.77210286	
20200	0.80843441	
20300	0.83992631	
20400	0.86888961	
20500	0.89540958	
20600	0.92136079	
20700	0.94362978	
20800	0.95874604	
20900	0.96167146	
21000	0.94893981	
21100	0.91491801	
21200	0.85735453	
21300	0.77971438	
21400	0.68209699	
21500	0.56872881	
21600	0.44514328	
21700	0.31323505	
21800	0.17900395	
21900	0.046896723	
22000	-0.079147483	
22100	-0.19654879	
22200	-0.30291308	
22300	-0.3971016	
22400	-0.47731795	
22500	-0.54403139	
22600	-0.59783488	
22700	-0.64110104	
22800	-0.67922595	
22900	-0.71425203	
23000	-0.75146084	
23100	-0.79258264	
23200	-0.83671081	
23300	-0.88069697	
23400	-0.9190367	
23500	-0.94279397	
23600	-0.95074185	
23700	-0.9349832	
23800	-0.89514016	
23900	-0.83125515	
24000	-0.74533421	
24100	-0.64102386	
24200	-0.52331622	
24300	-0.39681438	
24400	-0.26839425	
24500	-0.14082468	
24600	-0.023350514	
24700	0.087953293	
24800	0.18705535	
24900	0.27153623	
25000	0.34118966	
25100	0.39551483	
25200	0.43678904	
25300	0.46886017	
25400	0.49781698	
25500	0.53084906	
25600	0.57317687	
25700	0.62555913	
25800	0.68408145	
25900	0.745515	
26000	0.80116571	
26100	0.84281814	
26200	0.86338446	
26300	0.86067291	
26400	0.83186852	
26500	0.77736452	
26600	0.70629589	
26700	0.61372806	
26800	0.5102396	
26900	0.40308119	
27000	0.29538804	
27100	0.19111477	
27200	0.097382061	
27300	0.0085348178	
27400	-0.068130261	
27500	-0.13289443	
27600	-0.18438596	
27700	-0.2229062	
27800	-0.25156085	
27900	-0.27537671	
28000	-0.3026666	
28100	-0.34173767	
28200	-0.39445324	
28300	-0.46320084	
28400	-0.53959197	
28500	-0.61640048	
28600	-0.68342663	
28700	-0.73198791	
28800	-0.75552332	
28900	-0.75633049	
29000	-0.73065751	
29100	-0.68064189	
29200	-0.60944431	
29300	-0.52111605	
29400	-0.42597707	
29500	-0.32753063	
29600	-0.23278527	
29700	-0.14533308	
29800	-0.069124164	
29900	-0.00399919	
30000	0.04373098	
30100	0.080744813	
30200	0.10309954	
30300	0.11353132	
30400	0.11674268	
30500	0.12146776	
30600	0.13896143	
30700	0.17290383	
30800	0.22739354	
30900	0.29497642	
31000	0.36557832	
31100	0.42856568	
31200	0.47291144	
31300	0.49735034	
31400	0.49710291	
31500	0.47397243	
31600	0.430763	
31700	0.37263661	
31800	0.30617123	
31900	0.24106544	
32000	0.18005756	
32100	0.13000309	
32200	0.08839193	
32300	0.058148781	
32400	0.037405689	
32500	0.027409216	
32600	0.029424161	
32700	0.037918295	
32800	0.053567007	
32900	0.071145398	
33000	0.081730353	
33100	0.077273919	
33200	0.049207946	
33300	0.00060192635	
33400	-0.059591338	
33500	-0.12132109	
33600	-0.17400785	
33700	-0.20662648	
33800	-0.22088974	
33900	-0.21353362	
34000	-0.18592356	
34100	-0.14272833	
34200	-0.090124667	
34300	-0.035634096	
34400	0.011527062	
34500	0.049114244	
34600	0.071978006	
34700	0.083740315	
34800	0.08069196	
34900	0.066612352	
35000	0.040069353	
35100	0.0019768641	
35200	-0.042761809	
35300	-0.091348774	
35400	-0.13768993	
35500	-0.17148147	
35600	-0.18640435	
35700	-0.1760031	
35800	-0.14571427	
35900	-0.10580671	
36000	-0.066645528	
36100	-0.040490081	
36200	-0.026993876	
36300	-0.030471669	
36400	-0.049950412	
36500	-0.07939312	
36600	-0.11378496	
36700	-0.14408711	
36800	-0.16932499	
36900	-0.18062076	
37000	-0.17544932	
37100	-0.15792545	
37200	-0.13002626	
37300	-0.092428553	
37400	-0.048481175	
37500	0.0037176066	
37600	0.057695732	
37700	0.1148697	
37800	0.17074881	
37900	0.21736539	
38000	0.24611752	
38100	0.25131448	
38200	0.23490552	
38300	0.19623595	
38400	0.14904572	
38500	0.10376594	
38600	0.069017564	
38700	0.049722647	
38800	0.048827624	
38900	0.062943017	
39000	0.08980176	
39100	0.12250271	
39200	0.15564179	
39300	0.18339722	
39400	0.20060096	
39500	0.20497421	
39600	0.19787589	
39700	0.18013285	
39800	0.15197194	
39900	0.11411111	
40000	0.070505246	
40100	0.019966108	
40200	-0.036033897	
40300	-0.092867126	
40400	-0.14337152	
40500	-0.17818126	
40600	-0.19055879	
40700	-0.17977319	
40800	-0.15257264	
40900	-0.11151887	
41000	-0.070737613	
41100	-0.03698274	
41200	-0.017741622	
41300	-0.012830687	
41400	-0.022141996	
41500	-0.042980302	
41600	-0.067911025	
41700	-0.093711965	
41800	-0.11405068	
41900	-0.12609941	
42000	-0.12748376	
42100	-0.11842468	
42200	-0.10677587	
42300	-0.086950239	
42400	-0.063364598	
42500	-0.032072125	
42600	0.004637434	
42700	0.047816075	
42800	0.090007847	
42900	0.12772237	
43000	0.15393004	
43100	0.15795327	
43200	0.13821988	
43300	0.099342267	
43400	0.050000096	
43500	-0.0029394719	
43600	-0.047563808	
43700	-0.07760893	
43800	-0.087653365	
43900	-0.079591852	
44000	-0.056302899	
44100	-0.023223812	
44200	0.014798939	
44300	0.050465904	
44400	0.080274013	
44500	0.10115504	
44600	0.11080622	
44700	0.11716341	
44800	0.11364808	
44900	0.10438677	
45000	0.085677417	
45100	0.058584656	
45200	0.02364294	
45300	-0.016561501	
45400	-0.054062099	
45500	-0.082750225	
45600	-0.09121221	
45700	-0.078147395	
45800	-0.046591321	
45900	0.00042971883	
46000	0.050472744	
46100	0.093834539	
46200	0.12318721	
46300	0.13321257	
46400	0.12486848	
46500	0.10187242	
46600	0.067944426	
46700	0.030084473	
46800	-0.0056367924	
46900	-0.034909323	
47000	-0.051384121	
47100	-0.066022631	
47200	-0.072922289	
47300	-0.072350958	
47400	-0.066929149	
47500	-0.052986182	
47600	-0.031892814	
47700	-0.00084824168	
47800	0.032387351	
47900	0.065519666	
48000	0.090500886	
48100	0.095854736	
48200	0.077384308	
48300	0.040854359	
48400	-0.013785846	
48500	-0.070912202	
48600	-0.12098702	
48700	-0.15607909	
48800	-0.16899938	
48900	-0.16125839	
49000	-0.13455972	
49100	-0.095023076	
49200	-0.04978436	
49300	-0.0042120741	
49400	0.034557058	
49500	0.064631304	
49600	0.082910398	
49700	0.09752836	
49800	0.10215993	
49900	0.099390349	
50000	0.08734965	
50100	0.064955529	
50200	0.033291911	
50300	-0.0057475641	
50400	-0.043463869	
50500	-0.073573835	
50600	-0.083990464	
50700	-0.070796455	
50800	-0.038728323	
50900	0.010232994	
51000	0.063198173	
51100	0.10910646	
51200	0.13906839	
51300	0.14923645	
51400	0.14007645	
51500	0.11339282	
51600	0.076053629	
51700	0.0340516	
51800	-0.0056316317	
51900	-0.037481397	
52000	-0.059183743	
52100	-0.069834733	
52200	-0.077255383	
52300	-0.075358144	
52400	-0.06815137	
52500	-0.052420697	
52600	-0.027950311	
52700	0.0063707052	
52800	0.043755927	
52900	0.080298929	
53000	0.10920424	
53100	0.11597509	
53200	0.09894009	
53300	0.062674339	
53400	0.008816321	
53500	-0.047710128	
53600	-0.096566005	
53700	-0.12882262	
53800	-0.14002478	
53900	-0.13026141	
54000	-0.10285265	
54100	-0.063159414	
54200	-0.019154731	
54300	0.023486925	
54400	0.058463541	
54500	0.083362596	
54600	0.096378527	
54700	0.10500178	
54800	0.10285452	
54900	0.093796788	
55000	0.074961715	
55100	0.046190569	
55200	0.0085165368	
55300	-0.036006905	
55400	-0.076867777	
55500	-0.10905397	
55600	-0.11949648	
55700	-0.10585039	
55800	-0.072550168	
55900	-0.023571702	
56000	0.027542803	
56100	0.071638337	
56200	0.099036774	
56300	0.10761335	
56400	0.09668735	
56500	0.070090674	
56600	0.034061134	
56700	-0.0040861265	
56800	-0.039279511	
56900	-0.06593907	
57000	-0.081758844	
57100	-0.086777853	
57200	-0.088307861	
57300	-0.080550698	
57400	-0.067584624	
57500	-0.046175269	
57600	-0.016681494	
57700	0.02253258	
57800	0.063115169	
57900	0.10358975	
58000	0.1312693	
58100	0.13799724	
58200	0.11985387	
58300	0.083380491	
58400	0.029877765	
58500	-0.02459642	
58600	-0.071024485	
58700	-0.10119887	
58800	-0.11078492	
58900	-0.10052867	
59000	-0.073975774	
59100	-0.037200178	
59200	0.003245429	
59300	0.041145108	
59400	0.070922398	
59500	0.091259199	
59600	0.099690891	
59700	0.10411469	
59800	0.098757317	
59900	0.0863671	
60000	0.065053639	
60100	0.034374708	
60200	-0.0058486195	
60300	-0.049153038	
60400	-0.09011586	
60500	-0.12054488	
60600	-0.12892223	
60700	-0.11555741	
60800	-0.078268918	
60900	-0.028665997	
61000	0.023388697	
61100	0.066723389	
61200	0.094369677	
61300	0.10265315	
61400	0.092443062	
61500	0.066876553	
61600	0.032088164	
61700	-0.0048153671	
61800	-0.038634911	
61900	-0.063868804	
62000	-0.080140419	
62100	-0.085051572	
62200	-0.086749768	
62300	-0.079949133	
62400	-0.067781225	
62500	-0.047477123	
62600	-0.018843747	
62700	0.019491628	
62800	0.059406643	
62900	0.097144216	
63000	0.12484702	
63100	0.12994126	
63200	0.11361366	
63300	0.073822417	
63400	0.020280958	
63500	-0.034354287	
63600	-0.081047723	
63700	-0.11121205	
63800	-0.12128174	
63900	-0.11125787	
64000	-0.084982118	
64100	-0.048658422	
64200	-0.0085823497	
64300	0.02922029	
64400	0.059085888	
64500	0.080018903	
64600	0.089712754	
64700	0.095385998	
64800	0.091358476	
64900	0.081583746	
65000	0.061855159	
65100	0.033441825	
65200	-0.0052641322	
65300	-0.046554943	
65400	-0.085781532	
65500	-0.11442927	
65600	-0.12079034	
65700	-0.10574916	
65800	-0.066938951	
65900	-0.015680052	
66000	0.037733715	
66100	0.08183249	
66200	0.11070248	
66300	0.11942083	
66400	0.10901538	
66500	0.082615096	
66600	0.046956843	
66700	0.0085263224	
66800	-0.027289537	
66900	-0.054540194	
67000	-0.072870719	
67100	-0.079745797	
67200	-0.083588491	
67300	-0.079407556	
67400	-0.06880342	
67500	-0.050462209	
67600	-0.023478171	
67700	0.013658351	
67800	0.052607299	
67900	0.089723629	
68000	0.11696308	
68100	0.12125569	
68200	0.10463971	
68300	0.063899261	
68400	0.010239303	
68500	-0.044883924	
68600	-0.092001065	
68700	-0.12174102	
68800	-0.13167752	
68900	-0.12120374	
69000	-0.093426238	
69100	-0.056758032	
69200	-0.015730086	
69300	0.022247283	
69400	0.052825954	
69500	0.074170408	
69600	0.084607377	
69700	0.090686571	
69800	0.087404624	
69900	0.077884486	
70000	0.058557169	
70100	0.030440412	
70200	-0.007735923	
70300	-0.048869427	
70400	-0.087601266	
70500	-0.11548097	
70600	-0.12068242	
70700	-0.10485744	
70800	-0.064693992	
70900	-0.012895779	
71000	0.041516996	
71100	0.085898273	
71200	0.11425625	
71300	0.12240848	
71400	0.11119225	
71500	0.08425681	
71600	0.04757882	
71700	0.0082969687	
71800	-0.027863732	
71900	-0.055552111	
72000	-0.074235025	
72100	-0.081222793	
72200	-0.085233084	
72300	-0.080472836	
72400	-0.070217197	
72500	-0.050958287	
72600	-0.023796841	
72700	0.0144211	
72800	0.053682095	
72900	0.092439262	
73000	0.11836096	
73100	0.12294625	
73200	0.1027237	
73300	0.064792044	
73400	0.010429178	
73500	-0.044126137	
73600	-0.090026232	
73700	-0.11952121	
73800	-0.12775855	
73900	-0.11636859	
74000	-0.088607066	
74100	-0.051697782	
74200	-0.011338443	
74300	0.025827112	
74400	0.055198526	
74500	0.075218268	
74600	0.084572433	
74700	0.088940165	
74800	0.084590933	
74900	0.073813077	
75000	0.05342932	
75100	0.024451369	
75200	-0.01472525	
75300	-0.056098182	
75400	-0.095770613	
75500	-0.12208892	
75600	-0.12653261	
75700	-0.10913844	
75800	-0.068163067	
75900	-0.01545626	
76000	0.038900142	
76100	0.082834696	
76200	0.110776	
76300	0.11775292	
76400	0.10621544	
76500	0.07892784	
76600	0.041999803	
76700	0.0033486784	
76800	-0.032610319	
76900	-0.059486479	
77000	-0.077476161	
77100	-0.084026804	
77200	-0.086980729	
77300	-0.081935655	
77400	-0.070391143	
77500	-0.050633647	
77600	-0.022214548	
77700	0.015888142	
77800	0.056179644	
77900	0.095054937	
78000	0.11996084	
78100	0.12397971	
78200	0.10607615	
78300	0.064544344	
78400	0.011174415	
78500	-0.043622602	
78600	-0.088468562	
78700	-0.11705864	
78800	-0.12435779	
78900	-0.11293983	
79000	-0.085456533	
79100	-0.048838037	
79200	-0.0087024915	
79300	0.027499469	
79400	0.05574538	
79500	0.074606738	
79600	0.083108033	
79700	0.086736283	
79800	0.08174412	
79900	0.070440169	
80000	0.049848135	
80100	0.020575583	
80200	-0.018864015	
80300	-0.060176305	
80400	-0.099516297	
80500	-0.12458516	
80600	-0.12799979	
80700	-0.10684743	
80800	-0.067377479	
80900	-0.013582674	
81000	0.040442683	
81100	0.08448031	
81200	0.1118448	
81300	0.11871145	
81400	0.10682674	
81500	0.078953809	
81600	0.042045827	
81700	0.003144133	
81800	-0.032476245	
81900	-0.059599518	
82000	-0.077325372	
82100	-0.084025382	
82200	-0.087498638	
82300	-0.081922323	
82400	-0.070792143	
82500	-0.051563257	
82600	-0.022442754	
82700	0.01534147	
82800	0.055691111	
82900	0.094119351	
83000	0.11851903	
83100	0.12168906	
83200	0.1004411	
83300	0.06107091	
83400	0.0075071761	
83500	-0.047147471	
83600	-0.092203048	
83700	-0.11977452	
83800	-0.12679918	
83900	-0.11524663	
84000	-0.086872027	
84100	-0.049790031	
84200	-0.0099627651	
84300	0.02592144	
84400	0.0537759	
84500	0.072872424	
84600	0.080565028	
84700	0.084181383	
84800	0.079340147	
84900	0.067536757	
85000	0.047118064	
85100	0.017721991	
85200	-0.021281294	
85300	-0.062346116	
85400	-0.10107678	
85500	-0.12523263	
85600	-0.12740364	
85700	-0.1054903	
85800	-0.064999598	
85900	-0.010764125	
86000	0.043585085	
86100	0.087804995	
86200	0.11466385	
86300	0.12144933	
86400	0.10882375	
86500	0.080150679	
86600	0.04345815	
86700	0.0038104545	
86800	-0.031774804	
86900	-0.059188182	
87000	-0.077187354	
87100	-0.084150084	
87200	-0.087710305	
87300	-0.082312754	
87400	-0.071217481	
87500	-0.051658955	
87600	-0.022918503	
87700	0.015360214	
87800	0.055353711	
87900	0.093300276	
88000	0.11735598	
88100	0.12015736	
88200	0.097942342	
88300	0.058237968	
88400	0.0042875276	
88500	-0.049913652	
88600	-0.094469016	
88700	-0.12172272	
88800	-0.1279945	
88900	-0.11567383	
89000	-0.087257188	
89100	-0.049865443	
89200	-0.010497056	
89300	0.025456974	
89400	0.052849425	
89500	0.071675554	
89600	0.079300567	
89700	0.082755768	
89800	0.076875193	
89900	0.065626843	
90000	0.044624727	
90100	0.015022148	
90200	-0.024315472	
90300	-0.064775136	
90400	-0.10323349	
90500	-0.1266144	
90600	-0.12781465	
90700	-0.10489466	
90800	-0.064002921	
90900	-0.0089812946	
91000	0.045260481	
91100	0.089451738	
91200	0.11595528	
91300	0.12243388	
91400	0.10913527	
91500	0.080142189	
91600	0.042765088	
91700	0.0035951723	
91800	-0.032401597	
91900	-0.059560806	
92000	-0.077567879	
92100	-0.084613011	
92200	-0.088104191	
92300	-0.082663168	
92400	-0.071248212	
92500	-0.051562462	
92600	-0.022762131	
92700	0.015666234	
92800	0.056001097	
92900	0.09368227	
93000	0.11752123	
93100	0.11931473	
93200	0.096669342	
93300	0.056565061	
93400	0.0021682081	
93500	-0.051680479	
93600	-0.095713522	
93700	-0.12243346	
93800	-0.12793053	
93900	-0.11522091	
94000	-0.086068278	
94100	-0.049484216	
94200	-0.0099406538	
94300	0.025921075	
94400	0.052874587	
94500	0.070856899	
94600	0.078326495	
94700	0.081099506	
94800	0.075185962	
94900	0.063107061	
95000	0.042246899	
95100	0.012270888	
95200	-0.026828325	
95300	-0.067474093	
95400	-0.10546723	
95500	-0.12851931	
95600	-0.12834454	
95700	-0.10471838	
95800	-0.063146502	
95900	-0.0076625988	
96000	0.046485194	
96100	0.090643771	
96200	0.11675055	
96300	0.12283615	
96400	0.10920149	
96500	0.079720404	
96600	0.042034221	
96700	0.0026217485	
96800	-0.032801263	
96900	-0.060136889	
97000	-0.07820874	
97100	-0.084809196	
97200	-0.088225962	
97300	-0.082884033	
97400	-0.071298579	
97500	-0.051431529	
97600	-0.0222791	
97700	0.016543935	
97800	0.056249951	
97900	0.09395878	
98000	0.11748817	
98100	0.11877704	
98200	0.095520879	
98300	0.054982377	
98400	0.00047655829	
98500	-0.053334564	
98600	-0.097010815	
98700	-0.12304746	
98800	-0.12821552	
98900	-0.11505211	
99000	-0.0859392	
99100	-0.049050987	
99200	-0.0094434274	
99300	0.025412409	
99400	0.052220277	
99500	0.069975944	
99600	0.076843107	
99700	0.079529254	
99800	0.073488211	
99900	0.060947913	
100000	0.040093057	
100100	0.010572028	
100200	-0.029219674	
100300	-0.069725914	
100400	-0.10722256	
100500	-0.12955347	
100600	-0.1283106	
100700	-0.10394604	
100800	-0.061516869	
100900	-0.0058840115	
101000	0.04850914	
101100	0.092582444	
101200	0.11845286	
101300	0.12416175	
101400	0.11023303	
101500	0.080672487	
101600	0.043120777	
101700	0.0031531131	
101800	-0.032592541	
101900	-0.059945296	
102000	-0.078131804	
102100	-0.084908969	
102200	-0.088003296	
102300	-0.083063337	
102400	-0.070736878	
102500	-0.051303927	
102600	-0.022251431	
102700	0.016752904	
102800	0.056602603	
102900	0.094083313	
103000	0.1168413	
103100	0.11749686	
103200	0.093895817	
103300	0.052796865	
103400	-0.0018308352	
103500	-0.055500989	
103600	-0.098970355	
103700	-0.12436911	
103800	-0.12987436	
103900	-0.11563888	
104000	-0.086721829	
104100	-0.049432375	
104200	-0.010285411	
104300	0.024771402	
104400	0.051147336	
104500	0.068853394	
104600	0.075367263	
104700	0.078260485	
104800	0.071695424	
104900	0.058999928	
105000	0.038311678	
105100	0.0083032956	
105200	-0.030971565	
105300	-0.071489241	
105400	-0.10873806	
105500	-0.12988508	
105600	-0.12834496	
105700	-0.1028362	
105800	-0.060313069	
105900	-0.0038749444	
106000	0.050644749	
106100	0.094883908	
106200	0.12037672	
106300	0.12611321	
106400	0.1115638	
106500	0.08215273	
106600	0.043769132	
106700	0.0036399053	
106800	-0.032224677	
106900	-0.059475138	
107000	-0.077865805	
107100	-0.08485546	
107200	-0.087756452	
107300	-0.082791914	
107400	-0.071211329	
107500	-0.051020703	
107600	-0.022057097	
107700	0.016889796	
107800	0.056399865	
107900	0.093794182	
108000	0.11628687	
108100	0.11627564	
108200	0.092331841	
108300	0.050937318	
108400	-0.0038755749	
108500	-0.057251287	
108600	-0.10075118	
108700	-0.12572548	
108800	-0.13093655	
108900	-0.11642435	
109000	-0.087477427	
109100	-0.049722351	
109200	-0.010804108	
109300	0.024327353	
109400	0.050610264	
109500	0.068256777	
109600	0.074378102	
109700	0.076746374	
109800	0.070320272	
109900	0.057677992	
110000	0.036499714	
110100	0.0064264082	
110200	-0.032637314	
110300	-0.073384405	
110400	-0.11013019	
110500	-0.13096433	
110600	-0.12867539	
110700	-0.10235488	
110800	-0.059205362	
110900	-0.0022466884	
111000	0.052473622	
111100	0.09647926	
111200	0.12213228	
111300	0.12743097	
111400	0.11299061	
111500	0.082845773	
111600	0.044358255	
111700	0.0043178091	
111800	-0.03185478	
111900	-0.059310922	
112000	-0.077915414	
112100	-0.084502976	
112200	-0.088126918	
112300	-0.082999988	
112400	-0.070632644	
112500	-0.050885054	
112600	-0.021804677	
112700	0.017260419	
112800	0.05675499	
112900	0.094023124	
113000	0.11608719	
113100	0.11566375	
113200	0.091170535	
113300	0.049285807	
113400	-0.005552069	
113500	-0.059281868	
113600	-0.10183532	
113700	-0.12701791	
113800	-0.13160505	
113900	-0.11705138	
114000	-0.087907193	
114100	-0.049789984	
114200	-0.010756634	
114300	0.023810297	
114400	0.049979586	
114500	0.067415839	
114600	0.073988415	
114700	0.0754339	
114800	0.069214355	
114900	0.055966617	
115000	0.034687328	
115100	0.0044155042	
115200	-0.034353296	
115300	-0.075335042	
115400	-0.11156606	
115500	-0.13220072	
115600	-0.12893897	
115700	-0.10218549	
115800	-0.058538855	
115900	-0.0012706915	
116000	0.053519294	
116100	0.09743195	
116200	0.1232405	
116300	0.12785543	
116400	0.11281863	
116500	0.083065793	
116600	0.044253898	
116700	0.0039322765	
116800	-0.031713256	
116900	-0.059588796	
117000	-0.078147322	
117100	-0.084696748	
117200	-0.088202615	
117300	-0.083128231	
117400	-0.070500763	
117500	-0.050568673	
117600	-0.021172622	
117700	0.017436585	
117800	0.057447888	
117900	0.09441275	
118000	0.11600054	
118100	0.11536728	
118200	0.089945457	
118300	0.048012792	
118400	-0.0069926719	
118500	-0.060560685	
118600	-0.10341435	
118700	-0.12756055	
118800	-0.13238935	
118900	-0.11756629	
119000	-0.08758005	
119100	-0.050290082	
119200	-0.010596712	
119300	0.02371742	
119400	0.049672083	
119500	0.067008884	
119600	0.075783344	
119700	0.073914096	
119800	0.06788876	
119900	0.05477614	
120000	0.033087935	
120100	0.0029097462	
120200	-0.036205616	
120300	-0.076721175	
120400	-0.11281777	
120500	-0.13287625	
120600	-0.12931562	
120700	-0.1015803	
120800	-0.057343115	
120900	-4.2684695e-05	
121000	0.054759043	
121100	0.099108811	
121200	0.12441198	
121300	0.12902774	
121400	0.11375314	
121500	0.083377338	
121600	0.044622366	
121700	0.0038715076	
121800	-0.031724991	
121900	-0.059885475	
122000	-0.078184169	
122100	-0.085080713	
122200	-0.088125766	
122300	-0.08267612	
122400	-0.070531465	
122500	-0.050282213	
122600	-0.020660245	
122700	0.018004136	
122800	0.058047057	
122900	0.094857338	
123000	0.11637913	
123100	0.11532223	
123200	0.089356971	
123300	0.046737031	
123400	-0.0082394453	
123500	-0.062127998	
123600	-0.10422661	
123700	-0.12873779	
123800	-0.13320039	
123900	-0.11776619	
124000	-0.087788505	
124100	-0.050193428	
124200	-0.011177869	
124300	0.023533714	
124400	0.049445867	
124500	0.06664621	
124600	0.074878474	
124700	0.073401821	
124800	0.067021254	
124900	0.053536848	
125000	0.031491756	
125100	0.001614343	
125200	-0.037940006	
125300	-0.07845904	
125400	-0.11420179	
125500	-0.13369708	
125600	-0.13005255	
125700	-0.10144898	
125800	-0.057040587	
125900	0.0006774373	
126000	0.055309938	
126100	0.099558559	
126200	0.12452428	
126300	0.12901234	
126400	0.11435004	
126500	0.083017182	
126600	0.044428811	
126700	0.0034879649	
126800	-0.032101602	
126900	-0.059859774	
127000	-0.078703499	
127100	-0.085058803	
127200	-0.088081566	
127300	-0.082468258	
127400	-0.070194827	
127500	-0.049772847	
127600	-0.020080175	
127700	0.018592311	
127800	0.058452479	
127900	0.095695404	
128000	0.11668189	
128100	0.11502763	
128200	0.088991447	
128300	0.045948005	
128400	-0.0092092156	
128500	-0.063084147	
128600	-0.10522448	
128700	-0.12951137	
128800	-0.13324778	
128900	-0.11817346	
129000	-0.08812308	
129100	-0.049983074	
129200	-0.011193668	
129300	0.023362355	
129400	0.049221	
129500	0.066111106	
129600	0.074409132	
129700	0.072728458	
129800	0.066202394	
129900	0.05234984	
130000	0.030633791	
130100	0.00016813659	
130200	-0.039321981	
130300	-0.07965648	
130400	-0.11523923	
130500	-0.13465556	
130600	-0.12994772	
130700	-0.10139688	
130800	-0.055981529	
130900	0.0016608654	
131000	0.056805157	
131100	0.10068801	
131200	0.12582156	
131300	0.1305906	
131400	0.11502316	
131500	0.083774898	
131600	0.044999307	
131700	0.0042433477	
131800	-0.03149793	
131900	-0.059727798	
132000	-0.078302113	
132100	-0.085019456	
132200	-0.088032262	
132300	-0.082631555	
132400	-0.070113168	
132500	-0.049822536	
132600	-0.020060013	
132700	0.018527169	
132800	0.058689362	
132900	0.095401943	
133000	0.11642324	
133100	0.11425224	
133200	0.087807063	
133300	0.044328992	
133400	-0.01064665	
133500	-0.064631659	
133600	-0.10699678	
133700	-0.13115962	
133800	-0.1352818	
133900	-0.11940003	
134000	-0.089674129	
134100	-0.051083782	
134200	-0.012178426	
134300	0.022359454	
134400	0.04817494	
134500	0.065226638	
134600	0.073439768	
134700	0.071485361	
134800	0.064848496	
134900	0.05140574	
135000	0.029447147	
135100	-0.00096278186	
135200	-0.040435916	
135300	-0.080351479	
135400	-0.11597089	
135500	-0.13484295	
135600	-0.13022205	
135700	-0.10075447	
135800	-0.055099832	
135900	0.0031300761	
136000	0.058515489	
136100	0.10269368	
136200	0.12788662	
136300	0.13260298	
136400	0.1164929	
136500	0.086099027	
136600	0.046377229	
136700	0.0056287015	
136800	-0.03067716	
136900	-0.05922454	
137000	-0.077774043	
137100	-0.084836224	
137200	-0.087874702	
137300	-0.082616919	
137400	-0.070513483	
137500	-0.049743311	
137600	-0.020404552	
137700	0.018510984	
137800	0.058427676	
137900	0.094995604	
138000	0.11569872	
138100	0.11356864	
138200	0.086921753	
138300	0.04309021	
138400	-0.012153505	
138500	-0.06594791	
138600	-0.10841218	
138700	-0.1325952	
138800	-0.13656605	
138900	-0.12058384	
139000	-0.09015794	
139100	-0.051882939	
139200	-0.012755092	
139300	0.021716115	
139400	0.047607415	
139500	0.064512413	
139600	0.072736564	
139700	0.07066145	
139800	0.063982739	
139900	0.050103653	
140000	0.028067745	
140100	-0.0027078103	
140200	-0.042025648	
140300	-0.081726524	
140400	-0.11714263	
140500	-0.13576899	
140600	-0.13079819	
140700	-0.10093412	
140800	-0.054740706	
140900	0.0036190085	
141000	0.059615609	
141100	0.10386521	
141200	0.12953107	
141300	0.13351918	
141400	0.11817143	
141500	0.086759298	
141600	0.047233926	
141700	0.0063055921	
141800	-0.030424048	
141900	-0.059086186	
142000	-0.077791835	
142100	-0.084870001	
142200	-0.088328941	
142300	-0.082491124	
142400	-0.070444601	
142500	-0.050042141	
142600	-0.020307141	
142700	0.018450831	
142800	0.058683849	
142900	0.094938505	
143000	0.11589883	
143100	0.11316056	
143200	0.086572218	
143300	0.042683417	
143400	-0.013263042	
143500	-0.067263929	
143600	-0.10887201	
143700	-0.13344927	
143800	-0.13714796	
143900	-0.12112309	
144000	-0.090662422	
144100	-0.052338238	
144200	-0.013194968	
144300	0.021007357	
144400	0.047062113	
144500	0.06384674	
144600	0.071915466	
144700	0.069520305	
144800	0.063048377	
144900	0.048796675	
145000	0.026293386	
145100	-0.0044345214	
145200	-0.043519969	
145300	-0.083507916	
145400	-0.11880327	
145500	-0.13686189	
145600	-0.13184056	
145700	-0.10406292	
145800	-0.054455681	
145900	0.0029993323	
146000	0.05994185	
146100	0.10414344	
146200	0.1298886	
146300	0.13444935	
146400	0.1188357	
146500	0.087626011	
146600	0.048174744	
146700	0.0069516683	
146800	-0.029921395	
146900	-0.058595181	
147000	-0.07795648	
147100	-0.084979847	
147200	-0.088591158	
147300	-0.083086757	
147400	-0.070649445	
147500	-0.050236744	
147600	-0.020741773	
147700	0.018191588	
147800	0.058010998	
147900	0.094782891	
148000	0.11525692	
148100	0.11249711	
148200	0.088070417	
148300	0.041483131	
148400	-0.014263124	
148500	-0.068735165	
148600	-0.11026497	
148700	-0.13522614	
148800	-0.13885483	
148900	-0.1221295	
149000	-0.092458937	
149100	-0.053656524	
149200	-0.015118695	
149300	0.019812842	
149400	0.04578693	
149500	0.062647938	
149600	0.070702284	
149700	0.068322816	
149800	0.06195593	
149900	0.04708901	
150000	0.025434939	
150100	-0.0058086755	
150200	-0.044828301	
150300	-0.084711554	
150400	-0.11977905	
150500	-0.1376503	
150600	-0.13208821	
150700	-0.10437449	
150800	-0.054331657	
150900	0.0033893386	
151000	0.061155596	
151100	0.10552785	
151200	0.13171599	
151300	0.13647049	
151400	0.12104479	
151500	0.089660527	
151600	0.049515347	
151700	0.0082838958	
151800	-0.029023296	
151900	-0.05776369	
152000	-0.077391542	
152100	-0.087853841	
152200	-0.088000526	
152300	-0.083405099	
152400	-0.07110453	
152500	-0.050870046	
152600	-0.021455488	
152700	0.017505186	
152800	0.057001313	
152900	0.093478162	
