100	-0.0069711808	
200	0.0042075721	
300	-0.0021075308	
400	0.00097838136	
500	-0.00052586306	
600	0.0001980507	
700	-3.1310263e-05	
800	-1.0208991e-05	
900	3.5993531e-05	
1000	-3.4424062e-05	
1100	4.8699455e-05	
1200	1.6997328e-05	
1300	0.000324141	
1400	0.0001567212	
1500	0.00027256469	
1600	0.00021542916	
1700	0.0005038524	
1800	0.0010007595	
1900	0.0016009098	
2000	0.0024357935	
2100	0.0035740122	
2200	0.0048226283	
2300	0.0068096453	
2400	0.0084567807	
2500	0.010901657	
2600	0.013687449	
2700	0.016418506	
2800	0.019749934	
2900	0.023851417	
3000	0.02774414	
3100	0.032498639	
3200	0.037222374	
3300	0.04287496	
3400	0.048249187	
3500	0.055006108	
3600	0.061246472	
3700	0.068799597	
3800	0.076637407	
3900	0.085062396	
4000	0.093735936	
4100	0.10308798	
4200	0.11312407	
4300	0.12381772	
4400	0.13477425	
4500	0.14658888	
4600	0.15843651	
4700	0.1708711	
4800	0.18372123	
4900	0.19687699	
5000	0.21046736	
5100	0.22458628	
5200	0.23926867	
5300	0.25375578	
5400	0.2692078	
5500	0.28475037	
5600	0.29979322	
5700	0.3159899	
5800	0.3322977	
5900	0.34905334	
6000	0.36582339	
6100	0.38262277	
6200	0.39944683	
6300	0.41628886	
6400	0.43348328	
6500	0.44943524	
6600	0.46596798	
6700	0.4816869	
6800	0.49661251	
6900	0.51172163	
7000	0.52566335	
7100	0.53849583	
7200	0.55055555	
7300	0.56126895	
7400	0.57127655	
7500	0.57925864	
7600	0.58558316	
7700	0.59032394	
7800	0.59247078	
7900	0.59281252	
8000	0.59063419	
8100	0.58632673	
8200	0.57945222	
8300	0.57048719	
8400	0.55875659	
8500	0.54448538	
8600	0.52809599	
8700	0.5091542	
8800	0.48742706	
8900	0.46383589	
9000	0.43373252	
9100	0.40556751	
9200	0.37330122	
9300	0.33908028	
9400	0.30189101	
9500	0.25856008	
9600	0.21635213	
9700	0.16941021	
9800	0.12021945	
9900	0.067635502	
10000	0.012806746	
10100	-0.045151452	
10200	-0.10731766	
10300	-0.16607903	
10400	-0.23315556	
10500	-0.29743244	
10600	-0.36418313	
10700	-0.43078125	
10800	-0.49764929	
10900	-0.56380254	
11000	-0.62864541	
11100	-0.69153141	
11200	-0.75192152	
11300	-0.80887683	
11400	-0.8632047	
11500	-0.91316261	
11600	-0.95867719	
11700	-1.0001765	
11800	-1.0364291	
11900	-1.0680135	
12000	-1.0945411	
12100	-1.1162821	
12200	-1.13276	
12300	-1.1438285	
12400	-1.1488009	
12500	-1.1492522	
12600	-1.1431312	
12700	-1.1306131	
12800	-1.1115522	
12900	-1.085162	
13000	-1.0513392	
13100	-1.0081457	
13200	-0.95603461	
13300	-0.88873001	
13400	-0.8143194	
13500	-0.7260304	
13600	-0.62508766	
13700	-0.5125463	
13800	-0.38686148	
13900	-0.26061407	
14000	-0.1313162	
14100	-0.0068118825	
14200	0.11094976	
14300	0.21933511	
14400	0.31720469	
14500	0.40459112	
14600	0.48261574	
14700	0.55195414	
14800	0.61421898	
14900	0.66861122	
15000	0.71878237	
15100	0.7644051	
15200	0.80650305	
15300	0.84546159	
15400	0.8824185	
15500	0.91667684	
15600	0.94829666	
15700	0.9763644	
15800	0.99989541	
15900	1.0175918	
16000	1.0265727	
16100	1.0257725	
16200	1.0099176	
16300	0.98347952	
16400	0.93758658	
16500	0.87598499	
16600	0.79499348	
16700	0.69512032	
16800	0.57806882	
16900	0.44664525	
17000	0.30446749	
17100	0.15625082	
17200	0.0070321431	
17300	-0.13811603	
17400	-0.27534423	
17500	-0.40065451	
17600	-0.51326856	
17700	-0.61077416	
17800	-0.69475656	
17900	-0.76617322	
18000	-0.82873844	
18100	-0.88527991	
18200	-0.93913496	
18300	-0.99210069	
18400	-1.0479898	
18500	-1.1033164	
18600	-1.1612951	
18700	-1.2200537	
18800	-1.2785184	
18900	-1.3349852	
19000	-1.3852222	
19100	-1.4295328	
19200	-1.4592026	
19300	-1.4719577	
19400	-1.4591214	
19500	-1.4172313	
19600	-1.340365	
19700	-1.2336732	
19800	-1.0948827	
19900	-0.93629572	
20000	-0.7612415	
20100	-0.57996504	
20200	-0.39760828	
20300	-0.22135715	
20400	-0.054322962	
20500	0.099942181	
20600	0.23464973	
20700	0.3544952	
20800	0.45365332	
20900	0.53708399	
21000	0.60793166	
21100	0.67416688	
21200	0.74117185	
21300	0.81523992	
21400	0.89634164	
21500	0.98624199	
21600	1.083848	
21700	1.1882612	
21800	1.2970638	
21900	1.4061102	
22000	1.5115894	
22100	1.6077611	
22200	1.6877687	
22300	1.7465737	
22400	1.7734699	
22500	1.7651633	
22600	1.7140208	
22700	1.620492	
22800	1.489442	
22900	1.3249128	
23000	1.1384175	
23100	0.93787539	
23200	0.73169272	
23300	0.52572385	
23400	0.3259348	
23500	0.13565947	
23600	-0.04064486	
23700	-0.19783412	
23800	-0.33296347	
23900	-0.44284937	
24000	-0.53259595	
24100	-0.60785889	
24200	-0.67651098	
24300	-0.74892535	
24400	-0.8299595	
24500	-0.92193324	
24600	-1.0236934	
24700	-1.136721	
24800	-1.2532414	
24900	-1.3747455	
25000	-1.4952121	
25100	-1.6096138	
25200	-1.7106679	
25300	-1.795016	
25400	-1.8515733	
25500	-1.8716319	
25600	-1.849841	
25700	-1.7806722	
25800	-1.6676289	
25900	-1.5176244	
26000	-1.339513	
26100	-1.1476997	
26200	-0.95128762	
26300	-0.75554022	
26400	-0.56235543	
26500	-0.37379716	
26600	-0.19190565	
26700	-0.023367829	
26800	0.12570019	
26900	0.25058837	
27000	0.35372849	
27100	0.43906056	
27200	0.52112601	
27300	0.60905968	
27400	0.7092374	
27500	0.82356898	
27600	0.94929828	
27700	1.0864206	
27800	1.2295396	
27900	1.3753382	
28000	1.5166932	
28100	1.6480522	
28200	1.7613048	
28300	1.8488595	
28400	1.90103	
28500	1.9108606	
28600	1.8722749	
28700	1.7847728	
28800	1.6545916	
28900	1.4890263	
29000	1.3021738	
29100	1.1051617	
29200	0.90808919	
29300	0.7152476	
29400	0.52741117	
29500	0.34557823	
29600	0.17274254	
29700	0.016360352	
29800	-0.11891932	
29900	-0.22883148	
30000	-0.31610537	
30100	-0.39096522	
30200	-0.46572269	
30300	-0.55356865	
30400	-0.656296	
30500	-0.77712336	
30600	-0.91290144	
30700	-1.0599864	
30800	-1.213945	
30900	-1.3672836	
31000	-1.5149357	
31100	-1.6447443	
31200	-1.7521988	
31300	-1.8255577	
31400	-1.8550788	
31500	-1.8372614	
31600	-1.7699667	
31700	-1.6530492	
31800	-1.4988606	
31900	-1.3251163	
32000	-1.1427184	
32100	-0.96653211	
32200	-0.79709856	
32300	-0.63356245	
32400	-0.47391536	
32500	-0.32158765	
32600	-0.18215427	
32700	-0.062837538	
32800	0.032531896	
32900	0.10938266	
33000	0.1800289	
33100	0.25844219	
33200	0.35736802	
33300	0.47756504	
33400	0.61909424	
33500	0.77739751	
33600	0.9490321	
33700	1.1240327	
33800	1.2948095	
33900	1.4508643	
34000	1.5835965	
34100	1.6810996	
34200	1.7397712	
34300	1.7471896	
34400	1.7030939	
34500	1.6096207	
34600	1.4735715	
34700	1.3090923	
34800	1.1332075	
34900	0.9576784	
35000	0.79422501	
35100	0.64544514	
35200	0.50462167	
35300	0.37272519	
35400	0.25218679	
35500	0.14858392	
35600	0.067039529	
35700	0.0053484593	
35800	-0.044774816	
35900	-0.099173554	
36000	-0.17218982	
36100	-0.27117141	
36200	-0.39701344	
36300	-0.54568997	
36400	-0.71225277	
36500	-0.88615081	
36600	-1.0556538	
36700	-1.2095483	
36800	-1.3374532	
36900	-1.4274609	
37000	-1.4778941	
37100	-1.4802393	
37200	-1.4336189	
37300	-1.3416983	
37400	-1.2151524	
37500	-1.0689866	
37600	-0.92506865	
37700	-0.79127188	
37800	-0.67927916	
37900	-0.57857717	
38000	-0.48857439	
38100	-0.40653731	
38200	-0.33706586	
38300	-0.2849846	
38400	-0.25016549	
38500	-0.22370725	
38600	-0.19043884	
38700	-0.13598736	
38800	-0.049125604	
38900	0.065911995	
39000	0.20431917	
39100	0.36281219	
39200	0.51878686	
39300	0.66837461	
39400	0.79386293	
39500	0.88801308	
39600	0.94325104	
39700	0.95612041	
39800	0.92621565	
39900	0.85733159	
40000	0.75956346	
40100	0.64795531	
40200	0.53994552	
40300	0.45005807	
40400	0.38342308	
40500	0.33746515	
40600	0.30961148	
40700	0.28761959	
40800	0.27943889	
40900	0.28225912	
41000	0.29697636	
41100	0.31671395	
41200	0.32690178	
41300	0.31347331	
41400	0.27002765	
41500	0.19675651	
41600	0.10341333	
41700	0.0045451109	
41800	-0.089959102	
41900	-0.1632382	
42000	-0.20748978	
42100	-0.22217526	
42200	-0.20439909	
42300	-0.16482283	
42400	-0.11132144	
42500	-0.059958322	
42600	-0.022355599	
42700	-0.011461999	
42800	-0.022076734	
42900	-0.053156939	
43000	-0.096786219	
43100	-0.14953573	
43200	-0.20637332	
43300	-0.26778056	
43400	-0.33396652	
43500	-0.39787304	
43600	-0.45058804	
43700	-0.48146845	
43800	-0.48527524	
43900	-0.4652994	
44000	-0.43296028	
44100	-0.39445255	
44200	-0.36570092	
44300	-0.35410754	
44400	-0.36383429	
44500	-0.39313661	
44600	-0.43538217	
44700	-0.47940858	
44800	-0.51417078	
44900	-0.53014065	
45000	-0.51801601	
45100	-0.47684271	
45200	-0.41455204	
45300	-0.33473851	
45400	-0.2456715	
45500	-0.15137694	
45600	-0.0565498	
45700	0.036545402	
45800	0.12526859	
45900	0.20430861	
46000	0.2657199	
46100	0.3043479	
46200	0.32070972	
46300	0.31275485	
46400	0.29360138	
46500	0.27156478	
46600	0.25726943	
46700	0.25706329	
46800	0.27207559	
46900	0.30057704	
47000	0.33642752	
47100	0.37035088	
47200	0.3959245	
47300	0.40465307	
47400	0.39386665	
47500	0.36485391	
47600	0.32039461	
47700	0.26595763	
47800	0.20562147	
47900	0.1420321	
48000	0.078180152	
48100	0.013026456	
48200	-0.047680043	
48300	-0.10481463	
48400	-0.14994691	
48500	-0.17885621	
48600	-0.1861936	
48700	-0.1738457	
48800	-0.14578743	
48900	-0.11491527	
49000	-0.083980342	
49100	-0.067176068	
49200	-0.068860537	
49300	-0.089612065	
49400	-0.12808457	
49500	-0.17616283	
49600	-0.2265174	
49700	-0.2701876	
49800	-0.30055171	
49900	-0.31370759	
50000	-0.30952742	
50100	-0.28975226	
50200	-0.2603257	
50300	-0.22306551	
50400	-0.18088843	
50500	-0.13537578	
50600	-0.086041571	
50700	-0.038644402	
50800	0.0056882093	
50900	0.040229982	
51000	0.058445455	
51100	0.056981053	
51200	0.035686994	
51300	0.0016596682	
51400	-0.037440952	
51500	-0.070864082	
51600	-0.089081611	
51700	-0.082873159	
51800	-0.059579806	
51900	-0.016426032	
52000	0.036660438	
52100	0.091485827	
52200	0.13865965	
52300	0.17254893	
52400	0.18941563	
52500	0.1904834	
52600	0.17825469	
52700	0.15777862	
52800	0.13073469	
52900	0.099349239	
53000	0.062716973	
53100	0.026081886	
53200	-0.013482423	
53300	-0.048337472	
53400	-0.072212692	
53500	-0.078083312	
53600	-0.063718288	
53700	-0.033815481	
53800	0.011112708	
53900	0.056522812	
54000	0.093024071	
54100	0.11116535	
54200	0.10609823	
54300	0.076817462	
54400	0.028046063	
54500	-0.032341237	
54600	-0.095458229	
54700	-0.15155965	
54800	-0.19315435	
54900	-0.21675659	
55000	-0.22211232	
55100	-0.212419	
55200	-0.19148481	
55300	-0.16211498	
55400	-0.12605524	
55500	-0.08542206	
55600	-0.039512659	
55700	0.0042321773	
55800	0.042591599	
55900	0.067365437	
56000	0.072017304	
56100	0.055064152	
56200	0.023711488	
56300	-0.020101384	
56400	-0.060370257	
56500	-0.088880692	
56600	-0.096790286	
56700	-0.081599389	
56800	-0.044996605	
56900	0.0058915776	
57000	0.064365538	
57100	0.11866856	
57200	0.16084678	
57300	0.18535543	
57400	0.19095243	
57500	0.17945149	
57600	0.15637009	
57700	0.12375452	
57800	0.085661053	
57900	0.043783891	
58000	-0.0014622642	
58100	-0.048487699	
58200	-0.091149378	
58300	-0.12253193	
58400	-0.13689028	
58500	-0.12956817	
58600	-0.10523286	
58700	-0.065907129	
58800	-0.024037726	
58900	0.010228675	
59000	0.028107375	
59100	0.023803317	
59200	-0.0025975452	
59300	-0.047733319	
59400	-0.10577017	
59500	-0.16238778	
59600	-0.21149477	
59700	-0.24719119	
59800	-0.26261418	
59900	-0.25821392	
60000	-0.23675936	
60100	-0.20322241	
60200	-0.16186183	
60300	-0.11419256	
60400	-0.063634089	
60500	-0.0097749554	
60600	0.040739633	
60700	0.08412733	
60800	0.11315508	
60900	0.12249624	
61000	0.10996391	
61100	0.080691876	
61200	0.045586118	
61300	0.0090030082	
61400	-0.014249156	
61500	-0.018908315	
61600	-0.0023604077	
61700	0.033365609	
61800	0.082598616	
61900	0.13641201	
62000	0.1860069	
62100	0.22205645	
62200	0.2400877	
62300	0.23865524	
62400	0.21975531	
62500	0.18901482	
62600	0.14908975	
62700	0.10412734	
62800	0.055822958	
62900	0.006025452	
63000	-0.044403264	
63100	-0.089199596	
63200	-0.12324048	
63300	-0.13986307	
63400	-0.13599749	
63500	-0.11198745	
63600	-0.079469735	
63700	-0.039832018	
63800	-0.0087257345	
63900	0.0071620775	
64000	0.0018097571	
64100	-0.024824552	
64200	-0.0692848	
64300	-0.12367693	
64400	-0.17937431	
64500	-0.2281483	
64600	-0.2614572	
64700	-0.27500245	
64800	-0.26985897	
64900	-0.24743469	
65000	-0.21400464	
65100	-0.17246663	
65200	-0.12577408	
65300	-0.075705541	
65400	-0.023464052	
65500	0.025641413	
65600	0.068432083	
65700	0.097545441	
65800	0.10724943	
65900	0.096422064	
66000	0.067811717	
66100	0.032871762	
66200	-0.004547868	
66300	-0.03050598	
66400	-0.038054431	
66500	-0.024474326	
66600	0.0085419064	
66700	0.056608091	
66800	0.11045416	
66900	0.16265444	
67000	0.20219954	
67100	0.22646858	
67200	0.23046435	
67300	0.21798496	
67400	0.1925633	
67500	0.15799673	
67600	0.11714005	
67700	0.072754021	
67800	0.026725998	
67900	-0.021702711	
68000	-0.064930356	
68100	-0.099234228	
68200	-0.1177842	
68300	-0.11559551	
68400	-0.093729284	
68500	-0.061060769	
68600	-0.019601605	
68700	0.015600577	
68800	0.036980414	
68900	0.037354985	
69000	0.016386201	
69100	-0.024665558	
69200	-0.077552714	
69300	-0.13512718	
69400	-0.18731969	
69500	-0.22686128	
69600	-0.24765144	
69700	-0.24967619	
69800	-0.23407408	
69900	-0.20676314	
70000	-0.17033511	
70100	-0.12783344	
70200	-0.082339293	
70300	-0.032519184	
70400	0.014322173	
70500	0.056802883	
70600	0.087412536	
70700	0.10015348	
70800	0.091960133	
70900	0.065192181	
71000	0.029410119	
71100	-0.011053745	
71200	-0.042183214	
71300	-0.056467013	
71400	-0.049132379	
71500	-0.021695444	
71600	0.022835113	
71700	0.076964958	
71800	0.13082159	
71900	0.17688514	
72000	0.20680335	
72100	0.21856962	
72200	0.211967	
72300	0.1914668	
72400	0.16078918	
72500	0.12271353	
72600	0.080181005	
72700	0.035351791	
72800	-0.012185584	
72900	-0.056016476	
73000	-0.093006421	
73100	-0.11552659	
73200	-0.11796662	
73300	-0.10247148	
73400	-0.065534731	
73500	-0.028981719	
73600	0.010997949	
73700	0.036335771	
73800	0.043061444	
73900	0.028271251	
74000	-0.0082486751	
74100	-0.06024344	
74200	-0.11560161	
74300	-0.16796559	
74400	-0.21171752	
74500	-0.23702212	
74600	-0.24354076	
74700	-0.23144123	
74800	-0.20630845	
74900	-0.17179342	
75000	-0.13015271	
75100	-0.085131197	
75200	-0.035353729	
75300	0.010956817	
75400	0.055345257	
75500	0.088491979	
75600	0.10562446	
75700	0.10188429	
75800	0.081053114	
75900	0.044159064	
76000	0.0035956097	
76100	-0.030741162	
76200	-0.050075428	
76300	-0.048088686	
76400	-0.025676976	
76500	0.01513154	
76600	0.066369295	
76700	0.12159311	
76800	0.16968901	
76900	0.20400678	
77000	0.21997771	
77100	0.21729372	
77200	0.19931738	
77300	0.17020472	
77400	0.13288258	
77500	0.090854081	
77600	0.045667703	
77700	-0.0011870223	
77800	-0.047737696	
77900	-0.086531607	
78000	-0.11351234	
78100	-0.1210341	
78200	-0.10825394	
78300	-0.080416018	
78400	-0.040121805	
78500	-0.00046705154	
78600	0.028931549	
78700	0.04102344	
78800	0.031166205	
78900	5.2060239e-05	
79000	-0.047087443	
79100	-0.10248742	
79200	-0.15775279	
79300	-0.20323754	
79400	-0.23337081	
79500	-0.24326052	
79600	-0.23495091	
79700	-0.21163875	
79800	-0.17868699	
79900	-0.13801419	
80000	-0.093313538	
80100	-0.04627198	
80200	0.0030177627	
80300	0.04762856	
80400	0.083965191	
80500	0.10511641	
80600	0.10634705	
80700	0.087381729	
80800	0.052881568	
80900	0.014970799	
81000	-0.02316529	
81100	-0.04659361	
81200	-0.0499401	
81300	-0.033021526	
81400	0.0031676803	
81500	0.052724746	
81600	0.10781876	
81700	0.15819377	
81800	0.19713514	
81900	0.21771854	
82000	0.22025559	
82100	0.20572863	
82200	0.17944031	
82300	0.14390508	
82400	0.10297051	
82500	0.058486764	
82600	0.011851053	
82700	-0.035069978	
82800	-0.076654534	
82900	-0.10669422	
83000	-0.11981565	
83100	-0.11155752	
83200	-0.085378103	
83300	-0.049617746	
83400	-0.0083332609	
83500	0.024519929	
83600	0.041477873	
83700	0.037182062	
83800	0.011490905	
83900	-0.032146204	
84000	-0.08822817	
84100	-0.14059156	
84200	-0.19054851	
84300	-0.22452969	
84400	-0.23965302	
84500	-0.23608195	
84600	-0.21618753	
84700	-0.18529884	
84800	-0.14675228	
84900	-0.10276538	
85000	-0.056761197	
85100	-0.0076165793	
85200	0.037890181	
85300	0.077049859	
85400	0.10208714	
85500	0.1084095	
85600	0.09413894	
85700	0.062735649	
85800	0.025264406	
85900	-0.01452153	
86000	-0.042444287	
86100	-0.051842591	
86200	-0.040247843	
86300	-0.0087497811	
86400	0.037840335	
86500	0.092198386	
86600	0.14485231	
86700	0.18727959	
86800	0.21365357	
86900	0.22104085	
87000	0.21084874	
87100	0.18753607	
87200	0.15431224	
87300	0.11449344	
87400	0.070883169	
87500	0.025011759	
87600	-0.022487713	
87700	-0.065505841	
87800	-0.099683413	
87900	-0.11716594	
88000	-0.11476928	
88100	-0.095141841	
88200	-0.055827699	
88300	-0.018791995	
88400	0.018522018	
88500	0.039997324	
88600	0.041427862	
88700	0.02180082	
88800	-0.020253846	
88900	-0.068221527	
89000	-0.12564463	
89100	-0.17627499	
89200	-0.21546417	
89300	-0.23529702	
89400	-0.23645297	
89500	-0.22038066	
89600	-0.19200519	
89700	-0.15517572	
89800	-0.11291248	
89900	-0.067180388	
90000	-0.018653962	
90100	0.027277065	
90200	0.068627813	
90300	0.097757244	
90400	0.10966799	
90500	0.099896053	
90600	0.075119379	
90700	0.035544522	
90800	-0.0046354459	
90900	-0.036921333	
91000	-0.0519559	
91100	-0.046245213	
91200	-0.020151634	
91300	0.023135462	
91400	0.076054067	
91500	0.13029086	
91600	0.17637218	
91700	0.20771621	
91800	0.22035586	
91900	0.21500566	
92000	0.1950241	
92100	0.16453057	
92200	0.12638399	
92300	0.083546521	
92400	0.038506478	
92500	-0.0083494062	
92600	-0.053860877	
92700	-0.090219499	
92800	-0.11328229	
92900	-0.11629605	
93000	-0.099183041	
93100	-0.065833271	
93200	-0.028173417	
93300	0.011507485	
93400	0.037778519	
93500	0.045721649	
93600	0.032013371	
93700	-0.0025269962	
93800	-0.053566981	
93900	-0.10604722	
94000	-0.16064887	
94100	-0.20316645	
94200	-0.22890864	
94300	-0.23551826	
94400	-0.22329858	
94500	-0.19825215	
94600	-0.16413516	
94700	-0.12276793	
94800	-0.078535916	
94900	-0.02978501	
95000	0.015637716	
95100	0.059169444	
95200	0.091458157	
95300	0.10855684	
95400	0.1042605	
95500	0.081761607	
95600	0.044170514	
95700	0.0055030091	
95800	-0.031072629	
95900	-0.051527756	
96000	-0.052030459	
96100	-0.031698555	
96200	0.007227938	
96300	0.057742398	
96400	0.11320792	
96500	0.16215015	
96600	0.19891931	
96700	0.21711776	
96800	0.21725015	
96900	0.20120162	
97000	0.17337243	
97100	0.13758031	
97200	0.096088357	
97300	0.051792578	
97400	0.0052481546	
97500	-0.041074495	
97600	-0.080665199	
97700	-0.1082025	
97800	-0.11736922	
97900	-0.10547841	
98000	-0.076101763	
98100	-0.039379658	
98200	0.0018465467	
98300	0.032508704	
98400	0.046730754	
98500	0.039283611	
98600	0.010204649	
98700	-0.035086633	
98800	-0.089576386	
98900	-0.14427734	
99000	-0.1912795	
99100	-0.22221889	
99200	-0.2338334	
99300	-0.227314	
99400	-0.20512678	
99500	-0.17309979	
99600	-0.13365191	
99700	-0.089744301	
99800	-0.043809585	
99900	0.0045430262	
100000	0.048605093	
100100	0.084889256	
100200	0.10680153	
100300	0.10865702	
100400	0.090785709	
100500	0.056377875	
100600	0.018175408	
100700	-0.02132678	
100800	-0.04692299	
100900	-0.053454741	
101000	-0.03904829	
101100	-0.0051767474	
101200	0.042801983	
101300	0.097723394	
101400	0.14945877	
101500	0.18998169	
101600	0.2141355	
101700	0.21931819	
101800	0.20734934	
101900	0.18259058	
102000	0.14874165	
102100	0.10863565	
102200	0.064330922	
102300	0.018345154	
102400	-0.028482135	
102500	-0.070698172	
102600	-0.10246452	
102700	-0.11697743	
102800	-0.11125773	
102900	-0.088773472	
103000	-0.051133183	
103100	-0.01024964	
103200	0.024505456	
103300	0.043724126	
103400	0.042391516	
103500	0.019490332	
103600	-0.022087452	
103700	-0.076720257	
103800	-0.12893877	
103900	-0.17995491	
104000	-0.21510824	
104100	-0.23266675	
104200	-0.23051345	
104300	-0.21236563	
104400	-0.18265669	
104500	-0.14486161	
104600	-0.10205784	
104700	-0.056207105	
104800	-0.0080155384	
104900	0.037189962	
105000	0.076406382	
105100	0.10263585	
105200	0.11094194	
105300	0.098048952	
105400	0.070595878	
105500	0.029939702	
105600	-0.010098595	
105700	-0.040714099	
105800	-0.053128769	
105900	-0.044678466	
106000	-0.016217863	
106100	0.031025318	
106200	0.081035894	
106300	0.13578999	
106400	0.18039741	
106500	0.20937987	
106600	0.22025696	
106700	0.21248856	
106800	0.19128871	
106900	0.15991824	
107000	0.12092788	
107100	0.078133568	
107200	0.032802692	
107300	-0.014936472	
107400	-0.058546775	
107500	-0.093625481	
107600	-0.11399725	
107700	-0.1140466	
107800	-0.096926992	
107900	-0.058511818	
108000	-0.021861746	
108100	0.017219622	
108200	0.041401499	
108300	0.046237129	
108400	0.030077239	
108500	-0.0071859858	
108600	-0.057055052	
108700	-0.11435916	
108800	-0.1640049	
108900	-0.20553016	
109000	-0.22789407	
109100	-0.23174266	
109200	-0.21752052	
109300	-0.19133327	
109400	-0.15552058	
109500	-0.11403457	
109600	-0.069657755	
109700	-0.020989149	
109800	0.023914086	
109900	0.066054619	
110000	0.096324169	
110100	0.11010732	
110200	0.10298392	
110300	0.080015714	
110400	0.0409498	
110500	-0.00027450209	
110600	-0.034800849	
110700	-0.053498092	
110800	-0.051347945	
110900	-0.028554146	
111000	0.012183211	
111100	0.065752656	
111200	0.11765094	
111300	0.16684781	
111400	0.20104662	
111500	0.21760726	
111600	0.21556618	
111700	0.19822471	
111800	0.16998591	
111900	0.13315617	
112000	0.091366071	
112100	0.046617897	
112200	0.00037605682	
112300	-0.045891481	
112400	-0.083585695	
112500	-0.10925301	
112600	-0.11553009	
112700	-0.10133424	
112800	-0.072353839	
112900	-0.031727432	
113000	0.0077237758	
113100	0.037522741	
113200	0.04936487	
113300	0.039166471	
113400	0.0082626282	
113500	-0.03878621	
113600	-0.093514541	
113700	-0.14800066	
113800	-0.19279304	
113900	-0.22153219	
114000	-0.23102818	
114100	-0.22186579	
114200	-0.19868126	
114300	-0.16582663	
114400	-0.125481	
114500	-0.081937535	
114600	-0.03594278	
114700	0.011811852	
114800	0.054941935	
114900	0.089269967	
115000	0.10867361	
115100	0.10770864	
115200	0.087148935	
115300	0.051242859	
115400	0.012435319	
115500	-0.02642619	
115600	-0.050462192	
115700	-0.054365681	
115800	-0.037913639	
115900	-0.0025050088	
116000	0.046836853	
116100	0.10177004	
116200	0.15284911	
116300	0.19234306	
116400	0.21415285	
116500	0.21795268	
116600	0.20448947	
116700	0.1790403	
116800	0.14447033	
116900	0.10382374	
117000	0.059764068	
117100	0.013418104	
117200	-0.033127226	
117300	-0.074175494	
117400	-0.10435613	
117500	-0.11685941	
117600	-0.1080737	
117700	-0.084284086	
117800	-0.045272302	
117900	-0.0047133149	
118000	0.029025841	
118100	0.046218771	
118200	0.042660536	
118300	0.017501321	
118400	-0.025507855	
118500	-0.080999004	
118600	-0.1328314	
118700	-0.18224227	
118800	-0.2160582	
118900	-0.23085231	
119000	-0.22721604	
119100	-0.20671539	
119200	-0.17650348	
119300	-0.13819321	
119400	-0.09462801	
119500	-0.049114004	
119600	-0.00081794109	
119700	0.043415477	
119800	0.081611539	
119900	0.10582019	
120000	0.11102578	
120100	0.096406389	
120200	0.066886246	
120300	0.025438155	
120400	-0.013807502	
120500	-0.04325234	
120600	-0.0532737	
120700	-0.042716255	
120800	-0.01249298	
120900	0.033715118	
121000	0.087739811	
121100	0.14079131	
121200	0.18397272	
121300	0.21154199	
121400	0.2201516	
121500	0.21102822	
121600	0.18870008	
121700	0.15614565	
121800	0.11659347	
121900	0.073404897	
122000	0.027573533	
122100	-0.019735403	
122200	-0.062807563	
122300	-0.096841096	
122400	-0.11487088	
122500	-0.11288145	
122600	-0.093425316	
122700	-0.054296158	
122800	-0.017169363	
122900	0.02087148	
123000	0.043204308	
123100	0.04542605	
123200	0.027142555	
123300	-0.011865394	
123400	-0.062431344	
123500	-0.11821757	
123600	-0.16924214	
123700	-0.20843716	
123800	-0.22862565	
123900	-0.23024043	
124000	-0.21419972	
124100	-0.18630441	
124200	-0.14979436	
124300	-0.10788253	
124400	-0.063165782	
124500	-0.014821553	
124600	0.030067847	
124700	0.071171844	
124800	0.099870878	
124900	0.11144484	
125000	0.10194726	
125100	0.076830067	
125200	0.037330439	
125300	-0.0037906975	
125400	-0.036987778	
125500	-0.053459146	
125600	-0.048974071	
125700	-0.024220636	
125800	0.018019089	
125900	0.072304075	
126000	0.12383351	
126100	0.17204548	
126200	0.20436069	
126300	0.21885375	
126400	0.21512956	
126500	0.19620389	
126600	0.16679469	
126700	0.12952492	
126800	0.086855437	
126900	0.042155014	
127000	-0.0043767994	
127100	-0.050366289	
127200	-0.086709191	
127300	-0.11080172	
127400	-0.11464167	
127500	-0.098311883	
127600	-0.068574219	
127700	-0.026866121	
127800	0.011721876	
127900	0.039659864	
128000	0.049008479	
128100	0.036528342	
128200	0.0036842701	
128300	-0.046566924	
128400	-0.09846285	
128500	-0.15295092	
128600	-0.19629863	
128700	-0.22274658	
128800	-0.23037177	
128900	-0.21880449	
129000	-0.19451885	
129100	-0.16076826	
129200	-0.12011748	
129300	-0.076086693	
129400	-0.030300681	
129500	0.01733487	
129600	0.059850336	
129700	0.092441558	
129800	0.1100401	
129900	0.10663793	
130000	0.0840058	
130100	0.04699375	
130200	0.0076099518	
130300	-0.029886914	
130400	-0.051900896	
130500	-0.054044799	
130600	-0.035403421	
130700	0.0020105923	
130800	0.052051536	
130900	0.10719379	
131000	0.15734533	
131100	0.19535788	
131200	0.21533961	
131300	0.21722821	
131400	0.20256914	
131500	0.17614113	
131600	0.1410243	
131700	0.099737505	
131800	0.055596304	
131900	0.009167391	
132000	-0.037087806	
132100	-0.077287289	
132200	-0.10556641	
132300	-0.11628314	
132400	-0.10565797	
132500	-0.077078674	
132600	-0.04073604	
132700	0.00076848851	
132800	0.03268952	
132900	0.048271457	
133000	0.042331578	
133100	0.015300606	
133200	-0.028994279	
133300	-0.085057997	
133400	-0.13670385	
133500	-0.18495581	
133600	-0.2167156	
133700	-0.22972279	
133800	-0.22421911	
133900	-0.20320837	
134000	-0.17157587	
134100	-0.13275847	
134200	-0.089270119	
134300	-0.043428265	
134400	0.0044136237	
134500	0.048199279	
134600	0.085168924	
134700	0.10761691	
134800	0.11074681	
134900	0.093837825	
135000	0.062843349	
135100	0.020919271	
135200	-0.018006102	
135300	-0.045816109	
135400	-0.053650043	
135500	-0.041289047	
135600	-0.0090740729	
135700	0.038088185	
135800	0.092475957	
135900	0.14508846	
136000	0.18684396	
136100	0.21289411	
136200	0.21981374	
136300	0.20928033	
136400	0.18568838	
136500	0.15240881	
136600	0.11283575	
136700	0.068896151	
136800	0.023160463	
136900	-0.023913801	
137000	-0.06677111	
137100	-0.099431284	
137200	-0.11549991	
137300	-0.1114183	
137400	-0.090231796	
137500	-0.050258391	
137600	-0.012817455	
137700	0.024112369	
137800	0.044668997	
137900	0.044908018	
138000	0.02427263	
138100	-0.018473183	
138200	-0.066374449	
138300	-0.12340359	
138400	-0.17276593	
138500	-0.21036241	
138600	-0.22881052	
138700	-0.22823753	
138800	-0.21113118	
138900	-0.18206412	
139000	-0.14499349	
139100	-0.10298686	
139200	-0.057398705	
139300	-0.0097267966	
139400	0.03545633	
139500	0.07520131	
139600	0.10256203	
139700	0.1119516	
139800	0.10053907	
139900	0.074168505	
140000	0.033460354	
140100	-0.0070329394	
140200	-0.038973786	
140300	-0.05333027	
140400	-0.046705524	
140500	-0.020406877	
140600	0.023433569	
140700	0.076442085	
140800	0.1304033	
140900	0.17652226	
141000	0.20725936	
141100	0.21990368	
141200	0.21422379	
141300	0.19422306	
141400	0.16375212	
141500	0.12541062	
141600	0.082783073	
141700	0.037735449	
141800	-0.0094046205	
141900	-0.054406904	
142000	-0.090087753	
142100	-0.11223055	
142200	-0.11404519	
142300	-0.096045927	
142400	-0.061687804	
142500	-0.024012153	
142600	0.0153913	
142700	0.041179646	
142800	0.048226061	
142900	0.03392045	
143000	-0.0012617752	
143100	-0.052416167	
143200	-0.10462577	
143300	-0.1585292	
143400	-0.20000243	
143500	-0.2244615	
143600	-0.22977525	
143700	-0.21693822	
143800	-0.19149208	
143900	-0.15661052	
144000	-0.11552186	
144100	-0.071383963	
144200	-0.02297019	
144300	0.021686945	
144400	0.064350982	
144500	0.095375074	
144600	0.11080625	
144700	0.10547103	
144800	0.081334417	
144900	0.043090742	
145000	0.004070958	
145100	-0.032486322	
145200	-0.052533736	
145300	-0.052585994	
145400	-0.031870121	
145500	0.0074116877	
145600	0.057876615	
145700	0.11345198	
145800	0.16225542	
145900	0.19857482	
146000	0.21709154	
146100	0.21698573	
146200	0.20100557	
146300	0.17318412	
146400	0.137203	
146500	0.095883899	
146600	0.051456049	
146700	0.0050002394	
146800	-0.041489979	
146900	-0.080049959	
147000	-0.10744912	
147100	-0.11561396	
147200	-0.10334248	
147300	-0.072997441	
147400	-0.036388002	
147500	0.004754181	
147600	0.035236424	
147700	0.048795983	
147800	0.041007565	
147900	0.011561887	
148000	-0.033958904	
148100	-0.090339503	
148200	-0.1412721	
148300	-0.18876569	
148400	-0.21871015	
148500	-0.22950667	
148600	-0.22248826	
148700	-0.19999207	
148800	-0.1676286	
148900	-0.12812697	
149000	-0.084704904	
149100	-0.038771494	
149200	0.0090641488	
149300	0.052454969	
149400	0.087891019	
149500	0.10871094	
149600	0.10959931	
149700	0.090769517	
149800	0.055700271	
149900	0.017178426	
150000	-0.022480482	
150100	-0.048061909	
150200	-0.054342492	
150300	-0.039655993	
150400	-0.0057047755	
150500	0.042270064	
150600	0.097333284	
150700	0.14901128	
150800	0.18958984	
150900	0.21365123	
151000	0.21902891	
151100	0.207076	
151200	0.1824446	
151300	0.1486617	
151400	0.1086852	
151500	0.064409826	
151600	0.018608945	
151700	-0.028412361	
151800	-0.070148054	
151900	-0.10171686	
152000	-0.11562852	
152100	-0.10971777	
152200	-0.086709977	
152300	-0.04885439	
152400	-0.0079759552	
152500	0.026729563	
152600	0.04567674	
152700	0.044199119	
152800	0.021082591	
152900	-0.022818131	
153000	-0.073907805	
153100	-0.12710562	
153200	-0.17738998	
153300	-0.21224281	
153400	-0.2292336	
153500	-0.22694636	
153600	-0.20834687	
153700	-0.17863102	
153800	-0.1410546	
153900	-0.098081483	
154000	-0.052708834	
154100	-0.0048241358	
154200	0.039971414	
154300	0.078598918	
154400	0.10432933	
154500	0.11176798	
154600	0.09849869	
154700	0.070499633	
154800	0.02953256	
154900	-0.01062753	
155000	-0.041332429	
155100	-0.053755884	
155200	-0.045243455	
155300	-0.016837565	
155400	0.030505777	
155500	0.080448586	
155600	0.13526147	
155700	0.17994525	
155800	0.20904096	
155900	0.22000215	
156000	0.21246037	
156100	0.19156969	
156200	0.16001208	
156300	0.12120296	
156400	0.078243348	
156500	0.033184398	
156600	-0.014565992	
156700	-0.058127598	
156800	-0.093022235	
156900	-0.11324206	
157000	-0.11299903	
157100	-0.095626978	
157200	-0.057132286	
157300	-0.02047174	
157400	0.018631753	
157500	0.042782071	
157600	0.047522695	
157700	0.031413909	
157800	-0.0057687187	
157900	-0.055674385	
158000	-0.11098609	
158100	-0.1634287	
158200	-0.20360452	
158300	-0.22589182	
158400	-0.22948524	
158500	-0.21502773	
158600	-0.18868883	
158700	-0.15276209	
158800	-0.11130146	
158900	-0.067072102	
159000	-0.018550246	
159100	0.02622379	
159200	0.067883528	
159300	0.097916233	
159400	0.11116157	
159500	0.10372918	
159600	0.080432867	
159700	0.041160482	
159800	-0.00019951596	
159900	-0.034854492	
160000	-0.053505458	
160100	-0.051400029	
160200	-0.028781975	
160300	0.011932697	
160400	0.06550114	
160500	0.11743225	
160600	0.16663514	
160700	0.20103198	
160800	0.21776043	
160900	0.2158798	
161000	0.19874979	
161100	0.17055791	
161200	0.13381301	
161300	0.091964648	
161400	0.047347633	
161500	0.00096812473	
161600	-0.045326878	
161700	-0.082961872	
161800	-0.10860593	
161900	-0.1148663	
162000	-0.10057189	
162100	-0.071495076	
162200	-0.030975012	
162300	0.0085241758	
162400	0.038263402	
162500	0.05014357	
162600	0.039994847	
162700	0.0090595339	
162800	-0.037744466	
162900	-0.092479459	
163000	-0.14678061	
163100	-0.19140798	
163200	-0.22001711	
163300	-0.22927048	
163400	-0.22001724	
163500	-0.19675093	
163600	-0.16398422	
163700	-0.12351759	
163800	-0.080169758	
163900	-0.034212082	
164000	0.013322071	
164100	0.05623213	
164200	0.090339461	
164300	0.10950032	
164400	0.10828252	
164500	0.087510126	
164600	0.051579818	
164700	0.012554495	
164800	-0.02638707	
164900	-0.050535908	
165000	-0.054647285	
165100	-0.038221928	
165200	-0.0030790782	
165300	0.046279772	
165400	0.10121274	
165500	0.15228491	
165600	0.19199111	
165700	0.21413045	
165800	0.2181039	
165900	0.2048924	
166000	0.17956337	
166100	0.14515124	
166200	0.10457008	
166300	0.06059424	
166400	0.014159292	
166500	-0.032385394	
166600	-0.073384382	
166700	-0.10368945	
166800	-0.11621314	
166900	-0.10752542	
167000	-0.083645929	
167100	-0.044793017	
167200	-0.0040725434	
167300	0.029639174	
167400	0.046901295	
167500	0.043551009	
167600	0.018433419	
167700	-0.024398975	
167800	-0.079751556	
167900	-0.13135882	
168000	-0.18095535	
168100	-0.21455725	
168200	-0.22943105	
168300	-0.22571574	
168400	-0.20535669	
168500	-0.17506562	
168600	-0.13689115	
168700	-0.093302889	
168800	-0.047941224	
168900	0.00014832494	
169000	0.044282462	
169100	0.082262175	
169200	0.1064353	
169300	0.11145651	
169400	0.096852097	
169500	0.067297982	
169600	0.02575058	
169700	-0.01368683	
169800	-0.043276548	
169900	-0.053464165	
170000	-0.043179144	
170100	-0.013089303	
170200	0.032954257	
170300	0.086890133	
170400	0.1401691	
170500	0.18345904	
170600	0.2112387	
170700	0.22024926	
170800	0.21132601	
170900	0.18921508	
171000	0.15682599	
171100	0.11732627	
171200	0.074184366	
171300	0.028382435	
171400	-0.018922615	
171500	-0.062047962	
171600	-0.096158068	
171700	-0.11431074	
171800	-0.11249189	
171900	-0.093128991	
172000	-0.05422218	
172100	-0.016867917	
172200	0.021180133	
172300	0.04365783	
172400	0.046140232	
172500	0.027897193	
172600	-0.010802296	
172700	-0.061241468	
172800	-0.11691895	
172900	-0.16797461	
173000	-0.20717229	
173100	-0.22743885	
173200	-0.22913867	
173300	-0.21324633	
173400	-0.18543115	
173500	-0.14900182	
173600	-0.10708648	
173700	-0.062498454	
173800	-0.014297339	
173900	0.030569326	
174000	0.071501534	
174100	0.10024629	
174200	0.11187631	
174300	0.10241644	
174400	0.077373513	
174500	0.037754216	
174600	-0.0034064405	
174700	-0.03677725	
174800	-0.053568737	
174900	-0.049309566	
175000	-0.024826974	
175100	0.017284244	
175200	0.07142066	
175300	0.12302642	
175400	0.17136863	
175500	0.20403221	
175600	0.21878529	
175700	0.21539996	
175800	0.1966783	
175900	0.1674584	
176000	0.13028694	
176100	0.087685573	
176200	0.042971592	
176300	-0.0035306861	
176400	-0.049538471	
176500	-0.085999389	
176600	-0.11032109	
176700	-0.11429482	
176800	-0.098170993	
176900	-0.06865808	
177000	-0.026836235	
177100	0.01174439	
177200	0.039888506	
177300	0.049438952	
177400	0.037214829	
177500	0.0046516404	
177600	-0.045499614	
177700	-0.097155044	
177800	-0.15191665	
177900	-0.19513334	
178000	-0.22159976	
178100	-0.22959975	
178200	-0.21809447	
178300	-0.19395056	
178400	-0.16027258	
178500	-0.11969231	
178600	-0.075755697	
178700	-0.030146605	
178800	0.017602961	
178900	0.059986896	
179000	0.092672144	
179100	0.1102161	
179200	0.10717515	
179300	0.084488686	
179400	0.047587795	
179500	0.0082403874	
179600	-0.029500179	
179700	-0.051771554	
179800	-0.054206916	
179900	-0.03586092	
180000	0.0013016791	
180100	0.051259482	
180200	0.10638858	
180300	0.15673699	
180400	0.1949698	
180500	0.21529378	
180600	0.21750746	
180700	0.20285059	
180800	0.17684621	
180900	0.14174133	
181000	0.10054612	
181100	0.056424924	
181200	0.0099688078	
181300	-0.036283189	
181400	-0.076569425	
181500	-0.1051054	
181600	-0.11604659	
181700	-0.10562513	
181800	-0.077308739	
181900	-0.041010273	
182000	0.00045266295	
182100	0.032731125	
182200	0.048369742	
182300	0.042816571	
182400	0.0159453	
182500	-0.028132909	
182600	-0.083985395	
182700	-0.13557058	
182800	-0.18402062	
182900	-0.21598773	
183000	-0.22908405	
183100	-0.22380014	
183200	-0.2025356	
183300	-0.17152533	
183400	-0.13259924	
183500	-0.089216733	
183600	-0.043426567	
183700	0.0043962611	
183800	0.048154112	
183900	0.085180788	
184000	0.10778913	
184100	0.11113359	
184200	0.09430856	
184300	0.063519525	
184400	0.021566822	
184500	-0.01741287	
184600	-0.045437629	
184700	-0.053835205	
184800	-0.041509134	
184900	-0.0097130841	
185000	0.037375053	
185100	0.091679151	
185200	0.14441322	
185300	0.18652962	
185400	0.21271611	
185500	0.21994816	
185600	0.20967086	
185700	0.18624185	
185800	0.15322939	
185900	0.11360835	
186000	0.069871966	
186100	0.023955079	
186200	-0.023238886	
186300	-0.0658983	
186400	-0.098872824	
186500	-0.11521504	
186600	-0.11140142	
186700	-0.090484774	
186800	-0.050543403	
186900	-0.013178692	
187000	0.023929162	
187100	0.044707782	
187200	0.045214917	
187300	0.024754183	
187400	-0.017449268	
187500	-0.065543814	
187600	-0.12231799	
187700	-0.17183826	
187800	-0.20958459	
187900	-0.22814517	
188000	-0.22790051	
188100	-0.2110923	
188200	-0.18203843	
188300	-0.14509376	
188400	-0.1030863	
188500	-0.057547198	
188600	-0.010086949	
188700	0.035177148	
188800	0.074977913	
188900	0.1024814	
189000	0.11207763	
189100	0.10091792	
189200	0.074704426	
189300	0.033973334	
189400	-0.0064625418	
189500	-0.038718479	
189600	-0.053330414	
189700	-0.047245303	
189800	-0.021038386	
189900	0.022502823	
190000	0.075489719	
190100	0.12955892	
190200	0.17579989	
190300	0.20703167	
190400	0.2197564	
190500	0.21458254	
190600	0.19478504	
190700	0.16446078	
190800	0.12628658	
190900	0.083585379	
191000	0.038635115	
191100	-0.0085630337	
191200	-0.053569813	
191300	-0.089411029	
191400	-0.11181927	
191500	-0.11392868	
191600	-0.096218419	
191700	-0.06209293	
191800	-0.024449435	
191900	0.015188315	
192000	0.041125618	
192100	0.048566137	
192200	0.034530896	
192300	-0.00031867922	
192400	-0.051255524	
192500	-0.10339357	
192600	-0.1574646	
192700	-0.19908831	
192800	-0.2238852	
192900	-0.2295784	
193000	-0.21676189	
193100	-0.19147945	
193200	-0.15679806	
193300	-0.11575506	
193400	-0.071701117	
193500	-0.023357916	
193600	0.021205393	
193700	0.064056794	
193800	0.095210279	
193900	0.11101801	
194000	0.105785	
194100	0.081904964	
194200	0.043739442	
194300	0.004745804	
194400	-0.032005465	
194500	-0.052445573	
194600	-0.052823537	
194700	-0.032397879	
194800	0.0064705999	
194900	0.05697286	
195000	0.11245943	
195100	0.16146556	
195200	0.19820859	
195300	0.21683689	
195400	0.21722213	
195500	0.20140001	
195600	0.17381577	
195700	0.13829372	
195800	0.096540133	
195900	0.052438191	
196000	0.0056581201	
196100	-0.040544898	
196200	-0.079507666	
196300	-0.10692946	
196400	-0.11557296	
196500	-0.10346288	
196600	-0.07370371	
196700	-0.036848119	
196800	0.0042047267	
196900	0.034917536	
197000	0.049002807	
197100	0.041359409	
197200	0.012349895	
197300	-0.0330082	
197400	-0.089262585	
197500	-0.14031315	
197600	-0.1880496	
197700	-0.21807305	
197800	-0.22929822	
197900	-0.22236729	
198000	-0.2000456	
198100	-0.16796305	
198200	-0.12857142	
198300	-0.084851998	
198400	-0.039317028	
198500	0.0086411869	
198600	0.051984681	
198700	0.087628956	
198800	0.10870053	
198900	0.10990191	
199000	0.091315762	
199100	0.056457382	
199200	0.018001589	
199300	-0.021903244	
199400	-0.047738266	
199500	-0.054282837	
199600	-0.040012615	
199700	-0.0063352859	
199800	0.041465076	
199900	0.096428391	
200000	0.14826367	
200100	0.18914617	
200200	0.21353203	
200300	0.21920398	
200400	0.20752503	
200500	0.18313479	
200600	0.14953902	
200700	0.10954052	
200800	0.065312721	
200900	0.019463856	
201000	-0.027400181	
201100	-0.069484785	
201200	-0.10117025	
201300	-0.1154695	
201400	-0.10989252	
201500	-0.087182067	
201600	-0.046440446	
201700	-0.0094485334	
201800	0.026892436	
201900	0.045645935	
202000	0.044549553	
202100	0.02171021	
202200	-0.021955105	
202300	-0.072712524	
202400	-0.12616547	
202500	-0.17628884	
202600	-0.21142262	
202700	-0.22880572	
202800	-0.22673	
202900	-0.20832716	
203000	-0.17884529	
203100	-0.14125447	
203200	-0.098552662	
203300	-0.052971983	
203400	-0.0050875331	
203500	0.039625803	
203600	0.078350156	
203700	0.10446672	
203800	0.11206614	
203900	0.099105912	
204000	0.071249362	
204100	0.030548073	
204200	-0.00984887	
204300	-0.040576078	
204400	-0.053295827	
204500	-0.045192365	
204600	-0.016950049	
204700	0.030096784	
204800	0.079966685	
204900	0.134899	
205000	0.17968411	
205100	0.2092166	
205200	0.22034812	
205300	0.21308621	
205400	0.19213688	
205500	0.16100856	
205600	0.12212703	
205700	0.079379785	
205800	0.034005881	
205900	-0.013899539	
206000	-0.057287846	
206100	-0.092546298	
206200	-0.11305005	
206300	-0.11317976	
206400	-0.096082249	
206500	-0.05783293	
206600	-0.021192578	
206700	0.017990864	
206800	0.042333466	
206900	0.047363639	
207000	0.031606106	
207100	-0.005359453	
207200	-0.055198446	
207300	-0.11222842	
207400	-0.16166179	
207500	-0.20310407	
207600	-0.22540492	
207700	-0.22933879	
207800	-0.21508267	
207900	-0.18894334	
208000	-0.15315086	
208100	-0.11168506	
208200	-0.067688421	
208300	-0.019526958	
208400	0.02549499	
208500	0.067374151	
208600	0.097448691	
208700	0.11104864	
208800	0.10396365	
208900	0.080904465	
209000	0.041633206	
209100	0.0002478114	
209200	-0.034610391	
209300	-0.05350592	
209400	-0.051816312	
209500	-0.029591985	
209600	0.010874629	
209700	0.062144469	
209800	0.11746739	
209900	0.16562434	
210000	0.20083988	
210100	0.21762902	
210200	0.21621173	
210300	0.19913939	
210400	0.17122718	
210500	0.13456892	
210600	0.092854066	
210700	0.048004085	
210800	0.0020205474	
210900	-0.044531577	
211000	-0.082061041	
211100	-0.10826838	
211200	-0.11466347	
211300	-0.10079754	
211400	-0.071959758	
211500	-0.03148145	
211600	0.0079901962	
211700	0.038153761	
211800	0.050261602	
211900	0.04054193	
212000	0.0099742764	
212100	-0.036835474	
212200	-0.091214543	
212300	-0.14574272	
212400	-0.19042	
212500	-0.21958129	
212600	-0.22905992	
212700	-0.22027457	
212800	-0.1971246	
212900	-0.16443058	
213000	-0.12411974	
213100	-0.080786193	
213200	-0.034893149	
213300	0.012696226	
213400	0.055621207	
213500	0.089962697	
213600	0.10940926	
213700	0.10850606	
213800	0.088048298	
213900	0.052206356	
214000	0.01332254	
214100	-0.025857261	
214200	-0.050190069	
214300	-0.054781845	
214400	-0.038673955	
214500	-0.0038560421	
214600	0.045432613	
214700	0.10026791	
214800	0.15157613	
214900	0.19131443	
215000	0.21399577	
215100	0.21817997	
215200	0.20513019	
215300	0.1800169	
215400	0.14586601	
215500	0.10527952	
215600	0.061518135	
215700	0.014905173	
215800	-0.031635175	
215900	-0.07281325	
216000	-0.10331274	
216100	-0.11622999	
216200	-0.10770793	
216300	-0.084317389	
216400	-0.045366876	
216500	-0.004839062	
216600	0.029187968	
216700	0.046703783	
216800	0.04371221	
216900	0.018993263	
217000	-0.023665686	
217100	-0.078841499	
217200	-0.13038469	
217300	-0.18033347	
217400	-0.21395415	
217500	-0.22940651	
217600	-0.22573873	
217700	-0.20569055	
217800	-0.17569165	
217900	-0.13741281	
218000	-0.094053902	
218100	-0.0486352	
218200	-0.00051001504	
218300	0.043650746	
218400	0.081784636	
218500	0.10624487	
218600	0.11161221	
218700	0.097323254	
218800	0.068091833	
218900	0.02647856	
219000	-0.01293107	
219100	-0.042791004	
219200	-0.053352764	
219300	-0.043482194	
219400	-0.013472772	
219500	0.032160286	
219600	0.086027518	
219700	0.13949764	
219800	0.18292401	
219900	0.21110221	
220000	0.22036717	
220100	0.21174628	
220200	0.18976669	
220300	0.1574992	
220400	0.11805899	
220500	0.074890413	
220600	0.029283304	
220700	-0.018040414	
220800	-0.061195842	
220900	-0.09572079	
221000	-0.1141251	
221100	-0.11255942	
221200	-0.09362196	
221300	-0.054874991	
221400	-0.017561839	
221500	0.020697875	
221600	0.043337212	
221700	0.046143408	
221800	0.028474006	
221900	-0.010050737	
222000	-0.06034474	
222100	-0.1161051	
222200	-0.16709368	
222300	-0.20669439	
222400	-0.22716983	
222500	-0.22932884	
222600	-0.21348692	
222700	-0.18601034	
222800	-0.14955737	
222900	-0.10766334	
223000	-0.063263382	
223100	-0.015028037	
223200	0.029834353	
223300	0.071062882	
223400	0.099937792	
223500	0.11185333	
223600	0.10273249	
223700	0.077982276	
223800	0.038445783	
223900	-0.0028309279	
224000	-0.036324822	
224100	-0.053550511	
224200	-0.049508109	
224300	-0.025495436	
224400	0.016287866	
224500	0.070595929	
224600	0.12221366	
224700	0.1707764	
224800	0.2035777	
224900	0.21878026	
225000	0.21569013	
225100	0.19713536	
225200	0.16812444	
225300	0.13102938	
225400	0.088701128	
225500	0.043732059	
225600	-0.0026049545	
225700	-0.048739255	
225800	-0.085391473	
225900	-0.10998988	
226000	-0.11431129	
226100	-0.098486824	
226200	-0.069207199	
226300	-0.027441211	
226400	0.01129059	
226500	0.039638082	
226600	0.049551834	
226700	0.037762929	
226800	0.0053784264	
226900	-0.04232721	
227000	-0.097213218	
227100	-0.15110309	
227200	-0.19473234	
227300	-0.22164855	
227400	-0.22958972	
227500	-0.2185001	
227600	-0.19445446	
227700	-0.1609416	
227800	-0.12033427	
227900	-0.076402906	
228000	-0.030751691	
228100	0.017005004	
228200	0.059373202	
228300	0.092446373	
228400	0.11016438	
228500	0.10746686	
228600	0.085076588	
228700	0.048307939	
228800	0.0090226158	
228900	-0.028932544	
229000	-0.051571005	
229100	-0.054232539	
229200	-0.036317641	
229300	0.00073342998	
229400	0.050296259	
229500	0.10567853	
229600	0.15599249	
229700	0.19459982	
229800	0.21518326	
229900	0.21772792	
230000	0.20335489	
230100	0.17749028	
230200	0.14240915	
230300	0.10129719	
230400	0.057312024	
230500	0.010804724	
230600	-0.035617291	
230700	-0.075926391	
230800	-0.10481133	
230900	-0.11603967	
231000	-0.10597498	
231100	-0.077891389	
231200	-0.04176153	
231300	-0.00024246853	
231400	0.032177655	
231500	0.048103557	
231600	0.042922315	
231700	0.016341942	
231800	-0.027499476	
231900	-0.083255258	
232000	-0.13492488	
232100	-0.18356577	
232200	-0.21569239	
232300	-0.22920853	
232400	-0.22397355	
232500	-0.20293352	
232600	-0.1720448	
232700	-0.13321747	
232800	-0.089808364	
232900	-0.044095432	
233000	0.0038199522	
233100	0.047706138	
233200	0.084759195	
233300	0.10768671	
233400	0.11116674	
233500	0.094721918	
233600	0.064252383	
233700	0.022351169	
233800	-0.016784138	
233900	-0.044938996	
234000	-0.053695819	
234100	-0.041740196	
234200	-0.010033799	
234300	0.036760298	
234400	0.090957749	
234500	0.14400863	
234600	0.18611124	
234700	0.21269863	
234800	0.22004954	
234900	0.21014325	
235000	0.18695771	
235100	0.15407851	
235200	0.11424341	
235300	0.070701897	
235400	0.024784581	
235500	-0.022538736	
235600	-0.06508646	
235700	-0.098446679	
235800	-0.11502512	
235900	-0.11161271	
236000	-0.090962382	
236100	-0.05107162	
236200	-0.013898936	
236300	0.023521991	
236400	0.04450709	
236500	0.045261849	
236600	0.025265436	
236700	-0.016795099	
236800	-0.064748283	
236900	-0.12159401	
237000	-0.17131853	
237100	-0.20917869	
237200	-0.22800309	
237300	-0.22811215	
237400	-0.21138522	
237500	-0.18255413	
237600	-0.14568516	
237700	-0.10371875	
237800	-0.058364104	
237900	-0.010551509	
238000	0.03439137	
238100	0.074466999	
238200	0.10211283	
238300	0.11211127	
238400	0.1011963	
238500	0.075161794	
238600	0.034578538	
238700	-0.0058899594	
238800	-0.038406892	
238900	-0.053337951	
239000	-0.047520425	
239100	-0.021695038	
239200	0.021607789	
239300	0.074510898	
239400	0.12882125	
239500	0.1750417	
239600	0.20671798	
239700	0.21974364	
239800	0.2148367	
239900	0.19523355	
240000	0.16501671	
