100	-0.0069711808	
200	0.0025057043	
300	-0.00065109216	
400	0.00018092382	
500	-0.00027135913	
600	-8.1089505e-05	
700	-6.1530215e-05	
800	-0.00016760686	
900	-0.00017587923	
1000	3.1382865e-05	
1100	-4.7515771e-05	
1200	-0.00019698592	
1300	7.4385647e-05	
1400	0.00010000847	
1500	0.0004652483	
1600	0.0016089293	
1700	0.002850777	
1800	0.0040419495	
1900	0.0061396877	
2000	0.0079674607	
2100	0.0101669	
2200	0.012955113	
2300	0.01625958	
2400	0.02013705	
2500	0.024000407	
2600	0.02908493	
2700	0.033891386	
2800	0.040034101	
2900	0.046002794	
3000	0.052580243	
3100	0.059380588	
3200	0.067070275	
3300	0.074611883	
3400	0.083636613	
3500	0.091972277	
3600	0.10137728	
3700	0.11160388	
3800	0.12243415	
3900	0.13279229	
4000	0.1442151	
4100	0.15588258	
4200	0.16779081	
4300	0.17988493	
4400	0.19269442	
4500	0.20562043	
4600	0.21866292	
4700	0.23233539	
4800	0.24599919	
4900	0.25998247	
5000	0.27410161	
5100	0.28864172	
5200	0.30315688	
5300	0.31823272	
5400	0.33294799	
5500	0.34825941	
5600	0.36367218	
5700	0.37850539	
5800	0.39383748	
5900	0.40943459	
6000	0.42418876	
6100	0.43985877	
6200	0.45418275	
6300	0.46829961	
6400	0.48170724	
6500	0.4944465	
6600	0.50689502	
6700	0.51749576	
6800	0.52763517	
6900	0.53572395	
7000	0.54223966	
7100	0.54710369	
7200	0.54960656	
7300	0.55007364	
7400	0.548823	
7500	0.54443332	
7600	0.53771775	
7700	0.52813307	
7800	0.51602974	
7900	0.50083721	
8000	0.4870726	
8100	0.46427958	
8200	0.44306214	
8300	0.42271453	
8400	0.39291953	
8500	0.36550911	
8600	0.33552723	
8700	0.30369044	
8800	0.27032911	
8900	0.23135606	
9000	0.19445156	
9100	0.15425642	
9200	0.1130507	
9300	0.069288506	
9400	0.024276906	
9500	-0.023183984	
9600	-0.071593564	
9700	-0.12482527	
9800	-0.17655968	
9900	-0.23089159	
10000	-0.2867147	
10100	-0.34464395	
10200	-0.40419489	
10300	-0.46402562	
10400	-0.5243668	
10500	-0.58468763	
10600	-0.64414469	
10700	-0.70247232	
10800	-0.75882324	
10900	-0.81310866	
11000	-0.86459456	
11100	-0.91338801	
11200	-0.95744862	
11300	-0.99788902	
11400	-1.0335872	
11500	-1.0635257	
11600	-1.0895273	
11700	-1.1087433	
11800	-1.1229232	
11900	-1.1314001	
12000	-1.1328157	
12100	-1.1282899	
12200	-1.1171742	
12300	-1.0984162	
12400	-1.0722228	
12500	-1.0389421	
12600	-0.99747364	
12700	-0.94795608	
12800	-0.89036356	
12900	-0.82253279	
13000	-0.74495126	
13100	-0.65679848	
13200	-0.55401989	
13300	-0.44465024	
13400	-0.32353452	
13500	-0.19429772	
13600	-0.059571306	
13700	0.076934041	
13800	0.21019266	
13900	0.33564249	
14000	0.44983216	
14100	0.55099126	
14200	0.6366301	
14300	0.70803881	
14400	0.76567931	
14500	0.81152818	
14600	0.84714158	
14700	0.8747247	
14800	0.89548591	
14900	0.9107483	
15000	0.92091426	
15100	0.92612902	
15200	0.92712365	
15300	0.92295984	
15400	0.91327951	
15500	0.89658167	
15600	0.87079637	
15700	0.83431254	
15800	0.78525062	
15900	0.72244491	
16000	0.64424164	
16100	0.55197934	
16200	0.44328379	
16300	0.32657281	
16400	0.19718515	
16500	0.061279486	
16600	-0.077773777	
16700	-0.21688286	
16800	-0.35089915	
16900	-0.47713098	
17000	-0.59319011	
17100	-0.69672308	
17200	-0.78673252	
17300	-0.86334754	
17400	-0.92714541	
17500	-0.97965005	
17600	-1.0224578	
17700	-1.0579345	
17800	-1.086312	
17900	-1.1092228	
18000	-1.1259888	
18100	-1.1365568	
18200	-1.1385545	
18300	-1.1274655	
18400	-1.1044035	
18500	-1.0628469	
18600	-1.000999	
18700	-0.91692976	
18800	-0.81110567	
18900	-0.68625602	
19000	-0.54569708	
19100	-0.39587391	
19200	-0.23955656	
19300	-0.087015844	
19400	0.059907852	
19500	0.19614793	
19600	0.31873968	
19700	0.42709741	
19800	0.52006527	
19900	0.59825267	
20000	0.6616903	
20100	0.71584514	
20200	0.7622958	
20300	0.80461556	
20400	0.84503315	
20500	0.88531814	
20600	0.92700692	
20700	0.96783531	
20800	1.004381	
20900	1.0325822	
21000	1.0461894	
21100	1.0400785	
21200	1.0142302	
21300	0.96533561	
21400	0.8931685	
21500	0.79804569	
21600	0.68495097	
21700	0.55437477	
21800	0.41387367	
21900	0.26956721	
22000	0.12183324	
22100	-0.019432091	
22200	-0.15238841	
22300	-0.27269785	
22400	-0.37763597	
22500	-0.46681223	
22600	-0.53977277	
22700	-0.59853934	
22800	-0.64619876	
22900	-0.6892416	
23000	-0.7326006	
23100	-0.78161729	
23200	-0.83652473	
23300	-0.89780536	
23400	-0.96079114	
23500	-1.0183091	
23600	-1.0668446	
23700	-1.0975874	
23800	-1.1057748	
23900	-1.0884446	
24000	-1.0446553	
24100	-0.97424973	
24200	-0.87890278	
24300	-0.76400667	
24400	-0.63715281	
24500	-0.49980868	
24600	-0.36209706	
24700	-0.22711024	
24800	-0.10242284	
24900	0.014875018	
25000	0.11811975	
25100	0.20666142	
25200	0.27955669	
25300	0.33778449	
25400	0.38398994	
25500	0.4266834	
25600	0.47313937	
25700	0.53205214	
25800	0.60313462	
25900	0.68778229	
26000	0.78021163	
26100	0.87223632	
26200	0.9558542	
26300	1.0226689	
26400	1.0652834	
26500	1.0838467	
26600	1.0724693	
26700	1.0310826	
26800	0.95965054	
26900	0.86153863	
27000	0.743452	
27100	0.6117018	
27200	0.47561536	
27300	0.33998396	
27400	0.21274225	
27500	0.094929916	
27600	-0.0070694339	
27700	-0.089824225	
27800	-0.16004039	
27900	-0.2120675	
28000	-0.25006372	
28100	-0.28136039	
28200	-0.31719188	
28300	-0.36572775	
28400	-0.43617783	
28500	-0.52505182	
28600	-0.6267678	
28700	-0.73301531	
28800	-0.8326508	
28900	-0.91307467	
29000	-0.97311186	
29100	-1.0041029	
29200	-1.0042946	
29300	-0.974169	
29400	-0.91417734	
29500	-0.82994416	
29600	-0.7267587	
29700	-0.61694043	
29800	-0.50642926	
29900	-0.39981341	
30000	-0.30169271	
30100	-0.21356975	
30200	-0.1387147	
30300	-0.080501392	
30400	-0.033640186	
30500	-0.0027964306	
30600	0.017702522	
30700	0.03691597	
30800	0.064423318	
30900	0.11517639	
31000	0.1901401	
31100	0.28470902	
31200	0.38991982	
31300	0.49387819	
31400	0.58733377	
31500	0.66003937	
31600	0.70724274	
31700	0.72653333	
31800	0.71473948	
31900	0.67666329	
32000	0.61354368	
32100	0.5327681	
32200	0.44331506	
32300	0.35834881	
32400	0.27791776	
32500	0.20823884	
32600	0.15146012	
32700	0.1076487	
32800	0.079577107	
32900	0.067658043	
33000	0.066274771	
33100	0.075936424	
33200	0.09058877	
33300	0.096718195	
33400	0.081413964	
33500	0.039119399	
33600	-0.026171465	
33700	-0.10559651	
33800	-0.18382942	
33900	-0.25384137	
34000	-0.30449731	
34100	-0.33079501	
34200	-0.3323067	
34300	-0.31114407	
34400	-0.27156541	
34500	-0.22216634	
34600	-0.16838517	
34700	-0.12235613	
34800	-0.092399011	
34900	-0.071594028	
35000	-0.063578579	
35100	-0.07006717	
35200	-0.085224975	
35300	-0.11277658	
35400	-0.14989766	
35500	-0.19522388	
35600	-0.24103853	
35700	-0.2812419	
35800	-0.30437495	
35900	-0.29954291	
36000	-0.26900465	
36100	-0.21965077	
36200	-0.1671315	
36300	-0.11634385	
36400	-0.08000965	
36500	-0.063009111	
36600	-0.064223254	
36700	-0.083042342	
36800	-0.114279	
36900	-0.15034649	
37000	-0.18620475	
37100	-0.21126736	
37200	-0.21936382	
37300	-0.21161907	
37400	-0.18922456	
37500	-0.15286418	
37600	-0.10464009	
37700	-0.04767892	
37800	0.020233843	
37900	0.089371436	
38000	0.16112134	
38100	0.22849257	
38200	0.28148371	
38300	0.31108	
38400	0.31679468	
38500	0.29477351	
38600	0.2590707	
38700	0.21718077	
38800	0.18102619	
38900	0.15958568	
39000	0.14833181	
39100	0.15196819	
39200	0.16677462	
39300	0.18651951	
39400	0.20380153	
39500	0.21913086	
39600	0.22322879	
39700	0.21395026	
39800	0.19240012	
39900	0.16067994	
40000	0.11950016	
40100	0.072425605	
40200	0.016796559	
40300	-0.0408771	
40400	-0.10379468	
40500	-0.16649213	
40600	-0.22297244	
40700	-0.26457161	
40800	-0.28340904	
40900	-0.2762647	
41000	-0.24873841	
41100	-0.20352704	
41200	-0.15368784	
41300	-0.10924734	
41400	-0.077367594	
41500	-0.062068848	
41600	-0.061584212	
41700	-0.075920065	
41800	-0.099538342	
41900	-0.12691586	
42000	-0.15297943	
42100	-0.17113542	
42200	-0.18023945	
42300	-0.17858567	
42400	-0.16886449	
42500	-0.14685025	
42600	-0.12275318	
42700	-0.089660506	
42800	-0.050236773	
42900	-0.0040808055	
43000	0.046293047	
43100	0.093201989	
43200	0.13226914	
43300	0.15267079	
43400	0.14998648	
43500	0.12787546	
43600	0.086192894	
43700	0.036793865	
43800	-0.010017779	
43900	-0.045836406	
44000	-0.066132838	
44100	-0.0700757	
44200	-0.05755948	
44300	-0.034374518	
44400	-0.005986328	
44500	0.023527802	
44600	0.048156295	
44700	0.06558566	
44800	0.075378882	
44900	0.076287674	
45000	0.073615281	
45100	0.065155766	
45200	0.048948149	
45300	0.025906242	
45400	-0.0047432201	
45500	-0.041775106	
45600	-0.077872547	
45700	-0.10816181	
45800	-0.12174432	
45900	-0.11310815	
46000	-0.081448797	
46100	-0.034884643	
46200	0.023780597	
46300	0.078356707	
46400	0.12183531	
46500	0.146418	
46600	0.15044261	
46700	0.13460232	
46800	0.10269633	
46900	0.062065016	
47000	0.017941031	
47100	-0.023127662	
47200	-0.056613543	
47300	-0.077314956	
47400	-0.094855071	
47500	-0.10411251	
47600	-0.10519814	
47700	-0.098103882	
47800	-0.082051645	
47900	-0.056572797	
48000	-0.02157833	
48100	0.014115346	
48200	0.047634671	
48300	0.065895066	
48400	0.06359192	
48500	0.037965482	
48600	-0.0039952976	
48700	-0.058906157	
48800	-0.11353504	
48900	-0.15611285	
49000	-0.18151096	
49100	-0.18541778	
49200	-0.16909207	
49300	-0.13696671	
49400	-0.096146061	
49500	-0.052550572	
49600	-0.012492642	
49700	0.018773153	
49800	0.042303652	
49900	0.054846079	
50000	0.063278463	
50100	0.063472972	
50200	0.056127837	
50300	0.040037267	
50400	0.014463923	
50500	-0.020025168	
50600	-0.055702066	
50700	-0.088401797	
50800	-0.10539688	
50900	-0.099306423	
51000	-0.071224953	
51100	-0.021116611	
51200	0.038756457	
51300	0.097061785	
51400	0.14276189	
51500	0.16953423	
51600	0.17229653	
51700	0.15470937	
51800	0.11956882	
51900	0.073670963	
52000	0.024987442	
52100	-0.020945327	
52200	-0.056845692	
52300	-0.083439991	
52400	-0.097442503	
52500	-0.1071314	
52600	-0.10604724	
52700	-0.096001515	
52800	-0.076446648	
52900	-0.04688722	
53000	-0.0065392281	
53100	0.034364157	
53200	0.07283864	
53300	0.095418599	
53400	0.095349721	
53500	0.073263912	
53600	0.028473507	
53700	-0.025378556	
53800	-0.078120652	
53900	-0.11892341	
54000	-0.1405418	
54100	-0.14142323	
54200	-0.12224375	
54300	-0.089334102	
54400	-0.048666823	
54500	-0.0066923639	
54600	0.029364176	
54700	0.055831005	
54800	0.071943733	
54900	0.079947828	
55000	0.07609826	
55100	0.068074055	
55200	0.051226452	
55300	0.025826084	
55400	-0.0085305318	
55500	-0.051197902	
55600	-0.093019183	
55700	-0.12992849	
55800	-0.14833876	
55900	-0.14260949	
56000	-0.1143393	
56100	-0.064543947	
56200	-0.0068482457	
56300	0.047646965	
56400	0.088718391	
56500	0.11060206	
56600	0.11091328	
56700	0.090985262	
56800	0.056639992	
56900	0.014418319	
57000	-0.029438896	
57100	-0.066605945	
57200	-0.094609401	
57300	-0.11165333	
57400	-0.11677454	
57500	-0.1163502	
57600	-0.10622344	
57700	-0.087953264	
57800	-0.060578569	
57900	-0.023418211	
58000	0.022047734	
58100	0.066865533	
58200	0.10646204	
58300	0.12806774	
58400	0.12638783	
58500	0.10238217	
58600	0.057498543	
58700	0.004837216	
58800	-0.04601179	
58900	-0.083155839	
59000	-0.10236836	
59100	-0.10165842	
59200	-0.082788816	
59300	-0.051569811	
59400	-0.014262567	
59500	0.022519631	
59600	0.053601743	
59700	0.074301523	
59800	0.085721596	
59900	0.089026526	
60000	0.080799962	
60100	0.069442626	
60200	0.049066333	
60300	0.020810101	
60400	-0.015925491	
60500	-0.0597251	
60600	-0.10200905	
60700	-0.13762277	
60800	-0.15382096	
60900	-0.14649858	
61000	-0.11707553	
61100	-0.066974469	
61200	-0.0097463869	
61300	0.043594407	
61400	0.08315555	
61500	0.10400573	
61600	0.10343223	
61700	0.084529858	
61800	0.05082357	
61900	0.010635767	
62000	-0.029822723	
62100	-0.065424207	
62200	-0.091038297	
62300	-0.10679722	
62400	-0.11088887	
62500	-0.11061108	
62600	-0.10053327	
62700	-0.083429466	
62800	-0.056711632	
62900	-0.021085066	
63000	0.022409599	
63100	0.064944017	
63200	0.10242173	
63300	0.12128163	
63400	0.11710857	
63500	0.091049868	
63600	0.044757402	
63700	-0.0092446394	
63800	-0.060358229	
63900	-0.098753428	
64000	-0.11823474	
64100	-0.11782692	
64200	-0.099443658	
64300	-0.06814602	
64400	-0.030128318	
64500	0.0073233334	
64600	0.039333079	
64700	0.061956914	
64800	0.075869807	
64900	0.078705518	
65000	0.077089768	
65100	0.067632127	
65200	0.050973718	
65300	0.025721603	
65400	-0.008564025	
65500	-0.049956454	
65600	-0.090087458	
65700	-0.12415273	
65800	-0.13904323	
65900	-0.13016246	
66000	-0.097837562	
66100	-0.049065408	
66200	0.009364815	
66300	0.063536361	
66400	0.10404503	
66500	0.125461	
66600	0.12547406	
66700	0.10544135	
66800	0.072443843	
66900	0.030159895	
67000	-0.01172278	
67100	-0.048698302	
67200	-0.076370091	
67300	-0.094316308	
67400	-0.10094507	
67500	-0.10311715	
67600	-0.095960208	
67700	-0.081179532	
67800	-0.057087309	
67900	-0.023468899	
68000	0.018061464	
68100	0.059192976	
68200	0.09491155	
68300	0.11285148	
68400	0.10757549	
68500	0.080271159	
68600	0.032914338	
68700	-0.022722693	
68800	-0.074640493	
68900	-0.11313693	
69000	-0.13346264	
69100	-0.13276205	
69200	-0.11358708	
69300	-0.080680277	
69400	-0.041529753	
69500	-0.0020061296	
69600	0.031660505	
69700	0.056243798	
69800	0.071837976	
69900	0.076388868	
70000	0.076133627	
70100	0.06733157	
70200	0.051748501	
70300	0.027528836	
70400	-0.0064089436	
70500	-0.047428035	
70600	-0.087530509	
70700	-0.12160138	
70800	-0.1361497	
70900	-0.12678028	
71000	-0.093847819	
71100	-0.045234301	
71200	0.014098483	
71300	0.068026825	
71400	0.10838726	
71500	0.12960937	
71600	0.12865456	
71700	0.10818142	
71800	0.073603861	
71900	0.031335101	
72000	-0.010873736	
72100	-0.048178789	
72200	-0.075590097	
72300	-0.093525205	
72400	-0.099807997	
72500	-0.10125358	
72600	-0.093898915	
72700	-0.078164321	
72800	-0.053768771	
72900	-0.01930693	
73000	0.022998799	
73100	0.064164425	
73200	0.10019826	
73300	0.11754089	
73400	0.11103642	
73500	0.083152271	
73600	0.034998265	
73700	-0.020912289	
73800	-0.072408131	
73900	-0.1107557	
74000	-0.12972276	
74100	-0.12875022	
74200	-0.10842374	
74300	-0.074991463	
74400	-0.035285894	
74500	0.0037676095	
74600	0.037266443	
74700	0.061069632	
74800	0.075889553	
74900	0.079266957	
75000	0.077967655	
75100	0.068264773	
75200	0.051333608	
75300	0.025729103	
75400	-0.009271413	
75500	-0.051475019	
75600	-0.092525012	
75700	-0.12630122	
75800	-0.14052324	
75900	-0.13064783	
76000	-0.097051525	
76100	-0.048204811	
76200	0.010653658	
76300	0.063982955	
76400	0.10322371	
76500	0.12286034	
76600	0.12137469	
76700	0.10017486	
76800	0.065790295	
76900	0.023729016	
77000	-0.017354893	
77100	-0.053610803	
77200	-0.079335555	
77300	-0.095706024	
77400	-0.10038098	
77500	-0.10053704	
77600	-0.091506021	
77700	-0.074930773	
77800	-0.049135346	
77900	-0.012264743	
78000	0.028546574	
78100	0.070168524	
78200	0.1059164	
78300	0.122016	
78400	0.11502773	
78500	0.085889645	
78600	0.036900405	
78700	-0.019064566	
78800	-0.070652675	
78900	-0.1084081	
79000	-0.12690408	
79100	-0.12468406	
79200	-0.10454025	
79300	-0.071065914	
79400	-0.031966572	
79500	0.0075166902	
79600	0.040302858	
79700	0.06331649	
79800	0.0777178	
79900	0.083558315	
80000	0.078112517	
80100	0.068728423	
80200	0.051087478	
80300	0.02488334	
80400	-0.010394496	
80500	-0.052492895	
80600	-0.093830494	
80700	-0.12648902	
80800	-0.14031019	
80900	-0.12940052	
81000	-0.095272697	
81100	-0.045862796	
81200	0.012429305	
81300	0.065327227	
81400	0.10388445	
81500	0.12322661	
81600	0.12068108	
81700	0.099524468	
81800	0.064589346	
81900	0.023204092	
82000	-0.018087843	
82100	-0.053093287	
82200	-0.078471051	
82300	-0.0941546	
82400	-0.098254372	
82500	-0.098230238	
82600	-0.088903552	
82700	-0.072136347	
82800	-0.046345979	
82900	-0.0094002543	
83000	0.030884122	
83100	0.072264033	
83200	0.10716255	
83300	0.12232906	
83400	0.11354872	
83500	0.083777427	
83600	0.033586952	
83700	-0.022309234	
83800	-0.074498444	
83900	-0.11159782	
84000	-0.13029157	
84100	-0.12784886	
84200	-0.10640012	
84300	-0.073400389	
84400	-0.033482294	
84500	0.0058811943	
84600	0.039059039	
84700	0.062410177	
84800	0.076829739	
84900	0.080136906	
85000	0.078708769	
85100	0.068609917	
85200	0.051703768	
85300	0.025163859	
85400	-0.0097534673	
85500	-0.051629912	
85600	-0.092558865	
85700	-0.12518536	
85800	-0.13825292	
85900	-0.12659805	
86000	-0.092212144	
86100	-0.042425665	
86200	0.015774053	
86300	0.068768233	
86400	0.10698573	
86500	0.12527745	
86600	0.12344612	
86700	0.10133419	
86800	0.06606199	
86900	0.025015228	
87000	-0.016055641	
87100	-0.051130061	
87200	-0.076146055	
87300	-0.092143857	
87400	-0.096142675	
87500	-0.095517537	
87600	-0.086843768	
87700	-0.069754503	
87800	-0.044259801	
87900	-0.0077712895	
88000	0.032521787	
88100	0.073546218	
88200	0.10749986	
88300	0.121951	
88400	0.11262521	
88500	0.081532628	
88600	0.030915019	
88700	-0.025524718	
88800	-0.077574361	
88900	-0.11501547	
89000	-0.13304156	
89100	-0.13014342	
89200	-0.10888535	
89300	-0.074869905	
89400	-0.034242313	
89500	0.0051111715	
89600	0.038392871	
89700	0.061771758	
89800	0.07659334	
89900	0.080180793	
90000	0.078587997	
90100	0.068676146	
90200	0.051563366	
90300	0.025388508	
90400	-0.0098077197	
90500	-0.051816198	
90600	-0.092380013	
90700	-0.12493402	
90800	-0.13718748	
90900	-0.12530131	
91000	-0.092645584	
91100	-0.039869301	
91200	0.018106906	
91300	0.070861603	
91400	0.10873967	
91500	0.1269401	
91600	0.12443876	
91700	0.10175377	
91800	0.066717615	
91900	0.025043313	
92000	-0.01553521	
92100	-0.050533656	
92200	-0.075082677	
92300	-0.091028019	
92400	-0.0947009	
92500	-0.094126647	
92600	-0.084883924	
92700	-0.068062823	
92800	-0.042242417	
92900	-0.0058706762	
93000	0.034284589	
93100	0.075046501	
93200	0.10910035	
93300	0.12266202	
93400	0.11239012	
93500	0.080670297	
93600	0.029534796	
93700	-0.027566556	
93800	-0.079336081	
93900	-0.11633755	
94000	-0.13415748	
94100	-0.13105164	
94200	-0.10940236	
94300	-0.074864047	
94400	-0.034514337	
94500	0.0049657767	
94600	0.038492614	
94700	0.061973358	
94800	0.076408147	
94900	0.080274479	
95000	0.078506228	
95100	0.068637922	
95200	0.051187003	
95300	0.024762429	
95400	-0.010647309	
95500	-0.052719849	
95600	-0.092771964	
95700	-0.12543402	
95800	-0.13766482	
95900	-0.12451288	
96000	-0.091411303	
96100	-0.038459908	
96200	0.019756369	
96300	0.072267946	
96400	0.11017225	
96500	0.12755117	
96600	0.12445602	
96700	0.10200657	
96800	0.066534505	
96900	0.025410874	
97000	-0.015563345	
97100	-0.050298227	
97200	-0.074903526	
97300	-0.090034004	
97400	-0.09354181	
97500	-0.093229328	
97600	-0.083114929	
97700	-0.066244073	
97800	-0.040528695	
97900	-0.0035123322	
98000	0.0364648	
98100	0.077396175	
98200	0.11033907	
98300	0.12345428	
98400	0.11229608	
98500	0.080048985	
98600	0.028435757	
98700	-0.028939778	
98800	-0.081022146	
98900	-0.11809413	
99000	-0.13547498	
99100	-0.1316831	
99200	-0.10985997	
99300	-0.074634981	
99400	-0.034897896	
99500	0.0052344075	
99600	0.038153221	
99700	0.062096113	
99800	0.076634232	
99900	0.080052943	
100000	0.078379136	
100100	0.068188151	
100200	0.050941901	
100300	0.024019318	
100400	-0.011201401	
100500	-0.053490807	
100600	-0.093578585	
100700	-0.12578342	
100800	-0.13748546	
100900	-0.12404032	
101000	-0.090069862	
101100	-0.037035868	
101200	0.020908405	
101300	0.072962961	
101400	0.11142596	
101500	0.12807625	
101600	0.12491813	
101700	0.10219097	
101800	0.066430973	
101900	0.025610886	
102000	-0.015490178	
102100	-0.049820641	
102200	-0.074291355	
102300	-0.089217506	
102400	-0.092574501	
102500	-0.091432591	
102600	-0.081664101	
102700	-0.064455893	
102800	-0.038923536	
102900	-0.0013629217	
103000	0.03841593	
103100	0.079068298	
103200	0.11163808	
103300	0.1241921	
103400	0.11246386	
103500	0.079174324	
103600	0.027467927	
103700	-0.030543128	
103800	-0.082292399	
103900	-0.11952307	
104000	-0.13687324	
104100	-0.13257029	
104200	-0.11049136	
104300	-0.075750377	
104400	-0.034723115	
104500	0.0049028284	
104600	0.037863066	
104700	0.062046016	
104800	0.076617059	
104900	0.079862582	
105000	0.078081568	
105100	0.068059667	
105200	0.050490017	
105300	0.023934582	
105400	-0.011877206	
105500	-0.053736271	
105600	-0.094208629	
105700	-0.12580739	
105800	-0.13710871	
105900	-0.12319514	
106000	-0.08875952	
106100	-0.036003323	
106200	0.022298505	
106300	0.074217426	
106400	0.11214904	
106500	0.12901681	
106600	0.12508069	
106700	0.10219878	
106800	0.067164738	
106900	0.025477212	
107000	-0.014921566	
107100	-0.049245564	
107200	-0.07349488	
107300	-0.088224868	
107400	-0.091497449	
107500	-0.090301213	
107600	-0.080092275	
107700	-0.063041941	
107800	-0.037097584	
107900	-0.00010711263	
108000	0.039701912	
108100	0.080118659	
108200	0.11212188	
108300	0.12449147	
108400	0.11211077	
108500	0.078203379	
108600	0.026023293	
108700	-0.032148206	
108800	-0.084094442	
108900	-0.12130109	
109000	-0.13838121	
109100	-0.13426837	
109200	-0.11192238	
109300	-0.076798514	
109400	-0.035666488	
109500	0.0043250106	
109600	0.037403127	
109700	0.061405497	
109800	0.076234099	
109900	0.08255209	
110000	0.077479521	
110100	0.068233387	
110200	0.050256228	
110300	0.023787686	
110400	-0.011767433	
110500	-0.054107771	
110600	-0.094100909	
110700	-0.12556493	
110800	-0.13654358	
110900	-0.12204398	
111000	-0.08718698	
111100	-0.034252591	
111200	0.024279358	
111300	0.07599828	
111400	0.1140491	
111500	0.13066389	
111600	0.12625918	
111700	0.10310874	
111800	0.067951217	
111900	0.026373838	
112000	-0.01444538	
112100	-0.048509479	
112200	-0.072921327	
112300	-0.087509615	
112400	-0.090392239	
112500	-0.089437417	
112600	-0.078787338	
112700	-0.061657779	
112800	-0.03547542	
112900	0.0012946014	
113000	0.041311492	
113100	0.081302936	
113200	0.11326201	
113300	0.12494574	
113400	0.11148938	
113500	0.077608148	
113600	0.024438617	
113700	-0.03381835	
113800	-0.085760696	
113900	-0.1230851	
114000	-0.13993063	
114100	-0.13572759	
114200	-0.11302934	
114300	-0.077671121	
114400	-0.036266202	
114500	0.0039700338	
114600	0.03708079	
114700	0.061335945	
114800	0.076358399	
114900	0.082344425	
115000	0.077854944	
115100	0.067919936	
115200	0.050204038	
115300	0.023570778	
115400	-0.012422802	
115500	-0.054559643	
115600	-0.094582029	
115700	-0.12602601	
115800	-0.13662187	
115900	-0.12210577	
116000	-0.086980576	
116100	-0.033396132	
116200	0.024889002	
116300	0.077031923	
116400	0.11394548	
116500	0.13079005	
116600	0.12617284	
116700	0.10332727	
116800	0.067372447	
116900	0.026167478	
117000	-0.014566298	
117100	-0.048278008	
117200	-0.072731716	
117300	-0.086967375	
117400	-0.089927934	
117500	-0.088104147	
117600	-0.077591816	
117700	-0.060505576	
117800	-0.03393442	
117900	0.0027861603	
118000	0.043089643	
118100	0.082877502	
118200	0.11496764	
118300	0.12587563	
118400	0.1121227	
118500	0.077119453	
118600	0.023813626	
118700	-0.034712782	
118800	-0.086752053	
118900	-0.12398531	
119000	-0.14075882	
119100	-0.13675796	
119200	-0.11341197	
119300	-0.078303097	
119400	-0.036507397	
119500	0.0036413558	
119600	0.037359312	
119700	0.061507216	
119800	0.076332698	
119900	0.082779107	
120000	0.07756769	
120100	0.067848357	
120200	0.050003618	
120300	0.023091961	
120400	-0.012700552	
120500	-0.055133433	
120600	-0.094966685	
120700	-0.12631584	
120800	-0.13684993	
120900	-0.12203832	
121000	-0.086396788	
121100	-0.032764648	
121200	0.025814489	
121300	0.077679243	
121400	0.11472734	
121500	0.131218	
121600	0.12630139	
121700	0.10346668	
121800	0.06740413	
121900	0.026034245	
122000	-0.01432331	
122100	-0.048049066	
122200	-0.072324951	
122300	-0.086300974	
122400	-0.089006532	
122500	-0.087454073	
122600	-0.076928913	
122700	-0.059345225	
122800	-0.032740502	
122900	0.0043141718	
123000	0.044548272	
123100	0.084223054	
123200	0.11573429	
123300	0.12636824	
123400	0.11213132	
123500	0.076724036	
123600	0.022828854	
123700	-0.035791023	
123800	-0.087634531	
123900	-0.12514132	
124000	-0.14192299	
124100	-0.13767226	
124200	-0.11411671	
124300	-0.078333062	
124400	-0.036949427	
124500	0.0032272865	
124600	0.037099931	
124700	0.061635482	
124800	0.076388233	
124900	0.082450539	
125000	0.077845672	
125100	0.067823319	
125200	0.050072747	
125300	0.023254193	
125400	-0.013051928	
125500	-0.055239605	
125600	-0.095034156	
125700	-0.12666459	
125800	-0.13676148	
125900	-0.12413341	
126000	-0.085653174	
126100	-0.032307887	
126200	0.026255541	
126300	0.078314368	
126400	0.11514081	
126500	0.13141071	
126600	0.1266824	
126700	0.10371797	
126800	0.068033052	
126900	0.026351592	
127000	-0.013993094	
127100	-0.047584112	
127200	-0.071662915	
127300	-0.085736495	
127400	-0.087997989	
127500	-0.086369003	
127600	-0.075719878	
127700	-0.058204896	
127800	-0.031337359	
127900	0.00550669	
128000	0.045413062	
128100	0.085022889	
128200	0.11655929	
128300	0.12652973	
128400	0.11211833	
128500	0.076026831	
128600	0.022004915	
128700	-0.036975072	
128800	-0.089263839	
128900	-0.12685907	
129000	-0.143517	
129100	-0.13927177	
129200	-0.11608688	
129300	-0.07993437	
129400	-0.038314393	
129500	0.0022942513	
129600	0.036029337	
129700	0.060918603	
129800	0.07585208	
129900	0.079750469	
130000	0.077754515	
130100	0.067564485	
130200	0.049647198	
130300	0.022658415	
130400	-0.013277367	
130500	-0.05532964	
130600	-0.095235428	
130700	-0.12660385	
130800	-0.13646057	
130900	-0.12414721	
131000	-0.085533863	
131100	-0.0315217	
131200	0.026757381	
131300	0.079236939	
131400	0.1159976	
131500	0.13258115	
131600	0.12825589	
131700	0.10517309	
131800	0.068963358	
131900	0.027802981	
132000	-0.012561014	
132100	-0.046651725	
132200	-0.070265225	
132300	-0.08463689	
132400	-0.08747051	
132500	-0.08545798	
132600	-0.074731045	
132700	-0.057494141	
132800	-0.030800455	
132900	0.0060978104	
133000	0.045902148	
133100	0.085437168	
133200	0.11641052	
133300	0.12659082	
133400	0.11380717	
133500	0.074929913	
133600	0.021273458	
133700	-0.038626732	
133800	-0.090425309	
133900	-0.12857862	
134000	-0.14578214	
134100	-0.14182984	
134200	-0.11840522	
134300	-0.08210629	
134400	-0.040257167	
134500	0.00054172971	
134600	0.034783857	
134700	0.059637654	
134800	0.074999632	
134900	0.081525733	
135000	0.077144888	
135100	0.067337905	
135200	0.049139792	
135300	0.022760987	
135400	-0.0129818	
135500	-0.055185293	
135600	-0.094948728	
135700	-0.12614842	
135800	-0.1360071	
135900	-0.12312821	
136000	-0.084432024	
136100	-0.030600847	
136200	0.02819349	
136300	0.080807028	
136400	0.11793991	
136500	0.13464332	
136600	0.1312759	
136700	0.10685018	
136800	0.071046371	
136900	0.029996418	
137000	-0.01091492	
137100	-0.045010267	
137200	-0.068855085	
137300	-0.08353074	
137400	-0.086277744	
137500	-0.0845334	
137600	-0.073999705	
137700	-0.056339329	
137800	-0.030190623	
137900	0.00679331	
138000	0.045959723	
138100	0.085755924	
138200	0.11648512	
138300	0.12658458	
138400	0.11371466	
138500	0.074505435	
138600	0.020227362	
138700	-0.039661239	
138800	-0.092623642	
138900	-0.13070307	
139000	-0.1480962	
139100	-0.14440699	
139200	-0.12093976	
139300	-0.084883144	
139400	-0.042434603	
139500	-0.0012566327	
139600	0.033339414	
139700	0.058891824	
139800	0.074669365	
139900	0.08125399	
140000	0.077029422	
140100	0.067472446	
140200	0.049374624	
140300	0.022476123	
140400	-0.01281226	
140500	-0.054941202	
140600	-0.095817004	
140700	-0.12618308	
140800	-0.13641669	
140900	-0.12350501	
141000	-0.084895725	
141100	-0.030817786	
141200	0.0278624	
141300	0.080810466	
141400	0.11775449	
141500	0.1348573	
141600	0.13114146	
141700	0.10721529	
141800	0.071337605	
141900	0.030304469	
142000	-0.010756113	
142100	-0.044721329	
142200	-0.068888833	
142300	-0.082789954	
142400	-0.088522225	
142500	-0.082919414	
142600	-0.073102525	
142700	-0.055661665	
142800	-0.029300484	
142900	0.0073296312	
143000	0.046990845	
143100	0.086654994	
143200	0.11709609	
143300	0.12714322	
143400	0.11190644	
143500	0.074744446	
143600	0.019757743	
143700	-0.040328962	
143800	-0.093757237	
143900	-0.13204197	
144000	-0.14972729	
144100	-0.14584932	
144200	-0.12201482	
144300	-0.086072735	
144400	-0.043451005	
144500	-0.0018808672	
144600	0.033139162	
144700	0.058791023	
144800	0.0748652	
144900	0.08149907	
145000	0.077284444	
145100	0.067864808	
145200	0.049343434	
145300	0.02282599	
145400	-0.012782003	
145500	-0.055096658	
145600	-0.096082934	
145700	-0.12665703	
145800	-0.13686495	
145900	-0.12168636	
146000	-0.085603021	
146100	-0.031123715	
146200	0.027653988	
146300	0.080635407	
146400	0.11821025	
146500	0.13513905	
146600	0.13119138	
146700	0.10757893	
146800	0.071632746	
146900	0.02982679	
147000	-0.010387367	
147100	-0.044778592	
147200	-0.068842628	
147300	-0.083450305	
147400	-0.088426156	
147500	-0.082948972	
147600	-0.072683273	
147700	-0.054855	
147800	-0.028780469	
147900	0.0082176201	
148000	0.047975712	
148100	0.087485461	
148200	0.1181711	
148300	0.12789171	
148400	0.11263401	
148500	0.075387643	
148600	0.01985693	
148700	-0.040343405	
148800	-0.094392836	
148900	-0.13221487	
149000	-0.1507673	
149100	-0.14623899	
149200	-0.12291104	
149300	-0.086559433	
149400	-0.043961523	
149500	-0.0021394464	
149600	0.033118221	
149700	0.059029951	
149800	0.075325183	
149900	0.08172081	
150000	0.077626017	
150100	0.067843284	
150200	0.049583776	
150300	0.022463484	
150400	-0.01346088	
150500	-0.055762789	
150600	-0.096726842	
150700	-0.12773558	
150800	-0.1379487	
150900	-0.12520182	
151000	-0.086338283	
151100	-0.031970015	
151200	0.026604258	
151300	0.079750613	
151400	0.11719224	
151500	0.13444378	
151600	0.1307551	
151700	0.10706979	
151800	0.071417566	
151900	0.029579294	
152000	-0.010503161	
152100	-0.044751301	
152200	-0.068906137	
152300	-0.083238063	
152400	-0.088079342	
152500	-0.082448447	
152600	-0.071834951	
152700	-0.054374856	
152800	-0.0276862	
152900	0.0090649069	
153000	0.048810841	
153100	0.088196255	
153200	0.11877576	
153300	0.12821335	
153400	0.11319446	
153500	0.075802055	
153600	0.019478498	
153700	-0.040854907	
153800	-0.095186662	
153900	-0.13364394	
154000	-0.15210973	
154100	-0.14834224	
154200	-0.12487511	
154300	-0.088526416	
154400	-0.045574398	
154500	-0.0035713663	
154600	0.031775315	
154700	0.058255052	
154800	0.074645705	
154900	0.08177219	
155000	0.077798935	
155100	0.068054885	
155200	0.049753895	
155300	0.022975015	
155400	-0.013147965	
155500	-0.055389775	
155600	-0.096313862	
155700	-0.12742317	
155800	-0.13804346	
155900	-0.12287625	
156000	-0.086712514	
156100	-0.031679509	
156200	0.027445212	
156300	0.080555907	
156400	0.11830942	
156500	0.13571716	
156600	0.13203372	
156700	0.10913479	
156800	0.072646721	
156900	0.030903014	
157000	-0.0091897319	
157100	-0.043497118	
157200	-0.068060476	
157300	-0.082472027	
157400	-0.0874319	
157500	-0.082026775	
157600	-0.071634145	
157700	-0.053187593	
157800	-0.027310114	
157900	0.0080187893	
158000	0.049137542	
158100	0.088333362	
158200	0.11884581	
158300	0.12855953	
158400	0.1132456	
158500	0.075529277	
158600	0.019169134	
158700	-0.041474963	
158800	-0.096447184	
158900	-0.13522396	
159000	-0.15392874	
159100	-0.1498689	
159200	-0.12685183	
159300	-0.089682045	
159400	-0.046677652	
159500	-0.0047266375	
159600	0.03122986	
159700	0.057762749	
159800	0.074366841	
159900	0.081930458	
160000	0.07771998	
160100	0.068261471	
160200	0.049420137	
160300	0.023005476	
160400	-0.013080206	
160500	-0.055830748	
160600	-0.096719913	
160700	-0.1280008	
160800	-0.13931636	
160900	-0.12595493	
161000	-0.087636456	
161100	-0.033235682	
161200	0.026479005	
161300	0.079327095	
161400	0.11773327	
161500	0.13531748	
161600	0.13137174	
161700	0.10893549	
161800	0.072185517	
161900	0.031176136	
162000	-0.0096930556	
162100	-0.04354516	
162200	-0.067935119	
162300	-0.082154764	
162400	-0.087246313	
162500	-0.0815483	
162600	-0.070876106	
162700	-0.052343244	
162800	-0.026773698	
162900	0.008705921	
163000	0.049808747	
163100	0.089599387	
163200	0.1194891	
163300	0.12925603	
163400	0.11348615	
163500	0.075999341	
163600	0.019333433	
163700	-0.041700668	
163800	-0.096728542	
163900	-0.13636813	
164000	-0.15534347	
164100	-0.15163951	
164200	-0.12886529	
164300	-0.091684592	
164400	-0.048845568	
164500	-0.0063431891	
164600	0.029745517	
164700	0.056755796	
164800	0.073691335	
164900	0.081199555	
165000	0.077766805	
165100	0.067871055	
165200	0.049398153	
165300	0.022881781	
165400	-0.013374804	
165500	-0.055494112	
165600	-0.096580415	
165700	-0.12809348	
165800	-0.13971007	
165900	-0.12417052	
166000	-0.088199193	
166100	-0.033371752	
166200	0.02649053	
166300	0.079899464	
166400	0.11843131	
166500	0.13649323	
166600	0.13288095	
166700	0.11077354	
166800	0.074073941	
166900	0.032931165	
167000	-0.0078649538	
167100	-0.041989822	
167200	-0.066925468	
167300	-0.081439467	
167400	-0.08675694	
167500	-0.080920654	
167600	-0.07048179	
167700	-0.052773444	
167800	-0.026335808	
167900	0.0083139595	
168000	0.049455283	
168100	0.088918726	
168200	0.11888822	
168300	0.12889314	
168400	0.11325422	
168500	0.075535046	
168600	0.018514439	
168700	-0.043302582	
168800	-0.09856326	
168900	-0.13847508	
169000	-0.15821489	
169100	-0.1551316	
169200	-0.13237635	
169300	-0.095592833	
169400	-0.05193899	
169500	-0.0091179129	
169600	0.027582331	
169700	0.054976545	
169800	0.072315351	
169900	0.080358435	
170000	0.07898611	
170100	0.067291823	
170200	0.049675749	
170300	0.023106305	
170400	-0.013078759	
170500	-0.055032126	
170600	-0.096418879	
170700	-0.12786567	
170800	-0.13922807	
170900	-0.12725057	
171000	-0.088152452	
171100	-0.034085517	
171200	0.026724039	
171300	0.080344287	
171400	0.11934544	
171500	0.13770671	
171600	0.13468085	
171700	0.11248402	
171800	0.076345571	
171900	0.034275002	
172000	-0.0057889222	
172100	-0.040973553	
172200	-0.065654031	
172300	-0.080696093	
172400	-0.085861043	
172500	-0.080492743	
172600	-0.070553572	
172700	-0.052208396	
172800	-0.026324801	
172900	0.008287646	
173000	0.04916203	
173100	0.088705339	
173200	0.11873405	
173300	0.12887285	
173400	0.11313517	
173500	0.075432905	
173600	0.017808199	
173700	-0.043988054	
173800	-0.10040019	
173900	-0.14070333	
174000	-0.16114577	
174100	-0.15862413	
174200	-0.13645364	
174300	-0.099704642	
174400	-0.055388934	
174500	-0.012622635	
174600	0.024974635	
174700	0.052857399	
174800	0.0709303	
174900	0.079577559	
175000	0.078257795	
175100	0.066584523	
175200	0.049845081	
175300	0.022834431	
175400	-0.013037058	
175500	-0.055016944	
175600	-0.09669953	
175700	-0.12867228	
175800	-0.14056314	
175900	-0.12899444	
176000	-0.090038829	
176100	-0.035704803	
176200	0.025004286	
176300	0.078790031	
176400	0.11853974	
176500	0.13729335	
176600	0.13464748	
176700	0.11240516	
176800	0.076972713	
176900	0.034984359	
177000	-0.0056209751	
177100	-0.040310023	
177200	-0.065584465	
177300	-0.080525777	
177400	-0.085567105	
177500	-0.082788153	
177600	-0.069530809	
177700	-0.051892365	
177800	-0.026073329	
177900	0.0083250316	
178000	0.049291523	
178100	0.088659363	
178200	0.11903302	
178300	0.12927487	
178400	0.11554183	
178500	0.075824527	
178600	0.018895814	
178700	-0.043984033	
178800	-0.10082731	
178900	-0.14195793	
179000	-0.1622922	
179100	-0.16125632	
179200	-0.13913741	
179300	-0.10185479	
179400	-0.058070672	
179500	-0.0150096	
179600	0.02288275	
179700	0.051396964	
179800	0.069917391	
179900	0.078455963	
180000	0.077468165	
180100	0.066300811	
180200	0.048916886	
180300	0.02214762	
180400	-0.013691903	
180500	-0.055914496	
180600	-0.097874445	
180700	-0.13013664	
180800	-0.14214703	
180900	-0.13104352	
181000	-0.092417823	
181100	-0.038156847	
181200	0.022352974	
181300	0.076900079	
181400	0.11720662	
181500	0.13607978	
181600	0.13415121	
181700	0.11218846	
181800	0.076803872	
181900	0.035114262	
182000	-0.0056492348	
182100	-0.040138169	
182200	-0.06548849	
182300	-0.080284436	
182400	-0.08541668	
182500	-0.082260214	
182600	-0.069355172	
182700	-0.05156072	
182800	-0.025487253	
182900	0.0086990766	
183000	0.049440517	
183100	0.088684421	
183200	0.11917	
183300	0.12950026	
183400	0.11635698	
183500	0.076457924	
183600	0.019673323	
183700	-0.043928609	
183800	-0.10077684	
183900	-0.14273205	
184000	-0.16432715	
184100	-0.16359121	
184200	-0.14174485	
184300	-0.10492934	
184400	-0.061882157	
184500	-0.018033678	
184600	0.019990425	
184700	0.04890034	
184800	0.067830965	
184900	0.076988655	
185000	0.076104937	
185100	0.064912684	
185200	0.047703842	
185300	0.021342063	
185400	-0.014589182	
185500	-0.05660451	
185600	-0.098761665	
185700	-0.13120123	
185800	-0.14404229	
185900	-0.13379449	
186000	-0.095277636	
186100	-0.04122141	
186200	0.019290597	
186300	0.074465663	
186400	0.11494109	
186500	0.13472191	
186600	0.13278392	
186700	0.11212267	
186800	0.077222763	
186900	0.03563817	
187000	-0.0047557354	
187100	-0.039357621	
187200	-0.065019403	
187300	-0.079682091	
187400	-0.084755716	
187500	-0.081452245	
187600	-0.068461257	
187700	-0.050762153	
187800	-0.025228987	
187900	0.0084861561	
188000	0.048512715	
188100	0.088157015	
188200	0.11850942	
188300	0.12899252	
188400	0.11652934	
188500	0.07715284	
188600	0.020399285	
188700	-0.043273808	
188800	-0.10098755	
188900	-0.14389132	
189000	-0.16586115	
189100	-0.16564865	
189200	-0.14471816	
189300	-0.10865893	
189400	-0.065692125	
189500	-0.021647981	
189600	0.016471933	
189700	0.045930007	
189800	0.065307583	
189900	0.074855185	
190000	0.074037106	
190100	0.063266378	
190200	0.046020617	
190300	0.019895295	
190400	-0.015952854	
190500	-0.057639856	
190600	-0.099882076	
190700	-0.13281468	
190800	-0.14610884	
190900	-0.13619166	
191000	-0.099028881	
191100	-0.044591788	
191200	0.015620342	
191300	0.071163297	
191400	0.11229817	
191500	0.13270936	
191600	0.13219566	
191700	0.11167995	
191800	0.077237656	
191900	0.036817818	
192000	-0.0039884605	
192100	-0.038005006	
192200	-0.063800214	
192300	-0.078707537	
192400	-0.083440888	
192500	-0.080637999	
192600	-0.06753917	
192700	-0.050034152	
192800	-0.024909092	
192900	0.0085213476	
193000	0.047603901	
193100	0.086777046	
193200	0.11724469	
193300	0.12809845	
193400	0.11622844	
193500	0.077199148	
193600	0.020750288	
193700	-0.043332495	
193800	-0.10157903	
193900	-0.14589191	
194000	-0.16806545	
194100	-0.16957506	
194200	-0.14981107	
194300	-0.1146872	
194400	-0.071368708	
194500	-0.027826477	
194600	0.0115493	
194700	0.04069084	
194800	0.06165971	
194900	0.07121485	
195000	0.071045992	
195100	0.060629789	
195200	0.043864231	
195300	0.01810108	
195400	-0.016971525	
195500	-0.058186517	
195600	-0.10046771	
195700	-0.13379754	
195800	-0.14787096	
195900	-0.13903455	
196000	-0.10277386	
196100	-0.048494175	
196200	0.011103912	
196300	0.067368653	
196400	0.10887851	
196500	0.13071919	
196600	0.12844446	
196700	0.11219231	
196800	0.075842936	
196900	0.039221356	
197000	-0.0021582376	
197100	-0.035949668	
197200	-0.061086492	
197300	-0.076543891	
197400	-0.081499536	
197500	-0.078362605	
197600	-0.065642019	
197700	-0.048727268	
197800	-0.023916447	
197900	0.0083681244	
198000	0.046759038	
198100	0.085672359	
198200	0.11612138	
198300	0.12753127	
198400	0.11637302	
198500	0.078203022	
198600	0.022277301	
198700	-0.041355149	
198800	-0.10059158	
198900	-0.14558673	
199000	-0.16960934	
199100	-0.17243828	
199200	-0.15395561	
199300	-0.11966112	
199400	-0.077790727	
199500	-0.03359836	
199600	0.0053382838	
199700	0.035792909	
199800	0.056775899	
199900	0.066744751	
200000	0.067168186	
200100	0.056947134	
200200	0.040883737	
200300	0.015607116	
200400	-0.019372142	
200500	-0.060019173	
200600	-0.1021088	
200700	-0.13578482	
200800	-0.1514143	
200900	-0.14336157	
201000	-0.10881264	
201100	-0.055410184	
201200	0.0042940067	
201300	0.060040407	
201400	0.10237409	
201500	0.1251262	
201600	0.1243	
201700	0.10994576	
201800	0.076867449	
201900	0.038033834	
202000	-0.0014771485	
202100	-0.034955703	
202200	-0.059906489	
202300	-0.074329951	
202400	-0.079102946	
202500	-0.075451306	
202600	-0.062236894	
202700	-0.045210978	
202800	-0.021014056	
202900	0.010770735	
203000	0.047972607	
203100	0.086158216	
203200	0.11650801	
203300	0.12823184	
203400	0.11822905	
203500	0.081437382	
203600	0.0264065	
203700	-0.036785314	
203800	-0.095883399	
203900	-0.14211394	
204000	-0.1681287	
204100	-0.17268134	
204200	-0.15635072	
204300	-0.12330464	
204400	-0.082683417	
204500	-0.039037471	
204600	-1.8098719e-05	
204700	0.030421774	
204800	0.052200874	
204900	0.062544004	
205000	0.063164965	
205100	0.05475334	
205200	0.037159213	
205300	0.0129001	
205400	-0.020954132	
205500	-0.061299628	
205600	-0.10319086	
205700	-0.13751541	
205800	-0.15373267	
205900	-0.14834862	
206000	-0.11543796	
206100	-0.06420055	
206200	-0.0057859428	
206300	0.050155417	
206400	0.092635532	
206500	0.11663653	
206600	0.11953294	
206700	0.10409098	
206800	0.073419827	
206900	0.036274663	
207000	-0.0013640661	
207100	-0.033622404	
207200	-0.057608987	
207300	-0.071041516	
207400	-0.074373255	
207500	-0.069821183	
207600	-0.057636182	
207700	-0.038450739	
207800	-0.015362969	
207900	0.015447533	
208000	0.051238885	
208100	0.088318157	
208200	0.11824119	
208300	0.13097393	
208400	0.12137092	
208500	0.086625417	
208600	0.032551869	
208700	-0.029585197	
208800	-0.088628851	
208900	-0.13575794	
209000	-0.16366694	
209100	-0.17080993	
209200	-0.15688535	
209300	-0.12650797	
209400	-0.087083712	
209500	-0.045072843	
209600	-0.006230544	
209700	0.024731786	
209800	0.046738756	
209900	0.057562009	
210000	0.05873043	
210100	0.050277475	
210200	0.033231806	
210300	0.0095070608	
210400	-0.023413845	
210500	-0.062759865	
210600	-0.10421794	
210700	-0.13937336	
210800	-0.1572288	
210900	-0.15441696	
211000	-0.12427258	
211100	-0.076431215	
211200	-0.019509648	
211300	0.034711725	
211400	0.077532524	
211500	0.10255996	
211600	0.10802314	
211700	0.094841867	
211800	0.067397801	
211900	0.0331925	
212000	-0.0019438483	
212100	-0.031548749	
212200	-0.053531454	
212300	-0.065322	
212400	-0.067415344	
212500	-0.06049508	
212600	-0.047385492	
212700	-0.027234308	
212800	-0.0044846846	
212900	0.02489556	
213000	0.059369056	
213100	0.094748804	
213200	0.12413697	
213300	0.13694791	
213400	0.12714981	
213500	0.096866387	
213600	0.045161999	
213700	-0.015590346	
213800	-0.073566172	
213900	-0.12167516	
214000	-0.1515691	
214100	-0.16199471	
214200	-0.15187074	
214300	-0.12504706	
214400	-0.089186473	
214500	-0.049016075	
214600	-0.011704054	
214700	0.018534436	
214800	0.04040005	
214900	0.052004514	
215000	0.05320505	
215100	0.043840345	
215200	0.02825847	
215300	0.0053312134	
215400	-0.026168688	
215500	-0.064085686	
215600	-0.10460335	
215700	-0.13960293	
215800	-0.15971769	
215900	-0.15777784	
216000	-0.13467016	
216100	-0.089774494	
216200	-0.036323684	
216300	0.015857688	
216400	0.058862126	
216500	0.085825474	
216600	0.094143599	
216700	0.085206092	
216800	0.062598508	
216900	0.033213304	
217000	0.0020595183	
217100	-0.024335597	
217200	-0.043471001	
217300	-0.053691879	
217400	-0.054062228	
217500	-0.045440051	
217600	-0.031142362	
217700	-0.010704229	
217800	0.010986403	
217900	0.038454489	
218000	0.070204385	
218100	0.10304768	
218200	0.13089266	
218300	0.14375244	
218400	0.13656411	
218500	0.10906988	
218600	0.060155272	
218700	0.0021304317	
218800	-0.055202994	
218900	-0.10424048	
219000	-0.13737771	
219100	-0.1519948	
219200	-0.14754288	
219300	-0.12633479	
219400	-0.095171343	
219500	-0.058893243	
219600	-0.023754054	
219700	0.0059486472	
219800	0.028200916	
219900	0.040778512	
220000	0.043609952	
220100	0.035880065	
220200	0.022431878	
220300	0.0021128632	
220400	-0.026074838	
220500	-0.060715054	
220600	-0.098064197	
220700	-0.1318563	
220800	-0.15350247	
220900	-0.15693154	
221000	-0.13633355	
221100	-0.096803076	
221200	-0.046968835	
221300	0.0035433927	
221400	0.047678979	
221500	0.077455878	
221600	0.090985154	
221700	0.087989385	
221800	0.071671374	
221900	0.047684317	
222000	0.021580769	
222100	-0.0020297389	
222200	-0.019980956	
222300	-0.029538756	
222400	-0.0300057	
222500	-0.021661936	
222600	-0.0063543778	
222700	0.01152435	
222800	0.031223329	
222900	0.055341528	
223000	0.082670788	
223100	0.11211323	
223200	0.13715665	
223300	0.15063107	
223400	0.14593109	
223500	0.12237494	
223600	0.077448929	
223700	0.023020127	
223800	-0.033781345	
223900	-0.084167743	
224000	-0.12184252	
224100	-0.14221991	
224200	-0.14492839	
224300	-0.13170491	
224400	-0.10698257	
224500	-0.075099882	
224600	-0.043157238	
224700	-0.014307613	
224800	0.009172486	
224900	0.023862807	
225000	0.029201995	
225100	0.025037365	
225200	0.014825912	
225300	-0.00087607857	
225400	-0.024126033	
225500	-0.053059859	
225600	-0.086102752	
225700	-0.11691352	
225800	-0.13927724	
225900	-0.14376083	
226000	-0.13067949	
226100	-0.096872901	
226200	-0.051616268	
226300	-0.0026206888	
226400	0.042313942	
226500	0.075854346	
226600	0.094935591	
226700	0.099383199	
226800	0.090379133	
226900	0.072503021	
227000	0.050860033	
227100	0.03003298	
227200	0.012724278	
227300	0.0023084285	
227400	-5.349436e-05	
227500	0.0063661933	
227600	0.020215904	
227700	0.035642668	
227800	0.053428493	
227900	0.073237823	
228000	0.095879958	
228100	0.1207096	
228200	0.14297533	
228300	0.15692255	
228400	0.15504975	
228500	0.13395593	
228600	0.097045289	
228700	0.046120596	
228800	-0.0088847169	
228900	-0.059808078	
229000	-0.10151702	
229100	-0.12824624	
229200	-0.13820352	
229300	-0.13303971	
229400	-0.11596309	
229500	-0.089976249	
229600	-0.061890303	
229700	-0.03496277	
229800	-0.010654059	
229900	0.0058697432	
230000	0.012668083	
230100	0.013575752	
230200	0.0071013089	
230300	-0.0053752976	
230400	-0.022798059	
230500	-0.046172574	
230600	-0.073690741	
230700	-0.10076081	
230800	-0.12251468	
230900	-0.13061791	
231000	-0.12077252	
231100	-0.095731387	
231200	-0.05582205	
231300	-0.010353859	
231400	0.033781683	
231500	0.070136653	
231600	0.094268058	
231700	0.10566633	
231800	0.10435698	
231900	0.093324078	
232000	0.07640344	
232100	0.058744407	
232200	0.043011501	
232300	0.031717214	
232400	0.027636138	
232500	0.033858712	
232600	0.04388834	
232700	0.058516899	
232800	0.075426323	
232900	0.092824563	
233000	0.11227505	
233100	0.13357595	
233200	0.15365663	
233300	0.16779681	
233400	0.16960826	
233500	0.15442733	
233600	0.12206483	
233700	0.079701046	
233800	0.028331324	
233900	-0.02159711	
234000	-0.06570504	
234100	-0.097327104	
234200	-0.11494443	
234300	-0.11863036	
234400	-0.10973468	
234500	-0.091562431	
234600	-0.069566904	
234700	-0.046320793	
234800	-0.024147623	
234900	-0.0091483046	
235000	0.0015153212	
235100	0.0036139271	
235200	2.6174989e-05	
235300	-0.009144671	
235400	-0.022337817	
235500	-0.040831571	
235600	-0.06228024	
235700	-0.084144704	
235800	-0.10397254	
235900	-0.11338439	
236000	-0.10852522	
236100	-0.087794749	
236200	-0.056388663	
236300	-0.014948114	
236400	0.026635239	
236500	0.063872466	
236600	0.091571515	
236700	0.10846315	
236800	0.11361222	
236900	0.10822532	
237000	0.096924368	
237100	0.082021223	
237200	0.067443388	
237300	0.056131404	
237400	0.052083223	
237500	0.052669063	
237600	0.06130292	
237700	0.074223634	
237800	0.09018785	
237900	0.10643795	
238000	0.12485379	
238100	0.14242681	
238200	0.16040401	
238300	0.17396244	
238400	0.17872163	
238500	0.1688882	
238600	0.14626981	
238700	0.10809704	
238800	0.062675742	
238900	0.014906724	
239000	-0.028546537	
239100	-0.063474332	
239200	-0.086368684	
239300	-0.09731001	
239400	-0.095881384	
239500	-0.085524121	
239600	-0.069461434	
239700	-0.051259319	
239800	-0.033673974	
239900	-0.017055772	
240000	-0.0063447453	
