100	-0.0069711808	
200	0.0026129035	
300	-0.0010650682	
400	0.00031516333	
500	-0.00034324124	
600	-2.8543816e-05	
700	-0.00010154941	
800	-0.00013717801	
900	-0.00019795982	
1000	-0.00027975454	
1100	-8.3091346e-05	
1200	-0.00029509182	
1300	-2.8574515e-05	
1400	8.2936312e-05	
1500	0.0004580136	
1600	0.0015615823	
1700	0.0023496782	
1800	0.0038961672	
1900	0.0049626456	
2000	0.0071519711	
2100	0.0098052022	
2200	0.012210691	
2300	0.015322514	
2400	0.019360926	
2500	0.023441499	
2600	0.028546333	
2700	0.03338993	
2800	0.039574576	
2900	0.045905586	
3000	0.052707945	
3100	0.059997629	
3200	0.067043391	
3300	0.076225367	
3400	0.084154173	
3500	0.09352296	
3600	0.10392986	
3700	0.11406783	
3800	0.12588911	
3900	0.13649053	
4000	0.14872179	
4100	0.16104963	
4200	0.17348923	
4300	0.18677962	
4400	0.20019878	
4500	0.21391069	
4600	0.22821899	
4700	0.24268964	
4800	0.25759481	
4900	0.27249405	
5000	0.28825586	
5100	0.30393226	
5200	0.32014513	
5300	0.33619514	
5400	0.35270093	
5500	0.36923749	
5600	0.38562648	
5700	0.40282204	
5800	0.41942877	
5900	0.43624047	
6000	0.45328015	
6100	0.46962232	
6200	0.48609627	
6300	0.50183245	
6400	0.5168897	
6500	0.5313551	
6600	0.54522012	
6700	0.55744096	
6800	0.56841896	
6900	0.57821405	
7000	0.58666007	
7100	0.59245648	
7200	0.59631555	
7300	0.59770603	
7400	0.59675704	
7500	0.59473657	
7600	0.58854647	
7700	0.5799515	
7800	0.56829275	
7900	0.5542476	
8000	0.53742125	
8100	0.5181741	
8200	0.49609592	
8300	0.47182386	
8400	0.44516846	
8500	0.416351	
8600	0.3847622	
8700	0.35159269	
8800	0.31180227	
8900	0.27374432	
9000	0.23260341	
9100	0.1897805	
9200	0.14384269	
9300	0.096168987	
9400	0.04311754	
9500	-0.0089342925	
9600	-0.06386303	
9700	-0.12037399	
9800	-0.17828358	
9900	-0.2381895	
10000	-0.29969058	
10100	-0.36273104	
10200	-0.42711646	
10300	-0.49229508	
10400	-0.557762	
10500	-0.62286764	
10600	-0.6862883	
10700	-0.7490291	
10800	-0.80867291	
10900	-0.86653252	
11000	-0.92065972	
11100	-0.97041654	
11200	-1.0163982	
11300	-1.0573625	
11400	-1.0928463	
11500	-1.1234369	
11600	-1.1485033	
11700	-1.1668704	
11800	-1.1799557	
11900	-1.187293	
12000	-1.187505	
12100	-1.1812544	
12200	-1.1677164	
12300	-1.1475877	
12400	-1.1188911	
12500	-1.0835678	
12600	-1.0406215	
12700	-0.98676463	
12800	-0.92419621	
12900	-0.84670461	
13000	-0.76200269	
13100	-0.66397073	
13200	-0.55404741	
13300	-0.432318	
13400	-0.30087221	
13500	-0.16330824	
13600	-0.024173135	
13700	0.11212815	
13800	0.24144939	
13900	0.3591771	
14000	0.46429784	
14100	0.5555506	
14200	0.6335424	
14300	0.69854361	
14400	0.75354137	
14500	0.79870145	
14600	0.83630072	
14700	0.86733974	
14800	0.89353341	
14900	0.91401758	
15000	0.93131086	
15100	0.94407092	
15200	0.95274717	
15300	0.95624053	
15400	0.95337343	
15500	0.94288692	
15600	0.9219134	
15700	0.88934033	
15800	0.84131695	
15900	0.77991439	
16000	0.70255433	
16100	0.60936085	
16200	0.50127774	
16300	0.37860172	
16400	0.24482737	
16500	0.10566345	
16600	-0.040750245	
16700	-0.18634051	
16800	-0.32733197	
16900	-0.46073986	
17000	-0.5821797	
17100	-0.6912174	
17200	-0.78516317	
17300	-0.86478403	
17400	-0.93186715	
17500	-0.98753024	
17600	-1.0345545	
17700	-1.0752313	
17800	-1.1109929	
17900	-1.1430955	
18000	-1.1710601	
18100	-1.1946857	
18200	-1.2104496	
18300	-1.2193653	
18400	-1.215969	
18500	-1.196754	
18600	-1.1574881	
18700	-1.0963509	
18800	-1.0091763	
18900	-0.90432529	
19000	-0.77623675	
19100	-0.63109746	
19200	-0.47701689	
19300	-0.31670717	
19400	-0.15799388	
19500	-0.0062047262	
19600	0.13622619	
19700	0.2655482	
19800	0.38050687	
19900	0.47921918	
20000	0.56324825	
20100	0.63294931	
20200	0.69430177	
20300	0.74911822	
20400	0.80297029	
20500	0.85693121	
20600	0.91537346	
20700	0.97724026	
20800	1.0404642	
20900	1.1008249	
21000	1.1549954	
21100	1.1946925	
21200	1.2207216	
21300	1.2247044	
21400	1.2055551	
21500	1.1583431	
21600	1.0835301	
21700	0.98088228	
21800	0.85070256	
21900	0.7001152	
22000	0.53512161	
22100	0.36560838	
22200	0.19342783	
22300	0.02835181	
22400	-0.1248097	
22500	-0.26207082	
22600	-0.38010325	
22700	-0.47858912	
22800	-0.55779151	
22900	-0.62120162	
23000	-0.67427648	
23100	-0.72508221	
23200	-0.77997506	
23300	-0.84340499	
23400	-0.91698945	
23500	-0.99844682	
23600	-1.0844108	
23700	-1.1661579	
23800	-1.2423702	
23900	-1.3012445	
24000	-1.3383689	
24100	-1.3458976	
24200	-1.3249567	
24300	-1.2712648	
24400	-1.1854656	
24500	-1.0740093	
24600	-0.93684111	
24700	-0.78904424	
24800	-0.63133527	
24900	-0.47575544	
25000	-0.32276149	
25100	-0.17895296	
25200	-0.04905646	
25300	0.069856338	
25400	0.17071867	
25500	0.25475111	
25600	0.32327241	
25700	0.38216627	
25800	0.44514482	
25900	0.51751249	
26000	0.60850732	
26100	0.71615551	
26200	0.83719525	
26300	0.96661784	
26400	1.094915	
26500	1.214491	
26600	1.3158863	
26700	1.3943189	
26800	1.4422595	
26900	1.4539329	
27000	1.4266073	
27100	1.357985	
27200	1.2528531	
27300	1.1123065	
27400	0.9505961	
27500	0.77482325	
27600	0.59438646	
27700	0.42057181	
27800	0.25600167	
27900	0.10958349	
28000	-0.01535571	
28100	-0.12267641	
28200	-0.206508	
28300	-0.26926892	
28400	-0.31665422	
28500	-0.35919856	
28600	-0.41232864	
28700	-0.48546023	
28800	-0.58176395	
28900	-0.69982998	
29000	-0.83152518	
29100	-0.96757343	
29200	-1.0966863	
29300	-1.2053924	
29400	-1.2889438	
29500	-1.3386671	
29600	-1.3510122	
29700	-1.325038	
29800	-1.2624756	
29900	-1.1674013	
30000	-1.0448675	
30100	-0.91529987	
30200	-0.78209981	
30300	-0.65150671	
30400	-0.52759407	
30500	-0.41145468	
30600	-0.30787003	
30700	-0.21796374	
30800	-0.14428392	
30900	-0.084952942	
31000	-0.040832389	
31100	-7.9538147e-05	
31200	0.053266319	
31300	0.13213572	
31400	0.23930388	
31500	0.37143306	
31600	0.51890677	
31700	0.67255317	
31800	0.82069891	
31900	0.95107097	
32000	1.054835	
32100	1.1278633	
32200	1.1617446	
32300	1.1573195	
32400	1.1121607	
32500	1.0316701	
32600	0.91940943	
32700	0.78656697	
32800	0.64971232	
32900	0.51471482	
33000	0.39034684	
33100	0.28254482	
33200	0.1921492	
33300	0.12218915	
33400	0.07328751	
33500	0.046108716	
33600	0.034451855	
33700	0.03225648	
33800	0.024243897	
33900	-0.0077666354	
34000	-0.071645276	
34100	-0.1667183	
34200	-0.28293333	
34300	-0.40557373	
34400	-0.52278483	
34500	-0.61999836	
34600	-0.68899912	
34700	-0.72240209	
34800	-0.7260658	
34900	-0.69922257	
35000	-0.65112944	
35100	-0.58486411	
35200	-0.51395926	
35300	-0.45331076	
35400	-0.4050264	
35500	-0.36454355	
35600	-0.33743677	
35700	-0.31932704	
35800	-0.31451376	
35900	-0.32078528	
36000	-0.33843188	
36100	-0.3650202	
36200	-0.38924024	
36300	-0.39803748	
36400	-0.37610898	
36500	-0.32481415	
36600	-0.24606376	
36700	-0.15439473	
36800	-0.06199223	
36900	0.019728038	
37000	0.078913858	
37100	0.11543151	
37200	0.12624861	
37300	0.11060628	
37400	0.075423463	
37500	0.027071062	
37600	-0.028378579	
37700	-0.075993801	
37800	-0.10646689	
37900	-0.11906693	
38000	-0.11525225	
38100	-0.091514112	
38200	-0.052414961	
38300	0.0028993229	
38400	0.069756237	
38500	0.14615587	
38600	0.22281843	
38700	0.29140358	
38800	0.34130466	
38900	0.35944117	
39000	0.34874565	
39100	0.31614263	
39200	0.27661024	
39300	0.23540656	
39400	0.20610363	
39500	0.18929064	
39600	0.18674596	
39700	0.19444682	
39800	0.20764812	
39900	0.21846122	
40000	0.22107526	
40100	0.20832974	
40200	0.18234669	
40300	0.14240113	
40400	0.092066768	
40500	0.033156401	
40600	-0.029382125	
40700	-0.097608096	
40800	-0.1699855	
40900	-0.2423707	
41000	-0.31292783	
41100	-0.37327776	
41200	-0.4132506	
41300	-0.42600479	
41400	-0.41242702	
41500	-0.36997542	
41600	-0.31433765	
41700	-0.25647013	
41800	-0.2066237	
41900	-0.17582299	
42000	-0.15952136	
42100	-0.16273343	
42200	-0.18069959	
42300	-0.20909892	
42400	-0.24189344	
42500	-0.26930272	
42600	-0.29396432	
42700	-0.3034065	
42800	-0.29902301	
42900	-0.28249443	
43000	-0.25262532	
43100	-0.21187513	
43200	-0.15842252	
43300	-0.099783696	
43400	-0.03411704	
43500	0.034384493	
43600	0.09892089	
43700	0.15054841	
43800	0.18127131	
43900	0.18770121	
44000	0.17275357	
44100	0.13911999	
44200	0.098436748	
44300	0.059702021	
44400	0.030288811	
44500	0.013101816	
44600	0.0095826483	
44700	0.016324312	
44800	0.030350046	
44900	0.045641648	
45000	0.059781117	
45100	0.066744736	
45200	0.066755699	
45300	0.060291191	
45400	0.045651755	
45500	0.028598308	
45600	0.0075733771	
45700	-0.018976459	
45800	-0.051447128	
45900	-0.089286839	
46000	-0.13040788	
46100	-0.16714135	
46200	-0.19360336	
46300	-0.19893191	
46400	-0.18033564	
46500	-0.14044661	
46600	-0.081752603	
46700	-0.017513466	
46800	0.040994359	
46900	0.085058725	
47000	0.109407	
47100	0.11132673	
47200	0.091956481	
47300	0.056996142	
47400	0.011511813	
47500	-0.036580207	
47600	-0.082415857	
47700	-0.11951918	
47800	-0.14676274	
47900	-0.16500368	
48000	-0.16946306	
48100	-0.16799064	
48200	-0.15628867	
48300	-0.13269317	
48400	-0.10014359	
48500	-0.057566135	
48600	-0.016396018	
48700	0.021480409	
48800	0.043264505	
48900	0.04367763	
49000	0.02026208	
49100	-0.017524533	
49200	-0.067939539	
49300	-0.11693281	
49400	-0.15414282	
49500	-0.17491306	
49600	-0.17551392	
49700	-0.15989651	
49800	-0.13034807	
49900	-0.095317135	
50000	-0.059247001	
50100	-0.02810832	
50200	-0.0058150826	
50300	0.0089220342	
50400	0.014305765	
50500	0.015504909	
50600	0.012138394	
50700	0.0013762534	
50800	-0.017109456	
50900	-0.042630336	
51000	-0.075255566	
51100	-0.10684986	
51200	-0.1319713	
51300	-0.13872352	
51400	-0.12157024	
51500	-0.081727713	
51600	-0.020687313	
51700	0.049374623	
51800	0.11643189	
51900	0.16884611	
52000	0.19963274	
52100	0.20552749	
52200	0.18683178	
52300	0.14828092	
52400	0.096418941	
52500	0.037766575	
52600	-0.018718091	
52700	-0.068143637	
52800	-0.10664041	
52900	-0.13541662	
53000	-0.1498376	
53100	-0.15679015	
53200	-0.15101628	
53300	-0.13243482	
53400	-0.10171626	
53500	-0.060403194	
53600	-0.015397709	
53700	0.026492901	
53800	0.052662345	
53900	0.05570618	
54000	0.036468082	
54100	-0.0052870672	
54200	-0.057076934	
54300	-0.10665881	
54400	-0.14464662	
54500	-0.16439048	
54600	-0.16268013	
54700	-0.1430355	
54800	-0.10981888	
54900	-0.069869855	
55000	-0.031215574	
55100	0.00072066138	
55200	0.022023028	
55300	0.033632048	
55400	0.036379554	
55500	0.030737594	
55600	0.015962633	
55700	-0.0022191595	
55800	-0.029046191	
55900	-0.063389107	
56000	-0.10420147	
56100	-0.14295526	
56200	-0.1727343	
56300	-0.18224924	
56400	-0.1655801	
56500	-0.12630396	
56600	-0.065471238	
56700	0.0026310493	
56800	0.065573511	
56900	0.11339282	
57000	0.13878507	
57100	0.14032808	
57200	0.11574292	
57300	0.077824403	
57400	0.030549311	
57500	-0.023790062	
57600	-0.073787018	
57700	-0.11440946	
57800	-0.14267521	
57900	-0.16046075	
58000	-0.1629772	
58100	-0.15753526	
58200	-0.13988964	
58300	-0.10957795	
58400	-0.069045343	
58500	-0.019060677	
58600	0.031991475	
58700	0.076330976	
58800	0.10237427	
58900	0.10433129	
59000	0.083417009	
59100	0.041359218	
59200	-0.0081172489	
59300	-0.053992972	
59400	-0.087507045	
59500	-0.10211458	
59600	-0.09839336	
59700	-0.077138729	
59800	-0.045554612	
59900	-0.010615839	
60000	0.022711421	
60100	0.047766768	
60200	0.061165061	
60300	0.064625619	
60400	0.059822104	
60500	0.043205869	
60600	0.0250245	
60700	-0.0013193696	
60800	-0.03459315	
60900	-0.074803956	
61000	-0.1192442	
61100	-0.16032904	
61200	-0.18987676	
61300	-0.19779842	
61400	-0.18249089	
61500	-0.13957703	
61600	-0.080634781	
61700	-0.015830881	
61800	0.042785979	
61900	0.085353617	
62000	0.10645213	
62100	0.1047221	
62200	0.079450809	
62300	0.045113483	
62400	-0.0032537349	
62500	-0.051470919	
62600	-0.095438655	
62700	-0.12887644	
62800	-0.15095069	
62900	-0.16243152	
63000	-0.15958828	
63100	-0.14976484	
63200	-0.12875853	
63300	-0.096495567	
63400	-0.054826938	
63500	-0.0052340284	
63600	0.04357811	
63700	0.084828804	
63800	0.10675547	
63900	0.10452383	
64000	0.080523871	
64100	0.036559563	
64200	-0.01407792	
64300	-0.060390301	
64400	-0.093452481	
64500	-0.10821868	
64600	-0.10398382	
64700	-0.083761785	
64800	-0.052841587	
64900	-0.017437248	
65000	0.014870324	
65100	0.040148571	
65200	0.055373143	
65300	0.060709546	
65400	0.058868637	
65500	0.045087094	
65600	0.03043781	
65700	0.0069371813	
65800	-0.023441081	
65900	-0.060395187	
66000	-0.10255662	
66100	-0.14003014	
66200	-0.1691108	
66300	-0.17498163	
66400	-0.1589305	
66500	-0.11585037	
66600	-0.056680473	
66700	0.0080430482	
66800	0.067340884	
66900	0.11001545	
67000	0.13147917	
67100	0.13001949	
67200	0.10760676	
67300	0.069392301	
67400	0.02141358	
67500	-0.027522159	
67600	-0.071720251	
67700	-0.10670314	
67800	-0.13058126	
67900	-0.14459445	
68000	-0.14427346	
68100	-0.1376272	
68200	-0.12022193	
68300	-0.092267392	
68400	-0.053791921	
68500	-0.0074408257	
68600	0.037166357	
68700	0.075790369	
68800	0.094907097	
68900	0.090383678	
69000	0.063788216	
69100	0.017358626	
69200	-0.03540375	
69300	-0.084206344	
69400	-0.11894174	
69500	-0.13521912	
69600	-0.13113192	
69700	-0.11057265	
69800	-0.077288843	
69900	-0.03968969	
70000	-0.0035633046	
70100	0.025467529	
70200	0.044453223	
70300	0.053873785	
70400	0.055677956	
70500	0.045861592	
70600	0.034236252	
70700	0.013503204	
70800	-0.014377256	
70900	-0.049905445	
71000	-0.090437105	
71100	-0.12826593	
71200	-0.15650251	
71300	-0.1629651	
71400	-0.14474616	
71500	-0.10444299	
71600	-0.044676191	
71700	0.020383956	
71800	0.079706332	
71900	0.12308339	
72000	0.14441094	
72100	0.14298999	
72200	0.11975529	
72300	0.08081405	
72400	0.032525653	
72500	-0.017269421	
72600	-0.061899105	
72700	-0.097197824	
72800	-0.12141893	
72900	-0.13551587	
73000	-0.13597976	
73100	-0.12959625	
73200	-0.11278809	
73300	-0.085318205	
73400	-0.047237874	
73500	-0.00098870902	
73600	0.04337371	
73700	0.08140232	
73800	0.099761125	
73900	0.094043176	
74000	0.066096849	
74100	0.017972717	
74200	-0.036140629	
74300	-0.08548636	
74400	-0.12059256	
74500	-0.13643245	
74600	-0.13220957	
74700	-0.11033381	
74800	-0.076220405	
74900	-0.03741956	
75000	-0.00033526728	
75100	0.029905068	
75200	0.049583003	
75300	0.059237507	
75400	0.061085399	
75500	0.050840554	
75600	0.038532923	
75700	0.017249879	
75800	-0.012216606	
75900	-0.048673497	
76000	-0.091238103	
76100	-0.12958921	
76200	-0.15899282	
76300	-0.16537532	
76400	-0.14740519	
76500	-0.10777655	
76600	-0.047940787	
76700	0.015912663	
76800	0.07393634	
76900	0.11561519	
77000	0.13519753	
77100	0.13318598	
77200	0.10926762	
77300	0.070279544	
77400	0.022753373	
77500	-0.025459248	
77600	-0.068540584	
77700	-0.10161952	
77800	-0.12274334	
77900	-0.13482905	
78000	-0.1325746	
78100	-0.12392311	
78200	-0.10481701	
78300	-0.075486614	
78400	-0.036204697	
78500	0.01072969	
78600	0.05517651	
78700	0.092831951	
78800	0.10985819	
78900	0.10226981	
79000	0.073291155	
79100	0.02389354	
79200	-0.030230722	
79300	-0.080106541	
79400	-0.11460498	
79500	-0.1300055	
79600	-0.12463248	
79700	-0.10224788	
79800	-0.068392301	
79900	-0.029255374	
80000	0.0075278643	
80100	0.037224159	
80200	0.056530921	
80300	0.065694799	
80400	0.066834173	
80500	0.056372691	
80600	0.042753277	
80700	0.020690677	
80800	-0.009539898	
80900	-0.047164809	
81000	-0.090193536	
81100	-0.1289763	
81200	-0.15832828	
81300	-0.16476856	
81400	-0.14652232	
81500	-0.10697364	
81600	-0.047907046	
81700	0.015433601	
81800	0.071679113	
81900	0.11255747	
82000	0.13083596	
82100	0.12763499	
82200	0.10338725	
82300	0.064264939	
82400	0.018349929	
82500	-0.029141058	
82600	-0.070006901	
82700	-0.1008046	
82800	-0.12067612	
82900	-0.13065525	
83000	-0.12717968	
83100	-0.1174919	
83200	-0.097829078	
83300	-0.068168383	
83400	-0.028570996	
83500	0.017620797	
83600	0.062451941	
83700	0.098002393	
83800	0.11366256	
83900	0.10424662	
84000	0.073472317	
84100	0.022706841	
84200	-0.032058392	
84300	-0.081926647	
84400	-0.11639761	
84500	-0.13142365	
84600	-0.12627209	
84700	-0.10362508	
84800	-0.069719612	
84900	-0.029799347	
85000	0.0072706555	
85100	0.037164921	
85200	0.057459583	
85300	0.067461206	
85400	0.069065877	
85500	0.059389491	
85600	0.046261207	
85700	0.024816864	
85800	-0.005125232	
85900	-0.042298881	
86000	-0.085082121	
86100	-0.12384089	
86200	-0.15285455	
86300	-0.15943216	
86400	-0.14071908	
86500	-0.10106486	
86600	-0.042359328	
86700	0.020551255	
86800	0.076425667	
86900	0.11651326	
87000	0.13460371	
87100	0.13080143	
87200	0.10650553	
87300	0.067981792	
87400	0.021651195	
87500	-0.025268916	
87600	-0.065155927	
87700	-0.09561107	
87800	-0.11477691	
87900	-0.12460863	
88000	-0.121123	
88100	-0.11095031	
88200	-0.091919944	
88300	-0.062748768	
88400	-0.023752261	
88500	0.021617097	
88600	0.065462523	
88700	0.099965896	
88800	0.11420871	
88900	0.10315686	
89000	0.071181772	
89100	0.019275493	
89200	-0.036174706	
89300	-0.087398016	
89400	-0.12209176	
89500	-0.13726986	
89600	-0.13237989	
89700	-0.10901073	
89800	-0.074478906	
89900	-0.033725579	
90000	0.0046320401	
90100	0.035081629	
90200	0.056773501	
90300	0.06763599	
90400	0.070946343	
90500	0.061975749	
90600	0.049447296	
90700	0.028674982	
90800	-0.00078438957	
90900	-0.037813388	
91000	-0.080498619	
91100	-0.11904881	
91200	-0.14860202	
91300	-0.1552417	
91400	-0.13628525	
91500	-0.096875218	
91600	-0.038617826	
91700	0.024072049	
91800	0.079799166	
91900	0.11952737	
92000	0.13729524	
92100	0.13326506	
92200	0.10879143	
92300	0.069975614	
92400	0.024469777	
92500	-0.022352756	
92600	-0.062010212	
92700	-0.091557788	
92800	-0.11041255	
92900	-0.11949735	
93000	-0.11565716	
93100	-0.10586542	
93200	-0.085824503	
93300	-0.057475801	
93400	-0.01856048	
93500	0.026434622	
93600	0.069874551	
93700	0.10356902	
93800	0.1171803	
93900	0.1046743	
94000	0.071697254	
94100	0.018640364	
94200	-0.037884203	
94300	-0.089756351	
94400	-0.12434152	
94500	-0.14033064	
94600	-0.13472742	
94700	-0.11115046	
94800	-0.075766636	
94900	-0.03486589	
95000	0.0043139896	
95100	0.036234021	
95200	0.057755453	
95300	0.070018191	
95400	0.073128132	
95500	0.065220048	
95600	0.053243289	
95700	0.031586076	
95800	0.0024435384	
95900	-0.035020037	
96000	-0.078369583	
96100	-0.11646348	
96200	-0.14644562	
96300	-0.15338807	
96400	-0.13474602	
96500	-0.09534456	
96600	-0.037427964	
96700	0.024772074	
96800	0.079855017	
96900	0.11909662	
97000	0.13608167	
97100	0.13165773	
97200	0.10709203	
97300	0.068508107	
97400	0.02308508	
97500	-0.022608565	
97600	-0.061388317	
97700	-0.090020096	
97800	-0.10757098	
97900	-0.1163231	
98000	-0.11128967	
98100	-0.1009195	
98200	-0.080865068	
98300	-0.051406447	
98400	-0.012785917	
98500	0.032036132	
98600	0.075365405	
98700	0.10830022	
98800	0.12077517	
98900	0.10713601	
99000	0.07305047	
99100	0.019444774	
99200	-0.038057291	
99300	-0.090348334	
99400	-0.12537444	
99500	-0.14089124	
99600	-0.13571118	
99700	-0.11132608	
99800	-0.076087299	
99900	-0.034885925	
100000	0.0047496636	
100100	0.037680614	
100200	0.059736144	
100300	0.072485062	
100400	0.076005835	
100500	0.067979232	
100600	0.056160878	
100700	0.034978759	
100800	0.0055147663	
100900	-0.032045021	
101000	-0.075207291	
101100	-0.11569575	
101200	-0.14413665	
101300	-0.15172471	
101400	-0.13342643	
101500	-0.093913719	
101600	-0.036805806	
101700	0.024762984	
101800	0.079659271	
101900	0.11764486	
102000	0.13483766	
102100	0.12955905	
102200	0.10502333	
102300	0.066303716	
102400	0.021860435	
102500	-0.023710429	
102600	-0.061182985	
102700	-0.088575778	
102800	-0.10523732	
102900	-0.11254868	
103000	-0.10736522	
103100	-0.09595149	
103200	-0.075523533	
103300	-0.046011943	
103400	-0.0074575103	
103500	0.037623132	
103600	0.079187863	
103700	0.1119357	
103800	0.12327284	
103900	0.1088602	
104000	0.07344093	
104100	0.018547828	
104200	-0.039813533	
104300	-0.092157481	
104400	-0.12829075	
104500	-0.14378122	
104600	-0.13839796	
104700	-0.11435162	
104800	-0.078635837	
104900	-0.036273477	
105000	0.0039247469	
105100	0.037006223	
105200	0.060276933	
105300	0.073973319	
105400	0.078222852	
105500	0.071359224	
105600	0.05929337	
105700	0.038523491	
105800	0.0091047634	
105900	-0.027962057	
106000	-0.071684202	
106100	-0.11196276	
106200	-0.14142791	
106300	-0.14860289	
106400	-0.13064611	
106500	-0.091550408	
106600	-0.034473614	
106700	0.026304992	
106800	0.080705142	
106900	0.11810288	
107000	0.1351857	
107100	0.12973632	
107200	0.10508418	
107300	0.066614021	
107400	0.022148422	
107500	-0.022166652	
107600	-0.059321091	
107700	-0.085901177	
107800	-0.10204171	
107900	-0.10838991	
108000	-0.10245747	
108100	-0.090896707	
108200	-0.070811882	
108300	-0.041359581	
108400	-0.0025614971	
108500	0.042117069	
108600	0.083966822	
108700	0.11519353	
108800	0.12574682	
108900	0.11270852	
109000	0.073565566	
109100	0.018683127	
109200	-0.040532586	
109300	-0.093792012	
109400	-0.13036123	
109500	-0.14577321	
109600	-0.14092368	
109700	-0.11636863	
109800	-0.080274811	
109900	-0.037620315	
110000	0.0035347169	
110100	0.037385597	
110200	0.061078073	
110300	0.075462349	
110400	0.080226197	
110500	0.073750806	
110600	0.062010897	
110700	0.041779861	
110800	0.012644787	
110900	-0.025162274	
111000	-0.068546676	
111100	-0.10882055	
111200	-0.13841541	
111300	-0.14651521	
111400	-0.12877415	
111500	-0.089695646	
111600	-0.032958999	
111700	0.027106579	
111800	0.081445859	
111900	0.11854855	
112000	0.13526804	
112100	0.12967932	
112200	0.10512848	
112300	0.067136429	
112400	0.022603787	
112500	-0.020810341	
112600	-0.057397473	
112700	-0.083210357	
112800	-0.098999146	
112900	-0.10479559	
113000	-0.098246281	
113100	-0.08727708	
113200	-0.066020787	
113300	-0.03691694	
113400	0.0014450183	
113500	0.045610023	
113600	0.086505093	
113700	0.11780859	
113800	0.12766361	
113900	0.11386054	
114000	0.073661016	
114100	0.017946535	
114200	-0.042449745	
114300	-0.096155123	
114400	-0.13317842	
114500	-0.14935499	
114600	-0.14444979	
114700	-0.12031769	
114800	-0.083330251	
114900	-0.040276601	
115000	0.0019703841	
115100	0.036227913	
115200	0.061357003	
115300	0.076606905	
115400	0.082340744	
115500	0.076687471	
115600	0.065382973	
115700	0.045373604	
115800	0.016200146	
115900	-0.021285023	
116000	-0.064771875	
116100	-0.10587668	
116200	-0.13570406	
116300	-0.14407363	
116400	-0.12685629	
116500	-0.088468042	
116600	-0.031442813	
116700	0.028089294	
116800	0.081951398	
116900	0.11902687	
117000	0.13507178	
117100	0.13032635	
117200	0.10510849	
117300	0.066964414	
117400	0.023462631	
117500	-0.019824905	
117600	-0.055735329	
117700	-0.080835343	
117800	-0.096190608	
117900	-0.10158109	
118000	-0.094716535	
118100	-0.082292811	
118200	-0.062181228	
118300	-0.03234744	
118400	0.0057846581	
118500	0.050010433	
118600	0.090191099	
118700	0.12145798	
118800	0.13008923	
118900	0.11575233	
119000	0.074473501	
119100	0.017779562	
119200	-0.042946005	
119300	-0.097402593	
119400	-0.13501495	
119500	-0.15211741	
119600	-0.14719864	
119700	-0.12273474	
119800	-0.085547694	
119900	-0.042071769	
120000	0.00065304084	
120100	0.03652188	
120200	0.062397027	
120300	0.078347699	
120400	0.084712099	
120500	0.079197048	
120600	0.068776888	
120700	0.048615338	
120800	0.019790071	
120900	-0.018351864	
121000	-0.061919273	
121100	-0.10300886	
121200	-0.13319335	
121300	-0.14198932	
121400	-0.12763602	
121500	-0.087239246	
121600	-0.031388096	
121700	0.028186958	
121800	0.081627828	
121900	0.11836165	
122000	0.13430758	
122100	0.12928538	
122200	0.10456612	
122300	0.066719064	
122400	0.023363999	
122500	-0.018878786	
122600	-0.054353893	
122700	-0.079108326	
122800	-0.093348868	
122900	-0.098153083	
123000	-0.090638471	
123100	-0.078180714	
123200	-0.05763799	
123300	-0.027865751	
123400	0.010243693	
123500	0.054124852	
123600	0.094075736	
123700	0.12451951	
123800	0.13270836	
123900	0.11768781	
124000	0.075830089	
124100	0.018059348	
124200	-0.043525275	
124300	-0.098801527	
124400	-0.13712165	
124500	-0.15442047	
124600	-0.14988075	
124700	-0.1258784	
124800	-0.087716821	
124900	-0.043951607	
125000	-0.00084121503	
125100	0.035911437	
125200	0.063145343	
125300	0.079648875	
125400	0.086679662	
125500	0.081907439	
125600	0.071915853	
125700	0.052153539	
125800	0.023267736	
125900	-0.014523402	
126000	-0.058306847	
126100	-0.099645094	
126200	-0.13035101	
126300	-0.13991477	
126400	-0.12378208	
126500	-0.086504743	
126600	-0.03040506	
126700	0.028851011	
126800	0.081616678	
126900	0.11823026	
127000	0.13446984	
127100	0.12936604	
127200	0.10461452	
127300	0.067010812	
127400	0.024211523	
127500	-0.017667746	
127600	-0.052829701	
127700	-0.076754049	
127800	-0.090673881	
127900	-0.09457074	
128000	-0.086864345	
128100	-0.074440475	
128200	-0.053290157	
128300	-0.023881882	
128400	0.014502672	
128500	0.057573729	
128600	0.097380763	
128700	0.1277248	
128800	0.13511943	
128900	0.11936952	
129000	0.076743327	
129100	0.018686317	
129200	-0.044496891	
129300	-0.099752825	
129400	-0.13909806	
129500	-0.15690922	
129600	-0.15280949	
129700	-0.12842537	
129800	-0.090356796	
129900	-0.045866088	
130000	-0.0020498129	
130100	0.035659432	
130200	0.06389573	
130300	0.081488646	
130400	0.089367398	
130500	0.087473921	
130600	0.074261404	
130700	0.055899288	
130800	0.027111093	
130900	-0.010679891	
131000	-0.054736752	
131100	-0.09666585	
131200	-0.127818	
131300	-0.13779694	
131400	-0.12457784	
131500	-0.085040751	
131600	-0.030371141	
131700	0.028783031	
131800	0.081266978	
131900	0.11777396	
132000	0.13380602	
132100	0.1286483	
132200	0.10421212	
132300	0.066924596	
132400	0.023889153	
132500	-0.017151659	
132600	-0.051248632	
132700	-0.074826962	
132800	-0.088315187	
132900	-0.091515278	
133000	-0.083712449	
133100	-0.070570388	
133200	-0.048963215	
133300	-0.019378101	
133400	0.018854404	
133500	0.061823344	
133600	0.10144202	
133700	0.13099923	
133800	0.13831203	
133900	0.12148319	
134000	0.078345935	
134100	0.019057121	
134200	-0.044460469	
134300	-0.10122004	
134400	-0.14116711	
134500	-0.1598788	
134600	-0.15596527	
134700	-0.13209547	
134800	-0.093424963	
134900	-0.048576323	
135000	-0.0034710252	
135100	0.03508582	
135200	0.064104087	
135300	0.082865621	
135400	0.091655724	
135500	0.090839437	
135600	0.078319023	
135700	0.060089145	
135800	0.031419135	
135900	-0.0067788849	
136000	-0.050743796	
136100	-0.093062943	
136200	-0.12514342	
136300	-0.13574612	
136400	-0.12289021	
136500	-0.084503807	
136600	-0.029992621	
136700	0.028975188	
136800	0.080662402	
136900	0.11751512	
137000	0.13322064	
137100	0.12822729	
137200	0.10371392	
137300	0.067123924	
137400	0.024268702	
137500	-0.015866176	
137600	-0.049986569	
137700	-0.072769022	
137800	-0.085426193	
137900	-0.088226647	
138000	-0.079570218	
138100	-0.065765802	
138200	-0.044510107	
138300	-0.014709994	
138400	0.023110836	
138500	0.066193357	
138600	0.10511802	
138700	0.13467153	
138800	0.1414653	
138900	0.12393074	
139000	0.080067809	
139100	0.019961355	
139200	-0.044825019	
139300	-0.1019273	
139400	-0.14322142	
139500	-0.16263083	
139600	-0.15943919	
139700	-0.13546814	
139800	-0.096958094	
139900	-0.050855767	
140000	-0.0053747254	
140100	0.03474583	
140200	0.064590682	
140300	0.084654085	
140400	0.094523098	
140500	0.093989015	
140600	0.082474236	
140700	0.064489394	
140800	0.035564062	
140900	-0.0022485271	
141000	-0.046323873	
141100	-0.089336977	
141200	-0.12180508	
141300	-0.13361938	
141400	-0.12188636	
141500	-0.083510644	
141600	-0.029749849	
141700	0.028746108	
141800	0.07996887	
141900	0.11678111	
142000	0.13272096	
142100	0.12727178	
142200	0.10349017	
142300	0.066733047	
142400	0.02479921	
142500	-0.015316531	
142600	-0.048206961	
142700	-0.070763031	
142800	-0.082491467	
142900	-0.084761431	
143000	-0.075474981	
143100	-0.061316294	
143200	-0.039897995	
143300	-0.010134794	
143400	0.028109613	
143500	0.070372099	
143600	0.11033445	
143700	0.13829074	
143800	0.14469109	
143900	0.12636041	
144000	0.081948534	
144100	0.021120766	
144200	-0.044628607	
144300	-0.10282762	
144400	-0.14471787	
144500	-0.16501349	
144600	-0.16238496	
144700	-0.13838394	
144800	-0.099604691	
144900	-0.053586636	
145000	-0.006500946	
145100	0.033972665	
145200	0.065719582	
145300	0.086560595	
145400	0.097281349	
145500	0.097890998	
145600	0.086266599	
145700	0.068785554	
145800	0.040284103	
145900	0.0024974993	
146000	-0.042143812	
146100	-0.085335034	
146200	-0.11848973	
146300	-0.131339	
146400	-0.12061123	
146500	-0.082847544	
146600	-0.02975075	
146700	0.028200823	
146800	0.079385597	
146900	0.11623904	
147000	0.13199622	
147100	0.12660686	
147200	0.10295794	
147300	0.066604158	
147400	0.025202302	
147500	-0.013785166	
147600	-0.046707202	
147700	-0.068367972	
147800	-0.079257431	
147900	-0.08098807	
148000	-0.071452604	
148100	-0.056561047	
148200	-0.035063348	
148300	-0.0051488121	
148400	0.032516863	
148500	0.074797028	
148600	0.11401223	
148700	0.14195453	
148800	0.1474214	
148900	0.12876158	
149000	0.083613084	
149100	0.022090713	
149200	-0.044974104	
149300	-0.10412827	
149400	-0.14718802	
149500	-0.16853149	
149600	-0.16627949	
149700	-0.14279107	
149800	-0.10392228	
149900	-0.056950995	
150000	-0.009364538	
150100	0.032958496	
150200	0.065740224	
150300	0.087931681	
150400	0.099788674	
150500	0.10133293	
150600	0.09091224	
150700	0.073642535	
150800	0.045567092	
150900	0.0076437383	
151000	-0.036789775	
151100	-0.080850584	
151200	-0.11468583	
151300	-0.12875434	
151400	-0.11901885	
151500	-0.082125494	
151600	-0.029854991	
151700	0.027899035	
151800	0.078962616	
151900	0.11517396	
152000	0.13113547	
152100	0.12639758	
152200	0.10264196	
152300	0.066941047	
152400	0.025192068	
152500	-0.013079477	
152600	-0.045166712	
152700	-0.066039272	
152800	-0.076426902	
152900	-0.077275085	
153000	-0.069861433	
153100	-0.051271804	
153200	-0.030497711	
153300	-0.00056479956	
153400	0.036977716	
153500	0.079197488	
153600	0.11800518	
153700	0.14518871	
153800	0.15032601	
153900	0.13139441	
154000	0.084729071	
154100	0.022695022	
154200	-0.045605901	
154300	-0.10595588	
154400	-0.15029927	
154500	-0.17231564	
154600	-0.1678239	
154700	-0.14594796	
154800	-0.10951781	
154900	-0.060903659	
155000	-0.012655873	
155100	0.031415491	
155200	0.065551708	
155300	0.089353673	
155400	0.1028281	
155500	0.10535444	
155600	0.09548193	
155700	0.079171617	
155800	0.051151564	
155900	0.013139145	
156000	-0.031328153	
156100	-0.076050197	
156200	-0.11079194	
156300	-0.12551267	
156400	-0.11738131	
156500	-0.08163407	
156600	-0.029650734	
156700	0.027067611	
156800	0.078223953	
156900	0.11403989	
157000	0.13002008	
157100	0.12550406	
157200	0.10185765	
157300	0.066440325	
157400	0.025755869	
157500	-0.012179767	
157600	-0.043387804	
157700	-0.063902173	
157800	-0.073394255	
157900	-0.073334076	
158000	-0.064616544	
158100	-0.046426428	
158200	-0.024617122	
158300	0.0052697885	
158400	0.042773096	
158500	0.084209355	
158600	0.12314472	
158700	0.14968452	
158800	0.15452894	
158900	0.13487284	
159000	0.087508037	
159100	0.024084839	
159200	-0.044838555	
159300	-0.10684588	
159400	-0.15233297	
159500	-0.17505415	
159600	-0.17185781	
159700	-0.14995516	
159800	-0.11140273	
159900	-0.066294641	
160000	-0.015607324	
160100	0.029645446	
160200	0.065607367	
160300	0.090890657	
160400	0.10553527	
160500	0.10922601	
160600	0.10075909	
160700	0.084107282	
160800	0.057146839	
160900	0.019088186	
161000	-0.025656924	
161100	-0.071114702	
161200	-0.10705111	
161300	-0.12262237	
161400	-0.11571704	
161500	-0.081547578	
161600	-0.03004609	
161700	0.025882213	
161800	0.077313574	
161900	0.11239962	
162000	0.12920765	
162100	0.12419755	
162200	0.10099539	
162300	0.06619428	
162400	0.026440737	
162500	-0.011754116	
162600	-0.041473954	
162700	-0.06111774	
162800	-0.069625523	
162900	-0.068789323	
163000	-0.0589907	
163100	-0.040477985	
163200	-0.018181705	
163300	0.011801312	
163400	0.048696727	
163500	0.090219578	
163600	0.12832418	
163700	0.15475878	
163800	0.15844123	
163900	0.1381686	
164000	0.090176334	
164100	0.025713754	
164200	-0.044559674	
164300	-0.10805347	
164400	-0.15493212	
164500	-0.17900761	
164600	-0.17682915	
164700	-0.15611709	
164800	-0.11716322	
164900	-0.071515587	
165000	-0.019830733	
165100	0.026846107	
165200	0.06482918	
165300	0.091907662	
165400	0.10844763	
165500	0.11351239	
165600	0.10636549	
165700	0.090696608	
165800	0.063574078	
165900	0.026169413	
166000	-0.019131581	
166100	-0.064640111	
166200	-0.10148414	
166300	-0.11900189	
166400	-0.11326421	
166500	-0.080354819	
166600	-0.029969356	
166700	0.025818425	
166800	0.076304607	
166900	0.11184349	
167000	0.12831168	
167100	0.1209975	
167200	0.10236408	
167300	0.066719392	
167400	0.027262268	
167500	-0.00955866	
167600	-0.038611433	
167700	-0.05753493	
167800	-0.065408259	
167900	-0.063407815	
168000	-0.053025054	
168100	-0.03404568	
168200	-0.011423149	
168300	0.018415902	
168400	0.055526789	
168500	0.095973831	
168600	0.13432069	
168700	0.15986081	
168800	0.16359407	
168900	0.14256625	
169000	0.093780461	
169100	0.028240736	
169200	-0.043078068	
169300	-0.10821982	
169400	-0.15636077	
169500	-0.18193508	
169600	-0.18127339	
169700	-0.16056231	
169800	-0.12260443	
169900	-0.075941434	
170000	-0.023634208	
170100	0.024472901	
170200	0.064758221	
170300	0.093412845	
170400	0.11189222	
170500	0.11837699	
170600	0.11235246	
170700	0.097201658	
170800	0.070633103	
170900	0.033525117	
171000	-0.012039693	
171100	-0.058315333	
171200	-0.096194015	
171300	-0.1155569	
171400	-0.1110343	
171500	-0.079667742	
171600	-0.030669276	
171700	0.024917407	
171800	0.074510224	
171900	0.11004457	
172000	0.12671682	
172100	0.1198379	
172200	0.10120063	
172300	0.066182346	
172400	0.027979065	
172500	-0.008555905	
172600	-0.036283951	
172700	-0.054243186	
172800	-0.060996669	
172900	-0.058089773	
173000	-0.046932434	
173100	-0.027016307	
173200	-0.0043507483	
173300	0.025923364	
173400	0.062702961	
173500	0.10280242	
173600	0.14033499	
173700	0.16581507	
173800	0.16862876	
173900	0.14672794	
174000	0.097489269	
174100	0.030885337	
174200	-0.04148301	
174300	-0.10884207	
174400	-0.15773594	
174500	-0.18572132	
174600	-0.18618599	
174700	-0.16657129	
174800	-0.128919	
174900	-0.080395166	
175000	-0.029818018	
175100	0.020974236	
175200	0.063046599	
175300	0.094269017	
175400	0.11464155	
175500	0.12285541	
175600	0.12041371	
175700	0.10428203	
175800	0.079067748	
175900	0.042237912	
176000	-0.0029925572	
176100	-0.050095446	
176200	-0.089435339	
176300	-0.11000917	
176400	-0.10734232	
176500	-0.077438451	
176600	-0.030011982	
176700	0.025227097	
176800	0.074434922	
176900	0.11036818	
177000	0.12699461	
177100	0.12086824	
177200	0.10004179	
177300	0.067131435	
177400	0.031697047	
177500	-0.0047620185	
177600	-0.031991909	
177700	-0.048990782	
177800	-0.054987319	
177900	-0.05102582	
178000	-0.039082496	
178100	-0.020958856	
178200	0.0044838027	
178300	0.034035318	
178400	0.070084366	
178500	0.10977004	
178600	0.14654922	
178700	0.17131101	
178800	0.17354964	
178900	0.1514258	
179000	0.10101743	
179100	0.033450878	
179200	-0.040715863	
179300	-0.10998678	
179400	-0.16102057	
179500	-0.19060881	
179600	-0.19309552	
179700	-0.17503824	
179800	-0.13777304	
179900	-0.08913401	
180000	-0.037236926	
180100	0.015643182	
180200	0.059671162	
180300	0.093644687	
180400	0.11667535	
180500	0.12681239	
180600	0.12614771	
180700	0.11156731	
180800	0.087343746	
180900	0.050782461	
181000	0.0060546373	
181100	-0.041657421	
181200	-0.082541765	
181300	-0.10500773	
181400	-0.10444999	
181500	-0.076563127	
181600	-0.031103477	
181700	0.023913849	
181800	0.07263912	
181900	0.10888978	
182000	0.12303859	
182100	0.1206793	
182200	0.099917512	
182300	0.068085003	
182400	0.031238993	
182500	-0.00043428178	
182600	-0.028457527	
182700	-0.043527499	
182800	-0.0486252	
182900	-0.043575555	
183000	-0.030459983	
183100	-0.011230958	
183200	0.014564148	
183300	0.043869887	
183400	0.079842944	
183500	0.11860405	
183600	0.15472284	
183700	0.17914086	
183800	0.18117354	
183900	0.15840996	
184000	0.10768018	
184100	0.039031891	
184200	-0.036731636	
184300	-0.10736257	
184400	-0.16078852	
184500	-0.19291375	
184600	-0.19679042	
184700	-0.18065351	
184800	-0.14480237	
184900	-0.096469585	
185000	-0.042260195	
185100	0.0095002383	
185200	0.05710188	
185300	0.093542079	
185400	0.11869412	
185500	0.13156291	
185600	0.13257515	
185700	0.11963314	
185800	0.096253986	
185900	0.060323919	
186000	0.015623888	
186100	-0.03238902	
186200	-0.074981133	
186300	-0.099569478	
186400	-0.10149521	
186500	-0.075888336	
186600	-0.032268427	
186700	0.020798606	
186800	0.070086548	
186900	0.10587039	
187000	0.12038642	
187100	0.11894115	
187200	0.098980333	
187300	0.06842975	
187400	0.03243942	
187500	0.0023430515	
187600	-0.024152	
187700	-0.03809149	
187800	-0.041630858	
187900	-0.034905241	
188000	-0.020395623	
188100	9.960491e-05	
188200	0.026482784	
188300	0.055626953	
188400	0.091229358	
188500	0.12912126	
188600	0.16466725	
188700	0.18810409	
188800	0.1899607	
188900	0.16663769	
189000	0.1153405	
189100	0.045510999	
189200	-0.031487674	
189300	-0.10340026	
189400	-0.16007317	
189500	-0.19130775	
189600	-0.2014594	
189700	-0.18704123	
189800	-0.1526334	
189900	-0.10497865	
190000	-0.050171809	
190100	0.0031595056	
190200	0.053140746	
190300	0.093087323	
190400	0.12060378	
190500	0.1360926	
190600	0.13973162	
190700	0.12800782	
190800	0.10678458	
190900	0.071466074	
191000	0.027254593	
191100	-0.021407063	
191200	-0.065342276	
191300	-0.094400675	
191400	-0.097845292	
191500	-0.07554181	
191600	-0.034298542	
191700	0.016462576	
191800	0.06471819	
191900	0.097841741	
192000	0.11545173	
192100	0.11344772	
192200	0.095509963	
192300	0.06596072	
192400	0.031960043	
192500	0.0015231169	
192600	-0.019523539	
192700	-0.032788573	
192800	-0.034305483	
192900	-0.025581478	
193000	-0.0089032576	
193100	0.013039795	
193200	0.040497585	
193300	0.06958181	
193400	0.10479979	
193500	0.1421311	
193600	0.17610147	
193700	0.19917184	
193800	0.20039689	
193900	0.17727151	
194000	0.12539822	
194100	0.055482338	
194200	-0.022339459	
194300	-0.095587383	
194400	-0.15441591	
194500	-0.1882678	
194600	-0.20057473	
194700	-0.18907399	
194800	-0.15671487	
194900	-0.1102734	
195000	-0.055286773	
195100	0.00064380561	
195200	0.050511374	
195300	0.093966186	
195400	0.12421823	
195500	0.14245622	
195600	0.14778634	
195700	0.1384036	
195800	0.11804819	
195900	0.08381615	
196000	0.040203902	
196100	-0.0085343695	
196200	-0.053509063	
196300	-0.084012275	
196400	-0.092751214	
196500	-0.07355137	
196600	-0.035739488	
196700	0.012394421	
196800	0.059275775	
196900	0.091806933	
197000	0.11013664	
197100	0.10930193	
197200	0.092743833	
197300	0.064782576	
197400	0.033014678	
197500	0.0045090702	
197600	-0.015045619	
197700	-0.025710072	
197800	-0.025124294	
197900	-0.013891915	
198000	0.0051887853	
198100	0.029004028	
198200	0.057705115	
198300	0.087261573	
198400	0.12158845	
198500	0.15786457	
198600	0.19083433	
198700	0.21301336	
198800	0.21391813	
198900	0.19054778	
199000	0.13873845	
199100	0.069115158	
199200	-0.0094298224	
199300	-0.083384955	
199400	-0.14371928	
199500	-0.18033113	
199600	-0.19499635	
199700	-0.18563589	
199800	-0.15600585	
199900	-0.11128609	
200000	-0.0570824	
200100	-0.0001772479	
200200	0.051339271	
200300	0.097572197	
200400	0.13021057	
200500	0.15060318	
200600	0.15766856	
200700	0.15118519	
200800	0.13030214	
200900	0.097602709	
201000	0.054294057	
201100	0.0056697097	
201200	-0.040372206	
201300	-0.073598077	
201400	-0.086653126	
201500	-0.072000511	
201600	-0.038200088	
201700	0.0063012624	
201800	0.05005628	
201900	0.081910691	
202000	0.099766705	
202100	0.099678407	
202200	0.084787154	
202300	0.059172327	
202400	0.030486667	
202500	0.0048036572	
202600	-0.010988452	
202700	-0.01939429	
202800	-0.015418381	
202900	-0.0017878954	
203000	0.021055454	
203100	0.04748837	
203200	0.078093646	
203300	0.10906822	
203400	0.14318749	
203500	0.17818745	
203600	0.21026381	
203700	0.23131703	
203800	0.23161735	
203900	0.20856559	
204000	0.1581506	
204100	0.08894951	
204200	0.011414299	
204300	-0.062443302	
204400	-0.1231626	
204500	-0.16078493	
204600	-0.17776473	
204700	-0.17092595	
204800	-0.14349737	
204900	-0.10072906	
205000	-0.047485034	
205100	0.0089496815	
205200	0.061481661	
205300	0.1085833	
205400	0.14293391	
205500	0.16414008	
205600	0.1716683	
205700	0.16569265	
205800	0.14495921	
205900	0.11253608	
206000	0.068800482	
206100	0.020270011	
206200	-0.027355306	
206300	-0.063384826	
206400	-0.080392726	
206500	-0.071386467	
206600	-0.04316071	
206700	-0.0041680646	
206800	0.035718125	
206900	0.064367643	
207000	0.081524736	
207100	0.08216999	
207200	0.069363886	
207300	0.047209276	
207400	0.022913422	
207500	0.0037469195	
207600	-0.010567822	
207700	-0.013538935	
207800	-0.0064273339	
207900	0.01143804	
208000	0.037836603	
208100	0.067943282	
208200	0.10075332	
208300	0.13330155	
208400	0.16798166	
208500	0.20196593	
208600	0.23269145	
208700	0.2521248	
208800	0.25219882	
208900	0.22919804	
209000	0.17986388	
209100	0.11282319	
209200	0.037366798	
209300	-0.035196049	
209400	-0.094783511	
209500	-0.1355476	
209600	-0.15057201	
209700	-0.14641512	
209800	-0.12063003	
209900	-0.080138127	
210000	-0.028397021	
210100	0.026863783	
210200	0.078792229	
210300	0.12566608	
210400	0.16079898	
210500	0.18184133	
210600	0.18858138	
210700	0.18120595	
210800	0.16097656	
210900	0.12799764	
211000	0.084772736	
211100	0.035799462	
211200	-0.012230787	
211300	-0.050259556	
211400	-0.071305289	
211500	-0.067935827	
211600	-0.045982962	
211700	-0.013459079	
211800	0.02130208	
211900	0.04644807	
212000	0.06218323	
212100	0.063782787	
212200	0.053954584	
212300	0.038726329	
212400	0.018603281	
212500	0.0026330939	
212600	-0.0059735102	
212700	-0.0045120769	
212800	0.006284381	
212900	0.026909347	
213000	0.055743155	
213100	0.088424907	
213200	0.12292408	
213300	0.15565514	
213400	0.1902114	
213500	0.22293928	
213600	0.25195596	
213700	0.26968284	
213800	0.26929683	
213900	0.24690446	
214000	0.19935552	
214100	0.13511988	
214200	0.062414951	
214300	-0.0079701175	
214400	-0.066052279	
214500	-0.10696469	
214600	-0.12337507	
214700	-0.12002905	
214800	-0.096840471	
214900	-0.057977861	
215000	-0.0084709001	
215100	0.043564093	
215200	0.096248891	
215300	0.14173798	
215400	0.17617006	
215500	0.19665642	
215600	0.2023814	
215700	0.19438196	
215800	0.1736314	
215900	0.14113399	
216000	0.098996478	
216100	0.051232472	
216200	0.0040119312	
216300	-0.034512844	
216400	-0.056246831	
216500	-0.059973632	
216600	-0.043846256	
216700	-0.017417664	
216800	0.012410071	
216900	0.036130019	
217000	0.050257975	
217100	0.050832533	
217200	0.047256502	
217300	0.032735636	
217400	0.019672607	
217500	0.0081391571	
217600	0.0038767047	
217700	0.0082048169	
217800	0.020737826	
217900	0.042528753	
218000	0.071578993	
218100	0.10591447	
218200	0.13947562	
218300	0.17219759	
218400	0.20574319	
218500	0.23716513	
218600	0.2645049	
218700	0.28092744	
218800	0.28058559	
218900	0.25780398	
219000	0.21560378	
219100	0.15474977	
219200	0.085659639	
219300	0.019225317	
219400	-0.037204019	
219500	-0.077123564	
219600	-0.096592772	
219700	-0.09480763	
219800	-0.073452811	
219900	-0.037551313	
220000	0.0092563174	
220100	0.059232729	
220200	0.10743866	
220300	0.15015373	
220400	0.18209848	
220500	0.19966529	
220600	0.20188415	
220700	0.19334954	
220800	0.1714833	
220900	0.13960739	
221000	0.098684966	
221100	0.053123555	
221200	0.0081188826	
221300	-0.029510633	
221400	-0.051861608	
221500	-0.058717105	
221600	-0.047459613	
221700	-0.026217303	
221800	-0.0018797224	
221900	0.01883537	
222000	0.031560007	
222100	0.036274697	
222200	0.032497141	
222300	0.024993937	
222400	0.015843737	
222500	0.010029598	
222600	0.0088627997	
222700	0.015237339	
222800	0.02834735	
222900	0.049625125	
223000	0.077498314	
223100	0.11027017	
223200	0.14284484	
223300	0.17382847	
223400	0.20552695	
223500	0.23535568	
223600	0.2608148	
223700	0.27650347	
223800	0.27702162	
223900	0.2576385	
224000	0.21951444	
224100	0.16422006	
224200	0.10125144	
224300	0.038836162	
224400	-0.015274328	
224500	-0.054401128	
224600	-0.075669704	
224700	-0.077283551	
224800	-0.060371128	
224900	-0.030211504	
225000	0.010786173	
225100	0.054634729	
225200	0.097622961	
225300	0.136062	
225400	0.16388503	
225500	0.17782358	
225600	0.1809451	
225700	0.17090788	
225800	0.15026713	
225900	0.12125131	
226000	0.083829522	
226100	0.042733608	
226200	0.0023332259	
226300	-0.031484595	
226400	-0.052424026	
226500	-0.059864182	
226600	-0.051569083	
226700	-0.033249697	
226800	-0.012063477	
226900	0.0069775481	
227000	0.020161698	
227100	0.025948111	
227200	0.026434069	
227300	0.021839577	
227400	0.016817161	
227500	0.01316989	
227600	0.014115269	
227700	0.019283121	
227800	0.03183959	
227900	0.050393123	
228000	0.076933303	
228100	0.10408828	
228200	0.13392429	
228300	0.16189713	
228400	0.19094006	
228500	0.21622716	
228600	0.23918914	
228700	0.2538587	
228800	0.2557726	
228900	0.23999827	
229000	0.20547329	
229100	0.15671117	
229200	0.10160293	
229300	0.042838583	
229400	-0.0097202818	
229500	-0.049932767	
229600	-0.074797235	
229700	-0.08210838	
229800	-520.31649	
