0	0
0	0
0.0528315	-1.7752e-005
0.0849743	-2.68483e-005
0.125149	-4.03349e-005
0.161196	-5.07404e-005
0.197356	-6.16095e-005
0.231424	-7.08457e-005
0.263801	-7.95201e-005
0.293918	-8.74663e-005
0.321643	-9.43657e-005
0.346731	-0.000100225
0.36904	-0.000104592
0.388447	-0.000108133
0.404878	-0.000110444
0.418292	-0.000111716
0.428687	-0.000111409
0.436091	-0.000108255
0.440566	-0.000100628
0.442201	-8.67353e-005
0.441113	-6.37645e-005
0.437444	-2.66004e-005
0.431357	2.81914e-005
0.423038	0.000106193
0.412692	0.000213709
0.400536	0.00035765
0.386803	0.000545928
0.371728	0.000787329
0.355552	0.00109101
0.338516	0.00146743
0.320854	0.00192694
0.302793	0.00248184
0.284552	0.00314179
0.266335	0.00391869
0.248333	0.00482313
0.230723	0.0058669
0.213665	0.00706018
0.197303	0.00841507
0.181762	0.00993916
0.167155	0.0116426
0.153574	0.0135342
0.141098	0.0156201
0.129788	0.0179055
0.119688	0.0203967
0.110828	0.0230941
0.103226	0.0259998
0.0968886	0.0291151
0.0917998	0.0324354
0.0879401	0.0359586
0.085274	0.0396794
0.083758	0.043592
0.0833375	0.0476891
0.0839503	0.0519619
0.0855262	0.0564001
0.0879877	0.060993
0.0912535	0.0657289
0.0952363	0.0705953
0.0998468	0.0755768
0.104992	0.0806595
0.110581	0.0858251
0.116519	0.0910565
0.122714	0.0963364
0.129077	0.101645
0.135517	0.10696
0.141949	0.112262
0.148293	0.117527
0.154473	0.12273
0.160415	0.127845
0.166054	0.132846
0.171334	0.137701
0.176201	0.142382
0.180614	0.146854
0.184533	0.151086
0.18793	0.155042
0.190782	0.158686
0.193075	0.161983
0.194798	0.164894
0.19595	0.167383
0.196532	0.16941
0.196553	0.170934
0.196026	0.171917
0.19497	0.172316
0.193408	0.172088
0.191369	0.171192
0.188882	0.169587
0.185984	0.16723
0.182713	0.164082
0.179109	0.160105
0.175215	0.155262
0.171076	0.149521
0.16674	0.14284
0.162255	0.135193
0.15767	0.126555
0.153038	0.116908
0.148411	0.106235
0.143844	0.0945267
0.139392	0.0817786
0.135118	0.0679818
0.131081	0.053147
0.127349	0.0372856
0.12399	0.0204202
0.121078	0.00258227
0.118691	-0.016185
0.116912	-0.0358257
0.115826	-0.0562651
0.11552	-0.0774125
0.116083	-0.0991582
0.117594	-0.121373
0.120129	-0.143906
0.123747	-0.166588
0.128491	-0.189227
0.134385	-0.211614
0.141432	-0.233529
0.149602	-0.254739
0.158843	-0.275008
0.169072	-0.2941
0.18018	-0.311782
0.192033	-0.327834
0.204475	-0.342047
0.217328	-0.354232
0.230398	-0.36422
0.243479	-0.371866
0.256352	-0.377049
0.268797	-0.379671
0.280592	-0.379655
0.291521	-0.376936
0.301379	-0.371471
0.309981	-0.363223
0.317171	-0.352162
0.322832	-0.338259
0.3269	-0.321484
0.329368	-0.301818
0.330295	-0.279257
0.329798	-0.253829
0.32805	-0.225603
0.325254	-0.194698
0.321636	-0.161287
0.317425	-0.1256
0.312847	-0.0879152
0.308112	-0.048557
0.303418	-0.0078898
0.298941	0.0336872
0.294839	0.0757464
0.291242	0.117841
0.288248	0.159513
0.285924	0.200306
0.2843	0.239773
0.283371	0.277488
0.283102	0.313053
0.283433	0.346101
0.284281	0.376306
0.285549	0.403383
0.287126	0.427093
0.288889	0.447243
0.290703	0.463686
0.292427	0.476323
0.293909	0.485096
0.294989	0.489985
0.295505	0.491004
0.295294	0.488188
0.294202	0.48159
0.292098	0.471271
0.28888	0.457293
0.284485	0.439715
0.278907	0.418595
0.272188	0.393983
0.264434	0.36593
0.255807	0.334493
0.246529	0.29974
0.236869	0.261761
0.227143	0.220677
0.217701	0.176654
0.208914	0.129914
0.201159	0.080745
0.194801	0.0295078
0.190177	-0.023357
0.187573	-0.0773355
0.187209	-0.131846
0.189223	-0.186252
0.193676	-0.239888
0.200535	-0.29207
0.209681	-0.342128
0.220918	-0.389417
0.233986	-0.433341
0.24857	-0.47336
0.264319	-0.508998
0.280852	-0.539858
0.297776	-0.565613
0.314691	-0.586019
0.331198	-0.600907
0.346898	-0.610183
0.361403	-0.613825
0.374334	-0.611869
0.385334	-0.60439
0.394077	-0.591492
0.400288	-0.57329
0.40377	-0.549907
0.404422	-0.521464
0.402271	-0.488093
0.397473	-0.449937
0.39031	-0.407161
0.381175	-0.359974
0.37054	-0.308627
0.35893	-0.25344
0.346896	-0.194803
0.334991	-0.133181
0.323745	-0.0691215
0.313646	-0.00325714
0.305116	0.0636977
0.298497	0.130963
0.294028	0.197716
0.291838	0.263123
0.291953	0.326374
0.294292	0.386712
0.298699	0.443436
0.304954	0.495925
0.312787	0.54364
0.321895	0.586128
0.331941	0.623032
0.342562	0.654084
0.353371	0.679103
0.363958	0.697995
0.373902	0.710742
0.382773	0.717391
0.39015	0.718042
0.395641	0.712832
0.398898	0.701928
0.399638	0.685499
0.397665	0.663736
0.392884	0.636815
0.385304	0.60491
0.375042	0.568198
0.362321	0.526842
0.34746	0.481002
0.330874	0.430842
0.313052	0.376536
0.294547	0.318286
0.275963	0.256328
0.257927	0.190965
0.241076	0.122572
0.226024	0.0516187
0.213336	-0.0213174
0.203502	-0.0955438
0.196908	-0.17026
0.193819	-0.244576
0.194355	-0.317536
0.198498	-0.388163
0.206096	-0.455495
0.216883	-0.518626
0.2305	-0.576728
0.246516	-0.629074
0.264449	-0.675051
0.283788	-0.714161
0.304005	-0.746023
0.324568	-0.770369
0.344945	-0.787048
0.364611	-0.796012
0.383047	-0.797319
0.399749	-0.791124
0.414223	-0.777652
0.42601	-0.75719
0.434695	-0.730057
0.439939	-0.696581
0.44152	-0.657103
0.439362	-0.611958
0.433566	-0.561497
0.424416	-0.50609
0.412358	-0.446137
0.397972	-0.38207
0.381919	-0.314352
0.364904	-0.243483
0.34765	-0.169996
0.330874	-0.0944703
0.315262	-0.0175431
0.301431	0.060072
0.289908	0.137587
0.281088	0.214156
0.275229	0.288902
0.272426	0.360964
0.272631	0.429528
0.275675	0.493847
0.281292	0.553249
0.289149	0.607143
0.298857	0.655029
0.309994	0.696501
0.322103	0.731253
0.334709	0.759075
0.347318	0.779853
0.359426	0.79356
0.370532	0.800253
0.380145	0.800054
0.38781	0.793139
0.393122	0.779731
0.395748	0.760075
0.395446	0.734442
0.392086	0.703107
0.385653	0.666353
0.376253	0.624473
0.364112	0.577748
0.349564	0.52646
0.333037	0.47089
0.315034	0.411318
0.296118	0.348021
0.276896	0.2813
0.257987	0.211497
0.240016	0.138986
0.223588	0.064212
0.209262	-0.0123125
0.197542	-0.089983
0.188847	-0.168102
0.183497	-0.245882
0.181699	-0.322459
0.183527	-0.396915
0.188925	-0.468309
0.197712	-0.535715
0.209598	-0.598257
0.224206	-0.655129
0.241094	-0.705624
0.259773	-0.749147
0.279726	-0.785219
0.30042	-0.813489
0.321324	-0.833725
0.341913	-0.84581
0.361682	-0.849745
0.38015	-0.845637
0.396861	-0.833699
0.411391	-0.814244
0.423345	-0.787674
0.432362	-0.754459
0.438121	-0.715116
0.440361	-0.670184
0.438911	-0.6202
0.43372	-0.565693
0.424876	-0.50718
0.412631	-0.445167
0.397398	-0.380147
0.379725	-0.312595
0.360264	-0.242967
0.339728	-0.1717
0.318865	-0.099214
0.298439	-0.0259366
0.279196	0.0476698
0.261832	0.121088
0.246956	0.193726
0.235053	0.26493
0.226462	0.333992
0.221367	0.40019
0.219799	0.462823
0.221647	0.521234
0.226684	0.574824
0.234584	0.623062
0.244952	0.665492
0.257336	0.701739
0.271246	0.731519
0.286165	0.754641
0.301556	0.771008
0.316877	0.780613
0.331586	0.783532
0.345155	0.77992
0.357092	0.769991
0.366949	0.754021
0.374346	0.732318
0.378991	0.705235
0.380691	0.673132
0.379363	0.636394
0.375039	0.59541
0.367861	0.550573
0.358067	0.502276
0.345975	0.450904
0.331964	0.396832
0.316449	0.340424
0.299873	0.282026
0.282679	0.221973
0.265312	0.160589
0.248201	0.0981983
0.23175	0.0351313
0.216334	-0.0282663
0.20229	-0.0916238
0.189908	-0.154542
0.17943	-0.216587
0.171046	-0.277296
0.164889	-0.336177
0.161032	-0.392715
0.159486	-0.446383
0.160198	-0.496654
0.163057	-0.543018
0.167893	-0.584993
0.174486	-0.62214
0.182576	-0.654073
0.191865	-0.68046
0.202029	-0.701038
0.212729	-0.715609
0.223621	-0.724044
0.234366	-0.726281
0.244642	-0.722323
0.254158	-0.712239
0.262657	-0.696167
0.269932	-0.674307
0.275816	-0.646916
0.280195	-0.614307
0.283007	-0.576831
0.284237	-0.534876
0.283928	-0.488851
0.282167	-0.439188
0.279086	-0.386331
0.274853	-0.330731
0.269667	-0.272835
0.263748	-0.213091
0.257334	-0.151939
0.25067	-0.0898205
0.244002	-0.0271675
0.237568	0.0355855
0.231591	0.0980004
0.226277	0.159633
0.221798	0.220027
0.218295	0.278715
0.215867	0.335219
0.21457	0.389051
0.214414	0.439726
0.215366	0.486761
0.217347	0.529696
0.22024	0.568095
0.223898	0.601563
0.228147	0.62975
0.232801	0.652364
0.237663	0.669168
0.242539	0.679983
0.247242	0.684708
0.251602	0.683304
0.25547	0.675804
0.258714	0.662306
0.261227	0.642977
0.262926	0.618035
0.263755	0.587747
0.263685	0.552419
0.262722	0.512394
0.260903	0.46804
0.258297	0.41975
0.255007	0.367932
0.251162	0.313007
0.246922	0.255409
0.242466	0.195572
0.237995	0.133943
0.233722	0.0709758
0.229867	0.00713917
0.226647	-0.0570851
0.224269	-0.121194
0.222913	-0.184665
0.222729	-0.246951
0.223821	-0.30749
0.226244	-0.365707
0.229998	-0.421024
0.235027	-0.47287
0.241218	-0.520701
0.248414	-0.564005
0.256412	-0.602319
0.264984	-0.635241
0.273878	-0.662425
0.282832	-0.683604
0.29158	-0.698587
0.299862	-0.707261
0.307424	-0.70959
0.314029	-0.705607
0.319458	-0.695406
0.323526	-0.679141
0.326083	-0.657008
0.327029	-0.62925
0.326315	-0.596146
0.323947	-0.558011
0.319988	-0.515185
0.314552	-0.468032
0.307803	-0.416931
0.299956	-0.362265
0.29127	-0.304423
0.282041	-0.2438
0.272608	-0.180799
0.263328	-0.115836
0.254573	-0.0493502
0.246714	0.0181897
0.240099	0.0862756
0.235042	0.154357
0.231797	0.221839
0.230555	0.288084
0.231431	0.352427
0.234455	0.414182
0.239575	0.472668
0.246657	0.527221
0.255499	0.577221
0.26584	0.622105
0.277373	0.661379
0.289756	0.694636
0.302623	0.721562
0.315582	0.741937
0.328229	0.755635
0.340153	0.762612
0.350954	0.762894
0.360261	0.756569
0.367748	0.74378
0.373152	0.724722
0.37628	0.699622
0.377019	0.668762
0.37534	0.632455
0.371295	0.591045
0.36501	0.5449
0.356684	0.4944
0.34658	0.439931
0.335019	0.381873
0.322373	0.320602
0.309066	0.256488
0.295554	0.189907
0.282316	0.121252
0.26984	0.0509439
0.258592	-0.020551
0.249006	-0.0927148
0.241457	-0.164968
0.236249	-0.236666
0.233597	-0.30711
0.233622	-0.375554
0.236346	-0.441228
0.241689	-0.503359
0.249482	-0.5612
0.259476	-0.614053
0.27136	-0.661293
0.284772	-0.702386
0.29931	-0.73691
0.314527	-0.764556
0.329943	-0.785127
0.345054	-0.798521
0.359351	-0.804724
0.372344	-0.803799
0.38358	-0.795867
0.392665	-0.781118
0.39928	-0.75979
0.403185	-0.732182
0.404231	-0.698632
0.40236	-0.659509
0.39761	-0.615213
0.39011	-0.566153
0.380081	-0.512737
0.367824	-0.455361
0.353731	-0.394404
0.338268	-0.330218
0.321971	-0.263151
0.305426	-0.193563
0.289246	-0.121834
0.274043	-0.0483871
0.260397	0.0262945
0.248832	0.101657
0.239785	0.177061
0.233595	0.251793
0.230485	0.325069
0.230554	0.396055
0.233783	0.463895
0.240034	0.527745
0.249073	0.586801
0.260587	0.640339
0.274199	0.687729
0.289471	0.728467
0.305911	0.762168
0.32299	0.788564
0.340158	0.807486
0.356864	0.818865
0.372575	0.822721
0.38679	0.819157
0.399056	0.808354
0.408977	0.790563
0.416227	0.766105
0.420554	0.735347
0.421786	0.698698
0.419845	0.656595
0.414748	0.609484
0.406608	0.557809
0.395645	0.501994
0.382181	0.442442
0.366639	0.379526
0.349541	0.313591
0.331493	0.244966
0.313159	0.173994
0.295233	0.101046
0.278401	0.0265442
0.263307	-0.0490191
0.250517	-0.125061
0.240504	-0.200916
0.233616	-0.275831
0.23007	-0.348986
0.229946	-0.419516
0.233194	-0.486544
0.239646	-0.549218
0.24904	-0.606753
0.261036	-0.65846
0.275219	-0.703774
0.291108	-0.742248
0.308173	-0.773548
0.325855	-0.797455
0.343581	-0.813846
0.36079	-0.822695
0.376937	-0.824069
0.391513	-0.818117
0.404052	-0.805072
0.414143	-0.785235
0.42144	-0.75897
0.425673	-0.726704
0.426657	-0.688887
0.4243	-0.645994
0.418616	-0.598506
0.409714	-0.546897
0.397819	-0.491611
0.383252	-0.433053
0.366436	-0.371592
0.34789	-0.307554
0.328215	-0.241237
0.308072	-0.172929
0.288149	-0.102937
0.269134	-0.0316028
0.251677	0.0406694
0.236359	0.113393
0.223674	0.186003
0.214005	0.257848
0.207617	0.328206
0.204648	0.396294
0.205115	0.461306
0.208919	0.522439
0.215869	0.578925
0.225694	0.630069
0.238059	0.67527
0.252557	0.714049
0.268724	0.746047
0.286042	0.771018
0.303956	0.788818
0.321895	0.79939
0.339288	0.802772
0.355582	0.799075
0.370263	0.788485
0.382864	0.771257
0.39299	0.747697
0.400321	0.718173
0.404629	0.683093
0.405777	0.64289
0.40373	0.598008
0.398554	0.548899
0.390412	0.496002
0.379569	0.439732
0.366379	0.380475
0.351283	0.318579
0.334802	0.254369
0.317516	0.188157
0.30004	0.120259
0.282994	0.0510186
0.266982	-0.0191787
0.252557	-0.0898853
0.240204	-0.160586
0.230319	-0.23069
0.223196	-0.299533
0.219021	-0.366395
0.217863	-0.430517
0.219683	-0.49113
0.224345	-0.547486
0.231631	-0.598886
0.241259	-0.644711
0.252887	-0.684442
0.266119	-0.717676
0.280509	-0.74412
0.295582	-0.76358
0.310847	-0.775951
0.325818	-0.78122
0.340025	-0.779454
0.353024	-0.7708
0.364411	-0.755479
0.373826	-0.733775
0.38096	-0.706039
0.385566	-0.672662
0.387463	-0.634063
0.386552	-0.590686
0.382817	-0.542981
0.376337	-0.491384
0.367286	-0.436316
0.355935	-0.378168
0.342655	-0.317299
0.327905	-0.254047
0.312216	-0.188738
0.296169	-0.121702
0.28037	-0.0532881
0.265422	0.0161105
0.25189	0.0860463
0.240277	0.156004
0.230997	0.225394
0.224361	0.29356
0.220567	0.359791
0.219691	0.42334
0.2217	0.483454
0.226461	0.539404
0.233761	0.590513
0.243319	0.636177
0.254795	0.675893
0.267792	0.709259
0.281871	0.735976
0.296571	0.755835
0.311422	0.768718
0.325961	0.77459
0.339745	0.773501
0.352361	0.76558
0.36343	0.75103
0.37262	0.730127
0.379649	0.7032
0.384291	0.670622
0.386385	0.632809
0.38584	0.5902
0.382639	0.543242
0.376848	0.492381
0.368611	0.43805
0.358154	0.380663
0.345793	0.3206
0.331919	0.258211
0.316999	0.193829
0.301554	0.127782
0.286139	0.0604093
0.271316	-0.00792147
0.257632	-0.0767968
0.245583	-0.145743
0.2356	-0.21422
0.228023	-0.281622
0.22309	-0.347286
0.220931	-0.410509
0.221568	-0.470571
0.224924	-0.52676
0.230838	-0.578399
0.239078	-0.624878
0.249359	-0.665667
0.261336	-0.700346
0.274608	-0.728599
0.28873	-0.750213
0.303225	-0.765064
0.317604	-0.7731
0.331384	-0.774354
0.34411	-0.768925
0.355363	-0.756972
0.364773	-0.738722
0.372039	-0.714456
0.37692	-0.684512
0.379255	-0.649259
0.37896	-0.609103
0.376032	-0.56447
0.370546	-0.515791
0.362657	-0.463495
0.35259	-0.407993
0.340648	-0.349667
0.327199	-0.288874
0.312676	-0.225949
0.297562	-0.161214
0.282375	-0.0949997
0.267639	-0.0276519
0.253868	0.0404429
0.24154	0.108851
0.23108	0.177077
0.22283	0.244562
0.217052	0.310689
0.213911	0.374792
0.213468	0.436171
0.215693	0.494121
0.220461	0.547952
0.227576	0.597013
0.236779	0.640718
0.247763	0.678563
0.26018	0.710146
0.273633	0.735174
0.287691	0.753453
0.301897	0.764883
0.315792	0.769439
0.328928	0.767174
0.340889	0.758207
0.351301	0.742719
0.359847	0.720958
0.36627	0.693225
0.370377	0.659863
0.372044	0.621258
0.371221	0.577818
0.36793	0.529965
0.362272	0.478122
0.354425	0.422703
0.344649	0.364104
0.333282	0.302698
0.320737	0.238843
0.307486	0.172894
0.294046	0.105218
0.280956	0.0362049
0.268744	-0.0337137
0.257908	-0.104052
0.248886	-0.174261
0.24204	-0.243726
0.237632	-0.311773
0.235821	-0.377681
0.23665	-0.440698
0.240062	-0.500079
0.245904	-0.555102
0.253949	-0.605102
0.263908	-0.649492
0.275442	-0.687788
0.28816	-0.719612
0.301635	-0.744689
0.315422	-0.762839
0.329069	-0.773961
0.342139	-0.778048
0.354218	-0.775165
0.364931	-0.765465
0.373936	-0.749163
0.380942	-0.726548
0.385704	-0.697963
0.388038	-0.663799
0.387825	-0.624479
0.385008	-0.580451
0.379614	-0.532169
0.371739	-0.48008
0.361561	-0.424615
0.349344	-0.366175
0.335429	-0.305126
0.320237	-0.24181
0.304254	-0.176552
0.288018	-0.10968
0.272094	-0.0415338
0.257048	0.0275085
0.243412	0.0970173
0.231666	0.166498
0.22221	0.235385
0.215343	0.303049
0.211266	0.368808
0.210061	0.431943
0.211708	0.491731
0.216088	0.54746
0.223001	0.598464
0.232179	0.644133
0.243304	0.683949
0.256005	0.717489
0.269865	0.744437
0.284426	0.76458
0.299206	0.777788
0.313718	0.784015
0.327491	0.783286
0.340086	0.775687
0.351115	0.761391
0.360248	0.740623
0.367219	0.713671
0.371828	0.680872
0.37395	0.642604
0.37353	0.599274
0.370596	0.551309
0.365253	0.499139
0.357685	0.443191
0.348157	0.383879
0.337011	0.321596
0.32466	0.25672
0.311581	0.189623
0.298287	0.120684
0.28532	0.0503058
0.273216	-0.021074
0.262479	-0.0929647
0.253554	-0.164815
0.246809	-0.236007
0.242516	-0.30586
0.24084	-0.373646
0.24183	-0.438601
0.245431	-0.49996
0.251486	-0.556977
0.259766	-0.608959
0.269975	-0.655287
0.281767	-0.695444
0.294751	-0.729024
0.308489	-0.75573
0.322523	-0.775363
0.336386	-0.787816
0.349624	-0.793068
0.361807	-0.791175
0.372547	-0.782278
0.381496	-0.766583
0.388359	-0.744376
0.392898	-0.715998
0.39493	-0.681842
0.394343	-0.642339
0.391091	-0.597949
0.385206	-0.549137
0.37679	-0.496365
0.36603	-0.440074
0.353192	-0.380675
0.338628	-0.318543
0.322772	-0.254026
0.306127	-0.187454
0.289258	-0.119155
0.272757	-0.0494778
0.257216	0.0211929
0.243195	0.0924124
0.231198	0.163666
0.221641	0.234365
0.214837	0.303851
0.210986	0.37141
0.210168	0.436292
0.21235	0.497737
0.217396	0.555006
0.22509	0.607404
0.235143	0.654303
0.247216	0.69517
0.260914	0.729576
0.275793	0.757207
0.291368	0.777849
0.307131	0.791381
0.322571	0.797756
0.337197	0.797017
0.35055	0.789271
0.362221	0.774702
0.371862	0.753566
0.379189	0.726176
0.383986	0.692898
0.386111	0.654138
0.3855	0.610328
0.38217	0.561923
0.37622	0.509371
0.367839	0.453115
0.357292	0.393576
0.344937	0.33115
0.331203	0.266209
0.316593	0.199113
0.301653	0.13022
0.286957	0.0599072
0.273078	-0.011415
0.260558	-0.0832875
0.249883	-0.155186
0.241457	-0.22652
0.235584	-0.296629
0.23246	-0.364801
0.232164	-0.430281
0.234665	-0.492305
0.23983	-0.550122
0.247442	-0.603027
0.257221	-0.65038
0.268833	-0.691641
0.281892	-0.726382
0.295967	-0.75429
0.310593	-0.775154
0.325286	-0.788855
0.339566	-0.795363
0.352972	-0.794728
0.365077	-0.787083
0.375491	-0.772623
0.383879	-0.751627
0.389961	-0.72443
0.393518	-0.691419
0.394402	-0.65302
0.39254	-0.609687
0.387941	-0.561886
0.380691	-0.510078
0.370962	-0.454709
0.359011	-0.396198
0.345182	-0.334929
0.3299	-0.271254
0.313665	-0.205511
0.297035	-0.138027
0.280602	-0.0691444
0.264964	0.000759139
0.250691	0.0712603
0.238301	0.141868
0.228235	0.212019
0.220831	0.281086
0.216319	0.348379
0.214811	0.413168
0.216305	0.474708
0.220699	0.532263
0.227803	0.585138
0.237358	0.6327
0.249053	0.674412
0.262513	0.709844
0.277314	0.738682
0.292982	0.760717
0.309017	0.775838
0.324899	0.784017
0.340114	0.785303
0.354165	0.779821
0.366596	0.767761
0.376998	0.749368
0.385036	0.72495
0.390449	0.69485
0.393065	0.659452
0.392801	0.619166
0.389667	0.574421
0.383762	0.525649
0.375272	0.473275
0.364462	0.417704
0.351673	0.359314
0.337309	0.298456
0.321838	0.235454
0.305769	0.170622
0.289639	0.104278
0.273989	0.0367607
0.259343	-0.0315516
0.24618	-0.100229
0.234923	-0.168781
0.225918	-0.236648
0.219427	-0.303214
0.215615	-0.367806
0.214553	-0.429716
0.216216	-0.488227
0.220491	-0.542637
0.227192	-0.592279
0.236073	-0.636551
0.24684	-0.674938
0.259154	-0.707032
0.272628	-0.73254
0.28683	-0.751275
0.301299	-0.763146
0.315557	-0.76814
0.329131	-0.766322
0.341576	-0.757823
0.352476	-0.742835
0.361475	-0.721616
0.368273	-0.694469
0.372642	-0.661745
0.374429	-0.623825
0.373565	-0.581112
0.37007	-0.534019
0.36405	-0.482954
0.3557	-0.428314
0.345309	-0.370476
0.333245	-0.309797
0.319956	-0.246619
0.305951	-0.181284
0.291776	-0.114144
0.277987	-0.0455792
0.26513	0.0239842
0.253711	0.094066
0.24417	0.164119
0.236864	0.233528
0.232052	0.301617
0.229885	0.367657
0.230405	0.430897
0.233547	0.490584
0.239158	0.54599
0.247008	0.596443
0.256807	0.641347
0.268213	0.680204
0.280833	0.712619
0.294245	0.738298
0.308008	0.757038
0.321684	0.768725
0.334847	0.773327
0.347097	0.770901
0.358062	0.76158
0.367414	0.745578
0.374864	0.723171
0.380169	0.694688
0.383142	0.660507
0.383654	0.621037
0.381642	0.576706
0.377121	0.527943
0.370184	0.475176
0.361012	0.418817
0.349876	0.359252
0.337136	0.296843
0.323239	0.231941
0.3087	0.164892
0.294079	0.0960579
0.279963	0.0258343
0.266925	-0.0453359
0.2555	-0.116943
0.246152	-0.188405
0.239255	-0.259067
0.235067	-0.32821
0.233728	-0.39507
0.23526	-0.458863
0.239574	-0.518819
0.246493	-0.574204
0.25576	-0.624355
0.267058	-0.668704
0.280003	-0.706793
0.294156	-0.73827
0.309041	-0.762877
0.324156	-0.780455
0.339003	-0.790925
0.353096	-0.79429
0.365981	-0.790631
0.377241	-0.780105
0.386511	-0.762935
0.393483	-0.739417
0.397916	-0.709897
0.399637	-0.674763
0.398555	-0.634436
0.394659	-0.589356
0.388021	-0.539965
0.3788	-0.486698
0.367241	-0.429966
0.353673	-0.370153
0.338507	-0.307611
0.322228	-0.242669
0.305385	-0.175649
0.288564	-0.106881
0.272363	-0.0367228
0.257363	0.0344168
0.244103	0.106067
0.23305	0.177684
0.224576	0.248649
0.218952	0.318275
0.216334	0.385822
0.216763	0.450522
0.220176	0.511601
0.226408	0.568312
0.235223	0.619963
0.246322	0.665938
0.259346	0.705727
0.273883	0.738937
0.289463	0.765287
0.305581	0.784598
0.321705	0.796777
0.337306	0.801813
0.351875	0.799775
0.36494	0.790794
0.376086	0.775076
0.384963	0.752888
0.391296	0.724554
0.394889	0.690446
0.395628	0.650967
0.393484	0.60655
0.388516	0.557633
0.380874	0.50465
0.370793	0.448016
0.358596	0.38812
0.344697	0.325326
0.329582	0.259974
0.313803	0.192403
0.297952	0.122959
0.282636	0.0520227
0.268444	-0.0199801
0.255915	-0.0925584
0.245521	-0.165151
0.237637	-0.237117
0.232531	-0.307754
0.230357	-0.376298
0.231147	-0.441956
0.234826	-0.503932
0.241223	-0.561457
0.250087	-0.613816
0.261107	-0.660383
0.27392	-0.700641
0.288104	-0.734195
0.303196	-0.760761
0.318704	-0.780151
0.334128	-0.79228
0.348974	-0.797146
0.362772	-0.794832
0.375085	-0.7855
0.385515	-0.769388
0.393715	-0.746798
0.399394	-0.718097
0.402329	-0.683687
0.402373	-0.644003
0.399463	-0.599495
0.393631	-0.550617
0.385005	-0.497804
0.373811	-0.441468
0.360381	-0.381987
0.34514	-0.319711
0.328603	-0.254962
0.311355	-0.188056
0.294029	-0.119322
0.277273	-0.0491149
0.26171	0.0221491
0.247919	0.0939948
0.2364	0.165865
0.22755	0.237128
0.221656	0.307077
0.21888	0.374952
0.219261	0.439964
0.222728	0.501323
0.22911	0.558271
0.238161	0.610112
0.249564	0.65624
0.262938	0.696164
0.277839	0.7295
0.293786	0.755972
0.310265	0.775402
0.326754	0.787698
0.342733	0.792864
0.357705	0.790981
0.3712	0.782211
0.382797	0.766782
0.392125	0.744987
0.39888	0.717173
0.402834	0.683728
0.403845	0.645064
0.401857	0.601609
0.396912	0.553799
0.389144	0.502058
0.37879	0.446786
0.366178	0.388355
0.351727	0.327105
0.335935	0.263357
0.319366	0.19742
0.302624	0.129616
0.286327	0.0602942
0.271074	-0.0101478
0.257421	-0.0812483
0.24585	-0.152471
0.236756	-0.223203
0.230428	-0.29276
0.227041	-0.360397
0.226657	-0.425332
0.229227	-0.48678
0.234608	-0.543974
0.242581	-0.596205
0.25286	-0.642846
0.265098	-0.683384
0.278887	-0.717419
0.293772	-0.744663
0.30926	-0.764924
0.324843	-0.778108
0.340016	-0.784203
0.354288	-0.783281
0.367196	-0.775487
0.378315	-0.76104
0.387274	-0.740215
0.393757	-0.71335
0.397521	-0.680819
0.398402	-0.643022
0.396328	-0.600378
0.391324	-0.553305
0.383516	-0.50221
0.373132	-0.447478
0.360504	-0.389467
0.346059	-0.328502
0.330308	-0.264898
0.313826	-0.198966
0.297235	-0.13103
0.281161	-0.0614521
0.266208	0.00934731
0.252936	0.0808869
0.241826	0.152604
0.233268	0.223859
0.227542	0.293938
0.224812	0.362073
0.22512	0.427462
0.228402	0.489304
0.234492	0.546828
0.243146	0.599326
0.254051	0.646179
0.266826	0.686877
0.281037	0.721017
0.296208	0.7483
0.311846	0.768522
0.327453	0.781567
0.342542	0.787416
0.356651	0.78613
0.369348	0.777853
0.38024	0.762805
0.388986	0.74127
0.395296	0.713587
0.398946	0.680135
0.399787	0.641325
0.397751	0.597576
0.392862	0.54931
0.385242	0.49694
0.375116	0.440858
0.362811	0.381428
0.348756	0.318991
0.333463	0.253874
0.317517	0.186408
0.301547	0.116937
0.286192	0.0458494
0.272062	-0.0263998
0.25972	-0.0992918
0.249647	-0.172223
0.24222	-0.244511
0.237695	-0.315401
0.236205	-0.384089
0.237759	-0.449747
0.242254	-0.511561
0.249497	-0.568759
0.259216	-0.620641
0.271065	-0.666622
0.284637	-0.706221
0.299469	-0.739072
0.315063	-0.764909
0.330907	-0.783564
0.346489	-0.794957
0.361314	-0.7991
0.374909	-0.796087
0.386839	-0.786089
0.396716	-0.769356
0.404196	-0.746195
0.409005	-0.716978
0.410939	-0.682102
0.409874	-0.641992
0.405779	-0.597088
0.398724	-0.54782
0.388877	-0.494601
0.376511	-0.437817
0.362001	-0.377818
0.345821	-0.314931
0.328525	-0.249462
0.310733	-0.181721
0.2931	-0.112038
0.276282	-0.0407855
0.260907	0.0315995
0.247537	0.104597
0.23665	0.177611
0.228617	0.24996
0.223691	0.320891
0.221996	0.389597
0.223539	0.455254
0.228214	0.517045
0.235821	0.574197
0.246083	0.626013
0.258654	0.671905
0.273114	0.711396
0.288989	0.744128
0.305761	0.769842
0.322885	0.788383
0.339809	0.799685
0.355994	0.80377
0.370921	0.800738
0.384112	0.790765
0.39514	0.774098
0.40364	0.751036
0.409325	0.721937
0.411992	0.68719
0.411532	0.647205
0.407931	0.602404
0.40128	0.553212
0.391775	0.500029
0.379715	0.443236
0.365499	0.383182
0.349615	0.320193
0.332635	0.254572
0.31518	0.186632
0.297902	0.116709
0.281444	0.0451937
0.266416	-0.0274739
0.253364	-0.100772
0.242748	-0.174097
0.234922	-0.246764
0.230126	-0.318014
0.228477	-0.387035
0.229972	-0.452992
0.234502	-0.515059
0.241865	-0.572449
0.251782	-0.624452
0.26391	-0.67046
0.27784	-0.709991
0.293105	-0.742673
0.309202	-0.768248
0.325603	-0.786556
0.341778	-0.79753
0.357211	-0.801192
0.37141	-0.797649
0.383917	-0.787082
0.39432	-0.769749
0.402259	-0.74597
0.407439	-0.716115
0.409643	-0.680587
0.408739	-0.639808
0.404701	-0.594207
0.397611	-0.544201
0.387661	-0.490185
0.375169	-0.432526
0.360555	-0.371564
0.344348	-0.30762
0.327151	-0.241009
0.309627	-0.172058
0.29246	-0.101127
0.276318	-0.028628
0.261826	0.0449527
0.249526	0.119043
0.239867	0.19299
0.233178	0.266059
0.229663	0.337445
0.229395	0.406307
0.232324	0.471792
0.238295	0.533078
0.247061	0.589396
0.258294	0.640084
0.271595	0.684581
0.286505	0.722443
0.302526	0.753329
0.319137	0.777004
0.335814	0.793328
0.352041	0.802259
0.36732	0.803845
0.381187	0.798225
0.393209	0.785612
0.402999	0.766295
0.410227	0.740622
0.414625	0.708984
0.416003	0.671801
0.41426	0.629508
0.409394	0.582536
0.401511	0.531306
0.39083	0.476217
0.377682	0.417636
0.362509	0.355894
0.34585	0.291307
0.328319	0.224181
0.310586	0.15484
0.293335	0.0836434
0.277235	0.0110067
0.262894	-0.0625739
0.250847	-0.136526
0.241524	-0.210184
0.235235	-0.282806
0.232162	-0.353583
0.232356	-0.421669
0.235753	-0.486217
0.242187	-0.54641
0.251406	-0.601496
0.263084	-0.65083
0.276818	-0.693889
0.292148	-0.730252
0.308564	-0.759623
0.32553	-0.781801
0.3425	-0.796684
0.358927	-0.804263
0.374285	-0.804615
0.388073	-0.797898
0.399833	-0.78434
0.409156	-0.764239
0.4157	-0.73794
0.419203	-0.705837
0.419494	-0.668334
0.416503	-0.625854
0.410275	-0.578813
0.400971	-0.52761
0.388867	-0.472614
0.374355	-0.414162
0.35793	-0.352566
0.340171	-0.288118
0.321726	-0.221112
0.303279	-0.151863
0.285512	-0.0807279
0.269081	-0.00813001
0.254574	0.0654237
0.2425	0.139349
0.233263	0.212966
0.227151	0.285518
0.224323	0.356183
0.224817	0.424105
0.228553	0.488431
0.235347	0.548341
0.244933	0.603085
0.256963	0.652026
0.271022	0.694638
0.286632	0.730508
0.303278	0.759326
0.320422	0.780895
0.337519	0.79511
0.354037	0.801961
0.36946	0.801527
0.383308	0.793969
0.395137	0.779524
0.404556	0.758492
0.411238	0.731229
0.41493	0.698122
0.415465	0.659587
0.412777	0.616038
0.406911	0.567887
0.39803	0.515528
0.386416	0.459328
0.37247	0.399624
0.3567	0.336732
0.339702	0.270958
0.322136	0.202619
0.304691	0.132061
0.28805	0.0596779
0.27286	-0.0140663
0.259692	-0.088619
0.249031	-0.163347
0.241247	-0.237526
0.236586	-0.310357
0.235163	-0.380987
0.236968	-0.448543
0.241877	-0.512166
0.249672	-0.571044
0.260048	-0.62446
0.272626	-0.671806
0.286963	-0.712592
0.302565	-0.746436
0.318913	-0.773064
0.335476	-0.792297
0.351729	-0.80406
0.367167	-0.808367
0.381307	-0.805324
0.393702	-0.795122
0.403944	-0.778026
0.411674	-0.754371
0.416593	-0.724535
0.418474	-0.688934
0.417179	-0.647999
0.412673	-0.602155
0.405035	-0.551825
0.394467	-0.497396
0.381297	-0.439232
0.365971	-0.377662
0.349044	-0.313005
0.331154	-0.245569
0.313002	-0.175681
0.295303	-0.103706
0.278757	-0.0300653
0.264013	0.0447367
0.251637	0.120108
0.242077	0.195356
0.235669	0.269711
0.232605	0.342333
0.23294	0.412344
0.236608	0.478863
0.24343	0.541044
0.253135	0.598118
0.265368	0.64942
0.279698	0.6944
0.295636	0.732619
0.312653	0.763748
0.330201	0.787563
0.347725	0.80394
0.36468	0.812856
0.380539	0.814376
0.394803	0.808653
0.407011	0.795917
0.416754	0.776465
0.423686	0.750654
0.427534	0.718876
0.428119	0.681553
0.42536	0.639107
0.41929	0.591957
0.41006	0.540508
0.397945	0.485135
0.383335	0.42618
0.366733	0.363956
0.348739	0.298758
0.330021	0.230884
0.311289	0.160655
0.293254	0.0884378
0.276601	0.0146643
0.261945	-0.0601489
0.249809	-0.135389
0.240609	-0.210358
0.234634	-0.284271
0.232043	-0.35628
0.232863	-0.4255
0.237003	-0.49105
0.244272	-0.552087
0.254387	-0.607853
0.26699	-0.657699
0.281646	-0.701098
0.297864	-0.737646
0.315111	-0.767047
0.332828	-0.789111
0.350451	-0.803751
0.367417	-0.810974
0.383187	-0.810876
0.397243	-0.803637
0.409112	-0.789508
0.41837	-0.768806
0.424665	-0.741898
0.42773	-0.709183
0.427395	-0.671081
0.423602	-0.628011
0.416419	-0.58038
0.40604	-0.528572
0.392791	-0.472938
0.377118	-0.413797
0.359571	-0.351441
0.340789	-0.286154
0.321468	-0.218223
0.302329	-0.147969
0.284079	-0.0757611
0.267384	-0.00204665
0.252832	0.0726393
0.240922	0.147673
0.23204	0.222337
0.226449	0.295829
0.224282	0.36729
0.225546	0.435831
0.230126	0.500574
0.237808	0.560684
0.24829	0.615423
0.261186	0.664156
0.276044	0.706369
0.292357	0.741662
0.309584	0.769741
0.327175	0.790416
0.344578	0.803597
0.361259	0.809292
0.376703	0.807595
0.390429	0.798691
0.401996	0.782835
0.411016	0.760351
0.417165	0.731608
0.420194	0.697005
0.419948	0.656962
0.416379	0.611891
0.409563	0.562191
0.399706	0.508244
0.387145	0.450399
0.372345	0.388983
0.355878	0.324307
0.338401	0.256685
0.320623	0.186452
0.303269	0.113986
0.287042	0.0397258
0.272589	-0.0358081
0.260471	-0.112007
0.25113	-0.18816
0.244894	-0.263478
0.241949	-0.337098
0.242344	-0.408122
0.246004	-0.475645
0.25274	-0.538805
0.262271	-0.596814
0.274234	-0.64899
0.288191	-0.694768
0.303649	-0.733696
0.320086	-0.765429
0.336961	-0.78973
0.353741	-0.80646
0.369903	-0.815583
0.384949	-0.817165
0.398404	-0.811356
0.409833	-0.798393
0.418842	-0.778584
0.425093	-0.752302
0.428309	-0.719954
0.4283	-0.681977
0.42497	-0.63881
0.41834	-0.590881
0.408551	-0.538604
0.395879	-0.482352
0.380724	-0.422471
0.363607	-0.359277
0.345147	-0.293069
0.326043	-0.224151
0.307033	-0.152853
0.288857	-0.0795519
0.272221	-0.00470139
0.257758	0.0711575
0.246	0.147387
0.237359	0.223249
0.232106	0.297924
0.230381	0.370535
0.232185	0.440178
0.237398	0.505959
0.245799	0.567047
0.257075	0.622696
0.270828	0.672283
0.286594	0.715298
0.303847	0.751351
0.322026	0.780161
0.340551	0.801554
0.358834	0.815458
0.376296	0.821896
0.392376	0.82098
0.406545	0.812901
0.418321	0.797917
0.427288	0.776353
0.433108	0.74857
0.435542	0.71497
0.434457	0.67596
0.429839	0.631946
0.421798	0.583326
0.410579	0.530473
0.396549	0.473726
0.380194	0.413397
0.362104	0.349774
0.342947	0.28314
0.323444	0.213795
0.304331	0.142076
0.286326	0.0683811
0.27009	-0.00681267
0.256201	-0.0829293
0.245139	-0.159305
0.237262	-0.235177
0.232801	-0.309705
0.23185	-0.381992
0.234374	-0.451121
0.240225	-0.516196
0.249151	-0.576378
0.260818	-0.630932
0.274809	-0.679242
0.290643	-0.720818
0.307787	-0.755286
0.325679	-0.782382
0.343745	-0.801949
0.361416	-0.813928
0.378137	-0.818357
0.393375	-0.81537
0.406638	-0.805177
0.417472	-0.788065
0.425487	-0.764382
0.430361	-0.734521
0.431862	-0.698899
0.429862	-0.657947
0.424353	-0.612077
0.41546	-0.561692
0.403452	-0.507157
0.388732	-0.448804
0.371827	-0.38694
0.353369	-0.321856
0.334069	-0.253843
0.314671	-0.183221
0.295929	-0.110354
0.278556	-0.0356782
0.2632	0.0402865
0.250414	0.116921
0.240628	0.1935
0.234155	0.269219
0.231171	0.343198
0.231711	0.414517
0.235684	0.482259
0.242886	0.545548
0.253022	0.603592
0.265706	0.655711
0.280479	0.701339
0.296825	0.740027
0.314198	0.771439
0.332035	0.795344
0.349773	0.811614
0.366865	0.820225
0.382784	0.82125
0.397032	0.814848
0.409149	0.801262
0.418722	0.780802
0.425402	0.753839
0.428913	0.720766
0.42907	0.682002
0.425799	0.637958
0.419154	0.589034
0.409325	0.535609
0.396647	0.478033
0.381592	0.416632
0.364749	0.351722
0.346801	0.283616
0.32849	0.212655
0.31058	0.139221
0.293817	0.0637614
0.278889	-0.0131933
0.266394	-0.0910172
0.256812	-0.16898
0.250489	-0.246263
0.247631	-0.321979
0.24829	-0.39519
0.252386	-0.46496
0.259721	-0.530392
0.269995	-0.590676
0.282821	-0.645108
0.297734	-0.693102
0.314218	-0.734186
0.331725	-0.768003
0.34969	-0.794302
0.367549	-0.812948
0.384749	-0.823908
0.400754	-0.827252
0.415054	-0.823141
0.427174	-0.811821
0.436685	-0.793605
0.443217	-0.768866
0.446478	-0.738022
0.446261	-0.701504
0.442474	-0.659755
0.435148	-0.613196
0.424444	-0.562226
0.410662	-0.507215
0.394232	-0.44849
0.375708	-0.386345
0.355738	-0.321056
0.335052	-0.252897
0.314411	-0.18217
0.294581	-0.109226
0.27629	-0.0344916
0.26019	0.0415163
0.246838	0.118175
0.236662	0.194759
0.229968	0.270454
0.226921	0.344374
0.227555	0.415597
0.231775	0.483201
0.239383	0.546312
0.250086	0.604145
0.263508	0.656031
0.279195	0.701425
0.296631	0.739911
0.315253	0.771182
0.334468	0.795052
0.353664	0.811435
0.372276	0.820382
0.393054	0.82201
0.409996	0.816913
0.424829	0.804866
0.436111	0.786364
0.443799	0.761658
0.447468	0.731112
0.447063	0.69506
0.442593	0.653853
0.434265	0.607821
0.422409	0.557283
0.407489	0.502536
0.390071	0.443854
0.370816	0.381498
0.350439	0.315729
0.329687	0.246833
0.309304	0.175134
0.290005	0.10102
0.272455	0.0249584
0.257239	-0.0524815
0.244864	-0.130636
0.235725	-0.208736
0.230098	-0.285917
0.228123	-0.361248
0.229803	-0.433765
0.23501	-0.502512
0.2435	-0.566587
0.25493	-0.625174
0.268874	-0.677577
0.28483	-0.723228
0.302247	-0.761679
0.320539	-0.792599
0.339108	-0.815763
0.357364	-0.831049
0.374736	-0.838446
0.390682	-0.83803
0.4047	-0.829976
0.416332	-0.814532
0.425181	-0.792025
0.430913	-0.762828
0.433284	-0.727354
0.432147	-0.686024
0.42748	-0.639256
0.419401	-0.587452
0.408182	-0.530987
0.394238	-0.470211
0.378127	-0.405459
0.360515	-0.33706
0.342152	-0.265354
0.323826	-0.190719
0.30632	-0.113588
0.290374	-0.0344724
0.276646	0.0460208
0.265682	0.127182
0.257898	0.208198
0.253565	0.288164
0.252802	0.366109
0.25558	0.441039
0.261739	0.511972
0.271006	0.577995
0.283007	0.638292
0.297281	0.692165
0.313301	0.739047
0.330493	0.778486
