0	0
0	0
0	0
0	0
0.0400546	-1.68433e-006
0.0400546	-1.68433e-006
0.0400546	-1.68433e-006
0.0654567	8.35027e-007
0.0654567	8.35027e-007
0.0654567	8.35027e-007
0.0964109	6.02182e-008
0.0964109	6.02182e-008
0.0964109	6.02182e-008
0.0964109	6.02182e-008
0.124675	1.29464e-006
0.124675	1.29464e-006
0.152899	1.27659e-006
0.152899	1.27659e-006
0.152899	1.27659e-006
0.179665	1.93308e-006
0.179665	1.93308e-006
0.179665	1.93308e-006
0.205135	2.27303e-006
0.205135	2.27303e-006
0.228925	2.89658e-006
0.228925	2.89658e-006
0.228925	2.89658e-006
0.228925	2.89658e-006
0.250905	3.56748e-006
0.250905	3.56748e-006
0.270894	4.51226e-006
0.270894	4.51226e-006
0.288779	5.64737e-006
0.288779	5.64737e-006
0.288779	5.64737e-006
0.304466	7.14827e-006
0.304466	7.14827e-006
0.304466	7.14827e-006
0.317895	9.27484e-006
0.317895	9.27484e-006
0.329036	1.19628e-005
0.329036	1.19628e-005
0.337886	1.53239e-005
0.337886	1.53239e-005
0.337886	1.53239e-005
0.344465	1.93137e-005
0.344465	1.93137e-005
0.344465	1.93137e-005
0.344465	1.93137e-005
0.348812	2.41713e-005
0.348812	2.41713e-005
0.348812	2.41713e-005
0.350989	2.99863e-005
0.350989	2.99863e-005
0.350989	2.99863e-005
0.350989	2.99863e-005
0.351074	3.72663e-005
0.351074	3.72663e-005
0.349163	4.67882e-005
0.349163	4.67882e-005
0.34537	5.98385e-005
0.34537	5.98385e-005
0.34537	5.98385e-005
0.339822	7.78672e-005
0.339822	7.78672e-005
0.339822	7.78672e-005
0.332661	0.000102649
0.332661	0.000102649
0.332661	0.000102649
0.332661	0.000102649
0.32404	0.000136544
0.32404	0.000136544
0.32404	0.000136544
0.32404	0.000136544
0.314123	0.000181819
0.314123	0.000181819
0.314123	0.000181819
0.314123	0.000181819
0.303082	0.000241329
0.303082	0.000241329
0.303082	0.000241329
0.291093	0.000318295
0.291093	0.000318295
0.291093	0.000318295
0.278338	0.000416194
0.278338	0.000416194
0.264998	0.000538773
0.264998	0.000538773
0.264998	0.000538773
0.251251	0.000690316
0.251251	0.000690316
0.251251	0.000690316
0.251251	0.000690316
0.237273	0.000875033
0.237273	0.000875033
0.237273	0.000875033
0.223233	0.00109722
0.223233	0.00109722
0.209289	0.00136105
0.209289	0.00136105
0.209289	0.00136105
0.195594	0.00167115
0.195594	0.00167115
0.182285	0.00203176
0.182285	0.00203176
0.182285	0.00203176
0.16949	0.00244716
0.16949	0.00244716
0.16949	0.00244716
0.157323	0.00292131
0.157323	0.00292131
0.157323	0.00292131
0.145882	0.0034581
0.145882	0.0034581
0.145882	0.0034581
0.135254	0.00406165
0.135254	0.00406165
0.12551	0.00473531
0.12551	0.00473531
0.116705	0.00548221
0.116705	0.00548221
0.116705	0.00548221
0.108884	0.00630536
0.108884	0.00630536
0.102075	0.00720776
0.102075	0.00720776
0.102075	0.00720776
0.0962958	0.00819214
0.0962958	0.00819214
0.0915492	0.00926025
0.0915492	0.00926025
0.0915492	0.00926025
0.0915492	0.00926025
0.0878271	0.0104142
0.0878271	0.0104142
0.0878271	0.0104142
0.0851095	0.0116552
0.0851095	0.0116552
0.0851095	0.0116552
0.0833666	0.0129835
0.0833666	0.0129835
0.0833666	0.0129835
0.0825584	0.0143992
0.0825584	0.0143992
0.0825584	0.0143992
0.0825584	0.0143992
0.0826366	0.0159017
0.0826366	0.0159017
0.0826366	0.0159017
0.0826366	0.0159017
0.0835451	0.0174896
0.0835451	0.0174896
0.0835451	0.0174896
0.0852209	0.0191607
0.0852209	0.0191607
0.0852209	0.0191607
0.0875957	0.0209125
0.0875957	0.0209125
0.0875957	0.0209125
0.0905961	0.0227417
0.0905961	0.0227417
0.0941447	0.0246442
0.0941447	0.0246442
0.0941447	0.0246442
0.0941447	0.0246442
0.0981612	0.0266156
0.0981612	0.0266156
0.0981612	0.0266156
0.102563	0.028651
0.102563	0.028651
0.102563	0.028651
0.107266	0.0307451
0.107266	0.0307451
0.112188	0.0328916
0.112188	0.0328916
0.117246	0.035084
0.117246	0.035084
0.122359	0.0373152
0.122359	0.0373152
0.122359	0.0373152
0.127451	0.0395776
0.127451	0.0395776
0.127451	0.0395776
0.132449	0.0418628
0.132449	0.0418628
0.137283	0.0441618
0.137283	0.0441618
0.141891	0.0464648
0.141891	0.0464648
0.141891	0.0464648
0.146216	0.0487612
0.150206	0.0510398
0.150206	0.0510398
0.150206	0.0510398
0.153818	0.0532881
0.153818	0.0532881
0.153818	0.0532881
0.157015	0.0554927
0.157015	0.0554927
0.159766	0.0576391
0.159766	0.0576391
0.159766	0.0576391
0.159766	0.0576391
0.159766	0.0576391
0.16205	0.0597117
0.16205	0.0597117
0.16205	0.0597117
0.163852	0.0616935
0.163852	0.0616935
0.165165	0.0635665
0.165165	0.0635665
0.165987	0.0653116
0.165987	0.0653116
0.165987	0.0653116
0.166327	0.0669085
0.166327	0.0669085
0.166327	0.0669085
0.166196	0.0683364
0.166196	0.0683364
0.166196	0.0683364
0.165614	0.0695735
0.165614	0.0695735
0.165614	0.0695735
0.164603	0.0705977
0.164603	0.0705977
0.164603	0.0705977
0.163193	0.0713866
0.163193	0.0713866
0.163193	0.0713866
0.161416	0.0719177
0.161416	0.0719177
0.159305	0.0721685
0.159305	0.0721685
0.159305	0.0721685
0.156899	0.072117
0.156899	0.072117
0.156899	0.072117
0.156899	0.072117
0.154238	0.0717417
0.154238	0.0717417
0.154238	0.0717417
0.15136	0.0710216
0.15136	0.0710216
0.148307	0.0699366
0.148307	0.0699366
0.148307	0.0699366
0.148307	0.0699366
0.14512	0.0684679
0.14512	0.0684679
0.141839	0.0665975
0.141839	0.0665975
0.141839	0.0665975
0.141839	0.0665975
0.138505	0.0643081
0.138505	0.0643081
0.138505	0.0643081
0.135155	0.0615854
0.135155	0.0615854
0.131828	0.0584162
0.131828	0.0584162
0.128558	0.0547898
0.128558	0.0547898
0.128558	0.0547898
0.125379	0.0506974
0.125379	0.0506974
0.125379	0.0506974
0.122325	0.0461325
0.122325	0.0461325
0.122325	0.0461325
0.119424	0.0410921
0.119424	0.0410921
0.119424	0.0410921
0.116706	0.0355756
0.116706	0.0355756
0.114198	0.0295856
0.114198	0.0295856
0.114198	0.0295856
0.111924	0.0231273
0.111924	0.0231273
0.109909	0.0162086
0.109909	0.0162086
0.108175	0.00884093
0.108175	0.00884093
0.108175	0.00884093
0.106742	0.00103868
0.106742	0.00103868
0.106742	0.00103868
0.105629	-0.00717928
0.105629	-0.00717928
0.105629	-0.00717928
0.105629	-0.00717928
0.105629	-0.00717928
0.104851	-0.0157903
0.104851	-0.0157903
0.104851	-0.0157903
0.104425	-0.0247681
0.104425	-0.0247681
0.104425	-0.0247681
0.104425	-0.0247681
0.104361	-0.0340808
0.104361	-0.0340808
0.104361	-0.0340808
0.104671	-0.0436917
0.104671	-0.0436917
0.105361	-0.0535592
0.105361	-0.0535592
0.105361	-0.0535592
0.106435	-0.0636375
0.106435	-0.0636375
0.106435	-0.0636375
0.107895	-0.073876
0.107895	-0.073876
0.107895	-0.073876
0.109737	-0.0842194
0.109737	-0.0842194
0.109737	-0.0842194
0.111953	-0.0946073
0.111953	-0.0946073
0.114531	-0.104975
0.114531	-0.104975
0.114531	-0.104975
0.117457	-0.115252
0.117457	-0.115252
0.117457	-0.115252
0.120707	-0.125365
0.120707	-0.125365
0.120707	-0.125365
0.124256	-0.135237
0.124256	-0.135237
0.124256	-0.135237
0.128075	-0.144789
0.128075	-0.144789
0.128075	-0.144789
0.128075	-0.144789
0.132128	-0.153936
0.132128	-0.153936
0.132128	-0.153936
0.136375	-0.162595
0.136375	-0.162595
0.136375	-0.162595
0.136375	-0.162595
0.140774	-0.17068
0.140774	-0.17068
0.140774	-0.17068
0.140774	-0.17068
0.145276	-0.178108
0.145276	-0.178108
0.149832	-0.184794
0.15439	-0.190656
0.15439	-0.190656
0.158893	-0.195614
0.158893	-0.195614
0.158893	-0.195614
0.158893	-0.195614
0.158893	-0.195614
0.163288	-0.199591
0.163288	-0.199591
0.167517	-0.202515
0.167517	-0.202515
0.167517	-0.202515
0.167517	-0.202515
0.171526	-0.204318
0.171526	-0.204318
0.17526	-0.204937
0.17526	-0.204937
0.17526	-0.204937
0.17867	-0.204315
0.17867	-0.204315
0.17867	-0.204315
0.18171	-0.202399
0.18171	-0.202399
0.18171	-0.202399
0.184336	-0.199143
0.184336	-0.199143
0.184336	-0.199143
0.184336	-0.199143
0.186514	-0.194507
0.186514	-0.194507
0.186514	-0.194507
0.186514	-0.194507
0.188215	-0.188457
0.188215	-0.188457
0.188215	-0.188457
0.189417	-0.180963
0.189417	-0.180963
0.189417	-0.180963
0.190109	-0.172002
0.190109	-0.172002
0.190109	-0.172002
0.19029	-0.161557
0.19029	-0.161557
0.18997	-0.149615
0.18997	-0.149615
0.18997	-0.149615
0.189173	-0.136172
0.189173	-0.136172
0.189173	-0.136172
0.187937	-0.121227
0.187937	-0.121227
0.187937	-0.121227
0.186312	-0.104789
0.186312	-0.104789
0.186312	-0.104789
0.184369	-0.0868751
0.184369	-0.0868751
0.184369	-0.0868751
0.182191	-0.0675159
0.182191	-0.0675159
0.182191	-0.0675159
0.17988	-0.0467582
0.17988	-0.0467582
0.17988	-0.0467582
0.177554	-0.0246694
0.177554	-0.0246694
0.175342	-0.00134407
0.175342	-0.00134407
0.173379	0.0230943
0.173379	0.0230943
0.171801	0.0484839
0.171801	0.0484839
0.171801	0.0484839
0.17074	0.0746282
0.17074	0.0746282
0.17031	0.101293
0.17031	0.101293
0.17031	0.101293
0.170607	0.128213
0.170607	0.128213
0.171704	0.155091
0.171704	0.155091
0.173641	0.181613
0.173641	0.181613
0.176431	0.207446
0.176431	0.207446
0.176431	0.207446
0.180053	0.232259
0.180053	0.232259
0.18446	0.255722
0.18446	0.255722
0.18446	0.255722
0.189573	0.277516
0.189573	0.277516
0.189573	0.277516
0.189573	0.277516
0.195291	0.297341
0.195291	0.297341
0.195291	0.297341
0.201491	0.31492
0.201491	0.31492
0.201491	0.31492
0.201491	0.31492
0.208033	0.33
0.214764	0.342359
0.214764	0.342359
0.221527	0.351803
0.221527	0.351803
0.221527	0.351803
0.228154	0.35817
0.228154	0.35817
0.228154	0.35817
0.234479	0.361325
0.234479	0.361325
0.234479	0.361325
0.240338	0.361159
0.240338	0.361159
0.240338	0.361159
0.245577	0.357585
0.245577	0.357585
0.245577	0.357585
0.250057	0.35053
0.250057	0.35053
0.250057	0.35053
0.253666	0.339944
0.253666	0.339944
0.253666	0.339944
0.256328	0.325787
0.256328	0.325787
0.256328	0.325787
0.256328	0.325787
0.258009	0.308038
0.258009	0.308038
0.258009	0.308038
0.258731	0.286705
0.258731	0.286705
0.258731	0.286705
0.258566	0.261824
0.258566	0.261824
0.258566	0.261824
0.257641	0.233473
0.256128	0.201781
0.256128	0.201781
0.254229	0.166936
0.254229	0.166936
0.254229	0.166936
0.25217	0.129182
0.25217	0.129182
0.25217	0.129182
0.250177	0.0888341
0.250177	0.0888341
0.250177	0.0888341
0.248468	0.0462649
0.248468	0.0462649
0.247239	0.00190938
0.247239	0.00190938
0.247239	0.00190938
0.246654	-0.0437442
0.246654	-0.0437442
0.246654	-0.0437442
0.246654	-0.0437442
0.246839	-0.0901634
0.246839	-0.0901634
0.246839	-0.0901634
0.247873	-0.13678
0.247873	-0.13678
0.247873	-0.13678
0.24979	-0.183004
0.24979	-0.183004
0.24979	-0.183004
0.252576	-0.228238
0.252576	-0.228238
0.256165	-0.271894
0.256165	-0.271894
0.260454	-0.313405
0.260454	-0.313405
0.265303	-0.352237
0.265303	-0.352237
0.265303	-0.352237
0.270541	-0.387898
0.270541	-0.387898
0.275983	-0.419945
0.275983	-0.419945
0.275983	-0.419945
0.275983	-0.419945
0.281428	-0.447989
0.281428	-0.447989
0.281428	-0.447989
0.286668	-0.471695
0.286668	-0.471695
0.286668	-0.471695
0.291494	-0.490782
0.291494	-0.490782
0.291494	-0.490782
0.295696	-0.505019
0.295696	-0.505019
0.295696	-0.505019
0.299076	-0.514221
0.299076	-0.514221
0.299076	-0.514221
0.301446	-0.518246
0.301446	-0.518246
0.301446	-0.518246
0.302643	-0.516982
0.302643	-0.516982
0.302643	-0.516982
0.302535	-0.510349
0.302535	-0.510349
0.302535	-0.510349
0.301038	-0.498286
0.301038	-0.498286
0.298133	-0.480756
0.298133	-0.480756
0.298133	-0.480756
0.29388	-0.457748
0.29388	-0.457748
0.29388	-0.457748
0.288424	-0.429289
0.288424	-0.429289
0.288424	-0.429289
0.288424	-0.429289
0.282	-0.395457
0.282	-0.395457
0.282	-0.395457
0.274917	-0.356397
0.274917	-0.356397
0.274917	-0.356397
0.267541	-0.312337
0.267541	-0.312337
0.260274	-0.263594
0.260274	-0.263594
0.260274	-0.263594
0.253526	-0.210586
0.253526	-0.210586
0.253526	-0.210586
0.247693	-0.153828
0.247693	-0.153828
0.243135	-0.0939304
0.243135	-0.0939304
0.240161	-0.0315971
0.240161	-0.0315971
0.240161	-0.0315971
0.239009	0.0323924
0.239009	0.0323924
0.239009	0.0323924
0.239009	0.0323924
0.239832	0.0971976
0.239832	0.0971976
0.239832	0.0971976
0.239832	0.0971976
0.242697	0.161942
0.242697	0.161942
0.247576	0.225739
0.247576	0.225739
0.247576	0.225739
0.247576	0.225739
0.254355	0.287722
0.254355	0.287722
0.254355	0.287722
0.262841	0.347065
0.262841	0.347065
0.262841	0.347065
0.272779	0.403001
0.272779	0.403001
0.28387	0.454838
0.28387	0.454838
0.28387	0.454838
0.295789	0.501969
0.295789	0.501969
0.295789	0.501969
0.295789	0.501969
0.308192	0.543874
0.308192	0.543874
0.320723	0.580127
0.320723	0.580127
0.320723	0.580127
0.33302	0.610392
0.33302	0.610392
0.33302	0.610392
0.33302	0.610392
0.344713	0.634419
0.344713	0.634419
0.355425	0.652036
0.355425	0.652036
0.36478	0.663139
0.36478	0.663139
0.372409	0.667671
0.372409	0.667671
0.372409	0.667671
0.377965	0.665613
0.377965	0.665613
0.377965	0.665613
0.377965	0.665613
0.381153	0.656963
0.381153	0.656963
0.381153	0.656963
0.381764	0.64173
0.381764	0.64173
0.379704	0.619926
0.379704	0.619926
0.379704	0.619926
0.379704	0.619926
0.375019	0.59158
0.375019	0.59158
0.375019	0.59158
0.367903	0.556758
0.367903	0.556758
0.367903	0.556758
0.358686	0.515581
0.358686	0.515581
0.358686	0.515581
0.34781	0.468245
0.34781	0.468245
0.335794	0.415043
0.335794	0.415043
0.335794	0.415043
0.323204	0.356363
0.323204	0.356363
0.310623	0.292702
0.310623	0.292702
0.310623	0.292702
0.310623	0.292702
0.310623	0.292702
0.29862	0.224661
0.29862	0.224661
0.29862	0.224661
0.287734	0.152952
0.287734	0.152952
0.278447	0.0783903
0.278447	0.0783903
0.271167	0.00189262
0.271167	0.00189262
0.2662	-0.0755436
0.2662	-0.0755436
0.263741	-0.15287
0.263741	-0.15287
0.263858	-0.229026
0.263858	-0.229026
0.263858	-0.229026
0.266501	-0.30298
0.266501	-0.30298
0.266501	-0.30298
0.271511	-0.373759
0.271511	-0.373759
0.271511	-0.373759
0.278648	-0.440475
0.278648	-0.440475
0.278648	-0.440475
0.287612	-0.502335
0.287612	-0.502335
0.287612	-0.502335
0.298068	-0.558656
0.298068	-0.558656
0.298068	-0.558656
0.309653	-0.608872
0.309653	-0.608872
0.309653	-0.608872
0.321982	-0.652528
0.321982	-0.652528
0.334648	-0.689283
0.334648	-0.689283
0.334648	-0.689283
0.334648	-0.689283
0.334648	-0.689283
0.347218	-0.718899
0.347218	-0.718899
0.359232	-0.741234
0.359232	-0.741234
0.359232	-0.741234
0.370206	-0.75622
0.370206	-0.75622
0.370206	-0.75622
0.379642	-0.763851
0.379642	-0.763851
0.379642	-0.763851
0.379642	-0.763851
0.387054	-0.76416
0.387054	-0.76416
0.387054	-0.76416
0.392001	-0.757199
0.392001	-0.757199
0.394131	-0.743024
0.394131	-0.743024
0.393221	-0.72169
0.393221	-0.72169
0.389206	-0.693263
0.389206	-0.693263
0.389206	-0.693263
0.382192	-0.657816
0.382192	-0.657816
0.382192	-0.657816
0.372455	-0.61547
0.372455	-0.61547
0.372455	-0.61547
0.360422	-0.566409
0.360422	-0.566409
0.360422	-0.566409
0.346634	-0.510898
0.346634	-0.510898
0.346634	-0.510898
0.331712	-0.449295
0.331712	-0.449295
0.316318	-0.382061
0.316318	-0.382061
0.316318	-0.382061
0.301126	-0.309757
0.301126	-0.309757
0.301126	-0.309757
0.301126	-0.309757
0.286789	-0.233047
0.286789	-0.233047
0.286789	-0.233047
0.273927	-0.152702
0.273927	-0.152702
0.263092	-0.0696073
0.263092	-0.0696073
0.263092	-0.0696073
0.254751	0.015245
0.254751	0.015245
0.254751	0.015245
0.249256	0.100767
0.249256	0.100767
0.249256	0.100767
0.249256	0.100767
0.246823	0.185808
0.246823	0.185808
0.247522	0.269197
0.247522	0.269197
0.247522	0.269197
0.251276	0.349794
0.251276	0.349794
0.257881	0.426529
0.257881	0.426529
0.257881	0.426529
0.257881	0.426529
0.267031	0.498427
0.267031	0.498427
0.267031	0.498427
0.267031	0.498427
0.278354	0.564627
0.278354	0.564627
0.291437	0.62439
0.291437	0.62439
0.305839	0.677107
0.305839	0.677107
0.305839	0.677107
0.321103	0.722298
0.321103	0.722298
0.321103	0.722298
0.336753	0.759606
0.336753	0.759606
0.336753	0.759606
0.352294	0.788798
0.352294	0.788798
0.352294	0.788798
0.367203	0.809746
0.380939	0.822418
0.380939	0.822418
0.380939	0.822418
0.392942	0.826854
0.392942	0.826854
0.402663	0.823149
0.402663	0.823149
0.402663	0.823149
0.409599	0.811424
0.409599	0.811424
0.409599	0.811424
0.413345	0.791811
0.413345	0.791811
0.413345	0.791811
0.413345	0.791811
0.413639	0.764447
0.413639	0.764447
0.413639	0.764447
0.413639	0.764447
0.410403	0.729474
0.410403	0.729474
0.403768	0.687063
0.403768	0.687063
0.403768	0.687063
0.394057	0.637437
0.394057	0.637437
0.394057	0.637437
0.381766	0.580899
0.381766	0.580899
0.381766	0.580899
0.367508	0.517842
0.367508	0.517842
0.367508	0.517842
0.351971	0.44876
0.351971	0.44876
0.351971	0.44876
0.335866	0.37424
0.335866	0.37424
0.335866	0.37424
0.319904	0.29496
0.319904	0.29496
0.30477	0.211685
0.30477	0.211685
0.30477	0.211685
0.291107	0.125279
0.291107	0.125279
0.291107	0.125279
0.279491	0.0367107
0.279491	0.0367107
0.279491	0.0367107
0.270406	-0.052948
0.270406	-0.052948
0.270406	-0.052948
0.26421	-0.14254
0.26421	-0.14254
0.26421	-0.14254
0.261114	-0.230864
0.261114	-0.230864
0.261114	-0.230864
0.26117	-0.316726
0.26117	-0.316726
0.26117	-0.316726
0.264276	-0.398989
0.264276	-0.398989
0.270201	-0.476613
0.270201	-0.476613
0.278618	-0.548665
0.278618	-0.548665
0.278618	-0.548665
0.289136	-0.614339
0.289136	-0.614339
0.289136	-0.614339
0.301328	-0.672958
0.301328	-0.672958
0.301328	-0.672958
0.314737	-0.723977
0.314737	-0.723977
0.314737	-0.723977
0.328882	-0.766982
0.328882	-0.766982
0.328882	-0.766982
0.328882	-0.766982
0.343254	-0.801678
0.343254	-0.801678
0.343254	-0.801678
0.357317	-0.827885
0.357317	-0.827885
0.357317	-0.827885
0.370512	-0.845519
0.370512	-0.845519
0.370512	-0.845519
0.382258	-0.854579
0.382258	-0.854579
0.382258	-0.854579
0.39198	-0.855121
0.39198	-0.855121
0.39198	-0.855121
0.399146	-0.847239
0.399146	-0.847239
0.399146	-0.847239
0.403309	-0.831048
0.403309	-0.831048
0.404156	-0.806665
0.404156	-0.806665
0.401553	-0.774221
0.401553	-0.774221
0.395568	-0.733873
0.395568	-0.733873
0.395568	-0.733873
0.386475	-0.685823
0.386475	-0.685823
0.374729	-0.630348
0.374729	-0.630348
0.360927	-0.567825
0.360927	-0.567825
0.345756	-0.498732
0.345756	-0.498732
0.345756	-0.498732
0.329943	-0.423657
0.329943	-0.423657
0.329943	-0.423657
0.314219	-0.343277
0.314219	-0.343277
0.299292	-0.258369
0.299292	-0.258369
0.299292	-0.258369
0.299292	-0.258369
0.299292	-0.258369
0.285829	-0.169801
0.285829	-0.169801
0.274438	-0.0785479
0.274438	-0.0785479
0.274438	-0.0785479
0.265631	0.0143045
0.265631	0.0143045
0.265631	0.0143045
0.259806	0.107575
0.259806	0.107575
0.259806	0.107575
0.257211	0.200013
0.257211	0.200013
0.257211	0.200013
0.257928	0.290353
0.257928	0.290353
0.257928	0.290353
0.257928	0.290353
0.261875	0.377368
0.261875	0.377368
0.261875	0.377368
0.261875	0.377368
0.261875	0.377368
0.268822	0.459918
0.268822	0.459918
0.268822	0.459918
0.268822	0.459918
0.278424	0.536977
0.278424	0.536977
0.278424	0.536977
0.290262	0.607643
0.290262	0.607643
0.290262	0.607643
0.303872	0.671153
0.303872	0.671153
0.318762	0.726879
0.318762	0.726879
0.334421	0.774334
0.334421	0.774334
0.334421	0.774334
0.350318	0.813161
0.350318	0.813161
0.350318	0.813161
0.365902	0.843126
0.365902	0.843126
0.365902	0.843126
0.365902	0.843126
0.380602	0.864106
0.380602	0.864106
0.380602	0.864106
0.39383	0.876068
0.39383	0.876068
0.39383	0.876068
0.404995	0.879054
0.404995	0.879054
0.413537	0.87315
0.413537	0.87315
0.413537	0.87315
0.418979	0.858471
0.418979	0.858471
0.420965	0.835142
0.420965	0.835142
0.420965	0.835142
0.419322	0.803296
0.419322	0.803296
0.419322	0.803296
0.414092	0.7631
0.414092	0.7631
0.414092	0.7631
0.405531	0.71477
0.405531	0.71477
0.394101	0.658609
0.394101	0.658609
0.394101	0.658609
0.394101	0.658609
0.380412	0.595028
0.380412	0.595028
0.380412	0.595028
0.365168	0.524552
0.365168	0.524552
0.365168	0.524552
0.349115	0.44782
0.349115	0.44782
0.332997	0.365565
0.332997	0.365565
0.332997	0.365565
0.317535	0.278614
0.317535	0.278614
0.317535	0.278614
0.303413	0.187888
0.303413	0.187888
0.303413	0.187888
0.291254	0.0944159
0.291254	0.0944159
0.291254	0.0944159
0.281593	-0.000665987
0.281593	-0.000665987
0.281593	-0.000665987
0.274849	-0.0961232
0.274849	-0.0961232
0.271283	-0.190662
0.271283	-0.190662
0.271283	-0.190662
0.270989	-0.282985
0.270989	-0.282985
0.273889	-0.371851
0.273889	-0.371851
0.279753	-0.456119
0.279753	-0.456119
0.279753	-0.456119
0.279753	-0.456119
0.28824	-0.534766
0.28824	-0.534766
0.28824	-0.534766
0.298937	-0.606904
0.298937	-0.606904
0.298937	-0.606904
0.311387	-0.671785
0.311387	-0.671785
0.325101	-0.728802
0.325101	-0.728802
0.339562	-0.777483
0.339562	-0.777483
0.339562	-0.777483
0.354228	-0.817483
0.354228	-0.817483
0.354228	-0.817483
0.368528	-0.848577
0.368528	-0.848577
0.368528	-0.848577
0.381868	-0.870635
0.381868	-0.870635
0.381868	-0.870635
0.39364	-0.883609
0.39364	-0.883609
0.403249	-0.887513
0.403249	-0.887513
0.403249	-0.887513
0.410149	-0.882391
0.410149	-0.882391
0.410149	-0.882391
0.413896	-0.868309
0.413896	-0.868309
0.413896	-0.868309
0.414197	-0.845343
0.414197	-0.845343
0.414197	-0.845343
0.410954	-0.813587
0.410954	-0.813587
0.404284	-0.773173
0.404284	-0.773173
0.394523	-0.724298
0.394523	-0.724298
0.394523	-0.724298
0.382193	-0.667262
0.382193	-0.667262
0.382193	-0.667262
0.367952	-0.602485
0.367952	-0.602485
0.367952	-0.602485
0.352534	-0.530518
0.352534	-0.530518
0.352534	-0.530518
0.336701	-0.452031
0.336701	-0.452031
0.321203	-0.367803
0.306756	-0.278715
0.294024	-0.185755
0.294024	-0.185755
0.294024	-0.185755
0.283598	-0.0900237
0.283598	-0.0900237
0.275968	0.00726277
0.275968	0.00726277
0.275968	0.00726277
0.271482	0.104795
0.271482	0.104795
0.270326	0.201213
0.270326	0.201213
0.272508	0.295171
0.272508	0.295171
0.277865	0.385392
0.277865	0.385392
0.286094	0.470712
0.286094	0.470712
0.286094	0.470712
0.296796	0.550097
0.296796	0.550097
0.309511	0.622656
0.309511	0.622656
0.309511	0.622656
0.323744	0.687646
0.323744	0.687646
0.323744	0.687646
0.338976	0.744469
0.338976	0.744469
0.354665	0.792668
0.354665	0.792668
0.354665	0.792668
0.370245	0.831913
0.370245	0.831913
0.370245	0.831913
0.385126	0.861988
0.385126	0.861988
0.398696	0.882774
0.398696	0.882774
0.398696	0.882774
0.410339	0.894222
0.410339	0.894222
0.419466	0.896335
0.419466	0.896335
0.425559	0.889143
0.425559	0.889143
0.425559	0.889143
0.425559	0.889143
0.428231	0.872691
0.428231	0.872691
0.428231	0.872691
0.427268	0.847033
0.427268	0.847033
0.422678	0.812259
0.422678	0.812259
0.422678	0.812259
0.4147	0.768518
0.4147	0.768518
0.4147	0.768518
0.403781	0.716055
0.403781	0.716055
0.403781	0.716055
0.39054	0.655243
0.39054	0.655243
0.39054	0.655243
0.375698	0.586599
0.375698	0.586599
0.375698	0.586599
0.360019	0.510777
0.360019	0.510777
0.344262	0.428552
0.344262	0.428552
0.344262	0.428552
0.329158	0.340809
0.329158	0.340809
0.315388	0.248537
0.315388	0.248537
0.303574	0.152841
0.303574	0.152841
0.294247	0.0549416
0.294247	0.0549416
0.294247	0.0549416
0.294247	0.0549416
0.287816	-0.043839
0.287816	-0.043839
0.287816	-0.043839
0.284533	-0.142114
0.284533	-0.142114
0.284477	-0.238494
0.284477	-0.238494
0.287547	-0.331656
0.287547	-0.331656
0.287547	-0.331656
0.293495	-0.420382
0.293495	-0.420382
0.293495	-0.420382
0.301963	-0.503588
0.301963	-0.503588
0.301963	-0.503588
0.312527	-0.580334
0.312527	-0.580334
0.312527	-0.580334
0.32472	-0.64983
0.32472	-0.64983
0.32472	-0.64983
0.338041	-0.711432
0.338041	-0.711432
0.35196	-0.764636
0.35196	-0.764636
0.35196	-0.764636
0.365918	-0.809061
0.365918	-0.809061
0.379328	-0.844433
0.379328	-0.844433
0.379328	-0.844433
0.391583	-0.87057
0.391583	-0.87057
0.391583	-0.87057
0.402073	-0.887353
0.402073	-0.887353
0.402073	-0.887353
0.402073	-0.887353
0.410217	-0.894709
0.410217	-0.894709
0.410217	-0.894709
0.415514	-0.892591
0.415514	-0.892591
0.41759	-0.880967
0.41759	-0.880967
0.41759	-0.880967
0.416246	-0.859823
0.416246	-0.859823
0.416246	-0.859823
0.416246	-0.859823
0.411496	-0.829182
0.411496	-0.829182
0.411496	-0.829182
0.40358	-0.789132
0.40358	-0.789132
0.40358	-0.789132
0.392943	-0.739863
0.392943	-0.739863
0.392943	-0.739863
0.380199	-0.681707
0.380199	-0.681707
0.380199	-0.681707
0.366066	-0.615152
0.366066	-0.615152
0.366066	-0.615152
0.366066	-0.615152
0.351304	-0.540845
0.336668	-0.459575
0.336668	-0.459575
0.336668	-0.459575
0.322872	-0.372253
0.322872	-0.372253
0.322872	-0.372253
0.310578	-0.279913
0.310578	-0.279913
0.310578	-0.279913
0.300371	-0.183705
0.300371	-0.183705
0.300371	-0.183705
0.292744	-0.0849005
0.288059	0.0151216
0.288059	0.0151216
0.28652	0.11492
0.28652	0.11492
0.28652	0.11492
0.288155	0.213049
0.288155	0.213049
0.288155	0.213049
0.292815	0.308132
0.292815	0.308132
0.292815	0.308132
0.300206	0.398897
0.300206	0.398897
0.300206	0.398897
0.309933	0.484214
0.309933	0.484214
0.321536	0.563103
0.321536	0.563103
0.334517	0.634737
0.334517	0.634737
0.334517	0.634737
0.34835	0.698439
0.34835	0.698439
0.34835	0.698439
0.362483	0.753669
0.362483	0.753669
0.376344	0.800003
0.376344	0.800003
0.376344	0.800003
0.389342	0.837123
0.389342	0.837123
0.400877	0.864782
0.400877	0.864782
0.400877	0.864782
0.410373	0.882795
0.410373	0.882795
0.417306	0.891016
0.417306	0.891016
0.417306	0.891016
0.417306	0.891016
0.421259	0.889323
0.421259	0.889323
0.421259	0.889323
0.421965	0.877623
0.421965	0.877623
0.421965	0.877623
0.419355	0.85586
0.419355	0.85586
0.413578	0.824041
0.413578	0.824041
0.405003	0.782277
0.405003	0.782277
0.394177	0.730827
0.394177	0.730827
0.394177	0.730827
0.394177	0.730827
0.381775	0.670126
0.381775	0.670126
0.381775	0.670126
0.368526	0.600789
0.368526	0.600789
0.368526	0.600789
0.355158	0.523599
0.355158	0.523599
0.355158	0.523599
0.34236	0.439484
0.34236	0.439484
0.34236	0.439484
0.33076	0.3495
0.33076	0.3495
0.33076	0.3495
0.320915	0.254826
0.320915	0.254826
0.320915	0.254826
0.313294	0.156767
0.313294	0.156767
0.30825	0.0567329
0.30825	0.0567329
0.30825	0.0567329
0.305991	-0.0437924
0.305991	-0.0437924
0.306558	-0.143317
0.306558	-0.143317
0.306558	-0.143317
0.306558	-0.143317
0.306558	-0.143317
0.309823	-0.240409
0.309823	-0.240409
0.315513	-0.333742
0.315513	-0.333742
0.323249	-0.422131
0.323249	-0.422131
0.323249	-0.422131
0.33258	-0.504541
0.33258	-0.504541
0.343016	-0.580085
0.343016	-0.580085
0.343016	-0.580085
0.343016	-0.580085
0.354028	-0.648018
0.354028	-0.648018
0.365068	-0.707718
0.365068	-0.707718
0.365068	-0.707718
0.375574	-0.758664
0.375574	-0.758664
0.375574	-0.758664
0.375574	-0.758664
0.384983	-0.800414
0.384983	-0.800414
0.384983	-0.800414
0.392759	-0.832591
0.392759	-0.832591
0.392759	-0.832591
0.398428	-0.854866
0.398428	-0.854866
0.401603	-0.866955
0.401603	-0.866955
0.401603	-0.866955
0.402033	-0.868608
0.402033	-0.868608
0.402033	-0.868608
0.402033	-0.868608
0.399642	-0.859628
0.399642	-0.859628
0.399642	-0.859628
0.394547	-0.839892
0.394547	-0.839892
0.394547	-0.839892
0.387068	-0.809379
0.387068	-0.809379
0.387068	-0.809379
0.377706	-0.768224
0.377706	-0.768224
0.377706	-0.768224
0.367088	-0.716755
0.367088	-0.716755
0.367088	-0.716755
0.355907	-0.655508
0.355907	-0.655508
0.344853	-0.585224
0.344853	-0.585224
0.344853	-0.585224
0.334574	-0.50682
0.334574	-0.50682
0.334574	-0.50682
0.325642	-0.421374
0.325642	-0.421374
0.318545	-0.330101
0.318545	-0.330101
0.318545	-0.330101
0.318545	-0.330101
0.313671	-0.234352
0.313671	-0.234352
0.313671	-0.234352
0.313671	-0.234352
0.311285	-0.135591
0.311285	-0.135591
0.311285	-0.135591
0.311514	-0.0353645
0.311514	-0.0353645
0.311514	-0.0353645
0.311514	-0.0353645
0.314322	0.064761
0.314322	0.064761
0.319511	0.163265
0.319511	0.163265
0.319511	0.163265
0.32674	0.258727
0.32674	0.258727
0.32674	0.258727
0.335562	0.349857
0.335562	0.349857
0.335562	0.349857
0.34546	0.435508
0.34546	0.435508
0.355872	0.51467
0.355872	0.51467
0.355872	0.51467
0.366215	0.586457
0.366215	0.586457
0.366215	0.586457
0.375903	0.650081
0.375903	0.650081
0.375903	0.650081
0.384375	0.704837
0.384375	0.704837
0.384375	0.704837
0.39113	0.750086
0.39113	0.750086
0.395753	0.785246
0.395753	0.785246
0.395753	0.785246
0.397961	0.809797
0.397961	0.809797
0.397624	0.823292
0.397624	0.823292
0.397624	0.823292
0.394798	0.825375
0.394798	0.825375
0.389724	0.815818
0.389724	0.815818
0.382825	0.794559
0.382825	0.794559
0.382825	0.794559
0.374659	0.761745
0.374659	0.761745
0.365849	0.717757
0.365849	0.717757
0.365849	0.717757
0.357032	0.663207
0.357032	0.663207
0.348798	0.598921
0.348798	0.598921
0.348798	0.598921
0.341659	0.525907
0.341659	0.525907
0.341659	0.525907
0.341659	0.525907
0.336032	0.445336
0.336032	0.445336
0.332228	0.358519
0.332228	0.358519
0.332228	0.358519
0.330446	0.266899
0.330446	0.266899
0.330446	0.266899
0.330757	0.172013
0.330757	0.172013
0.333091	0.0754528
0.333091	0.0754528
0.337236	-0.0212011
0.337236	-0.0212011
0.337236	-0.0212011
0.342843	-0.116431
0.342843	-0.116431
0.349464	-0.208819
0.349464	-0.208819
0.349464	-0.208819
0.356571	-0.297056
0.356571	-0.297056
0.356571	-0.297056
0.3636	-0.379937
0.3636	-0.379937
0.3636	-0.379937
0.369974	-0.456352
0.369974	-0.456352
0.369974	-0.456352
0.375144	-0.525259
0.375144	-0.525259
0.375144	-0.525259
0.378633	-0.585688
0.378633	-0.585688
0.378633	-0.585688
0.38007	-0.63673
0.38007	-0.63673
0.38007	-0.63673
0.379245	-0.677559
0.379245	-0.677559
0.379245	-0.677559
0.37612	-0.707451
0.37612	-0.707451
0.370851	-0.725819
0.370851	-0.725819
0.370851	-0.725819
0.363782	-0.732256
0.363782	-0.732256
0.363782	-0.732256
0.355408	-0.726571
0.355408	-0.726571
0.346334	-0.708819
0.346334	-0.708819
0.346334	-0.708819
0.337199	-0.679315
0.337199	-0.679315
0.337199	-0.679315
0.328628	-0.638616
0.328628	-0.638616
0.328628	-0.638616
0.328628	-0.638616
0.321175	-0.587503
0.321175	-0.587503
0.315298	-0.52695
0.315298	-0.52695
0.315298	-0.52695
0.311336	-0.458097
0.311336	-0.458097
0.311336	-0.458097
0.311336	-0.458097
0.311336	-0.458097
0.309506	-0.382227
0.309506	-0.382227
0.309898	-0.300738
0.309898	-0.300738
0.309898	-0.300738
0.312471	-0.21512
0.312471	-0.21512
0.312471	-0.21512
0.317047	-0.126909
0.317047	-0.126909
0.323314	-0.0376386
0.323314	-0.0376386
0.33085	0.0512049
0.33085	0.0512049
0.339144	0.138209
0.339144	0.138209
0.339144	0.138209
0.347632	0.222042
0.347632	0.222042
0.355728	0.301454
0.355728	0.301454
0.355728	0.301454
0.362862	0.375258
0.362862	0.375258
0.368516	0.442334
0.368516	0.442334
0.372266	0.501622
0.372266	0.501622
0.372266	0.501622
0.373828	0.552142
0.373828	0.552142
0.373077	0.593017
0.373077	0.593017
0.373077	0.593017
0.373077	0.593017
0.370071	0.623508
0.370071	0.623508
0.370071	0.623508
0.370071	0.623508
0.370071	0.623508
0.365037	0.643053
0.365037	0.643053
0.365037	0.643053
0.358351	0.651294
0.358351	0.651294
0.3505	0.648106
0.3505	0.648106
0.3505	0.648106
0.342031	0.633598
0.342031	0.633598
0.333501	0.608113
0.333501	0.608113
0.333501	0.608113
0.333501	0.608113
0.333501	0.608113
0.325434	0.572208
0.325434	0.572208
0.325434	0.572208
0.318292	0.52663
0.318292	0.52663
0.312448	0.472291
0.312448	0.472291
0.312448	0.472291
0.308185	0.410248
0.308185	0.410248
0.308185	0.410248
0.305683	0.34168
0.305683	0.34168
0.305683	0.34168
0.305021	0.267868
0.305021	0.267868
0.305021	0.267868
0.30617	0.190168
0.30617	0.190168
0.30617	0.190168
0.308986	0.109969
0.308986	0.109969
0.308986	0.109969
0.313221	0.0286614
0.313221	0.0286614
0.313221	0.0286614
0.318534	-0.0524069
0.318534	-0.0524069
0.318534	-0.0524069
0.318534	-0.0524069
0.324514	-0.131948
0.324514	-0.131948
0.324514	-0.131948
0.330701	-0.208743
0.336616	-0.281641
0.336616	-0.281641
0.336616	-0.281641
0.336616	-0.281641
0.341784	-0.349547
0.341784	-0.349547
0.341784	-0.349547
0.345767	-0.411427
0.345767	-0.411427
0.345767	-0.411427
0.348198	-0.466299
0.348198	-0.466299
0.348818	-0.513252
0.348818	-0.513252
0.347497	-0.551464
0.347497	-0.551464
0.347497	-0.551464
0.344254	-0.580232
0.344254	-0.580232
0.344254	-0.580232
0.339254	-0.599001
0.339254	-0.599001
0.339254	-0.599001
0.339254	-0.599001
0.332796	-0.607392
0.332796	-0.607392
0.332796	-0.607392
0.325286	-0.605228
0.325286	-0.605228
0.3172	-0.592542
0.3172	-0.592542
0.3172	-0.592542
0.309039	-0.569578
0.309039	-0.569578
0.301294	-0.536779
0.301294	-0.536779
0.301294	-0.536779
0.294411	-0.494774
0.294411	-0.494774
0.288771	-0.444355
0.288771	-0.444355
0.284675	-0.386456
0.284675	-0.386456
0.282333	-0.322138
0.282333	-0.322138
0.282333	-0.322138
0.281863	-0.252564
0.281863	-0.252564
0.28328	-0.178981
0.28328	-0.178981
0.286497	-0.102686
0.286497	-0.102686
0.286497	-0.102686
0.291323	-0.024993
0.291323	-0.024993
0.291323	-0.024993
0.297476	0.0528063
0.297476	0.0528063
0.297476	0.0528063
0.304593	0.129468
0.304593	0.129468
0.304593	0.129468
0.312256	0.203817
0.312256	0.203817
0.312256	0.203817
0.320012	0.274745
0.320012	0.274745
0.327396	0.341214
0.327396	0.341214
0.327396	0.341214
0.333954	0.40224
0.333954	0.40224
0.333954	0.40224
0.339272	0.456894
0.339272	0.456894
0.339272	0.456894
0.343014	0.504299
0.343014	0.504299
0.343014	0.504299
0.344949	0.543651
0.344949	0.543651
0.344949	0.543651
0.344974	0.574231
0.344974	0.574231
0.344974	0.574231
0.343127	0.59544
0.343127	0.59544
0.343127	0.59544
0.343127	0.59544
0.343127	0.59544
0.339585	0.606827
0.339585	0.606827
0.339585	0.606827
0.334648	0.608117
0.334648	0.608117
0.334648	0.608117
0.328708	0.599224
0.328708	0.599224
0.328708	0.599224
0.322212	0.580264
0.322212	0.580264
0.315627	0.551549
0.315627	0.551549
0.3094	0.513577
0.3094	0.513577
0.303935	0.467012
0.303935	0.467012
0.303935	0.467012
0.299577	0.41267
0.299577	0.41267
0.299577	0.41267
0.296595	0.351497
0.296595	0.351497
0.296595	0.351497
0.295177	0.284558
0.295177	0.284558
0.295177	0.284558
0.295425	0.213015
0.295425	0.213015
0.295425	0.213015
0.297348	0.138105
0.297348	0.138105
0.300853	0.061109
0.300853	0.061109
0.300853	0.061109
0.30575	-0.0166881
0.30575	-0.0166881
0.311759	-0.0940303
0.311759	-0.0940303
0.311759	-0.0940303
0.318532	-0.16972
0.318532	-0.16972
0.325665	-0.242629
0.325665	-0.242629
0.332727	-0.311704
0.332727	-0.311704
0.332727	-0.311704
0.33927	-0.375956
0.33927	-0.375956
0.33927	-0.375956
0.344862	-0.434455
0.344862	-0.434455
0.349111	-0.486319
0.349111	-0.486319
0.351702	-0.530717
0.351702	-0.530717
0.351702	-0.530717
0.352425	-0.566882
0.352425	-0.566882
0.352425	-0.566882
0.351201	-0.594135
0.351201	-0.594135
0.348094	-0.611909
0.348094	-0.611909
0.348094	-0.611909
0.34331	-0.619779
0.34331	-0.619779
0.337177	-0.617496
0.337177	-0.617496
0.337177	-0.617496
0.330121	-0.605001
0.330121	-0.605001
0.330121	-0.605001
0.322619	-0.582435
0.322619	-0.582435
0.315167	-0.550139
0.315167	-0.550139
0.315167	-0.550139
0.308238	-0.508641
0.308238	-0.508641
0.308238	-0.508641
0.30226	-0.458639
0.30226	-0.458639
0.30226	-0.458639
0.297592	-0.400989
0.297592	-0.400989
0.297592	-0.400989
0.294512	-0.336681
0.29321	-0.266824
0.29321	-0.266824
0.29321	-0.266824
0.29321	-0.266824
0.29321	-0.266824
0.293777	-0.192626
0.293777	-0.192626
0.296204	-0.115365
0.296204	-0.115365
0.296204	-0.115365
0.300368	-0.0363578
0.300368	-0.0363578
0.300368	-0.0363578
0.306042	0.0430866
0.306042	0.0430866
0.306042	0.0430866
0.312907	0.121699
0.312907	0.121699
0.312907	0.121699
0.320572	0.198274
0.320572	0.198274
0.328591	0.271682
0.328591	0.271682
0.328591	0.271682
0.328591	0.271682
0.336494	0.340869
0.336494	0.340869
0.336494	0.340869
0.3438	0.404845
0.3438	0.404845
0.350053	0.462676
0.350053	0.462676
0.354847	0.513479
0.354847	0.513479
0.357871	0.556424
0.357871	0.556424
0.357871	0.556424
0.358932	0.590754
0.358932	0.590754
0.358932	0.590754
0.357978	0.615806
0.357978	0.615806
0.357978	0.615806
0.355111	0.631046
0.355111	0.631046
0.355111	0.631046
0.350573	0.636094
0.350573	0.636094
0.350573	0.636094
0.34473	0.630757
0.34473	0.630757
0.338032	0.615042
0.338032	0.615042
0.338032	0.615042
0.330973	0.589162
0.330973	0.589162
0.330973	0.589162
0.330973	0.589162
0.32405	0.553532
0.32405	0.553532
0.317726	0.508755
0.317726	0.508755
0.317726	0.508755
0.312407	0.455597
0.312407	0.455597
0.312407	0.455597
0.312407	0.455597
0.312407	0.455597
0.308422	0.394977
0.308422	0.394977
0.308422	0.394977
0.306017	0.327944
0.306017	0.327944
0.306017	0.327944
0.305347	0.255656
0.305347	0.255656
0.306467	0.179366
0.306467	0.179366
0.306467	0.179366
0.309325	0.100384
0.309325	0.100384
0.309325	0.100384
0.313763	0.0200403
0.313763	0.0200403
0.313763	0.0200403
0.319519	-0.0603525
0.319519	-0.0603525
0.326244	-0.139534
0.326244	-0.139534
0.326244	-0.139534
0.333525	-0.216313
0.333525	-0.216313
0.340903	-0.289572
0.340903	-0.289572
0.340903	-0.289572
0.347903	-0.358266
0.347903	-0.358266
0.35405	-0.421406
0.35405	-0.421406
0.35405	-0.421406
0.358908	-0.478055
0.358908	-0.478055
0.358908	-0.478055
0.362108	-0.527329
0.362108	-0.527329
0.363393	-0.568406
0.363393	-0.568406
0.362631	-0.600543
0.362631	-0.600543
0.359842	-0.623108
0.359842	-0.623108
0.355198	-0.635603
0.355198	-0.635603
0.355198	-0.635603
0.355198	-0.635603
0.355198	-0.635603
0.349009	-0.637703
0.349009	-0.637703
0.349009	-0.637703
0.341696	-0.629271
0.341696	-0.629271
0.341696	-0.629271
0.333754	-0.610383
0.333754	-0.610383
0.325706	-0.581319
0.325706	-0.581319
0.325706	-0.581319
0.325706	-0.581319
0.31806	-0.542567
0.31806	-0.542567
0.31806	-0.542567
0.311283	-0.494793
0.311283	-0.494793
0.311283	-0.494793
0.311283	-0.494793
0.305768	-0.438834
0.305768	-0.438834
0.305768	-0.438834
0.305768	-0.438834
0.301826	-0.375672
0.301826	-0.375672
0.301826	-0.375672
0.299674	-0.306414
0.299674	-0.306414
0.299428	-0.232275
0.299428	-0.232275
0.301096	-0.154549
0.301096	-0.154549
0.301096	-0.154549
0.304575	-0.0745726
0.304575	-0.0745726
0.304575	-0.0745726
0.309649	0.00631077
0.309649	0.00631077
0.309649	0.00631077
0.309649	0.00631077
0.316003	0.0867938
0.316003	0.0867938
