0	0
0	0
0.0480287	-1.61382e-005
0.0790906	-2.22811e-005
0.116097	-3.2951e-005
0.150118	-4.08357e-005
0.183818	-4.92929e-005
0.215759	-5.65131e-005
0.246022	-6.29135e-005
0.274199	-6.8344e-005
0.300113	-7.26119e-005
0.323559	-7.58129e-005
0.344391	-7.77039e-005
0.362495	-7.83286e-005
0.377797	-7.69659e-005
0.390251	-7.40251e-005
0.399846	-6.92843e-005
0.406596	-6.29507e-005
0.410545	-5.44566e-005
0.411763	-4.27858e-005
0.410349	-2.67333e-005
0.406425	-4.61974e-006
0.400139	2.58405e-005
0.391661	6.70571e-005
0.38118	0.000122979
0.368904	0.000196536
0.355053	0.000292227
0.339857	0.000414989
0.323552	0.000569207
0.306379	0.000760158
0.288574	0.00099432
0.27037	0.00127701
0.251993	0.00161476
0.233658	0.00201319
0.215566	0.00247908
0.197905	0.00301752
0.180847	0.00363564
0.164547	0.00433814
0.149139	0.00513141
0.134745	0.00602105
0.121461	0.00701254
0.10937	0.00811028
0.098537	0.00931861
0.0890074	0.0106417
0.0808125	0.0120833
0.0739655	0.0136461
0.0684643	0.0153328
0.0642909	0.0171441
0.061411	0.0190803
0.0597812	0.0211405
0.0593465	0.0233226
0.0600411	0.0256237
0.0617894	0.02804
0.0645074	0.0305674
0.0681043	0.0331996
0.0724821	0.0359308
0.077539	0.0387537
0.0831662	0.0416587
0.0892585	0.0446373
0.0957086	0.0476803
0.10241	0.0507785
0.10926	0.0539216
0.116156	0.057099
0.123	0.0602995
0.129702	0.0635115
0.136175	0.066724
0.142338	0.0699233
0.148122	0.0730971
0.153461	0.0762318
0.158302	0.0793123
0.162599	0.0823249
0.166314	0.0852545
0.169422	0.0880843
0.171903	0.0907978
0.173748	0.0933767
0.174957	0.0958036
0.175537	0.0980586
0.175501	0.100121
0.174873	0.101968
0.17368	0.103577
0.171958	0.104923
0.169747	0.105979
0.16709	0.106719
0.164036	0.107116
0.160636	0.107141
0.156945	0.106768
0.153015	0.105969
0.148902	0.10472
0.14466	0.102995
0.140342	0.100773
0.135998	0.0980327
0.131679	0.0947487
0.12743	0.0909073
0.123292	0.0864946
0.119305	0.081501
0.115502	0.0759192
0.111915	0.0697371
0.108573	0.0629547
0.1055	0.0555703
0.102718	0.0475866
0.100248	0.0390081
0.0981099	0.0298432
0.0963214	0.0201025
0.0949025	0.009796
0.0938712	-0.00104971
0.0932512	-0.0124186
0.0930644	-0.0242799
0.0933344	-0.0366009
0.0940838	-0.0493412
0.0953345	-0.0624544
0.097106	-0.0758865
0.099414	-0.0895756
0.102269	-0.103451
0.105675	-0.117433
0.109629	-0.131434
0.114123	-0.145357
0.119137	-0.159099
0.124645	-0.172548
0.130608	-0.185588
0.136984	-0.198096
0.143716	-0.209948
0.150741	-0.221019
0.157988	-0.231184
0.165377	-0.240321
0.172825	-0.24831
0.18024	-0.255038
0.187532	-0.260399
0.194606	-0.264294
0.201367	-0.266633
0.207722	-0.267334
0.21358	-0.266326
0.218855	-0.263547
0.223469	-0.258939
0.227352	-0.252456
0.230448	-0.244043
0.232714	-0.233662
0.23413	-0.221272
0.234701	-0.206835
0.234461	-0.190318
0.233482	-0.171691
0.23187	-0.150956
0.22976	-0.128141
0.227315	-0.103319
0.224707	-0.0766084
0.222107	-0.0481802
0.219681	-0.0182568
0.217571	0.0128915
0.215899	0.0449535
0.214757	0.0775834
0.214211	0.11041
0.214295	0.143041
0.215018	0.175077
0.21636	0.206118
0.218275	0.235771
0.220693	0.263658
0.223525	0.289425
0.226664	0.312743
0.229992	0.333318
0.233381	0.35089
0.236701	0.365235
0.239819	0.376168
0.242602	0.383538
0.244922	0.387226
0.24666	0.387137
0.24771	0.383211
0.247987	0.375404
0.247428	0.363697
0.246004	0.348088
0.243727	0.32859
0.240658	0.305242
0.236906	0.278108
0.232636	0.247287
0.228061	0.212922
0.223428	0.175212
0.219008	0.134415
0.215083	0.0908578
0.21192	0.0449384
0.209766	-0.00287873
0.208827	-0.0520644
0.209258	-0.102036
0.211161	-0.15217
0.214571	-0.20182
0.219462	-0.250332
0.225745	-0.297066
0.23328	-0.341404
0.241876	-0.382778
0.251313	-0.420661
0.261341	-0.45459
0.271698	-0.484165
0.282111	-0.509053
0.292298	-0.528994
0.301974	-0.543788
0.31085	-0.553304
0.31864	-0.55746
0.325065	-0.556221
0.329862	-0.549577
0.332813	-0.537535
0.333759	-0.520107
0.332633	-0.497322
0.329478	-0.469218
0.32445	-0.435873
0.31781	-0.397406
0.30991	-0.354006
0.30116	-0.305937
0.292005	-0.253549
0.282896	-0.197283
0.274275	-0.13767
0.266548	-0.07534
0.260073	-0.0109995
0.255146	0.0545649
0.251979	0.120511
0.250701	0.185961
0.251346	0.250036
0.253856	0.311878
0.258097	0.370682
0.26387	0.425708
0.270935	0.476294
0.279024	0.521868
0.287844	0.561952
0.29709	0.596164
0.306435	0.624218
0.31554	0.645913
0.324048	0.661131
0.331584	0.669815
0.337769	0.671966
0.342238	0.667611
0.344671	0.656799
0.344824	0.639584
0.342564	0.616021
0.337892	0.586178
0.330947	0.550145
0.322003	0.50806
0.311453	0.460123
0.299772	0.406615
0.287492	0.347902
0.275167	0.28445
0.263352	0.21682
0.252573	0.145672
0.243309	0.0717661
0.235974	-0.00404416
0.230894	-0.0808157
0.228288	-0.157544
0.22826	-0.233192
0.230796	-0.306723
0.235769	-0.377145
0.242955	-0.443532
0.252062	-0.505049
0.262753	-0.560961
0.274661	-0.610646
0.287403	-0.65359
0.300582	-0.689395
0.31379	-0.717775
0.326603	-0.738546
0.338579	-0.751615
0.349267	-0.75697
0.358212	-0.754658
0.364986	-0.744762
0.369222	-0.727387
0.370659	-0.702649
0.369185	-0.670675
0.364862	-0.631623
0.357923	-0.585698
0.34876	-0.533181
0.33787	-0.474447
0.325825	-0.409969
0.313223	-0.34032
0.300658	-0.266161
0.288706	-0.188244
0.277902	-0.107408
0.268723	-0.0245855
0.261566	0.0592057
0.256727	0.142881
0.254377	0.225316
0.25456	0.3054
0.257189	0.382071
0.262068	0.45435
0.26892	0.521361
0.277414	0.582337
0.287188	0.636632
0.297852	0.68372
0.308995	0.723195
0.32018	0.754761
0.330954	0.778223
0.340838	0.793474
0.349351	0.800474
0.356021	0.799235
0.360429	0.789799
0.362246	0.772225
0.361281	0.746588
0.357506	0.712991
0.351079	0.671583
0.342328	0.622584
0.331729	0.566312
0.319858	0.5032
0.307342	0.433797
0.294821	0.358764
0.282912	0.278867
0.272196	0.194965
0.263194	0.108023
0.256354	0.0190996
0.25202	-0.0706552
0.250413	-0.160026
0.251613	-0.247775
0.255556	-0.332689
0.262046	-0.413632
0.270779	-0.489561
0.281382	-0.559559
0.293438	-0.622834
0.306501	-0.678728
0.32011	-0.726714
0.333781	-0.766389
0.347016	-0.797469
0.359301	-0.819763
0.370117	-0.833169
0.378958	-0.837644
0.385356	-0.833185
0.388937	-0.819823
0.389464	-0.797612
0.386872	-0.766633
0.3813	-0.727017
0.373077	-0.678988
0.362698	-0.622883
0.350764	-0.559179
0.337924	-0.48849
0.324834	-0.411553
0.312125	-0.329215
0.300386	-0.242423
0.290155	-0.152224
0.281896	-0.0597664
0.275974	0.03371
0.272633	0.126907
0.27197	0.218517
0.273931	0.307275
0.278328	0.392008
0.284869	0.471656
0.293193	0.545289
0.302895	0.61211
0.313541	0.671463
0.324666	0.722815
0.335777	0.765749
0.346366	0.799951
0.355911	0.825186
0.363892	0.841282
0.369835	0.84812
0.373334	0.84561
0.37411	0.83369
0.372044	0.81233
0.367208	0.781555
0.359869	0.741468
0.350469	0.692295
0.339588	0.634407
0.327881	0.56834
0.316017	0.494792
0.304652	0.414599
0.294384	0.328721
0.285753	0.238237
0.279212	0.144334
0.275122	0.048307
0.273715	-0.0484702
0.275076	-0.144586
0.279138	-0.238648
0.285688	-0.329339
0.294391	-0.415458
0.304832	-0.495936
0.316549	-0.569845
0.329045	-0.636404
0.341801	-0.694965
0.354275	-0.744996
0.36592	-0.786062
0.376198	-0.817811
0.384602	-0.839951
0.39069	-0.852247
0.394117	-0.854513
0.394681	-0.846603
0.392356	-0.82843
0.387309	-0.799989
0.379902	-0.761389
0.370648	-0.712907
0.360165	-0.654999
0.349099	-0.58832
0.338081	-0.513691
0.327692	-0.432081
0.318452	-0.344588
0.310801	-0.252435
0.305096	-0.156954
0.301583	-0.0595748
0.30038	0.0382276
0.301458	0.134986
0.304645	0.229297
0.309648	0.319874
0.316085	0.405552
0.323511	0.485299
0.331448	0.558222
0.339386	0.623532
0.346814	0.680542
0.353237	0.728643
0.3582	0.767294
0.361327	0.796011
0.362339	0.814372
0.3611	0.822017
0.357633	0.818666
0.352142	0.804146
0.345002	0.778427
0.33673	0.741666
0.327926	0.694234
0.319216	0.636727
0.311194	0.569947
0.30438	0.494883
0.299209	0.41267
0.296011	0.324588
0.295006	0.232033
0.29629	0.136501
0.299828	0.0395474
0.30544	-0.0572742
0.312813	-0.152466
0.321518	-0.244624
0.331044	-0.332465
0.340828	-0.414815
0.350282	-0.490605
0.358825	-0.558856
0.365926	-0.618659
0.371138	-0.669174
0.374145	-0.709635
0.374793	-0.739364
0.373103	-0.757798
0.369283	-0.764524
0.363711	-0.759316
0.356895	-0.742168
0.349413	-0.713328
0.341854	-0.673274
0.334765	-0.622711
0.328612	-0.562539
0.323766	-0.493829
0.320488	-0.4178
0.318932	-0.335792
0.31914	-0.249255
0.321034	-0.159703
0.324415	-0.0686723
0.32897	0.0223283
0.334293	0.111853
0.339911	0.198534
0.34531	0.281078
0.34997	0.35827
0.3534	0.428958
0.355183	0.492052
0.355008	0.546534
0.352716	0.591475
0.348314	0.626068
0.341986	0.649665
0.334079	0.661812
0.325072	0.662281
0.315526	0.651093
0.306031	0.628519
0.297157	0.59506
0.289405	0.55143
0.283187	0.498523
0.278805	0.437393
0.276454	0.369225
0.27621	0.295312
0.278038	0.217024
0.281788	0.135783
0.2872	0.0530129
0.293919	-0.02989
0.301508	-0.111578
0.309481	-0.190781
0.317323	-0.266291
0.324526	-0.336967
0.330614	-0.401727
0.335184	-0.459548
0.337937	-0.509481
0.338707	-0.550674
0.337477	-0.582392
0.334376	-0.604056
0.32967	-0.615264
0.323735	-0.61582
0.317011	-0.605739
0.309973	-0.585249
0.303079	-0.554774
0.296754	-0.514924
0.291356	-0.466466
0.287173	-0.410313
0.284413	-0.347499
0.283194	-0.279168
0.28355	-0.206539
0.285425	-0.130891
0.28867	-0.0535234
0.29305	0.0242755
0.29826	0.10126
0.303938	0.176243
0.309689	0.248106
0.315095	0.315784
0.31975	0.378282
0.323275	0.43465
0.325359	0.483995
0.325781	0.52549
0.324437	0.55839
0.321356	0.582065
0.316702	0.596023
0.310757	0.599944
0.303901	0.593695
0.296575	0.577345
0.289243	0.551162
0.282355	0.515603
0.276324	0.4713
0.2715	0.419039
0.268158	0.359741
0.266492	0.294449
0.266601	0.224308
0.268498	0.150536
0.2721	0.0743995
0.277226	-0.00281867
0.283611	-0.079857
0.290913	-0.155502
0.29874	-0.22861
0.306663	-0.298103
0.31424	-0.362975
0.321032	-0.42228
0.326637	-0.475123
0.33072	-0.520654
0.333045	-0.558102
0.333502	-0.586774
0.332118	-0.606096
0.329057	-0.615635
0.324606	-0.615131
0.319141	-0.604514
0.313098	-0.583912
0.306923	-0.553648
0.301049	-0.514229
0.295864	-0.466325
0.291698	-0.410753
0.28881	-0.348466
0.287376	-0.28053
0.287496	-0.208105
0.289179	-0.132424
0.292341	-0.0547637
0.296805	0.0235941
0.302309	0.101398
0.308527	0.177454
0.315075	0.250629
0.321542	0.319872
0.327502	0.384195
0.332538	0.442666
0.336275	0.494404
0.33841	0.538581
0.33874	0.57443
0.337194	0.601273
0.333836	0.618547
0.328876	0.625831
0.322643	0.622883
0.315559	0.60965
0.308102	0.586289
0.30076	0.553156
0.294001	0.510795
0.28824	0.459925
0.283823	0.401417
0.281011	0.336278
0.279976	0.265632
0.280791	0.190699
0.283431	0.112764
0.287768	0.0331472
0.293571	-0.046837
0.30052	-0.125915
0.308223	-0.202877
0.316238	-0.27658
0.324096	-0.345963
0.33132	-0.410022
0.337461	-0.467811
0.342124	-0.518438
0.345012	-0.561067
0.345949	-0.594939
0.344904	-0.619404
0.341993	-0.633938
0.337476	-0.638186
0.331724	-0.631984
0.325188	-0.615374
0.318349	-0.588603
0.311684	-0.552123
0.30563	-0.506562
0.300563	-0.452714
0.29678	-0.39152
0.294497	-0.324042
0.293839	-0.25145
0.294837	-0.174999
0.297425	-0.0959959
0.301439	-0.0157606
0.30662	0.0644066
0.312632	0.143257
0.31908	0.219601
0.325529	0.292325
0.33153	0.360377
0.33664	0.422762
0.340458	0.478537
0.342657	0.526809
0.343017	0.566756
0.341448	0.597643
0.338005	0.618848
0.33289	0.629904
0.326436	0.630524
0.319074	0.620614
0.311292	0.600296
0.303598	0.569901
0.296472	0.529958
0.290341	0.481176
0.285558	0.424421
0.28239	0.3607
0.281007	0.291135
0.281481	0.21695
0.283787	0.139433
0.287794	0.0599097
0.293272	-0.020298
0.299899	-0.0999017
0.307283	-0.177673
0.31498	-0.252452
0.322517	-0.323139
0.329419	-0.388702
0.335236	-0.44816
0.339578	-0.500585
0.342152	-0.54511
0.34279	-0.58095
0.341466	-0.607425
0.338303	-0.623992
0.333563	-0.630275
0.327619	-0.626091
0.320924	-0.611464
0.313959	-0.586629
0.3072	-0.552021
0.301084	-0.508259
0.295982	-0.456125
0.292188	-0.396547
0.289913	-0.330579
0.289275	-0.259376
0.290299	-0.18418
0.292916	-0.106282
0.296959	-0.0269904
0.302172	0.0524031
0.308221	0.130654
0.314715	0.206583
0.321224	0.279066
0.3273	0.347049
0.332508	0.409532
0.336447	0.465564
0.338795	0.514249
0.339331	0.554756
0.337963	0.586341
0.334743	0.608382
0.329865	0.6204
0.323651	0.622092
0.31652	0.613356
0.30895	0.594298
0.301435	0.56523
0.294449	0.526663
0.288413	0.479285
0.283675	0.423938
0.280501	0.361606
0.279064	0.293388
0.279441	0.220483
0.281613	0.144155
0.285461	0.0657099
0.290767	-0.0135474
0.297226	-0.0923424
0.304461	-0.169456
0.312044	-0.243737
0.319515	-0.314092
0.326407	-0.379499
0.33228	-0.438983
0.33674	-0.491623
0.339488	-0.536556
0.340342	-0.572997
0.339255	-0.600258
0.336328	-0.617784
0.331801	-0.625179
0.326026	-0.622232
0.31944	-0.608936
0.312516	-0.58549
0.305727	-0.552294
0.299516	-0.509931
0.294263	-0.459149
0.290274	-0.400846
0.287776	-0.336044
0.286905	-0.265874
0.287702	-0.191555
0.290119	-0.114362
0.294008	-0.0355927
0.299132	0.043466
0.305172	0.121571
0.311751	0.197539
0.318445	0.270246
0.324813	0.33864
0.330414	0.401723
0.33484	0.458548
0.337747	0.508218
0.338891	0.5499
0.338145	0.582842
0.335528	0.6064
0.331197	0.62007
0.325443	0.623514
0.318661	0.616587
0.311315	0.59935
0.303894	0.57207
0.296877	0.535215
0.290697	0.489429
0.285718	0.43552
0.282228	0.374438
0.280421	0.307252
0.2804	0.235139
0.282171	0.159346
0.285641	0.0811685
0.290619	0.00191138
0.296821	-0.0771441
0.303889	-0.154768
0.311406	-0.229798
0.318921	-0.301131
0.325968	-0.367733
0.332096	-0.428627
0.336899	-0.482883
0.340052	-0.529627
0.34134	-0.568057
0.34068	-0.597465
0.338135	-0.617259
0.333908	-0.627003
0.328328	-0.626437
0.321814	-0.615499
0.314837	-0.594336
0.307877	-0.563297
0.301391	-0.52292
0.29578	-0.473912
0.291375	-0.417137
0.288425	-0.353589
0.287092	-0.284375
0.287443	-0.210699
0.289455	-0.133826
0.293003	-0.0550541
0.297872	0.0243193
0.303759	0.103036
0.310294	0.179888
0.317066	0.253747
0.323627	0.323533
0.329534	0.388235
0.334363	0.44689
0.337747	0.498588
0.339414	0.542478
0.339203	0.577783
0.337094	0.603824
0.33321	0.620062
0.327809	0.62612
0.321267	0.6218
0.314033	0.607113
0.306597	0.582275
0.299445	0.547706
0.293023	0.50401
0.287715	0.451957
0.283828	0.392467
0.281581	0.326581
0.281097	0.255457
0.282407	0.180324
0.285443	0.102472
0.290036	0.0232057
0.295924	-0.056182
0.302767	-0.134447
0.310156	-0.210401
0.317649	-0.28293
0.324781	-0.350983
0.331096	-0.413564
0.336174	-0.469731
0.339666	-0.518592
0.34133	-0.559322
0.341051	-0.591186
0.338857	-0.613559
0.33492	-0.625963
0.329542	-0.628089
0.323126	-0.619824
0.316135	-0.601262
0.309054	-0.572702
0.302349	-0.534637
0.29644	-0.487736
0.291677	-0.432825
0.28833	-0.370868
0.286583	-0.302949
0.286528	-0.23025
0.288158	-0.154024
0.291375	-0.075567
0.295982	0.00382083
0.301695	0.0828681
0.308159	0.160356
0.314965	0.235126
0.321673	0.30609
0.327834	0.372219
0.333015	0.432537
0.336835	0.48612
0.33899	0.532099
0.339293	0.569675
0.337689	0.598146
0.334264	0.616934
0.329248	0.625615
0.322988	0.623946
0.315921	0.611884
0.308529	0.589597
0.301301	0.557454
0.294696	0.516019
0.289114	0.466022
0.28488	0.408346
0.282234	0.344006
0.281322	0.274126
0.282197	0.199924
0.284814	0.122676
0.28903	0.0436844
0.294606	-0.0357534
0.301218	-0.11438
0.308477	-0.190999
0.315949	-0.264479
0.323172	-0.333748
0.329686	-0.3978
0.335061	-0.455678
0.338928	-0.506476
0.341017	-0.549352
0.34118	-0.583546
0.339409	-0.608404
0.33584	-0.623403
0.330745	-0.628193
0.324506	-0.622606
0.317573	-0.606683
0.310432	-0.58067
0.303556	-0.545011
0.297379	-0.50033
0.292274	-0.447415
0.288529	-0.387197
0.286353	-0.320729
0.285861	-0.249168
0.287072	-0.173754
0.28991	-0.0957738
0.294203	-0.0165281
0.299688	0.0627013
0.306025	0.140682
0.312818	0.216244
0.319632	0.288276
0.326017	0.355737
0.331533	0.417636
0.335781	0.473037
0.338434	0.521054
0.339273	0.560869
0.338206	0.591753
0.335282	0.613088
0.330695	0.624417
0.324763	0.625443
0.317904	0.616074
0.310589	0.596421
0.30331	0.566803
0.296535	0.527734
0.29068	0.479902
0.28609	0.424152
0.283028	0.361467
0.281663	0.292942
0.282073	0.219773
0.284239	0.143222
0.288043	0.0645873
0.293271	-0.0148309
0.29962	-0.093764
0.306717	-0.170998
0.314139	-0.245387
0.321429	-0.315843
0.328126	-0.381344
0.333791	-0.440922
0.338036	-0.493657
0.340564	-0.53869
0.341194	-0.575236
0.33988	-0.602611
0.336722	-0.620257
0.331957	-0.627772
0.325939	-0.624941
0.319109	-0.611746
0.311944	-0.588379
0.304925	-0.555233
0.2985	-0.512884
0.293061	-0.46208
0.288919	-0.403713
0.286305	-0.338808
0.28536	-0.268494
0.286127	-0.193992
0.288557	-0.116578
0.292503	-0.0375546
0.297723	0.0417909
0.303896	0.120211
0.310636	0.196512
0.317522	0.269581
0.3241	0.338349
0.329925	0.401818
0.334583	0.459033
0.337725	0.509096
0.3391	0.55117
0.33858	0.584493
0.336176	0.608428
0.332043	0.622465
0.32647	0.626264
0.319849	0.619674
0.312643	0.602755
0.305338	0.575769
0.298414	0.539182
0.292301	0.493635
0.287363	0.439934
0.283886	0.379025
0.282065	0.311974
0.281998	0.239954
0.283697	0.164208
0.287069	0.0860276
0.291926	0.00671503
0.297987	-0.0724497
0.304899	-0.150239
0.312247	-0.225482
0.319585	-0.297082
0.326451	-0.364001
0.332397	-0.425258
0.337021	-0.47992
0.339997	-0.52711
0.341114	-0.566023
0.340285	-0.595944
0.337572	-0.616279
0.333177	-0.626579
0.327425	-0.626577
0.320737	-0.6162
0.313584	-0.595582
0.306451	-0.565061
0.2998	-0.525165
0.294037	-0.476596
0.289499	-0.420208
0.286438	-0.356991
0.285022	-0.288047
0.285322	-0.214574
0.287313	-0.137837
0.290875	-0.0591324
0.295791	0.0202437
0.301759	0.0990309
0.308411	0.176025
0.315332	0.250086
0.322073	0.320134
0.328186	0.385152
0.333244	0.444176
0.336876	0.496292
0.3388	0.540644
0.338851	0.576454
0.336999	0.603036
0.333361	0.61985
0.328188	0.626504
0.321847	0.622794
0.314784	0.608719
0.307484	0.584487
0.300431	0.550508
0.294071	0.507377
0.288788	0.455853
0.284891	0.396847
0.282599	0.331392
0.28204	0.260635
0.283248	0.185799
0.286162	0.108166
0.290618	0.0290358
0.296364	-0.0503012
0.303063	-0.128603
0.31032	-0.204684
0.317696	-0.277431
0.324729	-0.345784
0.330967	-0.408748
0.335991	-0.465377
0.339449	-0.514778
0.341094	-0.556123
0.340804	-0.588669
0.338596	-0.611786
0.334633	-0.62498
0.32921	-0.627929
0.322722	-0.620501
0.315631	-0.602773
0.308423	-0.575023
0.30157	-0.537727
0.295497	-0.491538
0.290564	-0.437268
0.28705	-0.375871
0.285145	-0.308419
0.28495	-0.236084
0.286466	-0.160116
0.289603	-0.0818062
0.29417	-0.00245516
0.299887	0.0766629
0.306404	0.154326
0.313314	0.229376
0.320177	0.300713
0.32654	0.367305
0.331967	0.428173
0.336067	0.482387
0.338528	0.529074
0.33915	0.567431
0.337862	0.596745
0.334737	0.616429
0.329989	0.626045
0.323957	0.625331
0.317066	0.614229
0.309795	0.592885
0.302633	0.561653
0.296038	0.521077
0.290417	0.471871
0.286098	0.414905
0.28333	0.351179
0.282267	0.281806
0.282968	0.207993
0.2854	0.131008
0.289431	0.0521513
0.29483	-0.027282
0.301284	-0.106033
0.308414	-0.182899
0.315789	-0.256747
0.322952	-0.326498
0.329446	-0.391142
0.334838	-0.449719
0.338756	-0.501318
0.340918	-0.54509
0.341165	-0.580267
0.339474	-0.606182
0.335968	-0.622297
0.330904	-0.62824
0.324654	-0.623823
0.317665	-0.609058
0.31042	-0.584168
0.303399	-0.549574
0.297045	-0.505878
0.291737	-0.453849
0.28778	-0.394402
0.285389	-0.328577
0.284693	-0.257522
0.28572	-0.182466
0.288407	-0.104692
0.29259	-0.025502
0.298014	0.0538197
0.304346	0.132034
0.311191	0.207958
0.318118	0.280479
0.324675	0.348548
0.330416	0.411169
0.334936	0.467399
0.337896	0.516346
0.339062	0.557184
0.338325	0.589172
0.335716	0.611679
0.331411	0.624228
0.325715	0.626504
0.319033	0.618387
0.311831	0.599967
0.304599	0.57154
0.297807	0.533595
0.291879	0.486801
0.287166	0.431984
0.283939	0.37011
0.28238	0.302261
0.282575	0.22962
0.284518	0.153439
0.288103	0.0750123
0.293129	-0.00436145
0.299305	-0.0834095
0.306268	-0.160913
0.313599	-0.235713
0.320848	-0.306721
0.327556	-0.372909
0.333281	-0.433302
0.33763	-0.486976
0.340294	-0.533063
0.341078	-0.57077
0.339917	-0.599392
0.336893	-0.618361
0.332226	-0.627251
0.326259	-0.625818
0.319421	-0.614018
0.31219	-0.592012
0.305049	-0.560166
0.298456	-0.51903
0.292809	-0.469329
0.288435	-0.411936
0.285576	-0.347857
0.284386	-0.278209
0.284923	-0.204202
0.287149	-0.127106
0.29093	-0.0482203
0.296036	0.0311635
0.302155	0.109791
0.308908	0.186461
0.315875	0.26005
0.322605	0.329483
0.328648	0.393752
0.333583	0.451899
0.337048	0.503017
0.338776	0.546262
0.338618	0.580863
0.336567	0.60616
0.332754	0.62162
0.327448	0.626885
0.321029	0.621774
0.313949	0.606316
0.306695	0.580748
0.299747	0.545506
0.293542	0.501206
0.288455	0.448631
0.284782	0.388708
0.282728	0.322485
0.282411	0.251122
0.283851	0.175848
0.286972	0.0979501
0.2916	0.0187286
0.297471	-0.0605339
0.30424	-0.138602
0.311504	-0.214296
0.318819	-0.286512
0.325728	-0.354203
0.33178	-0.416382
0.336566	-0.472109
0.339747	-0.5205
0.341091	-0.560738
0.340495	-0.592093
0.337995	-0.613945
0.333773	-0.62583
0.328138	-0.627446
0.321498	-0.618689
0.314318	-0.599658
0.307087	-0.570658
0.300272	-0.532188
0.294292	-0.48492
0.289499	-0.429687
0.28616	-0.367457
0.284456	-0.299316
0.284477	-0.226448
0.28621	-0.15011
0.289553	-0.0715953
0.294303	0.00779726
0.30017	0.0867992
0.306795	0.164196
0.313763	0.238832
0.320632	0.309624
0.326949	0.375543
0.332281	0.43562
0.336243	0.488931
0.338536	0.534613
0.338973	0.571871
0.337502	0.600009
0.334213	0.618455
0.329335	0.626793
0.323219	0.624786
0.3163	0.6124
0.309056	0.589809
0.301975	0.55739
0.29551	0.51571
0.290057	0.465501
0.285936	0.407652
0.283382	0.343175
0.282538	0.273196
0.283454	0.19893
0.286083	0.12165
0.290282	0.0426553
0.29581	-0.0367612
0.302347	-0.115348
0.309506	-0.191911
0.316854	-0.265325
0.323933	-0.334521
0.33029	-0.398495
0.335496	-0.456293
0.339188	-0.507012
0.341099	-0.549812
0.341086	-0.583935
0.339142	-0.608729
0.335406	-0.623675
0.33015	-0.628418
0.323757	-0.622792
0.31668	-0.606836
0.309406	-0.580793
0.30241	-0.545104
0.296132	-0.500393
0.290944	-0.447446
0.28714	-0.387193
0.284928	-0.320687
0.284424	-0.249085
0.285647	-0.173628
0.288522	-0.0955996
0.292876	-0.0163036
0.29844	0.0629794
0.304877	0.141018
0.311783	0.216634
0.318725	0.288724
0.325247	0.356245
0.330908	0.418207
0.335305	0.473671
0.338112	0.521755
0.339105	0.56164
0.33819	0.592597
0.335413	0.614008
0.330967	0.625416
0.325169	0.626526
0.318431	0.617242
0.311226	0.597676
0.304042	0.568146
0.297346	0.529166
0.291552	0.481421
0.287004	0.425754
0.283962	0.363145
0.282598	0.294687
0.282988	0.221574
0.285114	0.145063
0.288861	0.0664492
0.294016	-0.0129685
0.300281	-0.0919244
0.307285	-0.169206
0.314606	-0.24366
0.321792	-0.314207
0.328385	-0.379825
0.333948	-0.439545
0.338095	-0.492448
0.34053	-0.537673
0.34107	-0.574436
0.339668	-0.60205
0.336421	-0.619953
0.331565	-0.627741
0.325452	-0.62519
0.318521	-0.612277
0.311251	-0.589185
0.304126	-0.556301
0.297598	-0.514195
0.29206	-0.463608
0.287831	-0.40543
0.285143	-0.34068
0.284139	-0.270486
0.284868	-0.196066
0.287281	-0.118696
0.291232	-0.0396757
0.296482	0.0397054
0.302709	0.118198
0.30953	0.194608
0.316518	0.267819
0.32322	0.336762
0.329189	0.400434
0.334007	0.457883
0.337321	0.508207
0.338874	0.550568
0.338534	0.584208
0.336306	0.608478
0.332338	0.622865
0.326914	0.627024
0.320423	0.6208
0.313321	0.604243
0.306097	0.577611
0.299227	0.541362
0.293142	0.496133
0.28821	0.442722
0.284714	0.382071
0.282852	0.31524
0.282728	0.243396
0.284354	0.167779
0.287642	0.0896765
0.29241	0.0103894
0.29838	-0.0688037
0.305205	-0.146674
0.312473	-0.222051
0.31974	-0.293835
0.32655	-0.360987
0.332454	-0.422524
0.337049	-0.477514
0.340009	-0.525075
0.341114	-0.564402
0.340276	-0.594773
0.337549	-0.615586
0.333128	-0.62639
0.327335	-0.626905
0.320587	-0.617047
0.313354	-0.596938
0.306125	-0.566905
0.299363	-0.527466
0.293481	-0.47931
0.288822	-0.423286
0.285645	-0.360377
0.28412	-0.291679
0.284327	-0.218386
0.286244	-0.14176
0.289757	-0.0630967
0.294651	0.0163067
0.300629	0.0951871
0.307324	0.172337
0.314318	0.246606
0.321165	0.31692
0.327413	0.382255
0.332631	0.441646
0.336443	0.494177
0.338561	0.538988
0.338812	0.575296
0.337156	0.602412
0.333701	0.619787
0.32869	0.627021
0.322484	0.623899
0.315524	0.610409
0.308292	0.586746
0.301272	0.553311
0.294912	0.510689
0.289599	0.459629
0.285645	0.401034
0.283274	0.33593
0.282621	0.26545
0.283723	0.190819
0.286525	0.113313
0.29087	0.0342321
0.296512	-0.045135
0.30312	-0.123542
0.310304	-0.199804
0.317629	-0.272803
0.324634	-0.341475
0.330868	-0.404824
0.33591	-0.461901
0.339405	-0.511809
0.341098	-0.553717
0.34086	-0.586876
0.338701	-0.610647
0.334773	-0.624527
0.329363	-0.62818
0.322862	-0.621461
0.315729	-0.604431
0.30845	-0.577352
0.301502	-0.540688
0.295315	-0.495077
0.290255	-0.441322
0.286607	-0.380367
0.284571	-0.313277
0.284252	-0.241218
0.285659	-0.165437
0.288708	-0.0872213
0.293213	-0.00787305
0.298899	0.0713304
0.30542	0.149163
0.312371	0.224461
0.319312	0.296121
0.32579	0.363106
0.331364	0.424433
0.335637	0.47917
0.338291	0.526437
0.339116	0.565427
0.33803	0.595421
0.335096	0.615815
0.330518	0.626169
0.324624	0.626206
0.317836	0.615853
0.310627	0.595243
0.303487	0.564714
0.296876	0.524797
0.291204	0.476196
0.286805	0.419767
0.283932	0.356503
0.282746	0.287509
0.283314	0.213985
0.285609	0.137194
0.289505	0.058433
0.294781	-0.0210014
0.301131	-0.0998479
0.308178	-0.1769
0.315496	-0.251014
0.322632	-0.321115
0.329128	-0.386187
0.334551	-0.445267
0.338524	-0.497439
0.340759	-0.541852
0.341089	-0.577729
0.339479	-0.604395
0.336041	-0.621303
0.331024	-0.628064
0.324791	-0.624474
0.317787	-0.61053
0.310493	-0.586435
0.303392	-0.552596
0.296932	-0.509601
0.2915	-0.458206
0.287405	-0.399313
0.284872	-0.333956
0.284037	-0.263271
0.284935	-0.188484
0.287512	-0.110876
0.29161	-0.0317462
0.296981	0.0476171
0.303294	0.12597
0.310162	0.202126
0.317154	0.274973
0.323816	0.343448
0.329702	0.406556
0.334399	0.463346
0.337561	0.512924
0.338944	0.554459
0.338425	0.587195
0.336027	0.610504
0.331911	0.623888
0.326373	0.627019
0.319809	0.619762
0.312682	0.602188
0.30548	0.574577
0.298676	0.537403
0.292697	0.491322
0.287899	0.437146
0.284559	0.375829
0.282868	0.308444
0.282916	0.236165
0.284709	0.16024
0.288148	0.081958
0.293041	0.00261939
0.299105	-0.0765015
0.305982	-0.154181
0.313258	-0.229255
0.320488	-0.300631
0.327213	-0.367276
0.332988	-0.428211
0.337419	-0.482508
0.340185	-0.529293
0.341084	-0.567767
0.34004	-0.597222
0.337121	-0.617068
0.332537	-0.626868
0.32662	-0.62636
0.319795	-0.615482
0.312536	-0.594375
0.305329	-0.563386
0.298636	-0.523051
0.292863	-0.474077
0.288345	-0.417327
0.285331	-0.353794
0.283983	-0.284588
0.284371	-0.210909
0.286463	-0.134026
0.290133	-0.0552343
0.295158	0.0241694
0.301233	0.102927
0.307985	0.179838
0.314993	0.253765
0.321808	0.32363
0.327979	0.38842
0.333079	0.447171
0.336739	0.498973
0.338682	0.542974
0.338746	0.578397
0.336909	0.604566
0.333291	0.620945
0.328147	0.627152
0.32185	0.622992
0.314847	0.608475
0.30762	0.583817
0.300653	0.549437
0.294387	0.505938
0.289203	0.454087
0.285403	0.394798
0.283202	0.329109
0.282723	0.25817
0.283997	0.183205
0.286957	0.105495
0.291438	0.0263398
0.297183	-0.0529745
0.303857	-0.131208
0.311062	-0.207182
0.318361	-0.279783
0.325295	-0.347958
0.331411	-0.410713
0.336296	-0.467103
0.339603	-0.51624
0.341091	-0.557298
0.340642	-0.589538
0.338282	-0.612335
0.334178	-0.625199
0.328628	-0.627815
0.322033	-0.620058
0.314856	-0.602006
0.307585	-0.573945
0.300692	-0.536356
0.294601	-0.489896
0.289672	-0.435382
0.286181	-0.373771
0.284317	-0.306138
0.284177	-0.23366
0.285761	-0.157588
0.288973	-0.0792124
0.293619	0.000165083
0.299415	0.0792724
0.306008	0.156889
0.312988	0.231858
0.319913	0.303082
0.32633	0.369532
0.331801	0.430227
0.335935	0.484241
0.338423	0.530704
0.339067	0.568812
0.3378	0.59786
0.334699	0.617257
0.32998	0.626581
0.323984	0.625572
0.317139	0.614179
0.309921	0.592556
0.302818	0.56106
0.296288	0.520241
0.290732	0.470819
0.286477	0.413666
0.283767	0.349784
0.282754	0.280289
0.283494	0.206389
0.285953	0.12935
0.289995	0.0504732
0.295389	-0.0289494
0.30182	-0.107661
0.308911	-0.184463
0.316229	-0.258222
0.323322	-0.327864
0.329731	-0.392381
0.335028	-0.450813
0.338843	-0.502252
0.340897	-0.545851
0.341036	-0.580844
0.339241	-0.606566
0.335636	-0.622485
0.330484	-0.628229
0.324156	-0.623613
0.317103	-0.608655
0.309808	-0.583579
0.302752	-0.548807
0.296377	-0.504947
0.291064	-0.452769
0.287114	-0.393189
0.284745	-0.327252
0.28408	-0.256103
0.285148	-0.180976
0.287884	-0.103154
0.29212	-0.0239382
0.297601	0.055388
0.30399	0.133586
0.310891	0.209473
0.317871	0.281939
0.324477	0.349935
0.330263	0.412467
0.334823	0.468591
0.337819	0.517417
0.339017	0.558122
0.338309	0.58996
0.33573	0.612311
0.331456	0.624699
0.325794	0.626811
0.319149	0.618533
0.311987	0.599957
0.304796	0.571382
0.298048	0.533302
0.292161	0.486386
0.287487	0.431463
0.284294	0.3695
0.282763	0.30158
0.282977	0.228886
0.284931	0.152671
0.288517	0.0742261
0.293533	-0.00514906
0.299688	-0.0841841
0.30662	-0.161662
0.313909	-0.236423
0.321108	-0.307383
0.327758	-0.373514
0.333419	-0.433841
0.337699	-0.487443
0.340292	-0.533451
0.341005	-0.571075
0.339774	-0.59961
0.336683	-0.61849
0.331955	-0.62729
0.325933	-0.625768
0.319047	-0.61388
0.311775	-0.591789
0.304603	-0.559861
0.297986	-0.518648
0.292325	-0.468875
0.287947	-0.411417
0.285093	-0.347281
0.283916	-0.277585
0.284474	-0.203538
0.286728	-0.126412
0.290542	-0.047505
0.295686	0.03189
0.301845	0.11052
0.308641	0.187183
0.31565	0.260758
0.322422	0.330168
0.328506	0.394407
0.333481	0.452517
0.336983	0.503591
0.338746	0.546786
0.338623	0.581333
0.336605	0.60657
0.332825	0.621973
0.327553	0.627175
0.321168	0.622002
0.314123	0.606483
0.306903	0.580856
0.299989	0.545559
0.293816	0.50121
0.288758	0.448593
0.285109	0.388634
0.283075	0.322382
0.282771	0.250997
0.284217	0.175709
0.287337	0.0978035
0.291956	0.0185801
0.29781	-0.0606793
0.304556	-0.13874
0.311788	-0.214424
0.319067	-0.286627
0.325934	-0.354304
0.33194	-0.416467
0.336677	-0.472176
0.339806	-0.520549
0.341099	-0.560768
0.340452	-0.592104
0.337902	-0.613939
0.333631	-0.625806
0.327951	-0.627406
0.321268	-0.618632
0.314049	-0.599585
0.306784	-0.570571
0.299939	-0.532086
0.293937	-0.484804
0.289126	-0.429556
0.285777	-0.367312
0.28407	-0.299159
0.284093	-0.226279
0.285836	-0.14993
0.289193	-0.0714062
0.293963	0.00799393
0.299855	0.0870019
0.306508	0.164403
0.313507	0.239043
0.320409	0.309836
0.326761	0.375756
0.332128	0.435831
0.336126	0.48914
0.338455	0.534817
0.338928	0.572069
0.337492	0.600201
0.334237	0.61864
0.329393	0.626971
0.32331	0.624957
0.316422	0.612565
0.309208	0.58997
0.302154	0.557548
0.295713	0.515867
0.29028	0.46566
0.286175	0.407813
0.283632	0.343341
0.282794	0.273368
0.28371	0.199109
0.286334	0.121835
0.290521	0.0428475
0.296034	-0.0365636
0.30255	-0.115147
0.309685	-0.191709
0.317006	-0.265124
0.324057	-0.334324
0.330383	-0.398305
0.335558	-0.456114
0.339219	-0.506846
0.3411	-0.549663
0.341056	-0.583807
0.339082	-0.608625
0.335317	-0.623598
0.330033	-0.628371
0.323611	-0.622776
0.316507	-0.606851
0.309206	-0.580839
0.302186	-0.545179
0.295885	-0.500495
0.290677	-0.447572
0.286856	-0.387338
0.284633	-0.320848
0.284122	-0.249258
0.285343	-0.173807
0.288221	-0.0957813
0.292582	-0.0164831
0.29816	0.0628063
0.304615	0.140855
0.311544	0.216486
0.318512	0.288594
0.325064	0.356136
0.330759	0.418122
0.335191	0.473615
0.338035	0.521729
0.339065	0.561647
0.338187	0.592639
0.335447	0.614088
0.331036	0.625536
0.325269	0.626687
0.31856	0.617445
0.31138	0.597921
0.304216	0.568433
0.297537	0.529493
0.291755	0.481787
0.287213	0.426155
0.284173	0.363578
0.282806	0.295149
0.283188	0.222059
0.285303	0.145565
0.289035	0.0669623
0.294173	-0.012451
0.300418	-0.0914096
0.307402	-0.168701
0.314702	-0.243172
0.321869	-0.313743
0.328442	-0.379392
0.333987	-0.43915
0.338118	-0.492097
0.340538	-0.537373
0.341064	-0.574193
0.339648	-0.60187
0.336387	-0.619841
0.331516	-0.6277
0.325386	-0.625221
0.318435	-0.612381
0.311144	-0.58936
0.303997	-0.556544
0.297446	-0.5145
0.291886	-0.463969
0.287636	-0.40584
0.284929	-0.34113
0.283911	-0.270968
0.284628	-0.19657
0.287034	-0.119212
0.290983	-0.0401944
0.296237	0.0391936
0.302474	0.117702
0.309309	0.194137
0.316318	0.26738
0.323046	0.336362
0.329045	0.400081
0.333897	0.457584
0.337246	0.507967
0.338838	0.550394
0.338535	0.584104
0.336344	0.608448
0.332411	0.622914
0.327018	0.627154
0.320553	0.621011
0.313473	0.604535
0.306265	0.577981
0.299406	0.541808
0.293326	0.496648
0.288393	0.443302
0.284892	0.382707
0.283021	0.315924
0.282884	0.244118
0.284494	0.168529
0.287764	0.090444
0.292512	0.0111627
0.298464	-0.0680358
0.30527	-0.145923
0.312521	-0.221327
0.319775	-0.293148
0.326573	-0.360348
0.332469	-0.421942
0.337058	-0.476998
0.340014	-0.524635
0.341118	-0.564045
0.340279	-0.594508
0.337549	-0.615418
0.333124	-0.626324
0.327324	-0.626944
0.320565	-0.61719
0.313318	-0.597184
0.30607	-0.567249
0.299287	-0.527901
0.293383	-0.479829
0.288701	-0.423878
0.285502	-0.361031
0.283957	-0.292383
0.284146	-0.219126
0.286049	-0.142523
0.289552	-0.0638689
0.294442	0.0155384
0.300421	0.0944358
0.307124	0.171615
0.314132	0.245925
0.320998	0.316289
0.327272	0.381686
0.332521	0.441147
0.336368	0.493757
0.338523	0.538656
0.338812	0.57506
0.337194	0.602277
0.333774	0.619759
0.328795	0.627102
0.322616	0.624091
0.315677	0.610711
0.308459	0.587156
0.301446	0.553824
0.295088	0.511297
0.289771	0.460325
0.285807	0.401807
0.283423	0.336769
0.282752	0.266343
0.283835	0.191751
0.286616	0.114271
0.29094	0.0352
0.296562	-0.0441713
0.303152	-0.122597
0.310321	-0.198891
0.317634	-0.271934
0.324632	-0.340664
0.330863	-0.404083
0.335906	-0.46124
0.339404	-0.511239
0.341104	-0.553248
0.340874	-0.586518
0.338721	-0.610407
0.334797	-0.624411
0.329388	-0.628191
0.322883	-0.6216
0.315741	-0.604695
0.308449	-0.577737
0.301483	-0.541187
0.295274	-0.495681
0.290191	-0.442019
0.286518	-0.381144
0.284458	-0.31412
0.284116	-0.242113
0.285504	-0.166366
0.288537	-0.0881697
0.293031	-0.00882414
0.298713	0.0703921
0.305236	0.148252
0.312194	0.223592
0.31915	0.295307
0.325649	0.362359
0.331249	0.423765
0.335553	0.47859
0.338242	0.525958
0.339103	0.565057
0.338055	0.595167
0.335155	0.615685
0.330608	0.626166
0.32474	0.626333
0.317972	0.61611
0.310776	0.595627
0.303642	0.56522
0.297031	0.525419
0.291352	0.476923
0.286942	0.42059
0.284053	0.357408
0.282848	0.288482
0.283393	0.21501
0.285665	0.138254
0.289538	0.0595127
0.294793	-0.0199191
0.301124	-0.0987791
0.308156	-0.175861
0.315463	-0.250019
0.322593	-0.320178
0.329088	-0.385322
0.334516	-0.444486
0.338497	-0.496756
0.340743	-0.541278
0.341086	-0.577274
0.339489	-0.604068
0.336063	-0.621111
0.331053	-0.628011
0.324823	-0.624563
0.317816	-0.610759
0.310513	-0.586801
0.303399	-0.553091
0.29692	-0.510217
0.291466	-0.45893
0.287347	-0.400133
0.284791	-0.334856
0.283931	-0.264236
0.284808	-0.189497
0.287366	-0.111918
0.291449	-0.0328002
0.29681	0.0465686
0.30312	0.124944
0.309991	0.201137
0.316994	0.274037
0.323673	0.342579
0.329583	0.405766
0.334309	0.462649
0.337504	0.512331
0.338924	0.55398
0.338442	0.586841
0.33608	0.610283
0.331996	0.623804
0.326484	0.627077
0.319941	0.619962
0.312827	0.602529
0.305631	0.575054
0.298826	0.538009
0.292838	0.492047
0.288026	0.437979
0.284667	0.376756
0.282953	0.30945
0.282977	0.237234
0.284744	0.161354
0.288158	0.0830988
0.293028	0.00376875
0.299072	-0.0753613
0.305934	-0.153068
0.313199	-0.228184
0.320425	-0.299618
0.327151	-0.366336
0.332934	-0.427359
0.337377	-0.481756
0.340161	-0.528655
0.341079	-0.567255
0.340054	-0.596845
0.337152	-0.616835
0.332582	-0.626785
0.326674	-0.62643
0.319851	-0.615703
0.312588	-0.594745
0.305372	-0.563898
0.298663	-0.523696
0.29287	-0.474843
0.288329	-0.418199
0.28529	-0.354758
0.283917	-0.285625
0.28428	-0.212002
0.28635	-0.135154
0.290001	-0.05638
0.295014	0.0230258
0.301081	0.101804
0.307833	0.178752
0.314849	0.252734
0.321677	0.322668
0.32787	0.387542
0.332998	0.446391
0.336691	0.498304
0.338669	0.542427
0.338771	0.577984
0.33697	0.604296
0.333385	0.620825
0.328269	0.627186
0.321993	0.623182
0.315003	0.608819
0.307782	0.58431
0.300812	0.550073
0.294536	0.506706
0.289336	0.454974
0.285515	0.39579
0.283289	0.330189
0.282783	0.259321
0.284029	0.184406
0.286962	0.106728
0.291417	0.0275844
0.297142	-0.0517375
0.303799	-0.129997
0.310994	-0.206015
0.318289	-0.278678
0.325224	-0.346929
0.331349	-0.409776
0.336249	-0.466274
0.339576	-0.51553
0.341086	-0.556721
0.340662	-0.589105
0.338324	-0.612055
0.334239	-0.625079
0.328702	-0.627859
0.322114	-0.620264
0.314936	-0.602373
0.307658	-0.574467
0.30075	-0.537023
0.294639	-0.490697
0.289686	-0.436301
0.286167	-0.374792
0.284275	-0.307244
0.284108	-0.23483
0.285666	-0.158802
0.288856	-0.0804501
0.293483	-0.00107557
0.299268	0.0780484
0.305856	0.1557
0.312839	0.230723
0.319774	0.302017
0.326209	0.368551
0.331704	0.429347
0.335869	0.483476
0.338392	0.530065
0.339073	0.568313
0.337843	0.59751
0.334776	0.617065
0.330086	0.626551
0.324113	0.625707
0.317283	0.614478
0.310073	0.593015
0.302969	0.561672
0.296431	0.520996
0.290861	0.471705
0.286587	0.414667
0.283854	0.350884
0.282814	0.281469
0.283527	0.20763
0.285959	0.130632
0.289976	0.0517744
0.295348	-0.0276493
0.301763	-0.106382
0.308841	-0.183223
0.316155	-0.257041
0.323249	-0.326757
0.329666	-0.391365
0.334977	-0.449903
0.33881	-0.501461
0.340887	-0.545194
0.34105	-0.580332
0.339278	-0.60621
0.335693	-0.622292
0.330556	-0.628203
0.324237	-0.623757
0.317185	-0.608966
0.309884	-0.584051
0.302815	-0.549433
0.296422	-0.505715
0.291085	-0.453665
0.287109	-0.394197
0.284711	-0.328353
0.284017	-0.257278
0.285059	-0.182205
0.28777	-0.104415
0.291987	-0.0252102
0.297453	0.0541253
0.303834	0.132352
0.310735	0.208286
0.317725	0.280824
0.324349	0.348905
0.330162	0.411539
0.334753	0.46778
0.337787	0.516737
0.339026	0.557585
0.33836	0.589576
0.33582	0.612089
0.331582	0.624644
0.325949	0.626927
0.319325	0.618821
0.312176	0.600413
0.304991	0.571998
0.298239	0.534069
0.292342	0.487292
0.28765	0.432493
0.284435	0.370637
0.282878	0.302804
0.283065	0.230179
0.284991	0.15401
0.288549	0.0755904
0.29354	-0.00378094
0.299675	-0.0828331
0.306591	-0.160348
0.313871	-0.235165
0.321067	-0.306199
0.32772	-0.37242
0.33339	-0.432853
0.337685	-0.486575
0.340296	-0.532718
0.341028	-0.570487
0.339817	-0.599179
0.336745	-0.618223
0.33203	-0.627192
0.326015	-0.625841
0.31913	-0.614123
0.311852	-0.592197
0.304667	-0.560426
0.298032	-0.51936
0.292349	-0.469721
0.287944	-0.412381
0.285062	-0.348345
0.283857	-0.278729
0.284386	-0.204745
0.286615	-0.127659
0.290408	-0.0487724
0.295535	0.0306231
0.301684	0.109273
0.308477	0.185975
0.31549	0.259606
0.322273	0.329089
0.328375	0.393416
0.333374	0.451629
0.336906	0.50282
0.338703	0.546143
0.338614	0.58083
0.336629	0.606217
0.33288	0.621772
0.327632	0.627133
0.321266	0.622121
0.314231	0.606763
0.307014	0.581292
0.300094	0.546144
0.293908	0.501935
0.288831	0.449444
0.285158	0.389598
0.283097	0.323443
0.282762	0.252134
0.284178	0.176904
0.287269	0.0990355
0.291862	0.0198289
0.297694	-0.0594337
0.304424	-0.137517
0.311647	-0.213242
0.318924	-0.285502
0.325796	-0.353254
0.331816	-0.415507
0.336573	-0.471323
0.339727	-0.519816
0.341049	-0.560169
0.340431	-0.591651
0.337911	-0.613646
0.333667	-0.625679
0.328008	-0.627448
0.321339	-0.618844
0.314128	-0.599964
0.306862	-0.571109
0.300011	-0.532774
0.293996	-0.485629
0.289169	-0.430505
0.2858	-0.368367
0.284071	-0.300301
0.284072	-0.227488
0.285794	-0.151186
0.289133	-0.0726867
0.293888	0.00671005
0.29977	0.0857354
0.306421	0.163173
0.313423	0.237868
0.320336	0.308734
0.326706	0.374743
0.332097	0.434922
0.336125	0.48835
0.338487	0.53416
0.338994	0.571558
0.337591	0.599845
0.334366	0.618448
0.329546	0.626948
0.32348	0.625106
0.3166	0.612886
0.309385	0.590456
0.302322	0.558193
0.295864	0.516658
0.290408	0.466584
0.286275	0.408855
0.2837	0.344482
0.282828	0.274589
0.28371	0.200389
0.286301	0.123153
0.290459	0.0441813
0.295948	-0.0352352
0.302446	-0.113844
0.309569	-0.190452
0.316887	-0.263931
0.323942	-0.333211
0.33028	-0.397289
0.335474	-0.45521
0.339159	-0.506069
0.341068	-0.549027
0.341055	-0.583323
0.33911	-0.608302
0.335371	-0.623444
0.330107	-0.62839
0.3237	-0.622969
0.316601	-0.607216
0.309299	-0.581369
0.302269	-0.545866
0.295954	-0.501327
0.290725	-0.448533
0.286881	-0.388413
0.28463	-0.322017
0.284092	-0.250501
0.285286	-0.175102
0.288141	-0.0971074
0.292482	-0.0178182
0.298045	0.0614834
0.304491	0.139565
0.311419	0.215247
0.318393	0.287425
0.324959	0.355053
0.330674	0.417142
0.335134	0.472752
0.338009	0.520998
0.339073	0.56106
0.33823	0.592207
0.335522	0.613821
0.331139	0.625439
0.325393	0.626764
0.318698	0.617695
0.311523	0.598342
0.304357	0.569017
0.297667	0.53023
0.291866	0.482664
0.287302	0.427157
0.284235	0.364688
0.282839	0.296347
0.283191	0.223325
0.285276	0.146877
0.288981	0.0682997
0.294096	-0.0111105
0.300323	-0.0900868
0.307296	-0.167415
0.314592	-0.241942
0.321761	-0.312588
0.328345	-0.378326
0.333908	-0.43819
0.338062	-0.491258
0.340508	-0.536668
0.341063	-0.573636
0.339676	-0.60147
0.336441	-0.619607
0.33159	-0.627636
0.325474	-0.625331
0.318531	-0.612662
0.31124	-0.589809
0.304085	-0.557151
0.29752	-0.515256
0.29194	-0.46486
0.287666	-0.406849
0.284932	-0.342241
0.283886	-0.27216
0.284575	-0.197823
0.286956	-0.120504
0.290883	-0.0415041
0.29612	0.0378874
0.302346	0.11642
0.309177	0.192898
0.316189	0.266202
0.322928	0.335262
0.328945	0.399076
0.333822	0.456688
0.337202	0.507195
0.338826	0.549758
0.338558	0.583618
0.3364	0.608121
0.332496	0.622752
0.327127	0.627163
0.320678	0.621191
0.313606	0.604884
0.306398	0.578494
0.299531	0.542474
0.293437	0.497458
0.288483	0.44424
0.284958	0.383757
0.283058	0.317068
0.282892	0.245337
0.284473	0.169801
0.287716	0.0917486
0.292441	0.0124782
0.298373	-0.0667302
0.305167	-0.144647
0.312412	-0.220099
0.319667	-0.291987
0.326474	-0.35927
0.332385	-0.420964
0.336997	-0.476134
0.339979	-0.5239
0.341112	-0.563452
0.340302	-0.594069
0.3376	-0.615141
0.333198	-0.626216
0.327416	-0.627007
0.320667	-0.617425
0.313421	-0.597587
0.306168	-0.567813
0.299373	-0.528616
0.293451	-0.480683
0.288745	-0.424855
0.28552	-0.362113
0.283947	-0.293551
0.284108	-0.22036
0.285985	-0.143802
0.289464	-0.0651709
0.294334	0.0142349
0.300301	0.0931512
0.306998	0.170369
0.314007	0.244735
0.320883	0.315174
0.327173	0.380662
0.332446	0.44023
0.336322	0.492961
0.338511	0.537995
0.338834	0.574546
0.337252	0.601926
0.333864	0.619575
0.328912	0.627091
0.322754	0.624254
0.315828	0.611045
0.308614	0.587656
0.301599	0.554481
0.295231	0.5121
0.289898	0.46126
0.285914	0.402857
0.283506	0.337916
0.282809	0.267567
0.283866	0.193032
0.286621	0.115587
0.290924	0.03653
0.296528	-0.0428486
0.303106	-0.121302
0.310268	-0.197642
0.317581	-0.27075
0.324586	-0.339561
0.33083	-0.403078
0.335893	-0.460348
0.339416	-0.510475
0.341143	-0.552624
0.34094	-0.586045
0.338813	-0.610095
0.334911	-0.624267
0.329517	-0.628219
0.323021	-0.6218
0.31588	-0.605064
0.30858	-0.578269
0.301599	-0.541872
0.295369	-0.496507
0.290259	-0.442972
0.286557	-0.382207
0.284465	-0.315274
0.284092	-0.243337
0.285449	-0.16764
0.288454	-0.0894717
0.292924	-0.0101331
0.298588	0.0690969
0.305099	0.14699
0.312054	0.222382
0.319014	0.294166
0.325524	0.361304
0.331142	0.422811
0.335471	0.477752
0.338189	0.525249
0.339082	0.564488
0.338066	0.594751
0.335197	0.615428
0.330677	0.626075
0.32483	0.62641
0.318076	0.616354
0.310887	0.596034
0.303751	0.565784
0.297133	0.526129
0.29144	0.477768
0.287011	0.421554
0.2841	0.358474
0.28287	0.289632
0.28339	0.216226
0.285637	0.139515
0.289488	0.0607969
0.294724	-0.0186317
0.30104	-0.0975087
0.308064	-0.174627
0.315368	-0.248838
0.322502	-0.319069
0.329008	-0.384299
0.334453	-0.443565
0.338457	-0.495951
0.340729	-0.540602
0.341099	-0.576739
0.339529	-0.603684
0.336126	-0.620885
0.331136	-0.627948
0.324919	-0.624664
0.317917	-0.611023
0.310613	-0.587224
0.303489	-0.553666
0.296995	-0.510931
0.29152	-0.459772
0.287376	-0.401087
0.284792	-0.335906
0.283904	-0.265362
0.284752	-0.19068
0.287283	-0.113138
0.291343	-0.0340372
0.296685	0.045335
0.302984	0.123733
0.309849	0.199966
0.316854	0.272924
0.323542	0.341539
0.329468	0.404815
0.334216	0.461802
0.337439	0.511602
0.338888	0.55338
0.338439	0.586382
0.336106	0.609973
0.33205	0.623651
0.32656	0.627084
0.320032	0.62013
0.312926	0.602856
0.305731	0.575534
0.298919	0.538633
0.292918	0.492805
0.288088	0.438857
0.284709	0.377739
0.28297	0.310521
0.282969	0.238374
0.284712	0.162543
0.288103	0.0843182
0.292953	0.00499788
0.298981	-0.0741419
0.305834	-0.151877
0.313097	-0.227039
0.320327	-0.298536
0.327064	-0.365332
0.332865	-0.426449
0.337331	-0.480954
0.340142	-0.527975
0.341089	-0.566708
0.340094	-0.596442
0.337219	-0.616585
0.332672	-0.626693
0.32678	-0.6265
0.319966	-0.615935
0.312705	-0.595134
0.305482	-0.564439
