0	0
0	0
0.0293509	-9.86224e-006
0.0527119	-1.60239e-005
0.0773407	-2.28536e-005
0.101221	-2.90665e-005
0.124419	-3.52042e-005
0.146592	-4.09008e-005
0.167526	-4.60385e-005
0.187017	-5.06863e-005
0.204893	-5.47826e-005
0.221012	-5.79693e-005
0.235258	-6.03079e-005
0.24754	-6.19728e-005
0.257788	-6.25538e-005
0.265954	-6.20056e-005
0.272008	-5.982e-005
0.275943	-5.44135e-005
0.277768	-4.41148e-005
0.277514	-2.74012e-005
0.275234	-1.56903e-006
0.271003	3.55596e-005
0.26492	8.651e-005
0.257103	0.000154422
0.247692	0.000242898
0.236844	0.000356027
0.224734	0.000497487
0.211549	0.000672239
0.197484	0.000884321
0.182743	0.00113908
0.167532	0.00144092
0.152057	0.0017944
0.136521	0.00220355
0.121122	0.00267279
0.106049	0.00320538
0.0914785	0.00380567
0.0775772	0.00447598
0.0644954	0.00521902
0.0523679	0.00603754
0.041312	0.00693393
0.0314261	0.00790869
0.022791	0.00896257
0.0154682	0.0100955
0.00950076	0.0113063
0.00491217	0.0125931
0.00170798	0.0139536
-0.000125031	0.0153847
-0.000616666	0.0168822
0.000187062	0.0184418
0.00222546	0.0200581
0.00542355	0.0217256
0.00969402	0.0234377
0.0149378	0.0251881
0.0210462	0.0269695
0.0279026	0.0287754
0.0353831	0.0305978
0.0433599	0.0324297
0.0517023	0.0342641
0.0602779	0.0360928
0.0689553	0.0379087
0.0776052	0.0397053
0.0861025	0.0414749
0.0943278	0.0432119
0.102169	0.044909
0.109522	0.0465595
0.116293	0.0481562
0.122398	0.049692
0.127764	0.0511602
0.132332	0.0525526
0.136054	0.0538615
0.138897	0.0550779
0.140841	0.0561915
0.141878	0.0571919
0.142016	0.0580666
0.141274	0.0588026
0.139684	0.0593864
0.137291	0.0598027
0.134147	0.0600353
0.130315	0.060067
0.125868	0.0598803
0.120882	0.0594564
0.115443	0.0587828
0.109637	0.0578377
0.103554	0.0566061
0.0972857	0.0550786
0.0909206	0.0532372
0.0845477	0.0510722
0.0782524	0.0485754
0.0721152	0.0457412
0.0662122	0.0425671
0.0606134	0.0390481
0.0553819	0.0351875
0.0505732	0.0309896
0.0462361	0.0264622
0.0424115	0.0216149
0.0391325	0.0164607
0.0364255	0.0110137
0.0343091	0.00529153
0.0327966	-0.0006908
0.0318942	-0.006912
0.0316035	-0.0133507
0.0319209	-0.0199842
0.0328383	-0.0267897
0.0343426	-0.0337439
0.0364157	-0.0408218
0.0390352	-0.0479969
0.0421738	-0.0552412
0.0457983	-0.0625244
0.049872	-0.0698141
0.0543532	-0.0770748
0.0591964	-0.0842688
0.0643516	-0.0913552
0.069766	-0.0982911
0.0753853	-0.105029
0.0811509	-0.111521
0.0870022	-0.117714
0.092878	-0.123552
0.0987157	-0.128981
0.104453	-0.133941
0.110029	-0.138375
0.115381	-0.142225
0.120452	-0.145431
0.125183	-0.147937
0.129522	-0.149687
0.133419	-0.150627
0.136829	-0.150706
0.139713	-0.149874
0.142036	-0.148087
0.143772	-0.145303
0.1449	-0.141484
0.145408	-0.136594
0.145293	-0.130601
0.14456	-0.123475
0.143226	-0.115182
0.141323	-0.1057
0.138897	-0.0950068
0.136011	-0.0830879
0.132748	-0.0699411
0.129207	-0.0555811
0.125503	-0.0400461
0.121761	-0.0234038
0.11811	-0.00575551
0.114676	0.0127631
0.111573	0.0319809
0.108902	0.0516953
0.106745	0.0716765
0.105164	0.091674
0.104196	0.111422
0.10386	0.130649
0.104149	0.149079
0.105039	0.166443
0.106485	0.182482
0.108426	0.196949
0.110788	0.209618
0.113486	0.220282
0.116424	0.22876
0.119503	0.234894
0.122619	0.238551
0.125669	0.23962
0.128555	0.238017
0.131187	0.233677
0.133489	0.226559
0.135406	0.216644
0.136902	0.203934
0.137968	0.188467
0.138622	0.170302
0.13891	0.149535
0.138903	0.126296
0.138692	0.100756
0.138384	0.0731282
0.138094	0.0436709
0.137938	0.0126848
0.13802	-0.0194873
0.138436	-0.0524647
0.139255	-0.0858349
0.140525	-0.119161
0.142265	-0.151992
0.144464	-0.183869
0.14708	-0.214339
0.150046	-0.242961
0.153269	-0.269316
0.15664	-0.293011
0.160032	-0.313687
0.163311	-0.33102
0.166335	-0.34472
0.168968	-0.35454
0.17108	-0.360264
0.172559	-0.361716
0.173321	-0.358753
0.173319	-0.351272
0.172548	-0.339214
0.17105	-0.322573
0.168915	-0.301397
0.166276	-0.275801
0.163301	-0.245972
0.160181	-0.212175
0.157117	-0.17475
0.154305	-0.134114
0.15193	-0.0907558
0.150146	-0.045229
0.149077	0.00185844
0.148799	0.0498526
0.149351	0.0980723
0.150723	0.145822
0.15286	0.192407
0.15567	0.237149
0.159021	0.279398
0.162756	0.318547
0.166694	0.354035
0.170642	0.385353
0.174397	0.412047
0.177763	0.433714
0.180555	0.450004
0.182615	0.460622
0.183822	0.465332
0.184099	0.463957
0.18342	0.456385
0.181816	0.442575
0.179374	0.42256
0.176234	0.396458
0.172585	0.364477
0.16865	0.326912
0.164678	0.284158
0.160927	0.236701
0.157644	0.18512
0.155056	0.130082
0.153354	0.0723287
0.152683	0.01267
0.153131	-0.0480355
0.154724	-0.108897
0.157428	-0.169013
0.161143	-0.227497
0.165717	-0.283495
0.170951	-0.336199
0.176612	-0.384864
0.182442	-0.428811
0.188166	-0.467427
0.193509	-0.500171
0.198214	-0.526569
0.202048	-0.546217
0.204824	-0.558778
0.20641	-0.563994
0.206736	-0.561682
0.205804	-0.551744
0.203688	-0.534173
0.200532	-0.509069
0.196542	-0.476633
0.19197	-0.437182
0.187104	-0.391149
0.182244	-0.339084
0.177688	-0.281644
0.173712	-0.219589
0.170559	-0.153773
0.168422	-0.0851346
0.167436	-0.0146734
0.167669	0.0565627
0.169119	0.127509
0.171712	0.197112
0.175304	0.264354
0.179695	0.328275
0.18464	0.387985
0.189863	0.442673
0.195067	0.491603
0.199955	0.534123
0.204238	0.569656
0.207658	0.597699
0.21	0.617838
0.211106	0.629737
0.21088	0.63315
0.209307	0.627923
0.206447	0.613999
0.202445	0.591431
0.197521	0.560388
0.191958	0.52117
0.186081	0.474202
0.180244	0.420047
0.174797	0.359393
0.170075	0.293054
0.166372	0.22196
0.163926	0.147134
0.162911	0.0696852
0.163421	-0.00921796
0.165467	-0.0883736
0.168969	-0.166582
0.173764	-0.242678
0.179615	-0.315559
0.186227	-0.384199
0.193263	-0.447659
0.200364	-0.505086
0.207163	-0.555716
0.213306	-0.598862
0.218476	-0.633928
0.222411	-0.660403
0.224916	-0.677871
0.225879	-0.686013
0.225277	-0.684614
0.223177	-0.673579
0.21974	-0.652935
0.215209	-0.622854
0.209884	-0.583653
0.204109	-0.535801
0.198243	-0.479914
0.192645	-0.416752
0.187645	-0.347204
0.18353	-0.272288
0.180533	-0.193119
0.178819	-0.110905
0.178473	-0.0269145
0.179499	0.0575534
0.181807	0.141204
0.185226	0.222787
0.18951	0.301121
0.194359	0.375103
0.199436	0.443713
0.204383	0.506015
0.20885	0.561157
0.212514	0.608372
0.215101	0.64698
0.216408	0.676399
0.216312	0.696148
0.214782	0.705861
0.211885	0.705296
0.207782	0.694347
0.202723	0.67306
0.197026	0.641652
0.191051	0.600504
0.185181	0.550169
0.179791	0.491359
0.175227	0.424943
0.171785	0.351928
0.169695	0.273452
0.16911	0.190752
0.170099	0.105147
0.172637	0.0180094
0.176606	-0.0692756
0.181792	-0.155352
0.187902	-0.238919
0.194582	-0.31875
0.201438	-0.393698
0.208059	-0.462688
0.214045	-0.524731
0.219036	-0.578919
0.222739	-0.624433
0.224951	-0.660556
0.225569	-0.686688
0.224602	-0.702361
0.222167	-0.707256
0.218482	-0.701222
0.213843	-0.684287
0.208597	-0.656677
0.203113	-0.618799
0.19776	-0.571239
0.192878	-0.514757
0.188762	-0.450267
0.185646	-0.378827
0.183693	-0.301616
0.182992	-0.219919
0.183552	-0.13509
0.185298	-0.0485249
0.188075	0.0383754
0.191653	0.124246
0.195739	0.207774
0.199998	0.28771
0.204069	0.362866
0.207595	0.432128
0.210248	0.494453
0.211757	0.54888
0.211931	0.594549
0.210675	0.630712
0.208	0.656753
0.204023	0.67221
0.198962	0.676789
0.193113	0.670382
0.18683	0.653078
0.180493	0.625162
0.174481	0.587105
0.169147	0.539562
0.164798	0.48335
0.161674	0.419437
0.159945	0.34893
0.159697	0.273039
0.160936	0.193065
0.163588	0.110365
0.167494	0.0263203
0.172423	-0.0576999
0.17808	-0.140361
0.184125	-0.220388
0.190193	-0.296569
0.195915	-0.367759
0.200941	-0.432885
0.204963	-0.49095
0.207744	-0.541053
0.209127	-0.582396
0.209054	-0.614307
0.207563	-0.636253
0.204789	-0.647863
0.200949	-0.648933
0.196322	-0.639439
0.191229	-0.619545
0.186005	-0.589596
0.180974	-0.550108
0.17644	-0.501765
0.172658	-0.445395
0.169828	-0.381969
0.168089	-0.312568
0.167512	-0.238379
0.168099	-0.16066
0.169781	-0.0807202
0.172423	0.000120168
0.175829	0.0805577
0.179756	0.159332
0.183921	0.235239
0.188025	0.307143
0.191764	0.373979
0.194852	0.434755
0.197037	0.488557
0.198124	0.534555
0.197986	0.572025
0.196583	0.600355
0.193958	0.619063
0.190241	0.627816
0.185639	0.626438
0.18042	0.614926
0.174889	0.593449
0.169369	0.562347
0.164184	0.522127
0.15963	0.473453
0.155969	0.41713
0.153407	0.354092
0.15209	0.285392
0.152096	0.212179
0.153432	0.135681
0.15603	0.0571727
0.159755	-0.0220516
0.164402	-0.100712
0.169717	-0.177569
0.175405	-0.251442
0.181149	-0.321222
0.18663	-0.385877
0.19154	-0.444453
0.195603	-0.496075
0.198597	-0.539958
0.200365	-0.575412
0.200833	-0.601862
0.200008	-0.618856
0.197985	-0.626086
0.194934	-0.623396
0.191085	-0.610793
0.186713	-0.588453
0.182113	-0.556713
0.177582	-0.516074
0.173407	-0.467181
0.16984	-0.410819
0.167094	-0.3479
0.165327	-0.279451
0.164639	-0.206596
0.165066	-0.130537
0.166576	-0.0525268
0.169071	0.0261597
0.172389	0.104261
0.176317	0.180555
0.1806	0.253884
0.184959	0.323153
0.189101	0.387354
0.192741	0.445548
0.195615	0.496879
0.197503	0.540571
0.198245	0.575939
0.197757	0.602402
0.196038	0.619499
0.193174	0.6269
0.189332	0.624427
0.184746	0.612061
0.179697	0.589949
0.174494	0.558412
0.169452	0.517923
0.164875	0.469107
0.161038	0.412735
0.158171	0.349707
0.156448	0.28104
0.155982	0.207855
0.156815	0.131357
0.15892	0.0528051
0.162193	-0.0265135
0.166462	-0.10532
0.171496	-0.182374
0.177016	-0.256494
0.182717	-0.326569
0.188275	-0.39157
0.193374	-0.450549
0.197717	-0.502634
0.201054	-0.547038
0.203198	-0.583066
0.204038	-0.610126
0.203553	-0.627745
0.20181	-0.635587
0.198962	-0.633467
0.195234	-0.621361
0.190895	-0.599416
0.186249	-0.567946
0.181604	-0.52743
0.177261	-0.478495
0.173492	-0.421914
0.170527	-0.358592
0.168545	-0.28955
0.167665	-0.215915
0.16794	-0.138899
0.169354	-0.0597681
0.171821	0.0201813
0.175184	0.0996629
0.179232	0.17743
0.183704	0.252295
0.188313	0.323146
0.192754	0.388948
0.196721	0.448746
0.19993	0.50166
0.20214	0.546891
0.203171	0.58373
0.20292	0.611571
0.201375	0.629922
0.198612	0.638431
0.194797	0.636893
0.190167	0.625268
0.185013	0.603689
0.179657	0.572459
0.174425	0.532051
0.169637	0.48309
0.165581	0.42635
0.162498	0.362742
0.160574	0.293297
0.159928	0.219154
0.16061	0.141541
0.162592	0.0617422
0.165774	-0.018929
0.169977	-0.0991662
0.174963	-0.177703
0.180445	-0.253329
0.186106	-0.324915
0.191611	-0.391406
0.19663	-0.451827
0.200859	-0.50528
0.204041	-0.550954
0.205986	-0.588127
0.20659	-0.616186
0.205838	-0.634641
0.20381	-0.643143
0.200671	-0.641499
0.196659	-0.629682
0.19206	-0.607843
0.187188	-0.576304
0.182363	-0.535551
0.177889	-0.486233
0.174041	-0.429141
0.171049	-0.365199
0.169086	-0.295454
0.168265	-0.221055
0.168628	-0.143238
0.170148	-0.0632908
0.172726	0.0174722
0.176195	0.0977495
0.180327	0.176281
0.184855	0.251868
0.189478	0.323386
0.193884	0.389787
0.197764	0.4501
0.200834	0.503432
0.202858	0.54897
0.203667	0.585995
0.203172	0.613896
0.201377	0.632183
0.198376	0.640507
0.194352	0.638675
0.189554	0.626664
0.184283	0.604622
0.178865	0.572875
0.173629	0.531916
0.16889	0.482393
0.164929	0.425101
0.161977	0.360973
0.160208	0.291058
0.159728	0.216515
0.160569	0.138583
0.162694	0.0585574
0.165983	-0.0222422
0.170249	-0.102509
0.175244	-0.180979
0.180678	-0.256446
0.186228	-0.327782
0.191564	-0.393935
0.19636	-0.453932
0.200324	-0.506879
0.203211	-0.551966
0.204849	-0.588481
0.205149	-0.615819
0.204112	-0.633507
0.201833	-0.64121
0.198489	-0.638756
0.194325	-0.62614
0.18963	-0.60353
0.184717	-0.571269
0.179904	-0.529861
0.17549	-0.479971
0.171741	-0.422404
0.168878	-0.358097
0.167065	-0.288105
0.166404	-0.213587
0.166927	-0.13578
0.168598	-0.0559733
0.171308	0.0245225
0.174881	0.104414
0.179089	0.182448
0.183657	0.257437
0.188288	0.328265
0.192671	0.393895
0.196505	0.453367
0.199512	0.505798
0.201467	0.550388
0.202208	0.586434
0.201658	0.613338
0.199827	0.630629
0.196817	0.637976
0.192812	0.635207
0.188063	0.622314
0.182868	0.599465
0.177549	0.566999
0.172429	0.525422
0.167816	0.475392
0.163984	0.417712
0.161156	0.353318
0.159501	0.283265
0.159117	0.208708
0.160035	0.130888
0.16221	0.0510921
0.165524	-0.0293655
0.169785	-0.109188
0.174751	-0.18712
0.18013	-0.261969
0.185608	-0.332617
0.190857	-0.398026
0.195562	-0.457235
0.199432	-0.509364
0.202231	-0.553616
0.20379	-0.589293
0.204025	-0.615804
0.20294	-0.632687
0.200629	-0.639623
0.197271	-0.636447
0.193106	-0.623165
0.188424	-0.599955
0.183534	-0.567163
0.17875	-0.525304
0.174371	-0.475041
0.170663	-0.41718
0.167842	-0.352659
0.166074	-0.282533
0.165459	-0.207958
0.166031	-0.130169
0.167754	-0.0504522
0.170517	0.0298857
0.174147	0.109555
0.178414	0.18731
0.183048	0.261969
0.187749	0.332422
0.192209	0.397638
0.196123	0.456665
0.199218	0.508628
0.201264	0.552736
0.2021	0.588294
0.201646	0.614711
0.199912	0.631523
0.196996	0.638405
0.193079	0.635189
0.188413	0.621874
0.183292	0.59863
0.178036	0.5658
0.172969	0.523893
0.168397	0.473566
0.164592	0.415626
0.161779	0.351007
0.160127	0.280765
0.159738	0.206056
0.160641	0.128118
0.162797	0.0482415
0.166085	-0.032263
0.17032	-0.112098
0.175258	-0.190011
0.180609	-0.26481
0.186059	-0.335381
0.191283	-0.400687
0.195964	-0.459772
0.199811	-0.511756
0.202587	-0.555848
0.204122	-0.59135
0.20433	-0.617675
0.203214	-0.63436
0.20087	-0.641086
0.197475	-0.637691
0.193273	-0.624182
0.188553	-0.600736
0.183626	-0.567702
0.178809	-0.525596
0.174402	-0.475081
0.170672	-0.41697
0.167839	-0.3522
0.166067	-0.28183
0.16546	-0.207019
0.16605	-0.129005
0.167801	-0.0490783
0.170604	0.0314516
0.174282	0.111292
0.178604	0.189196
0.183298	0.263979
0.188062	0.33453
0.192584	0.399818
0.196558	0.458888
0.199707	0.510866
0.201799	0.554959
0.202673	0.590471
0.202249	0.616812
0.200536	0.633516
0.197634	0.640261
0.193729	0.63688
0.18907	0.623373
0.183955	0.599916
0.178706	0.566852
0.173646	0.524697
0.169083	0.474112
0.165289	0.415907
0.16249	0.351024
0.160851	0.280522
0.160475	0.205563
0.161391	0.12739
0.163554	0.0472967
0.166847	-0.0334021
0.171078	-0.113407
0.176004	-0.191464
0.181333	-0.26638
0.186751	-0.33704
0.19193	-0.402407
0.196552	-0.461522
0.200329	-0.513506
0.203024	-0.557564
0.204469	-0.593
0.204581	-0.619225
0.203366	-0.635778
0.200925	-0.64234
0.197438	-0.638754
0.193153	-0.625028
0.188361	-0.601346
0.183379	-0.568061
0.178522	-0.525693
0.174092	-0.474913
0.170355	-0.416537
0.167531	-0.351511
0.165784	-0.280897
0.165214	-0.205861
0.16585	-0.127647
0.167654	-0.0475479
0.170512	0.0331232
0.174245	0.113072
0.178617	0.191051
0.183355	0.265876
0.188152	0.336434
0.192695	0.401694
0.196678	0.460701
0.199823	0.51258
0.201901	0.556537
0.202753	0.591878
0.202301	0.618015
0.200559	0.634484
0.197633	0.640969
0.193708	0.637306
0.18904	0.623505
0.183927	0.599744
0.178691	0.566378
0.173657	0.523926
0.169128	0.473058
0.165378	0.41459
0.162627	0.349469
0.161039	0.278761
0.16071	0.203633
0.161668	0.125329
0.163866	0.045146
0.16718	-0.0356003
0.17142	-0.115612
0.176337	-0.193635
0.181643	-0.268479
0.187019	-0.339031
0.192142	-0.404256
0.196693	-0.463197
0.200388	-0.514977
0.202992	-0.558805
0.20434	-0.593985
0.204355	-0.619932
0.203048	-0.636191
0.200521	-0.642449
0.196959	-0.638551
0.192613	-0.624512
0.187775	-0.600522
0.182761	-0.566938
0.177889	-0.524284
0.173458	-0.47324
0.169735	-0.414626
0.166936	-0.349392
0.165225	-0.278605
0.164698	-0.203434
0.165384	-0.125124
0.16724	-0.0449714
0.17015	0.0357126
0.173932	0.115634
0.17835	0.193547
0.183126	0.268268
0.187955	0.338688
0.192523	0.403778
0.196522	0.462583
0.199677	0.514231
0.201759	0.557933
0.202611	0.592994
0.202158	0.618833
0.200417	0.634991
0.197496	0.641154
0.193582	0.637166
0.18893	0.623042
0.183842	0.598969
0.178638	0.565303
0.17364	0.522572
0.169153	0.471449
0.165445	0.412756
0.162738	0.347443
0.161191	0.276578
0.160899	0.201332
0.161888	0.12295
0.164109	0.0427289
0.167436	-0.0380153
0.171678	-0.117986
0.176586	-0.195933
0.18187	-0.270668
0.187216	-0.34108
0.192297	-0.406138
0.196798	-0.464889
0.200436	-0.516455
0.202979	-0.560051
0.204264	-0.594983
0.204215	-0.620671
0.202846	-0.636661
0.200262	-0.642644
0.196651	-0.638471
0.192262	-0.624161
0.18739	-0.599905
0.182353	-0.566068
0.177466	-0.523179
0.173031	-0.471916
0.169313	-0.413104
0.166528	-0.347695
0.164838	-0.276761
0.16434	-0.201469
0.165059	-0.12307
0.166952	-0.0428574
0.169901	0.0378545
0.173722	0.117773
0.178177	0.195653
0.182989	0.270312
0.18785	0.340643
0.192445	0.405617
0.196468	0.464284
0.19964	0.515769
0.201737	0.559288
0.2026	0.594149
0.202158	0.619771
0.200427	0.635699
0.197517	0.641624
0.193616	0.637395
0.188982	0.623027
0.183914	0.598714
0.178734	0.564816
0.173763	0.521862
0.169305	0.470533
0.165628	0.41165
0.16295	0.346168
0.161432	0.275157
0.161165	0.19979
0.162176	0.121313
0.164412	0.0410257
0.167748	-0.0397578
0.171992	-0.119741
0.176895	-0.197674
0.182165	-0.27237
0.187489	-0.342721
0.192541	-0.407697
0.197007	-0.466344
0.200602	-0.517789
0.203097	-0.561246
0.204332	-0.596025
0.204231	-0.621545
0.202811	-0.637356
0.200176	-0.643151
0.196517	-0.638783
0.192085	-0.624273
0.187177	-0.599817
0.18211	-0.565781
0.177201	-0.522698
0.172752	-0.471248
0.169028	-0.412261
0.166245	-0.34669
0.164565	-0.275608
0.164082	-0.200188
0.164824	-0.12168
0.166744	-0.0413816
0.169723	0.0393938
0.173576	0.119353
0.178063	0.19725
0.182903	0.271902
0.187791	0.342203
0.192408	0.407126
0.196449	0.46572
0.199636	0.517114
0.201743	0.560521
0.202613	0.595253
0.202175	0.620729
0.200448	0.636497
0.197541	0.64225
0.193647	0.637838
0.189021	0.623283
0.183964	0.598779
0.178798	0.564691
0.173845	0.521551
0.169408	0.470042
0.165754	0.410991
0.163102	0.345353
0.16161	0.274202
0.161369	0.198713
0.162403	0.120134
0.16466	0.039764
0.168013	-0.0410794
0.172268	-0.121101
0.177174	-0.19905
0.182442	-0.273743
0.187755	-0.344071
0.192788	-0.409004
0.197228	-0.467591
0.200792	-0.518959
0.20325	-0.562321
0.204442	-0.596989
0.204296	-0.622385
0.202828	-0.638058
0.200148	-0.643704
0.196445	-0.639178
0.191975	-0.624504
0.187033	-0.599881
0.181939	-0.565677
0.17701	-0.522426
0.172549	-0.470814
0.168819	-0.411671
0.166039	-0.345954
0.164367	-0.274739
0.1639	-0.199201
0.16466	-0.120592
0.166603	-0.0402092
0.169607	0.0406307
0.173485	0.120634
0.177997	0.198557
0.18286	0.273214
0.187767	0.343503
0.192402	0.408396
0.196456	0.466941
0.199652	0.518269
0.201763	0.561593
0.202635	0.596224
0.202196	0.621585
0.200467	0.637225
0.197558	0.642837
0.193664	0.638276
0.18904	0.623565
0.18399	0.598901
0.178835	0.564652
0.173896	0.521355
0.169477	0.469692
0.165844	0.410495
0.163214	0.344721
0.161744	0.273447
0.161526	0.19785
0.162581	0.11918
0.164855	0.0387371
0.168221	-0.042161
0.172484	-0.122219
0.177393	-0.200188
0.182656	-0.274882
0.187958	-0.345195
0.192975	-0.410099
0.197391	-0.468641
0.200925	-0.519949
0.203349	-0.563238
0.204503	-0.59782
0.204317	-0.623116
0.202808	-0.638678
0.200088	-0.644204
0.196348	-0.63955
0.191843	-0.624742
0.186872	-0.599981
0.181754	-0.565637
0.176808	-0.522247
0.172336	-0.4705
0.168602	-0.411227
0.165823	-0.345387
0.16416	-0.274059
0.163705	-0.19842
0.164483	-0.119723
0.166447	-0.0392671
0.169474	0.0416304
0.173376	0.121676
0.177912	0.199625
0.182797	0.274294
0.187725	0.344579
0.192377	0.409452
0.196444	0.467963
0.19965	0.519241
0.201769	0.562502
0.202645	0.597056
0.202208	0.622326
0.200481	0.637864
0.197575	0.643364
0.193683	0.638683
0.189064	0.623846
0.18402	0.599053
0.178874	0.564673
0.173948	0.521245
0.169542	0.469457
0.165925	0.41014
0.16331	0.344256
0.161857	0.272879
0.161654	0.197192
0.162722	0.118445
0.165007	0.0379399
0.168381	-0.0430067
0.172647	-0.123098
0.177555	-0.201087
0.182812	-0.275789
0.188104	-0.346096
0.193104	-0.410981
0.1975	-0.469493
0.20101	-0.52076
0.203405	-0.563997
0.204529	-0.598515
0.20431	-0.623738
0.202769	-0.639219
0.200017	-0.644655
0.196247	-0.639903
0.191714	-0.624994
0.186719	-0.600126
0.18158	-0.565674
0.176619	-0.522176
0.172137	-0.470322
0.168398	-0.410944
0.165621	-0.345006
0.163963	-0.273585
0.163519	-0.197861
0.164312	-0.119089
0.166293	-0.0385694
0.169339	0.0423813
0.173262	0.122469
0.177818	0.200448
0.182723	0.275137
0.187669	0.345429
0.192338	0.410299
0.196419	0.468794
0.199636	0.520045
0.201762	0.563266
0.202643	0.59777
0.20221	0.622978
0.200485	0.638444
0.197581	0.643864
0.193691	0.639095
0.189076	0.624165
0.184038	0.599274
0.178899	0.564795
0.173981	0.521268
0.169587	0.469381
0.165981	0.409969
0.16338	0.343993
0.161941	0.272534
0.161751	0.19677
0.162831	0.117955
0.165127	0.0373909
0.16851	-0.043605
0.172781	-0.123736
0.177691	-0.201755
0.182947	-0.276477
0.188234	-0.346796
0.193225	-0.411685
0.197609	-0.470191
0.201103	-0.521444
0.203479	-0.564658
0.204582	-0.599146
0.20434	-0.624331
0.202774	-0.639765
0.199998	-0.645147
0.196203	-0.640335
0.191647	-0.625358
0.186631	-0.60042
0.181474	-0.565892
0.176498	-0.52231
0.172004	-0.470372
0.168258	-0.410909
0.165477	-0.344886
0.163821	-0.273383
0.163382	-0.19758
0.164184	-0.118733
0.166178	-0.0381448
0.169241	0.0428684
0.173183	0.123012
0.17776	0.20104
0.182687	0.275769
0.187655	0.346096
0.192344	0.410992
0.196445	0.469505
0.19968	0.520765
0.201822	0.563987
0.202716	0.598481
0.202292	0.62367
0.200575	0.639107
0.197675	0.644488
0.19379	0.639672
0.189179	0.624686
0.184143	0.599732
0.179009	0.565184
0.174095	0.521582
0.169706	0.469618
0.166107	0.410127
0.163513	0.344071
0.16208	0.272532
0.161897	0.196692
0.162985	0.117803
0.165287	0.0371699
0.168674	-0.0438904
0.172949	-0.124081
0.177861	-0.202154
0.183118	-0.276925
0.188402	-0.347289
0.193389	-0.412216
0.197765	-0.470755
0.201248	-0.522035
0.203609	-0.565268
0.204694	-0.599768
0.204431	-0.624956
0.202843	-0.640385
0.200041	-0.645753
0.19622	-0.640918
0.191639	-0.625909
0.186597	-0.60093
0.181417	-0.566353
0.17642	-0.522717
0.17191	-0.470715
0.168152	-0.411185
0.165363	-0.34509
0.163704	-0.273512
0.163267	-0.197633
0.164076	-0.11871
0.166081	-0.0380465
0.169158	0.0430397
0.173117	0.123253
0.177713	0.201347
0.182661	0.276139
0.18765	0.346522
0.192359	0.411469
0.196478	0.470028
0.199729	0.521325
0.201883	0.564574
0.202787	0.599087
0.20237	0.624285
0.200657	0.639721
0.19776	0.645091
0.193876	0.640254
0.189266	0.625238
0.184231	0.600246
0.179098	0.565653
0.174187	0.521999
0.169802	0.469978
0.166207	0.410425
0.163618	0.344306
0.162191	0.272702
0.162014	0.196795
0.163107	0.117841
0.165414	0.037144
0.168805	-0.043977
0.173082	-0.124226
0.177994	-0.202354
0.183249	-0.277177
0.188529	-0.34759
0.193509	-0.412563
0.197876	-0.471144
0.201347	-0.522461
0.203694	-0.565726
0.204761	-0.600251
0.204477	-0.625457
0.202866	-0.640898
0.20004	-0.64627
0.196194	-0.64143
0.191587	-0.62641
0.186521	-0.60141
0.181319	-0.566805
0.176303	-0.523132
0.171776	-0.471089
0.168006	-0.41151
0.165209	-0.345363
0.163546	-0.273729
0.163111	-0.19779
0.163926	-0.118806
0.165941	-0.0380807
0.169032	0.0430676
0.173008	0.123342
0.177623	0.201496
0.182592	0.276347
0.187603	0.346786
0.192334	0.411787
0.196475	0.470394
0.199745	0.521735
0.201917	0.565024
0.202835	0.599568
0.202431	0.624791
0.200727	0.640243
0.197838	0.645621
0.19396	0.640784
0.189353	0.62576
0.184322	0.600752
0.179192	0.566135
0.174284	0.522453
0.169901	0.470396
0.166308	0.410803
0.163721	0.344638
0.162296	0.272984
0.162121	0.197026
0.163216	0.11802
0.165525	0.0372691
0.168917	-0.0439066
0.173194	-0.12421
0.178106	-0.202394
0.183359	-0.277273
0.188635	-0.347741
0.193611	-0.412768
0.197971	-0.471401
0.201433	-0.522767
0.203768	-0.566079
0.204821	-0.600647
0.204521	-0.62589
0.202891	-0.641361
0.200045	-0.646756
0.196177	-0.641934
0.191549	-0.626922
0.186462	-0.601923
0.18124	-0.56731
0.176206	-0.523623
0.171664	-0.471556
0.167881	-0.411947
0.165076	-0.345762
0.163408	-0.274084
0.16297	-0.198097
0.163787	-0.119059
0.165809	-0.0382754
0.16891	0.0429332
0.1729	0.12327
0.17753	0.201485
0.182515	0.276397
0.187543	0.346899
0.192292	0.41196
0.19645	0.470626
0.199737	0.522023
0.201924	0.565363
0.202856	0.599954
0.202462	0.625218
0.200767	0.640705
0.197885	0.646111
0.194011	0.641295
0.189408	0.626284
0.184379	0.601283
0.17925	0.566665
0.174342	0.522974
0.169959	0.470902
0.166365	0.411287
0.163778	0.345095
0.162352	0.273409
0.162177	0.197413
0.163273	0.118365
0.165582	0.0375669
0.168974	-0.0436591
0.173252	-0.124017
0.178164	-0.202257
0.183417	-0.277196
0.188695	-0.347727
0.193671	-0.412819
0.198031	-0.471518
0.201492	-0.522951
0.203825	-0.566329
0.204874	-0.60096
0.204567	-0.626266
0.202928	-0.641795
0.20007	-0.647244
0.196189	-0.642469
0.191544	-0.627497
0.18644	-0.60253
0.1812	-0.567941
0.176147	-0.52427
0.171586	-0.472211
0.167787	-0.412599
0.164968	-0.346401
0.163289	-0.274701
0.162845	-0.198682
0.163658	-0.119604
0.165679	-0.0387721
0.168783	0.0424932
0.17278	0.122894
0.17742	0.201179
0.182418	0.276166
0.187463	0.346748
0.19223	0.411891
0.196409	0.470643
0.199715	0.522126
0.201923	0.565552
0.202873	0.600228
0.202497	0.625575
0.200816	0.641141
0.197946	0.646621
0.194081	0.641873
0.189484	0.626923
0.184457	0.601973
0.179327	0.567398
0.174416	0.523739
0.170028	0.471688
0.166428	0.412083
0.163834	0.34589
0.162401	0.27419
0.16222	0.19817
0.163311	0.119085
0.165616	0.0382406
0.169007	-0.0430431
0.173286	-0.123468
0.178199	-0.201782
0.183456	-0.276804
0.188739	-0.347425
0.193722	-0.412613
0.198091	-0.471414
0.201561	-0.522953
0.203902	-0.56644
0.204958	-0.601183
0.204657	-0.626599
0.203019	-0.642237
0.200159	-0.64779
0.196271	-0.643113
0.191615	-0.628231
0.186495	-0.603344
0.181235	-0.568823
0.176161	-0.525204
0.171577	-0.473183
0.167754	-0.413594
0.164912	-0.347405
0.163212	-0.275697
0.16275	-0.199654
0.163549	-0.120536
0.165562	-0.0396489
0.168663	0.0416857
0.172663	0.12217
0.177312	0.20055
0.182325	0.275644
0.187391	0.346342
0.192184	0.411611
0.196392	0.470494
0.199731	0.522114
0.201971	0.56568
0.202953	0.600498
0.202605	0.625985
0.20095	0.641688
0.198099	0.6473
0.194249	0.642674
0.189661	0.627836
0.184639	0.602987
0.179509	0.568497
0.174594	0.524908
0.170199	0.47291
0.166589	0.41334
0.163984	0.347162
0.162539	0.27546
0.162346	0.199418
0.163425	0.120291
0.165722	0.0393865
0.169107	-0.0419754
0.173384	-0.122495
0.178298	-0.20092
0.18356	-0.276067
0.188852	-0.346825
0.193848	-0.412163
0.19823	-0.471123
0.201715	-0.522828
0.204071	-0.566487
0.205139	-0.601404
0.204845	-0.626996
0.203211	-0.642806
0.200349	-0.648526
0.196452	-0.644006
0.19178	-0.62927
0.186638	-0.604513
0.181351	-0.570104
0.176246	-0.526578
0.171629	-0.474627
0.167772	-0.415086
0.164897	-0.348921
0.163168	-0.277213
0.16268	-0.201146
0.16346	-0.121981
0.16546	-0.0410243
0.168555	0.0404013
0.172556	0.120996
0.177215	0.199505
0.182244	0.274744
0.187332	0.3456
0.192152	0.411039
0.196391	0.4701
0.199762	0.521905
0.202035	0.565659
0.203048	0.600666
0.202728	0.62634
0.201097	0.642223
0.198265	0.648008
0.194429	0.643545
0.189848	0.628856
0.184828	0.604139
0.179694	0.569765
0.174772	0.526268
0.170366	0.474343
0.166746	0.414824
0.164127	0.348676
0.162669	0.276981
0.162463	0.200922
0.163531	0.121756
0.165819	0.0407909
0.169199	-0.0406531
0.173474	-0.121275
0.178394	-0.199824
0.183666	-0.275112
0.188972	-0.346027
0.193985	-0.411535
0.198388	-0.470677
0.201893	-0.522573
0.204269	-0.566429
0.205353	-0.601546
0.205072	-0.627337
0.203445	-0.643343
0.200583	-0.649251
0.196679	-0.64491
0.191995	-0.630337
0.186834	-0.605728
0.181522	-0.571447
0.176389	-0.528027
0.171743	-0.476159
0.167856	-0.416677
0.164953	-0.350544
0.163197	-0.278844
0.162686	-0.202758
0.163447	-0.123549
0.165433	-0.0425242
0.168521	0.0389927
0.172521	0.1197
0.177187	0.198345
0.18223	0.273737
0.187337	0.344762
0.192182	0.410382
0.196449	0.469636
0.19985	0.521641
0.202151	0.565599
0.203191	0.600811
0.202895	0.626688
0.201282	0.64277
0.198463	0.648744
0.194634	0.644459
0.190054	0.629934
0.18503	0.605363
0.179888	0.571115
0.174955	0.527723
0.170535	0.475881
0.166899	0.416421
0.164265	0.350307
0.162792	0.278621
0.162574	0.202546
0.163632	0.123342
0.165912	0.0423125
0.169288	-0.0392174
0.173565	-0.119947
0.178489	-0.198623
0.18377	-0.274056
0.189088	-0.345134
0.194117	-0.410818
0.198537	-0.470148
0.202059	-0.522241
0.204451	-0.566301
0.205548	-0.601625
0.205275	-0.627622
0.203651	-0.64383
0.200787	-0.649934
0.196874	-0.645778
0.192174	-0.631377
0.186992	-0.606922
0.181656	-0.572776
0.176494	-0.52947
0.171817	-0.477693
0.167899	-0.418277
0.164966	-0.352185
0.163182	-0.2805
0.162648	-0.204405
0.16339	-0.12516
0.165362	-0.0440764
0.168442	0.0375228
0.17244	0.118334
0.177109	0.1971
0.182161	0.272631
0.187282	0.343812
0.192145	0.409601
0.196432	0.469035
0.199857	0.521228
0.202181	0.56538
0.203243	0.600789
0.202967	0.626862
0.20137	0.643137
0.198564	0.649298
0.194742	0.645191
0.190164	0.630832
0.185138	0.606414
0.17999	0.572302
0.175046	0.529028
0.170614	0.477284
0.166964	0.4179
0.164315	0.351841
0.162828	0.280186
0.162596	0.20412
0.163642	0.124899
0.165913	0.0438312
0.169284	-0.0377611
0.173558	-0.118576
0.178486	-0.197358
0.183774	-0.272916
0.189106	-0.344137
0.194151	-0.409981
0.19859	-0.469486
0.202135	-0.521766
0.204548	-0.566022
0.205667	-0.601549
0.205412	-0.627754
0.203802	-0.644171
0.200944	-0.65048
0.197032	-0.646522
0.192324	-0.63231
0.187127	-0.60803
0.18177	-0.574044
0.176581	-0.530876
0.171873	-0.479215
0.167921	-0.419891
0.164953	-0.353865
0.163136	-0.282219
0.162572	-0.206135
0.163288	-0.126874
0.16524	-0.0457454
0.168307	0.0359249
0.1723	0.116833
0.176975	0.195722
0.182041	0.271397
0.187185	0.342742
0.192078	0.408714
0.196401	0.468345
0.199864	0.520748
0.20223	0.565119
0.203332	0.600754
0.203094	0.627056
0.201531	0.643558
0.198753	0.649942
0.194951	0.646049
0.190386	0.631893
0.185364	0.607662
0.180213	0.573719
0.175261	0.530592
0.170816	0.47897
0.167148	0.419683
0.164479	0.353694
0.162971	0.28208
0.162719	0.206024
0.163748	0.126784
0.166006	0.0456663
0.169368	-0.0360041
0.173639	-0.116924
0.17857	-0.195837
0.183867	-0.271551
0.189213	-0.34295
0.194278	-0.408992
0.198741	-0.468711
0.202311	-0.521221
0.20475	-0.565717
0.205891	-0.601492
0.205655	-0.627948
0.204057	-0.644615
0.201204	-0.651168
0.197288	-0.647445
0.192569	-0.633454
0.187351	-0.609378
0.181966	-0.575574
0.176744	-0.532565
0.171998	-0.481037
0.168006	-0.421815
0.164999	-0.355862
0.163144	-0.284258
0.162544	-0.208183
0.163229	-0.128899
0.165156	-0.0477171
0.168206	0.0340375
0.17219	0.115058
0.176862	0.194082
0.181934	0.269919
0.18709	0.341445
0.192003	0.407617
0.196351	0.467465
0.199842	0.520097
0.202239	0.564708
0.203372	0.600587
0.203162	0.627136
0.201624	0.643884
0.198865	0.650508
0.195077	0.646846
0.19052	0.632908
0.185499	0.608879
0.180345	0.575119
0.175383	0.532154
0.170925	0.48067
0.167241	0.421495
0.164555	0.35559
0.16303	0.284032
0.162763	0.208001
0.163778	0.128756
0.166025	0.047604
0.16938	-0.0341303
0.173649	-0.115143
0.178583	-0.194176
0.183889	-0.270036
0.18925	-0.341604
0.194336	-0.407837
0.198823	-0.467767
0.20242	-0.520502
0.204887	-0.565238
0.206055	-0.601263
0.205842	-0.627975
0.204261	-0.6449
0.201419	-0.651711
0.197505	-0.648239
0.192778	-0.634488
0.187543	-0.610638
0.182132	-0.57704
0.176876	-0.534216
0.172091	-0.482845
0.168055	-0.423754
0.165002	-0.357901
0.163102	-0.286364
0.16246	-0.210324
0.163107	-0.131041
0.165002	-0.0498255
0.168027	0.0319958
0.171996	0.113114
0.176666	0.192271
0.181744	0.268266
0.186918	0.339978
0.191858	0.406359
0.19624	0.466435
0.199773	0.519314
0.202214	0.564185
0.203392	0.600335
0.203227	0.627161
0.201728	0.644189
0.199003	0.65109
0.195241	0.647699
0.1907	0.63402
0.185687	0.610235
0.180531	0.576698
0.175561	0.533931
0.171087	0.482618
0.167384	0.423585
0.164676	0.357787
0.163129	0.286303
0.16284	0.210309
0.163838	0.131064
0.166072	0.0498755
0.16942	-0.0319327
0.173691	-0.113054
0.178635	-0.19223
0.183959	-0.268264
0.189347	-0.340035
0.194466	-0.406498
0.198994	-0.466681
0.202635	-0.519691
0.205147	-0.564718
0.206358	-0.601046
0.206185	-0.62807
0.204635	-0.645312
0.201813	-0.652437
0.197907	-0.649272
0.193175	-0.635814
0.187922	-0.612239
0.182479	-0.578893
0.177182	-0.536292
0.172347	-0.485111
0.168256	-0.426174
0.165143	-0.360436
0.163182	-0.288975
0.162481	-0.212968
0.163074	-0.133676
0.164923	-0.0524097
0.167911	0.0295034
0.171854	0.110754
0.176508	0.190075
0.181584	0.26627
0.186767	0.338212
0.191728	0.404851
0.196142	0.46521
0.199713	0.518392
0.202197	0.563583
0.203422	0.600065
0.203301	0.627229
0.201843	0.644597
0.199151	0.651835
0.195413	0.648771
0.190888	0.635404
0.18588	0.61191
0.180718	0.578639
0.175735	0.536109
0.171241	0.484999
0.167513	0.426131
0.164778	0.36046
0.163204	0.289059
0.16289	0.213106
0.163867	0.133856
0.166086	0.0526186
0.169428	-0.0292819
0.173702	-0.110538
0.17866	-0.189888
0.184009	-0.266133
0.189431	-0.33815
0.194595	-0.404889
0.199175	-0.465377
0.202873	-0.518715
0.205443	-0.56409
0.20671	-0.600781
0.206587	-0.628178
0.205079	-0.645797
0.202287	-0.653296
0.198396	-0.650496
0.193664	-0.637388
0.188395	-0.614141
0.182921	-0.581095
0.177579	-0.538761
0.172689	-0.487808
0.168535	-0.429057
0.165354	-0.363461
0.163323	-0.292092
0.162554	-0.21613
0.163083	-0.136833
0.164875	-0.055511
0.167816	0.026505
0.171726	0.107904
0.176358	0.187416
0.181428	0.263841
0.186617	0.336049
0.191596	0.402986
0.196038	0.463671
0.199646	0.517202
0.202173	0.562759
0.203442	0.59962
0.203364	0.627172
0.201945	0.644928
0.199286	0.652549
0.195572	0.649858
0.191061	0.636848
0.186057	0.613688
0.180889	0.580724
0.175892	0.538468
0.171378	0.487591
0.167625	0.428917
0.164864	0.363396
0.163265	0.292099
0.162928	0.216202
0.163886	0.13696
0.166092	0.0556811
0.169429	-0.0263088
0.173708	-0.1077
0.178678	-0.187228
0.18405	-0.263691
0.189505	-0.335964
0.194711	-0.402994
0.19934	-0.463802
0.203092	-0.517488
0.205718	-0.563231
0.207041	-0.600308
0.206967	-0.628102
0.205499	-0.646121
0.202735	-0.65402
0.198858	-0.651612
0.194123	-0.638882
0.188835	-0.61599
0.183325	-0.583272
0.177933	-0.541232
0.17298	-0.490536
0.168752	-0.432
0.165492	-0.366573
0.16338	-0.295326
0.16253	-0.219435
0.162983	-0.140157
0.164705	-0.0588049
0.167587	0.0232919
0.171449	0.10482
0.176046	0.184507
0.181095	0.26115
0.186279	0.333615
0.191266	0.400843
0.195729	0.46185
0.199369	0.51573
0.201935	0.561659
0.203248	0.598907
0.203216	0.626857
0.201841	0.645017
0.199221	0.65304
0.195539	0.650744
0.191052	0.638114
0.186062	0.615315
0.1809	0.582685
0.1759	0.540734
0.171377	0.490127
0.167611	0.431682
0.164834	0.366348
0.163218	0.295192
0.162866	0.219387
0.163812	0.140188
0.166013	0.0589001
0.169351	-0.0231492
0.17364	-0.10465
0.178631	-0.184333
0.184033	-0.260997
0.189529	-0.333512
0.194784	-0.400822
0.19947	-0.461946
0.203285	-0.515977
0.205975	-0.562092
0.207361	-0.599562
0.207346	-0.627765
0.205928	-0.646203
0.203201	-0.654525
0.199345	-0.652536
0.194613	-0.640214
0.189309	-0.617713
0.183766	-0.585362
0.178321	-0.543658
0.173301	-0.493261
0.168995	-0.434984
0.165647	-0.369769
0.163441	-0.298686
0.162494	-0.222906
0.162853	-0.143687
0.164487	-0.062338
0.167289	0.0198096
0.171081	0.101441
0.175624	0.18128
0.180634	0.258123
0.185794	0.330831
0.190775	0.398342
0.195246	0.459668
0.198908	0.513897
0.201506	0.560203
0.20286	0.597849
0.202873	0.626214
0.201544	0.644799
0.198968	0.653252
0.195324	0.651382
0.190866	0.639171
0.185896	0.616775
0.180744	0.584525
0.175745	0.542926
0.171217	0.492638
0.167441	0.434473
0.164651	0.369376
0.16302	0.29841
0.162657	0.222744
0.163594	0.143629
0.165792	0.0623708
0.169135	-0.0197048
0.173439	-0.101287
0.178454	-0.181104
0.183892	-0.257953
0.189435	-0.330699
0.194748	-0.398285
0.199501	-0.459723
0.203389	-0.514106
0.206158	-0.560605
0.207622	-0.598485
0.207681	-0.62712
0.206327	-0.646005
0.203652	-0.654781
0.199831	-0.653249
0.195115	-0.641377
0.189804	-0.619312
0.184231	-0.587375
0.178736	-0.546057
0.173646	-0.496011
0.169253	-0.438042
0.165806	-0.373092
0.163492	-0.302221
0.162434	-0.226601
0.162679	-0.147484
0.164203	-0.0661788
0.166903	0.0159832
0.170605	0.0976861
0.175071	0.177654
0.18002	0.254676
0.185137	0.327613
0.190093	0.395399
0.194559	0.457042
0.198232	0.511626
0.200856	0.558319
0.202249	0.596382
0.202308	0.625186
0.201029	0.644226
0.198503	0.653145
0.194905	0.651745
0.190486	0.639998
0.185545	0.618055
0.180411	0.586241
0.17542	0.545051
0.170891	0.49514
0.167107	0.437315
0.164305	0.372513
0.162661	0.301793
0.162285	0.226319
0.163214	0.147339
0.165409	0.0661551
0.168757	-0.0159076
0.173076	-0.097538
0.178119	-0.177464
0.183598	-0.254478
0.189194	-0.327444
0.194575	-0.395301
0.199407	-0.457059
0.203385	-0.511805
0.20625	-0.558708
0.207813	-0.597028
0.207967	-0.626131
0.206701	-0.64551
0.204099	-0.654796
0.200331	-0.653781
0.195645	-0.642426
0.190337	-0.620868
0.18474	-0.589419
0.179193	-0.548562
0.174027	-0.498941
0.169536	-0.441355
0.165975	-0.376738
0.163534	-0.306146
0.162341	-0.230744
0.16245	-0.15178
0.163839	-0.0705618
0.166411	0.0115817
0.169998	0.093333
0.174365	0.173414
0.179233	0.250611
0.184291	0.323782
0.189209	0.391855
0.19366	0.453836
0.197338	0.508805
0.199989	0.555923
0.201422	0.594445
0.201535	0.623738
0.200318	0.643289
0.197854	0.652736
0.194315	0.651874
0.189947	0.640666
0.185046	0.619255
0.179938	0.587957
0.174959	0.547258
0.17043	0.497807
0.166635	0.440402
0.163817	0.375974
0.162152	0.305575
0.161754	0.230362
0.162663	0.151577
0.164842	0.07052
0.168183	-0.0114863
0.172505	-0.0931308
0.177564	-0.17314
0.183073	-0.250305
0.188717	-0.323485
0.194159	-0.391615
0.199069	-0.453704
0.203139	-0.508834
0.206106	-0.556169
0.207777	-0.594965
0.20804	-0.624584
0.206878	-0.644508
0.204367	-0.654366
0.200672	-0.653937
0.196034	-0.643174
0.190746	-0.622205
0.185137	-0.591329
0.179548	-0.551021
0.174308	-0.501916
0.169718	-0.444806
0.166034	-0.380613
0.163453	-0.310387
0.162107	-0.235288
0.162055	-0.156558
0.163284	-0.0755003
0.165701	0.00655763
0.169143	0.0882978
0.173379	0.168441
0.178135	0.24577
0.183102	0.31914
0.187953	0.387476
0.192363	0.449778
0.196026	0.505123
0.198686	0.552668
0.200151	0.591661
0.200315	0.621467
0.19916	0.641568
0.196766	0.651591
0.193298	0.651323
0.188994	0.64072
0.184147	0.619914
0.17908	0.589214
0.174128	0.549098
0.169611	0.500204
0.165818	0.443323
0.162989	0.379377
0.161308	0.30941
0.160887	0.234573
0.161771	0.1561
0.163928	0.0752832
0.167249	-0.00655747
0.171558	-0.0881132
0.176614	-0.16811
0.182133	-0.245337
0.1878	-0.318653
0.193282	-0.386988
0.198249	-0.449349
0.202392	-0.504814
0.20545	-0.552545
0.207223	-0.591796
0.207597	-0.621922
0.206546	-0.642402
0.204141	-0.652854
0.200538	-0.653052
0.195971	-0.642938
0.190725	-0.622627
0.185127	-0.592411
0.179515	-0.552751
0.174218	-0.504273
0.16954	-0.447755
0.165738	-0.384113
0.163016	-0.314387
0.161512	-0.239727
0.161291	-0.161367
0.162344	-0.0806056
0.164587	0.00123449
0.167861	0.0828376
0.171943	0.162923
0.176563	0.240272
0.181415	0.313736
0.186178	0.382237
0.190528	0.444774
0.194163	0.500417
0.196825	0.548324
0.198322	0.587741
0.198544	0.618024
0.197468	0.638651
0.195165	0.649245
0.191795	0.649584
0.187587	0.639617
0.182827	0.619469
0.177832	0.589438
0.172933	0.549994
0.168448	0.501766
0.16467	0.445533
0.161838	0.382209
0.160138	0.312829
0.159684	0.23853
0.160523	0.160537
0.162626	0.0801341
0.16589	-0.0013672
0.170141	-0.0826616
0.175144	-0.162479
0.180619	-0.239608
0.186256	-0.312907
0.191726	-0.381307
0.196702	-0.443811
0.200879	-0.499498
0.203995	-0.54753
0.20585	-0.587157
0.206325	-0.617733
0.205387	-0.638734
0.203098	-0.649772
0.199606	-0.650612
0.195134	-0.641187
0.189961	-0.621602
0.184406	-0.592135
0.178801	-0.553236
0.173476	-0.505518
0.168732	-0.449745
0.16483	-0.386824
0.161978	-0.31778
0.160319	-0.243752
0.159923	-0.165963
0.16079	-0.0857003
0.16284	-0.0042819
0.165923	0.0769817
0.169822	0.156811
0.174272	0.233989
0.178976	0.307363
0.183616	0.375856
0.187875	0.438463
0.191456	0.494256
0.194102	0.542388
0.195624	0.582109
0.195907	0.612771
0.194924	0.633852
0.192741	0.644971
0.189505	0.645902
0.185437	0.636589
0.180811	0.617148
0.175934	0.587868
0.171129	0.54921
0.16671	0.501793
0.162966	0.446386
0.160137	0.38389
0.158409	0.315327
0.157899	0.241819
0.158656	0.164576
0.160654	0.0848689
0.163792	0.00399688
0.167905	-0.0767445
0.172766	-0.156094
0.178099	-0.232842
0.183603	-0.305848
0.188958	-0.374048
0.193845	-0.436444
0.197966	-0.492121
0.201065	-0.54024
0.202945	-0.580058
0.203483	-0.610931
0.202643	-0.632333
0.200477	-0.643876
0.197123	-0.645321
0.19279	-0.636591
0.187748	-0.617783
0.182301	-0.589162
0.176774	-0.551164
0.171488	-0.504387
0.166742	-0.449583
0.162797	-0.387639
0.159862	-0.319567
0.158085	-0.246485
0.157542	-0.169601
0.158238	-0.0901874
0.160101	-0.00954692
0.162987	0.0710183
0.166691	0.150239
0.170953	0.226896
0.175485	0.299844
0.17998	0.368005
0.184129	0.430378
0.187644	0.486037
0.190275	0.534143
0.191836	0.573947
0.19221	0.604808
0.191367	0.626207
0.18936	0.637764
0.186326	0.639253
0.18247	0.630613
0.178051	0.611953
0.17336	0.583553
0.168705	0.545862
0.164392	0.499487
0.160701	0.445181
0.15787	0.383829
0.156086	0.316431
0.155468	0.244091
0.15607	0.167996
0.15787	0.0893933
0.160775	0.00956442
0.164628	-0.0702121
0.169214	-0.148687
0.174269	-0.224659
0.179505	-0.296998
0.184618	-0.364645
0.189302	-0.426611
0.193274	-0.481988
0.196286	-0.529949
0.198146	-0.569755
0.198732	-0.600773
0.198002	-0.622483
0.195996	-0.634498
0.192837	-0.636576
0.188718	-0.628635
0.18389	-0.610759
0.178641	-0.583199
0.17328	-0.546371
0.168117	-0.500854
0.163443	-0.447376
0.159516	-0.386803
0.156548	-0.320118
0.154688	-0.248415
0.154021	-0.172875
0.15456	-0.0947435
0.156243	-0.0153027
0.158939	0.0641625
0.16245	0.142393
0.166533	0.218181
0.170911	0.290387
0.175291	0.357942
0.179377	0.419849
0.182891	0.475193
0.185591	0.523143
0.18729	0.56296
0.18787	0.594012
0.187289	0.615786
0.185589	0.627902
0.182884	0.630134
0.179357	0.622412
0.175245	0.604833
0.170817	0.577661
0.166362	0.541325
0.16217	0.49641
0.15851	0.443646
0.155619	0.383894
0.153687	0.318123
0.152842	0.247407
0.153143	0.172901
0.154584	0.0958234
0.157084	0.0174266
0.160502	-0.0610324
0.164638	-0.138321
0.169247	-0.213252
0.174062	-0.284707
0.178798	-0.351632
0.183169	-0.413053
0.186906	-0.46807
0.189776	-0.515868
0.191592	-0.555721
0.192232	-0.587004
0.191644	-0.609203
0.189855	-0.621933
0.186968	-0.624949
0.183154	-0.618156
0.178636	-0.601623
0.173684	-0.575576
0.168586	-0.540406
0.163635	-0.496661
0.15911	-0.445037
0.155264	-0.386365
0.152308	-0.321593
0.1504	-0.251777
0.149633	-0.17806
0.150032	-0.101653
0.15155	-0.0238056
0.15407	0.0542202
0.157416	0.131187
0.161356	0.205896
0.165629	0.277218
0.169958	0.344088
0.174059	0.405522
0.177664	0.460611
0.180539	0.508534
0.182496	0.548561
0.18341	0.580066
0.183225	0.602539
0.18196	0.6156
0.179705	0.619011
0.176617	0.61269
0.172903	0.596711
0.168805	0.571313
0.164589	0.536893
0.160527	0.494004
0.156874	0.443342
0.153866	0.38573
0.151697	0.322102
0.150505	0.253492
0.150368	0.181014
0.151297	0.105848
0.153233	0.0292132
0.156057	-0.047661
0.159591	-0.123563
0.163618	-0.197325
0.167889	-0.267833
0.172143	-0.334046
0.176116	-0.394997
0.179557	-0.449795
0.182244	-0.497634
0.183997	-0.537796
0.184692	-0.569661
0.184268	-0.592718
0.182737	-0.60658
0.180177	-0.61099
0.176732	-0.605839
0.172601	-0.591171
0.168026	-0.567183
0.163269	-0.534229
0.158604	-0.492822
0.154295	-0.443612
0.150588	-0.387388
0.147692	-0.325054
0.145769	-0.257619
0.144922	-0.186181
0.14519	-0.111907
0.146544	-0.0360093
0.148889	0.0402843
0.152065	0.115757
0.155864	0.189231
0.160038	0.259581
0.164327	0.325753
0.168462	0.386766
0.172186	0.44172
0.175268	0.489797
0.177521	0.530273
0.178811	0.562525
0.179067	0.586042
0.178288	0.600436
0.176537	0.605457
0.173941	0.600999
0.170675	0.587112
0.166955	0.563999
0.16302	0.532018
0.159114	0.491684
0.155482	0.443647
0.152351	0.388688
0.149917	0.327697
0.14833	0.261663
0.147688	0.191656
0.148022	0.118811
0.149301	0.0443076
0.151429	-0.0306583
0.154257	-0.1049
0.157592	-0.177267
0.161215	-0.246662
0.164884	-0.312049
0.16836	-0.372468
0.171411	-0.427036
0.17383	-0.474953
0.175447	-0.515508
0.176139	-0.548085
0.175839	-0.572175
0.174543	-0.587385
0.172309	-0.593448
0.169257	-0.590239
0.165556	-0.577775
0.16142	-0.55622
0.157083	-0.525896
0.152796	-0.487264
0.148803	-0.440933
0.145337	-0.387639
0.1426	-0.328236
0.140754	-0.263682
0.139907	-0.195021
0.140112	-0.12337
0.141358	-0.0498884
0.143567	0.0242333
0.146603	0.0978121
0.150278	0.169693
0.154368	0.238769
0.158626	0.303996
0.162798	0.364401
0.166639	0.419089
0.169927	0.467249
0.172472	0.508161
0.174137	0.541201
0.174837	0.565856
0.174549	0.581728
0.173313	0.588551
0.171225	0.586196
0.168433	0.57468
0.16512	0.554168
0.161495	0.524979
0.157784	0.487574
0.154212	0.442556
0.150994	0.390655
0.148325	0.332713
0.146366	0.269667
0.145227	0.202539
0.144965	0.132414
0.145575	0.0604256
0.146991	-0.0122712
0.149093	-0.0845214
0.151716	-0.155198
0.154663	-0.223217
0.157721	-0.287558
0.160673	-0.347269
0.163307	-0.401476
0.16543	-0.449383
0.166883	-0.490283
0.167546	-0.523563
0.167348	-0.548714
0.166272	-0.565335
0.164359	-0.573149
0.161702	-0.572011
0.158445	-0.561913
0.154769	-0.542989
