0	0
0	0
0.0330197	-1.1095e-005
0.0583325	-1.78562e-005
0.085479	-2.60306e-005
0.111631	-3.32923e-005
0.137072	-4.05746e-005
0.16137	-4.72616e-005
0.18431	-5.33638e-005
0.205667	-5.88417e-005
0.225257	-6.37055e-005
0.242925	-6.80085e-005
0.258547	-7.13699e-005
0.272029	-7.40738e-005
0.283298	-7.56535e-005
0.29231	-7.59065e-005
0.299038	-7.4232e-005
0.303479	-6.88998e-005
0.305653	-5.874e-005
0.3056	-4.14516e-005
0.303383	-1.56103e-005
0.29909	2.18602e-005
0.292828	7.45911e-005
0.284728	0.000145578
0.274941	0.000238653
0.263637	0.000358773
0.251001	0.000510536
0.237231	0.00069967
0.222534	0.000930897
0.207121	0.00121041
0.191208	0.00154387
0.175007	0.00193684
0.158729	0.00239471
0.142575	0.00292147
0.126739	0.00352341
0.111401	0.00420365
0.0967293	0.00496635
0.0828783	0.00581604
0.0699822	0.00675543
0.0581619	0.0077885
0.0475146	0.00891582
0.0381219	0.010139
0.0300464	0.0114585
0.0233319	0.0128731
0.0180046	0.0143817
0.0140712	0.0159818
0.011521	0.01767
0.0103266	0.0194423
0.0104446	0.0212939
0.0118171	0.0232193
0.0143728	0.0252116
0.0180275	0.0272646
0.0226864	0.0293708
0.028245	0.0315227
0.0345901	0.0337119
0.0416033	0.0359301
0.0491598	0.0381685
0.0571325	0.040418
0.0653936	0.0426703
0.0738152	0.0449164
0.0822713	0.0471474
0.0906402	0.0493554
0.0988044	0.0515314
0.106653	0.0536672
0.114083	0.0557544
0.121	0.0577837
0.12732	0.0597462
0.132968	0.061633
0.137882	0.0634337
0.14201	0.0651374
0.145315	0.0667328
0.147772	0.068208
0.149369	0.0695491
0.150105	0.070741
0.149993	0.071767
0.149058	0.0726095
0.147336	0.073252
0.144871	0.0736744
0.141719	0.0738565
0.137942	0.0737767
0.13361	0.073414
0.128798	0.0727473
0.123584	0.0717565
0.11805	0.0704222
0.11228	0.0687268
0.106356	0.0666545
0.100359	0.0641924
0.0943696	0.0613289
0.0884629	0.0580565
0.0827105	0.0543636
0.0771798	0.0502479
0.0719319	0.0457089
0.0670225	0.0407502
0.0625016	0.0353769
0.0584121	0.029598
0.0547922	0.0234203
0.0516724	0.0168586
0.0490782	0.00992901
0.0470297	0.00265104
0.0455422	-0.00495253
0.0446267	-0.012857
0.0442914	-0.0210354
0.0445409	-0.0294589
0.0453763	-0.0380971
0.0467955	-0.0469171
0.0487916	-0.0558839
0.051353	-0.0649596
0.0544636	-0.0741018
0.0581011	-0.0832659
0.0622386	-0.0924022
0.0668426	-0.101458
0.071877	-0.110378
0.0772974	-0.119099
0.0830534	-0.127556
0.0890902	-0.135683
0.0953484	-0.143406
0.101764	-0.150652
0.108269	-0.157348
0.114793	-0.163415
0.121263	-0.16878
0.127606	-0.17337
0.133745	-0.177112
0.139609	-0.179937
0.145124	-0.181779
0.150222	-0.182577
0.154836	-0.182272
0.158906	-0.180814
0.162377	-0.178157
0.165201	-0.174257
0.16734	-0.169076
0.168762	-0.162572
0.169451	-0.154714
0.169402	-0.14547
0.16863	-0.134811
0.167169	-0.12271
0.165077	-0.109151
0.162435	-0.094128
0.159348	-0.077657
0.155938	-0.0597813
0.152344	-0.0405772
0.148708	-0.0201608
0.145168	0.001313
0.141852	0.0236502
0.138872	0.0466223
0.13632	0.0699699
0.134268	0.0934119
0.132764	0.11665
0.131835	0.139377
0.131483	0.161284
0.131692	0.182065
0.132425	0.201427
0.133626	0.219089
0.135227	0.234795
0.137146	0.248309
0.139293	0.259424
0.14157	0.26796
0.143875	0.273765
0.146107	0.276714
0.148167	0.276709
0.149963	0.273673
0.151419	0.267557
0.152473	0.258334
0.153085	0.246001
0.153242	0.230581
0.152961	0.212123
0.15229	0.190705
0.151307	0.166443
0.15012	0.139488
0.148859	0.110034
0.147671	0.0783213
0.146708	0.0446385
0.146119	0.00932431
0.14604	-0.0272373
0.146584	-0.0646184
0.147837	-0.102355
0.149849	-0.139959
0.152633	-0.176925
0.15616	-0.212743
0.160366	-0.246913
0.16515	-0.278952
0.170379	-0.308405
0.1759	-0.334852
0.181538	-0.357912
0.18711	-0.377247
0.192428	-0.392566
0.197301	-0.403621
0.201548	-0.410206
0.205007	-0.412157
0.207544	-0.409343
0.209061	-0.401672
0.209511	-0.389097
0.208898	-0.371613
0.207289	-0.349265
0.204808	-0.322161
0.201625	-0.290474
0.197953	-0.254451
0.194029	-0.21442
0.190098	-0.170786
0.186402	-0.124032
0.18316	-0.0747147
0.18056	-0.0234545
0.17875	0.0290726
0.177827	0.0821479
0.177839	0.135031
0.178781	0.186974
0.180594	0.237243
0.183172	0.285128
0.186371	0.329969
0.190013	0.371154
0.193902	0.408133
0.197821	0.44042
0.20155	0.467591
0.204867	0.489278
0.207567	0.505183
0.209463	0.515059
0.210401	0.51872
0.210269	0.516033
0.209005	0.506922
0.206605	0.491367
0.203136	0.469407
0.198731	0.441149
0.193592	0.406775
0.187981	0.366561
0.182204	0.320865
0.176589	0.270148
0.171471	0.214966
0.16717	0.155972
0.163972	0.0939107
0.162108	0.0296045
0.161749	-0.0360571
0.162986	-0.102138
0.165831	-0.167679
0.170213	-0.231726
0.175983	-0.293355
0.182926	-0.351694
0.190776	-0.405939
0.19923	-0.455363
0.207957	-0.499322
0.216612	-0.537251
0.224848	-0.568674
0.232335	-0.593188
0.238767	-0.610465
0.243882	-0.620244
0.247478	-0.622337
0.249419	-0.616626
0.24965	-0.603064
0.248209	-0.581688
0.245219	-0.552618
0.240891	-0.516077
0.235509	-0.472391
0.229405	-0.422002
0.222945	-0.365464
0.216503	-0.303439
0.210439	-0.2367
0.205086	-0.166112
0.20073	-0.0926298
0.197596	-0.0172791
0.195839	0.058859
0.195531	0.134676
0.196656	0.209074
0.199115	0.280995
0.20273	0.349447
0.207269	0.41352
0.212456	0.472396
0.21798	0.525351
0.223515	0.571752
0.22873	0.611057
0.233304	0.642807
0.236936	0.666626
0.239365	0.682213
0.240376	0.68934
0.239822	0.687853
0.237635	0.677665
0.233843	0.65877
0.228573	0.631242
0.222055	0.595259
0.214611	0.551109
0.206639	0.499202
0.198581	0.440082
0.1909	0.37442
0.184047	0.303019
0.178437	0.226809
0.174424	0.146822
0.172287	0.0641875
0.172205	-0.0198889
0.17425	-0.104155
0.178381	-0.187348
0.184439	-0.268239
0.192169	-0.345667
0.201231	-0.418562
0.211233	-0.485961
0.221742	-0.54701
0.232307	-0.600961
0.242471	-0.647167
0.251793	-0.685071
0.259873	-0.714209
0.266371	-0.7342
0.271023	-0.744746
0.273656	-0.745641
0.274202	-0.73677
0.272706	-0.718123
0.269329	-0.689799
0.264336	-0.652038
0.258072	-0.605226
0.250944	-0.549893
0.243386	-0.486716
0.235831	-0.416509
0.228697	-0.340214
0.222358	-0.258893
0.217131	-0.173714
0.213264	-0.0859269
0.210923	0.00315217
0.210171	0.0921813
0.210964	0.17984
0.213158	0.264868
0.216519	0.346095
0.220749	0.422448
0.225498	0.492955
0.230392	0.556749
0.235047	0.613057
0.239092	0.661197
0.242187	0.700575
0.244044	0.730686
0.244442	0.751106
0.24324	0.761508
0.240394	0.761654
0.235965	0.751415
0.230126	0.730773
0.22316	0.699843
0.215446	0.658896
0.207427	0.608363
0.199589	0.548845
0.19242	0.481109
0.186384	0.406081
0.181888	0.324836
0.179263	0.238577
0.178739	0.148625
0.180437	0.0563801
0.184353	-0.0367037
0.190352	-0.129169
0.198172	-0.219607
0.207445	-0.306692
0.217723	-0.389198
0.228503	-0.466009
0.239256	-0.536106
0.249459	-0.59857
0.258623	-0.652568
0.266324	-0.697358
0.27223	-0.732285
0.276125	-0.756804
0.277919	-0.770485
0.277655	-0.773035
0.275501	-0.764309
0.271737	-0.744332
0.266725	-0.713321
0.260871	-0.671691
0.254601	-0.620035
0.248329	-0.559124
0.24243	-0.489892
0.23723	-0.413425
0.232989	-0.330939
0.229892	-0.243766
0.22804	-0.153325
0.227444	-0.0610824
0.228013	0.0314916
0.229564	0.12297
0.231823	0.211989
0.234462	0.297269
0.237105	0.377609
0.239366	0.451888
0.240872	0.519061
0.241293	0.578164
0.240374	0.628321
0.237954	0.668756
0.233985	0.698807
0.228537	0.717943
0.221803	0.725784
0.214084	0.72212
0.205777	0.706931
0.197339	0.680409
0.18925	0.642953
0.18198	0.595161
0.175963	0.537824
0.171562	0.471911
0.169053	0.398551
0.168609	0.319008
0.170289	0.23466
0.174039	0.146961
0.179691	0.0574053
0.186961	-0.0325139
0.195473	-0.121348
0.204772	-0.20771
0.214363	-0.290289
0.223732	-0.367844
0.232391	-0.439216
0.239902	-0.503323
0.245914	-0.559181
0.250184	-0.605912
0.252592	-0.642765
0.253146	-0.669138
0.251973	-0.684596
0.249307	-0.688892
0.245463	-0.681977
0.240798	-0.664003
0.235689	-0.635317
0.230504	-0.596452
0.225579	-0.548115
0.221202	-0.491169
0.217599	-0.426623
0.214933	-0.35561
0.213296	-0.279367
0.212707	-0.199211
0.213115	-0.116503
0.214395	-0.0326132
0.21636	0.0511137
0.218765	0.133377
0.221327	0.212945
0.223736	0.288651
0.225673	0.35939
0.226837	0.424125
0.22696	0.481882
0.225839	0.531776
0.223353	0.573014
0.219478	0.604915
0.214289	0.626931
0.207962	0.638662
0.200764	0.639879
0.193033	0.630524
0.185158	0.610729
0.177545	0.580814
0.170597	0.541277
0.164684	0.492791
0.160128	0.436185
0.157172	0.37244
0.155986	0.302654
0.156646	0.228035
0.159135	0.14987
0.163346	0.0694951
0.169078	-0.0117374
0.176051	-0.092496
0.183919	-0.171495
0.192293	-0.247511
0.200762	-0.319398
0.208916	-0.386083
0.216371	-0.446577
0.222789	-0.499971
0.227904	-0.545449
0.231535	-0.582298
0.233597	-0.609926
0.234106	-0.627873
0.233169	-0.635834
0.23098	-0.633658
0.227793	-0.62137
0.223904	-0.599163
0.219627	-0.567399
0.215278	-0.526602
0.211155	-0.477444
0.207521	-0.420734
0.20459	-0.357411
0.202526	-0.288525
0.20143	-0.215226
0.201339	-0.138735
0.202218	-0.0603192
0.203968	0.0187409
0.206423	0.0971884
0.209369	0.173814
0.212547	0.247472
0.215676	0.317091
0.218464	0.381675
0.220623	0.440298
0.221891	0.492102
0.222053	0.53631
0.220963	0.572226
0.218554	0.599253
0.214854	0.616907
0.209984	0.624837
0.204153	0.622842
0.197644	0.610881
0.190794	0.589082
0.183968	0.557748
0.177535	0.517343
0.17185	0.468499
0.167232	0.41199
0.163945	0.348726
0.162186	0.279744
0.162076	0.206184
0.163649	0.129278
0.166855	0.0503037
0.171554	-0.0294307
0.177523	-0.108631
0.184474	-0.186047
0.192062	-0.260493
0.199911	-0.330853
0.207631	-0.396096
0.21484	-0.455271
0.221189	-0.507502
0.226382	-0.551997
0.2302	-0.588054
0.232518	-0.61508
0.233306	-0.6326
0.232639	-0.640282
0.230681	-0.637948
0.227672	-0.625585
0.223899	-0.603351
0.219681	-0.571576
0.215341	-0.530752
0.211193	-0.481523
0.207516	-0.424669
0.204549	-0.361108
0.202476	-0.291871
0.201423	-0.218094
0.201447	-0.140992
0.202536	-0.0618334
0.204604	0.0180913
0.207495	0.0975096
0.210997	0.175195
0.21485	0.249983
0.218762	0.320791
0.222423	0.386612
0.225521	0.446512
0.227764	0.499631
0.2289	0.545177
0.228744	0.582442
0.22719	0.610806
0.224233	0.629761
0.219964	0.638924
0.214572	0.638058
0.208331	0.627087
0.201577	0.606104
0.194683	0.575381
0.188035	0.535356
0.18201	0.486638
0.176955	0.429987
0.17316	0.366304
0.170852	0.296627
0.17018	0.222104
0.171207	0.143977
0.173901	0.0635516
0.178144	-0.0178347
0.183721	-0.0988557
0.190347	-0.178227
0.197674	-0.254726
0.205316	-0.32721
0.212869	-0.394619
0.219931	-0.455965
0.226131	-0.510342
0.231155	-0.556921
0.234768	-0.594964
0.236835	-0.62384
0.237323	-0.64304
0.236311	-0.652196
0.233973	-0.651102
0.230565	-0.639726
0.226393	-0.618213
0.221796	-0.586883
0.217115	-0.546228
0.212678	-0.496899
0.208776	-0.439697
0.205653	-0.375555
0.203498	-0.30553
0.202433	-0.23078
0.202512	-0.152552
0.203713	-0.0721419
0.205941	0.00913214
0.209026	0.0899719
0.212742	0.169127
0.216811	0.245411
0.220924	0.317715
0.224753	0.385006
0.22797	0.446322
0.230274	0.50077
0.231408	0.547531
0.231189	0.585869
0.229521	0.61514
0.226411	0.634821
0.22197	0.644526
0.216405	0.644015
0.210007	0.633216
0.203127	0.612236
0.19615	0.581361
0.18947	0.54105
0.183464	0.491936
0.178475	0.434803
0.174786	0.370581
0.172611	0.300333
0.172083	0.225232
0.173247	0.146544
0.176056	0.0655924
0.180369	-0.0162731
0.185959	-0.0977187
0.192526	-0.177455
0.199711	-0.254257
0.207124	-0.326977
0.21436	-0.394547
0.22102	-0.455973
0.226745	-0.510337
0.231239	-0.556805
0.234289	-0.594637
0.235783	-0.623201
0.235715	-0.641997
0.234187	-0.650672
0.231392	-0.649035
0.227602	-0.637074
0.223133	-0.614955
0.218327	-0.583021
0.213528	-0.541786
0.209057	-0.491927
0.205199	-0.43426
0.202187	-0.369737
0.200194	-0.299431
0.199329	-0.224515
0.199626	-0.146244
0.201048	-0.065918
0.203483	0.0151463
0.206749	0.0956566
0.210604	0.174366
0.214767	0.2501
0.218922	0.321756
0.222742	0.388305
0.225905	0.448791
0.228117	0.502326
0.229136	0.548098
0.228796	0.585381
0.227018	0.613547
0.223828	0.632096
0.219351	0.640658
0.213805	0.639021
0.207489	0.627142
0.200752	0.605153
0.193974	0.573369
0.187541	0.532271
0.181816	0.482514
0.177124	0.4249
0.173732	0.36037
0.171835	0.289997
0.17155	0.214956
0.172907	0.136513
0.175846	0.0559836
0.180218	-0.025295
0.185792	-0.106004
0.192267	-0.184873
0.199291	-0.260695
0.206482	-0.332341
0.213446	-0.398762
0.219801	-0.458982
0.225205	-0.512102
0.229375	-0.557308
0.232114	-0.593879
0.233322	-0.621205
0.233004	-0.638806
0.231266	-0.646346
0.228307	-0.643657
0.224396	-0.630739
0.219848	-0.607773
0.215002	-0.575112
0.210196	-0.533276
0.20575	-0.482948
0.201944	-0.424944
0.199008	-0.360219
0.197112	-0.289843
0.196362	-0.214986
0.196791	-0.136897
0.198357	-0.0568692
0.200946	0.0237874
0.204372	0.10379
0.208393	0.1819
0.212725	0.256954
0.217056	0.32786
0.221057	0.393601
0.224407	0.453234
0.226814	0.505885
0.228038	0.550756
0.227911	0.587137
0.226356	0.614418
0.223395	0.632107
0.21915	0.639848
0.213838	0.637441
0.207749	0.624854
0.20123	0.60223
0.194655	0.569888
0.1884	0.528316
0.182826	0.478172
0.178252	0.420258
0.174941	0.355516
0.173087	0.285013
0.172807	0.209924
0.174133	0.131508
0.177008	0.051075
0.181289	-0.0300444
0.186747	-0.110538
0.193089	-0.189143
0.199971	-0.264659
0.207015	-0.335968
0.213833	-0.402028
0.220049	-0.461874
0.225322	-0.514615
0.229371	-0.559445
0.231997	-0.59565
0.233099	-0.622624
0.232679	-0.639889
0.230842	-0.647112
0.227784	-0.644123
0.223775	-0.630921
0.21913	-0.607686
0.214192	-0.574768
0.209302	-0.532686
0.204783	-0.482118
0.200917	-0.423883
0.197941	-0.358933
0.196029	-0.288338
0.195289	-0.213268
0.195756	-0.134975
0.197391	-0.0547549
0.20008	0.0260811
0.203635	0.106246
0.207815	0.184502
0.212328	0.259679
0.216858	0.330684
0.221072	0.3965
0.224644	0.456181
0.227274	0.508854
0.228716	0.553722
0.228799	0.590073
0.227441	0.617297
0.22466	0.634901
0.220577	0.642531
0.215406	0.639987
0.20944	0.627239
0.203022	0.604431
0.196527	0.571884
0.190334	0.530092
0.1848	0.479712
0.180248	0.42155
0.17694	0.356552
0.17507	0.285788
0.174758	0.210436
0.176035	0.131759
0.178845	0.05107
0.183047	-0.0302955
0.188414	-0.111024
0.194654	-0.189849
0.201422	-0.265572
0.208344	-0.337072
0.215032	-0.403306
0.221109	-0.463308
0.226233	-0.516186
0.230125	-0.561129
0.232587	-0.597422
0.233518	-0.624456
0.232924	-0.641751
0.230912	-0.648971
0.227682	-0.645944
0.223509	-0.632668
0.218713	-0.609323
0.21364	-0.576262
0.208636	-0.534003
0.204027	-0.483231
0.2001	-0.424767
0.197091	-0.359567
0.195175	-0.288709
0.194461	-0.21337
0.194983	-0.134806
0.196697	-0.0543193
0.199485	0.0267718
0.203155	0.107177
0.207458	0.185655
0.212101	0.26103
0.216758	0.332206
0.221095	0.398162
0.224777	0.457948
0.227505	0.510686
0.229032	0.555575
0.229186	0.591903
0.227887	0.619058
0.225159	0.636549
0.221125	0.644024
0.216004	0.641288
0.210091	0.628317
0.203732	0.605262
0.1973	0.572453
0.191176	0.530391
0.185713	0.479741
0.18123	0.421319
0.177986	0.356076
0.176172	0.285091
0.1759	0.209546
0.177199	0.130709
0.18001	0.0498955
0.184186	-0.0315579
0.189501	-0.112338
0.195661	-0.191182
0.202322	-0.26689
0.209111	-0.338345
0.215641	-0.404505
0.22154	-0.464406
0.226471	-0.517155
0.230159	-0.561944
0.232411	-0.598058
0.233134	-0.62489
0.232337	-0.641964
0.230135	-0.648946
0.226732	-0.645669
0.222406	-0.632137
0.217482	-0.608532
0.212307	-0.575213
0.20723	-0.532705
0.202577	-0.481694
0.198633	-0.423009
0.195636	-0.357611
0.193757	-0.286581
0.193102	-0.211101
0.193701	-0.13243
0.195507	-0.0518741
0.198397	0.0292494
0.202175	0.109649
0.206588	0.188084
0.211338	0.263378
0.216098	0.334437
0.220528	0.400239
0.224295	0.459835
0.227098	0.512349
0.228692	0.556981
0.228908	0.59302
0.22767	0.619859
0.225004	0.637011
0.221037	0.644134
0.21599	0.641039
0.210158	0.627709
0.203888	0.604307
0.197552	0.571169
0.191526	0.528804
0.186161	0.477887
0.18177	0.419235
0.178607	0.353808
0.176859	0.282685
0.176634	0.207053
0.177957	0.128179
0.180768	0.0473801
0.184917	-0.0340108
0.190178	-0.114684
0.196258	-0.19338
0.202814	-0.268905
0.209477	-0.340148
0.215865	-0.40607
0.221609	-0.465711
0.226376	-0.518182
0.229897	-0.56268
0.231984	-0.598493
0.232546	-0.625021
0.231597	-0.641789
0.229255	-0.64847
0.225727	-0.644899
0.221292	-0.631085
0.216276	-0.607214
0.211028	-0.573647
0.205897	-0.530911
0.201209	-0.479697
0.197252	-0.420835
0.194261	-0.355287
0.192408	-0.284137
0.191797	-0.208567
0.192458	-0.129839
0.19434	-0.0492583
0.19732	0.0318574
0.201197	0.112216
0.205717	0.190579
0.210577	0.265771
0.215449	0.3367
0.219991	0.402343
0.223869	0.461755
0.226782	0.514061
0.228482	0.558463
0.228801	0.594255
0.227664	0.620832
0.225096	0.637713
0.221227	0.644558
0.216277	0.641185
0.21054	0.627583
0.204364	0.603918
0.198117	0.570534
0.192173	0.527942
0.18688	0.47682
0.182549	0.417993
0.179431	0.352418
0.177711	0.281178
0.177498	0.20546
0.178813	0.126532
0.181597	0.0457103
0.185702	-0.0356743
0.1909	-0.116314
0.196902	-0.194952
0.203367	-0.270399
0.20993	-0.341545
0.21621	-0.407355
0.221841	-0.466872
0.226492	-0.51921
0.229897	-0.563568
0.231867	-0.599237
0.232316	-0.625616
0.231257	-0.642235
0.228809	-0.648766
0.225181	-0.645045
0.220654	-0.631081
0.215554	-0.607062
0.210233	-0.573348
0.205042	-0.530468
0.200307	-0.479112
0.196319	-0.420112
0.193314	-0.354432
0.191466	-0.283156
0.190879	-0.207469
0.191581	-0.128634
0.193522	-0.047957
0.196575	0.0332407
0.20054	0.113667
0.205157	0.19208
0.210122	0.267307
0.215105	0.338251
0.219759	0.403892
0.22375	0.463281
0.226773	0.515546
0.22858	0.559887
0.229	0.595599
0.227958	0.622079
0.225482	0.638847
0.221698	0.645566
0.216827	0.642055
0.211164	0.628306
0.205054	0.604489
0.198868	0.570951
0.192977	0.528207
0.187729	0.476938
0.183431	0.417968
0.180336	0.352262
0.178627	0.280902
0.17841	0.205076
0.179708	0.126054
0.18246	0.0451522
0.18652	-0.0362975
0.19166	-0.116987
0.197593	-0.195663
0.203979	-0.271136
0.210454	-0.342296
0.21664	-0.408112
0.222171	-0.467626
0.22672	-0.519954
0.23002	-0.564294
0.231885	-0.599937
0.232227	-0.626284
0.231064	-0.642861
0.228514	-0.649342
0.224789	-0.645562
0.22017	-0.631531
0.214986	-0.607434
0.209592	-0.573634
0.204339	-0.530659
0.199557	-0.479201
0.195536	-0.42009
0.192516	-0.354296
0.190669	-0.282902
0.190101	-0.207097
0.19084	-0.128147
0.192835	-0.047358
0.195956	0.0339456
0.200001	0.114469
0.204707	0.19297
0.209768	0.268273
0.214849	0.339279
0.219603	0.404967
0.22369	0.464387
0.226805	0.516664
0.228698	0.560998
0.229199	0.596683
0.228233	0.623116
0.225826	0.639818
0.222108	0.646453
0.217298	0.642844
0.211694	0.628986
0.20564	0.605051
0.199506	0.571392
0.193663	0.528524
0.188455	0.477132
0.18419	0.418046
0.181118	0.352229
0.17942	0.280768
0.179202	0.204854
0.180486	0.125755
0.18321	0.0447902
0.187227	-0.0367093
0.192312	-0.117437
0.198178	-0.19614
0.204487	-0.271629
0.210876	-0.342797
0.216968	-0.408613
0.222401	-0.468121
0.226846	-0.520435
0.23004	-0.564755
0.231799	-0.600374
0.232036	-0.626688
0.23077	-0.643228
0.228122	-0.649665
0.224303	-0.645836
0.219597	-0.631748
0.214336	-0.607589
0.208874	-0.57372
0.203566	-0.530671
0.198742	-0.479133
0.194696	-0.419939
0.191667	-0.354058
0.189828	-0.282578
0.189284	-0.206686
0.190061	-0.12765
0.192109	-0.0467825
0.195295	0.0345944
0.199414	0.115184
0.204203	0.193741
0.209351	0.26909
0.214521	0.340132
0.219364	0.405841
0.223538	0.465268
0.226735	0.517536
0.228705	0.561845
0.229279	0.597488
0.228381	0.623864
0.226038	0.640493
0.222381	0.647042
0.217631	0.643337
0.212084	0.629374
0.206086	0.605332
0.200004	0.571564
0.194208	0.528591
0.189042	0.477099
0.184811	0.417921
0.181761	0.352023
0.180075	0.280493
0.179856	0.204522
0.181125	0.125381
0.183821	0.0443857
0.187797	-0.0371321
0.192827	-0.117867
0.198626	-0.196568
0.204861	-0.272048
0.211168	-0.343202
0.217173	-0.409
0.222515	-0.468486
0.22687	-0.520778
0.229973	-0.565075
0.231642	-0.600669
0.231791	-0.62696
0.230439	-0.643475
0.227708	-0.649887
0.22381	-0.646029
0.21903	-0.631912
0.213701	-0.607719
0.208179	-0.573812
0.20282	-0.53072
0.197957	-0.479133
0.193885	-0.419885
0.190843	-0.353946
0.189007	-0.282403
0.188482	-0.206444
0.189294	-0.12734
0.191391	-0.0464033
0.19464	0.0350412
0.198835	0.115696
0.203707	0.194316
0.208947	0.269721
0.214214	0.340812
0.219155	0.406564
0.223428	0.466023
0.226722	0.518312
0.228786	0.562631
0.229449	0.598271
0.228635	0.624631
0.226371	0.641234
0.222788	0.647746
0.218107	0.643993
0.212623	0.629977
0.206681	0.605876
0.200649	0.572045
0.194895	0.529008
0.189761	0.477454
0.185552	0.418216
0.182512	0.352261
0.180823	0.280677
0.180588	0.204657
0.181828	0.125472
0.184483	0.0444399
0.188405	-0.037111
0.193371	-0.117876
0.199097	-0.1966
0.20525	-0.272102
0.211469	-0.343278
0.217385	-0.409097
0.222637	-0.468605
0.2269	-0.520921
0.229913	-0.565243
0.231493	-0.600864
0.231554	-0.627181
0.230118	-0.643721
0.227304	-0.650157
0.223327	-0.646319
0.218473	-0.632217
0.213075	-0.608033
0.20749	-0.574127
0.202078	-0.531028
0.197171	-0.479426
0.193067	-0.420154
0.190008	-0.354181
0.188169	-0.282594
0.187656	-0.206585
0.188496	-0.127423
0.190636	-0.0464224
0.193942	0.0350913
0.198206	0.115818
0.20316	0.19451
0.208489	0.269989
0.213851	0.341151
0.21889	0.406969
0.223262	0.46649
0.226655	0.518834
0.228816	0.563199
0.229572	0.598877
0.228845	0.625266
0.226664	0.641887
0.223158	0.648409
0.218547	0.644657
0.213128	0.630635
0.207243	0.606521
0.20126	0.572673
0.195545	0.529614
0.190441	0.478035
0.186251	0.418769
0.183219	0.352784
0.181526	0.28117
0.181274	0.205118
0.182487	0.1259
0.185103	0.0448311
0.188978	-0.0367582
0.193889	-0.117564
0.199552	-0.196332
0.205638	-0.271882
0.21179	-0.34311
0.217635	-0.408988
0.222818	-0.46856
0.227013	-0.520945
0.229957	-0.565342
0.231469	-0.60104
0.231464	-0.627439
0.22996	-0.644063
0.227079	-0.65058
0.223035	-0.64682
0.218113	-0.632788
0.212648	-0.608667
0.207001	-0.574811
0.20153	-0.531748
0.196573	-0.480165
0.19243	-0.420896
0.189341	-0.354908
0.187489	-0.28329
0.186977	-0.207232
0.187834	-0.128005
0.190007	-0.0469247
0.193361	0.0346804
0.197688	0.115509
0.202718	0.194311
0.208132	0.269904
0.213588	0.341184
0.218726	0.407122
0.2232	0.466761
0.226694	0.519219
0.228955	0.563693
0.229806	0.599472
0.229169	0.625952
0.22707	0.642655
0.223639	0.649246
0.219095	0.645553
0.213734	0.631577
0.207899	0.607499
0.201957	0.573675
0.196273	0.53063
0.191188	0.479055
0.187006	0.419784
0.183971	0.353785
0.182262	0.282148
0.181984	0.206065
0.18316	0.126807
0.18573	0.04569
0.18955	-0.035955
0.1944	-0.116825
0.199998	-0.195666
0.206016	-0.271299
0.212099	-0.342619
0.217875	-0.408598
0.22299	-0.468278
0.227117	-0.52078
0.229996	-0.565299
0.231443	-0.601126
0.231373	-0.627655
0.229804	-0.644409
0.226856	-0.651054
0.222744	-0.647417
0.217754	-0.633498
0.212223	-0.609476
0.206513	-0.575705
0.200984	-0.532708
0.195976	-0.481173
0.191791	-0.42193
0.188674	-0.355946
0.186806	-0.284311
0.186295	-0.208214
0.187169	-0.128929
0.189375	-0.0477711
0.192778	0.033929
0.19717	0.114867
0.202274	0.193788
0.207774	0.269511
0.213322	0.340927
0.218558	0.407004
0.223132	0.466785
0.226726	0.519382
0.229082	0.563991
0.230026	0.5999
0.229476	0.626503
0.227458	0.643318
0.2241	0.650011
0.219621	0.64641
0.214315	0.632514
0.208526	0.608505
0.20262	0.574737
0.196962	0.531738
0.191893	0.480197
0.187716	0.420949
0.184673	0.354962
0.182946	0.283326
0.182638	0.207231
0.183773	0.12795
0.186293	0.0467986
0.190055	-0.0348939
0.194843	-0.115824
0.200374	-0.194738
0.206325	-0.270456
0.21234	-0.341874
0.218051	-0.407963
0.223101	-0.467767
0.227168	-0.520403
0.229988	-0.565066
0.231378	-0.601045
0.23125	-0.627733
0.229623	-0.644648
0.226618	-0.651452
0.222446	-0.647971
0.217396	-0.6342
0.211805	-0.610314
0.206035	-0.576664
0.20045	-0.533769
0.195393	-0.482315
0.191166	-0.42313
0.18802	-0.35718
0.186135	-0.285553
0.185622	-0.209439
0.186508	-0.130111
0.188743	-0.0488874
0.192192	0.0329011
0.196643	0.113947
0.201825	0.192997
0.207412	0.268862
0.213058	0.340432
0.2184	0.406673
0.223082	0.466621
0.226787	0.519389
0.229253	0.564169
0.230302	0.600246
0.229851	0.627011
0.227923	0.643981
0.224646	0.650821
0.220238	0.647355
0.214992	0.633582
0.209251	0.609682
0.203381	0.576009
0.197746	0.533091
0.192687	0.481616
0.188506	0.422417
0.18545	0.356462
0.183696	0.284841
0.183351	0.208745
0.18444	0.129444
0.186905	0.0482537
0.190606	-0.0334951
0.195328	-0.1145
0.200792	-0.193507
0.206675	-0.269336
0.212623	-0.340882
0.218271	-0.407115
0.223262	-0.467079
0.227272	-0.519888
0.230037	-0.564737
0.231374	-0.600912
0.231194	-0.627802
0.229513	-0.644921
0.226451	-0.651929
0.222221	-0.648646
0.21711	-0.635063
0.211456	-0.61135
0.205624	-0.577853
0.199979	-0.535089
0.194869	-0.483736
0.190599	-0.424625
0.187418	-0.358721
0.185513	-0.287108
0.184994	-0.210979
0.185893	-0.131605
0.188157	-0.0503068
0.191651	0.0315824
0.196165	0.112754
0.201421	0.191946
0.207098	0.267972
0.212841	0.339718
0.218288	0.406145
0.223079	0.466288
0.226893	0.519255
0.229466	0.564235
0.230617	0.60051
0.230262	0.627468
0.228422	0.644624
0.225222	0.651639
0.220881	0.648335
0.215691	0.634713
0.209994	0.610948
0.204155	0.577394
0.198539	0.534578
0.193487	0.483186
0.189298	0.424052
0.186223	0.358144
0.184437	0.286549
0.184049	0.210459
0.185085	0.131144
0.187489	0.04992
0.191124	-0.0318841
0.195775	-0.112965
0.201166	-0.192068
0.206977	-0.268014
0.212856	-0.339696
0.218438	-0.406086
0.223367	-0.466224
0.227321	-0.519224
0.230033	-0.564279
0.231319	-0.600672
0.231089	-0.62779
0.229357	-0.645143
0.226241	-0.652385
0.221954	-0.649331
0.216781	-0.635967
0.211064	-0.612459
0.205167	-0.579147
0.19946	-0.536543
0.194292	-0.485322
0.18997	-0.426313
0.186749	-0.360476
0.184818	-0.288897
0.18429	-0.212766
0.185196	-0.133356
0.187487	-0.0519885
0.191028	0.0300009
0.195607	0.111301
0.200945	0.190647
0.206718	0.266848
0.212571	0.338788
0.218134	0.405424
0.223047	0.465786
0.226986	0.51898
0.229682	0.56419
0.230952	0.600695
0.230709	0.62788
0.228972	0.645256
0.225865	0.652481
0.221604	0.649377
0.21648	0.63594
0.210836	0.612344
0.205035	0.578942
0.199442	0.536258
0.194397	0.484979
0.190202	0.425937
0.187103	0.360098
0.185281	0.288548
0.184843	0.21248
0.185817	0.133161
0.18815	0.0519063
0.191708	-0.0299534
0.196277	-0.111115
0.201585	-0.190325
0.207315	-0.266401
0.213116	-0.338239
0.218626	-0.404808
0.223488	-0.465146
0.227379	-0.518366
0.230033	-0.56366
0.231264	-0.600306
0.23098	-0.627689
0.229192	-0.645314
0.226019	-0.652829
0.22167	-0.650044
0.216433	-0.636938
0.210647	-0.613672
0.204681	-0.58058
0.198907	-0.538169
0.193675	-0.487111
0.189298	-0.428229
0.186035	-0.362482
0.184076	-0.290954
0.183536	-0.214835
0.184449	-0.135398
0.186768	-0.0539647
0.190357	0.0281269
0.195004	0.109562
0.200428	0.189073
0.206305	0.265465
0.212273	0.337617
0.217962	0.404484
0.223008	0.465091
0.227081	0.51854
0.229911	0.564011
0.231309	0.600778
0.231187	0.628223
0.229561	0.645853
0.226552	0.653324
0.222376	0.650454
0.217323	0.637236
0.211733	0.613842
0.205971	0.580623
0.2004	0.538101
0.19536	0.486961
0.191154	0.428034
0.188028	0.362284
0.186164	0.290797
0.18567	0.214763
0.186577	0.135449
0.188834	0.054172
0.192308	-0.0277405
0.19679	-0.108985
0.20201	-0.188306
0.207653	-0.264524
0.213371	-0.336531
0.218804	-0.403295
0.223596	-0.463854
0.227422	-0.517319
0.230017	-0.562876
0.231193	-0.599804
0.230854	-0.62748
0.229011	-0.645406
0.22578	-0.653225
0.221369	-0.65074
0.216066	-0.637924
0.21021	-0.61493
0.204173	-0.582088
0.198328	-0.539899
0.193031	-0.489028
0.188597	-0.430297
0.185288	-0.364662
0.183298	-0.293205
0.182745	-0.217113
0.183666	-0.13766
0.186013	-0.0561693
0.189651	0.0260202
0.194369	0.10759
0.199884	0.187268
0.205868	0.263858
0.211959	0.336233
0.217781	0.403344
0.222967	0.464212
0.227184	0.517934
0.230156	0.563688
0.231692	0.600741
0.2317	0.628472
0.230194	0.646384
0.227291	0.65413
0.223206	0.651523
0.218227	0.638554
0.212694	0.615393
0.206969	0.582387
0.201418	0.540056
0.196381	0.489083
0.192159	0.430297
0.189	0.364659
0.187086	0.293256
0.186529	0.217273
0.187361	0.137978
0.189534	0.0566853
0.192917	-0.0252763
0.197306	-0.106604
0.202434	-0.186044
0.207988	-0.262412
0.213623	-0.334601
0.21898	-0.401579
0.223704	-0.46238
0.227472	-0.516114
0.230015	-0.561967
0.231141	-0.599209
0.230755	-0.627217
0.228864	-0.645485
0.22558	-0.653651
0.221112	-0.65151
0.215745	-0.639028
0.20982	-0.61635
0.20371	-0.5838
0.19779	-0.541871
0.192422	-0.491225
0.187924	-0.432676
0.184561	-0.367178
0.182532	-0.295809
0.181958	-0.219757
0.182879	-0.140293
0.185249	-0.0587419
0.188935	0.0235539
0.193723	0.105273
0.199332	0.18514
0.205428	0.261953
0.211648	0.334582
0.217612	0.401971
0.222949	0.463139
0.22732	0.517176
0.230446	0.563255
0.232133	0.600641
0.232282	0.628705
0.230905	0.646948
0.228118	0.655014
0.224132	0.652716
0.219234	0.640039
0.213762	0.61715
0.208079	0.584393
0.20255	0.542285
0.197515	0.491503
0.193276	0.432877
0.190083	0.367367
0.188118	0.296055
0.187495	0.220127
0.188249	0.140849
0.190334	0.059534
0.193624	-0.0224898
0.197918	-0.103919
0.202951	-0.183498
0.208417	-0.260045
0.21397	-0.332449
0.219254	-0.399676
0.223914	-0.46076
0.227626	-0.514807
0.230119	-0.560999
0.231198	-0.598599
0.230765	-0.626979
0.228824	-0.645632
0.225486	-0.654187
0.220955	-0.652431
0.215517	-0.640323
0.209515	-0.617998
0.203321	-0.585773
0.197317	-0.544133
0.191865	-0.493734
0.187289	-0.435385
0.183861	-0.370036
0.181782	-0.298761
0.181178	-0.222748
0.182091	-0.143267
0.184479	-0.0616445
0.188209	0.0207749
0.193068	0.102666
0.198772	0.18275
0.204986	0.259818
0.211342	0.332735
0.217456	0.400442
0.222954	0.461949
0.22749	0.516343
0.230781	0.56279
0.232627	0.60055
0.232927	0.628988
0.231689	0.6476
0.229024	0.656026
0.225143	0.654073
0.220329	0.641722
0.214921	0.619136
0.209281	0.586656
0.203772	0.544796
0.198738	0.494229
0.194479	0.435784
0.191245	0.370418
0.189223	0.299211
0.188527	0.223347
0.189194	0.144091
0.191182	0.0627547
0.194369	-0.0193341
0.198556	-0.100872
0.203484	-0.180602
0.208848	-0.25734
0.214308	-0.329977
0.219507	-0.397474
0.224091	-0.458865
0.227737	-0.513252
0.230171	-0.559813
0.231195	-0.597807
0.230709	-0.626599
0.228713	-0.645674
0.225315	-0.654658
0.220717	-0.65333
0.215204	-0.641637
0.209117	-0.619707
0.202834	-0.587847
0.196738	-0.546535
0.191196	-0.49642
0.186539	-0.438305
0.183041	-0.373134
0.180909	-0.301981
0.180273	-0.226028
0.181181	-0.146547
0.183588	-0.0648646
0.187367	0.0176715
0.192303	0.0997333
0.198111	0.180036
0.204453	0.257366
0.210957	0.330584
0.217235	0.398623
0.222907	0.46049
0.227622	0.515264
0.231093	0.562107
0.233115	0.600272
0.233581	0.629118
0.232495	0.648134
0.229966	0.656958
0.226201	0.655389
0.221482	0.643404
0.216145	0.621162
0.210553	0.589
0.205068	0.547428
0.200034	0.497117
0.195752	0.438891
0.192474	0.373706
0.190386	0.302638
0.189606	0.226869
0.190174	0.14766
0.192051	0.0663244
0.195118	-0.0158125
0.199183	-0.0974476
0.20399	-0.177324
0.209237	-0.254256
0.214589	-0.327133
0.219691	-0.394915
0.224191	-0.456632
0.227763	-0.511385
0.230134	-0.558348
0.231103	-0.596775
0.230564	-0.626026
0.228515	-0.645578
0.225059	-0.65505
0.220396	-0.654209
0.214808	-0.642994
0.208637	-0.621522
0.202262	-0.590089
0.196069	-0.549166
0.190432	-0.49939
0.185683	-0.441558
0.182107	-0.376609
0.179916	-0.305612
0.179245	-0.229747
0.180143	-0.150285
0.182571	-0.0685523
0.186403	0.0141014
0.191425	0.0963431
0.197351	0.176883
0.203839	0.254502
0.210514	0.328054
0.216983	0.396467
0.222859	0.458741
0.227786	0.513948
0.231471	0.561244
0.2337	0.599869
0.234364	0.629185
0.23346	0.648671
0.231094	0.657957
0.227469	0.656838
0.222864	0.645285
0.217613	0.623451
0.212078	0.591667
0.20662	0.550439
0.201584	0.500435
0.197273	0.442474
0.193938	0.377507
0.191771	0.306608
0.19089	0.230956
0.191339	0.15181
0.193084	0.0704802
0.19601	-0.0117083
0.199931	-0.0934515
0.204594	-0.173492
0.209704	-0.250644
0.214929	-0.323792
0.219915	-0.391897
0.224314	-0.453984
0.227799	-0.509152
0.230093	-0.556569
0.230994	-0.595485
0.230392	-0.625254
0.228281	-0.645344
0.224758	-0.655364
0.22002	-0.655073
0.214349	-0.644398
0.208085	-0.623444
0.201608	-0.592496
0.19531	-0.552014
0.189567	-0.502627
0.18472	-0.445123
0.181058	-0.380436
0.178801	-0.309629
0.178088	-0.233879
0.178974	-0.154455
0.181423	-0.0726841
0.185309	0.0100809
0.190421	0.0925029
0.196471	0.173287
0.203116	0.251209
0.209974	0.325114
0.216647	0.393926
0.222743	0.456635
0.227899	0.512308
0.231814	0.560093
0.23427	0.599224
0.23515	0.629054
0.234446	0.649055
0.232259	0.658852
0.228788	0.65823
0.22431	0.647157
0.219155	0.625778
0.213685	0.594419
0.208261	0.553582
0.203228	0.503928
0.198889	0.446273
0.195498	0.381565
0.193247	0.310872
0.192259	0.235369
0.192581	0.156314
0.194184	0.0750134
0.196959	-0.00720783
0.200723	-0.0890468
0.20523	-0.169246
0.21019	-0.246618
0.215275	-0.320046
0.220136	-0.388485
0.224425	-0.450964
0.227815	-0.506572
0.230027	-0.554476
0.230857	-0.593921
0.23019	-0.624252
0.228014	-0.64493
0.224423	-0.655552
0.219608	-0.65587
0.213848	-0.645797
0.207483	-0.625425
0.200894	-0.595028
0.194476	-0.555051
0.188612	-0.506114
0.183652	-0.448993
0.17989	-0.384616
0.177552	-0.314039
0.176785	-0.238436
0.177649	-0.159073
0.180113	-0.0772772
0.184054	0.00559642
0.189263	0.0882066
0.19545	0.169253
0.202271	0.247503
0.209336	0.321798
0.216244	0.39105
0.222594	0.454247
0.228017	0.510445
0.232204	0.558785
0.234927	0.598493
0.236064	0.62891
0.235599	0.649502
0.233628	0.659888
0.230343	0.659846
0.226017	0.649333
0.220978	0.628488
0.215585	0.597632
0.210199	0.557256
0.205165	0.508018
0.200791	0.450725
0.197329	0.386321
0.194976	0.315871
0.193857	0.240545
0.194027	0.161594
0.195459	0.0803255
0.198053	-0.00193928
0.201632	-0.0838972
0.205957	-0.164289
0.210744	-0.241926
0.21567	-0.31569
0.22039	-0.384532
0.224558	-0.447478
0.227846	-0.503614
0.229974	-0.5521
0.230733	-0.592175
0.230004	-0.623178
0.227767	-0.644559
0.22411	-0.655903
0.219219	-0.656949
0.213369	-0.647596
0.206898	-0.627922
0.200188	-0.598183
0.193637	-0.558812
0.187636	-0.510415
0.182541	-0.453756
0.178655	-0.389755
0.176215	-0.31946
0.175374	-0.24404
0.176199	-0.164756
0.178666	-0.0829368
0.182655	6.07294e-005
0.187957	0.0828902
0.194284	0.164244
0.201287	0.242883
0.208572	0.317637
0.215731	0.387413
0.222355	0.451187
0.228069	0.508009
0.232552	0.557005
0.23557	0.597397
0.236991	0.628514
0.236793	0.649815
0.235062	0.660904
0.231986	0.661556
0.227831	0.651715
0.222923	0.631514
0.217617	0.601263
0.212275	0.561448
0.207242	0.512718
0.202827	0.455874
0.199286	0.391854
0.196818	0.321716
0.195552	0.246625
0.195547	0.167828
0.196785	0.086627
0.19917	0.00434321
0.202536	-0.0777208
0.206648	-0.158305
0.211229	-0.236219
0.215964	-0.31034
0.220512	-0.379618
0.224528	-0.443073
0.227686	-0.499788
0.229704	-0.548916
0.23037	-0.58969
0.229559	-0.62144
0.227246	-0.643606
0.223513	-0.655763
0.218539	-0.657631
0.212593	-0.6491
0.20601	-0.630227
0.199174	-0.601253
0.192484	-0.562596
0.186338	-0.514845
0.1811	-0.458754
0.177084	-0.395227
0.174532	-0.325306
0.173609	-0.250152
0.17439	-0.171023
0.176854	-0.0892449
0.180888	-0.00617673
0.186284	0.0768305
0.192755	0.158463
0.199949	0.237472
0.207469	0.31268
0.214898	0.382984
0.221821	0.447351
0.227854	0.504822
0.232668	0.554513
0.236018	0.595637
0.237763	0.627513
0.237872	0.649588
0.236423	0.661457
0.233595	0.662884
0.22965	0.653805
0.224906	0.634341
0.219716	0.604793
0.214439	0.56564
0.20942	0.517522
0.204969	0.461231
0.201346	0.3977
0.198751	0.327976
0.19732	0.253219
0.197115	0.174668
0.198127	0.0936214
0.200267	0.0113956
0.203377	-0.0707078
0.207232	-0.151429
0.211562	-0.229576
0.216061	-0.304025
0.220392	-0.373723
0.224216	-0.437685
0.227209	-0.494989
0.229089	-0.544781
0.22964	-0.586291
0.228733	-0.61884
0.226337	-0.64186
0.222524	-0.654911
0.217467	-0.6577
0.211424	-0.650098
0.20473	-0.632146
0.197764	-0.604063
0.190931	-0.566249
0.184632	-0.519276
0.17924	-0.463881
0.175078	-0.400957
0.172401	-0.331532
0.171382	-0.256757
0.172105	-0.177885
0.174559	-0.096237
0.178632	-0.0131738
0.184121	0.0699473
0.19074	0.151808
0.198135	0.231151
0.205904	0.30679
0.213623	0.37761
0.22087	0.44257
0.22725	0.500697
0.232426	0.551101
0.236145	0.592983
0.238255	0.625653
0.238715	0.648548
0.237595	0.661253
0.235064	0.663518
0.231374	0.655274
0.226839	0.63663
0.221803	0.607878
0.216625	0.569486
0.211646	0.522087
0.207178	0.466465
0.203482	0.40354
0.200761	0.334354
0.199154	0.260055
0.198731	0.181876
0.199487	0.101104
0.201343	0.0190536
0.204149	-0.0629793
0.207691	-0.143735
0.21171	-0.222022
0.215906	-0.296715
0.219953	-0.366757
0.223518	-0.43116
0.226281	-0.489
0.227962	-0.539418
0.228345	-0.581637
0.227297	-0.614972
0.224781	-0.638845
0.220862	-0.652806
0.215703	-0.656545
0.209557	-0.649916
0.20275	-0.632944
0.19566	-0.605827
0.18869	-0.568945
0.182247	-0.522852
0.176711	-0.468268
0.172414	-0.406068
0.16962	-0.337269
0.168514	-0.26301
0.169187	-0.184533
0.171635	-0.103157
0.175755	-0.0202361
0.181349	0.0628703
0.188126	0.144836
0.195735	0.224398
0.203769	0.300359
0.2118	0.371597
0.219396	0.437062
0.226156	0.49577
0.231734	0.546825
0.235867	0.589419
0.238393	0.622853
0.23926	0.646554
0.238525	0.660097
0.236348	0.663224
0.232971	0.655854
0.228696	0.638086
0.223862	0.610202
0.218817	0.57266
0.213904	0.526083
0.209432	0.471245
0.205662	0.409057
0.202802	0.340548
0.200994	0.266855
0.200314	0.189199
0.200763	0.108859
0.202273	0.0271393
0.204704	-0.0546686
0.207853	-0.13531
0.211472	-0.213594
0.215275	-0.288395
0.218947	-0.358656
0.222161	-0.423387
0.224608	-0.481661
0.226013	-0.532615
0.22616	-0.575469
0.224915	-0.609532
0.222237	-0.634217
0.218183	-0.649064
0.212909	-0.653752
0.206657	-0.648117
0.199746	-0.632166
0.192549	-0.606076
0.185468	-0.570209
0.17891	-0.525098
0.173261	-0.471443
0.168862	-0.410103
0.165986	-0.34208
0.164826	-0.268499
0.165482	-0.190593
0.167955	-0.109667
0.172149	-0.0270738
0.177867	0.0558298
0.184821	0.137714
0.192658	0.217309
0.200969	0.293411
0.209318	0.36489
0.217272	0.430687
0.22442	0.489812
0.230412	0.541362
0.234976	0.584522
0.23794	0.618586
0.239244	0.642976
0.238934	0.657261
0.237158	0.661175
0.234144	0.65463
0.230183	0.637717
0.225603	0.610709
0.220743	0.574054
0.215937	0.528368
0.211491	0.474413
0.207664	0.413091
0.204665	0.34542
0.20264	0.272522
0.201669	0.195604
0.20176	0.115931
0.202854	0.0347963
0.204822	-0.0465194
0.207472	-0.126769
0.210572	-0.204764
0.213849	-0.279385
0.217001	-0.349575
0.219719	-0.414345
0.221704	-0.472768
0.222692	-0.52398
0.222475	-0.567202
0.220923	-0.601738
0.217993	-0.627001
0.213739	-0.642523
0.20831	-0.647974
0.201942	-0.643178
0.194943	-0.628128
0.18768	-0.602986
0.18055	-0.568095
0.173957	-0.523971
0.168288	-0.4713
0.163885	-0.410923
0.161025	-0.343826
0.159906	-0.27112
0.160633	-0.194024
0.163209	-0.113831
0.167539	-0.0318845
0.173427	0.0504647
0.180585	0.131889
0.188657	0.211117
0.197232	0.286943
0.205874	0.35823
0.214146	0.423918
0.221639	0.483014
0.228001	0.534612
0.23296	0.577898
0.236341	0.61217
0.238074	0.636849
0.238199	0.651508
0.236851	0.655885
0.234244	0.649888
0.230654	0.633606
0.226394	0.607309
0.221787	0.57144
0.217157	0.526607
0.212799	0.473566
0.208966	0.413208
0.205867	0.346537
0.203645	0.27466
0.202383	0.198768
0.202095	0.120108
0.202728	0.0399516
0.204163	-0.0404339
0.206225	-0.119816
0.208695	-0.19702
0.211317	-0.270933
0.21381	-0.340508
0.215884	-0.404763
0.217259	-0.462776
0.217689	-0.513697
0.216981	-0.556746
0.215012	-0.591236
0.211745	-0.616581
0.207235	-0.632318
0.201625	-0.638115
0.195146	-0.633792
0.188097	-0.619335
0.180835	-0.594898
0.173746	-0.560811
0.167227	-0.517578
0.161657	-0.465873
0.157372	-0.406522
0.154648	-0.340495
0.153681	-0.268887
0.154573	-0.192899
0.157329	-0.113808
0.16185	-0.0329384
0.167938	0.048371
0.175305	0.128803
0.183593	0.207093
0.192393	0.282039
0.201272	0.352511
0.209799	0.417449
0.217571	0.47587
0.224242	0.526874
0.229545	0.56966
0.233306	0.603537
0.235453	0.627944
0.236017	0.642465
0.235122	0.646844
0.232968	0.641
0.229811	0.625026
0.225945	0.599192
0.221673	0.563939
0.2173	0.519869
0.213109	0.467731
0.209345	0.408402
0.206208	0.342871
0.203841	0.272229
0.202329	0.197643
0.201689	0.120337
0.201876	0.0415592
0.202779	-0.0374457
0.204236	-0.115466
0.206047	-0.191346
0.207973	-0.26399
0.209755	-0.332365
0.211129	-0.395505
0.211837	-0.452504
0.211656	-0.502527
0.21041	-0.544812
0.207991	-0.578684
0.20437	-0.603572
0.199601	-0.619021
0.193829	-0.624708
0.187273	-0.620461
0.180224	-0.606263
0.173024	-0.582266
0.166048	-0.548793
0.159674	-0.506341
0.154268	-0.455572
0.150154	-0.397299
0.147602	-0.332475
0.1468	-0.262177
0.147846	-0.187581
0.150742	-0.109942
0.155388	-0.0305596
0.161589	0.0492502
0.16906	0.128193
0.177445	0.205015
0.186343	0.278531
0.195329	0.34762
0.203984	0.41124
0.21192	0.468423
0.218804	0.518289
0.224375	0.560052
0.228464	0.593046
0.230998	0.616726
0.232	0.6307
0.231582	0.634726
0.229925	0.628736
0.227265	0.61283
0.223871	0.587279
0.220029	0.552523
0.216021	0.509155
0.212111	0.457915
0.208533	0.399667
0.205479	0.335381
0.20309	0.266126
0.201449	0.193047
0.200578	0.11734
0.200433	0.0402267
0.200916	-0.0370749
0.201878	-0.113381
0.203129	-0.187553
0.20445	-0.258517
0.205602	-0.325263
0.206346	-0.386841
0.206449	-0.44237
0.205711	-0.491037
0.203978	-0.532102
0.201155	-0.564916
0.197223	-0.588926
0.19224	-0.603696
0.186347	-0.608918
0.179755	-0.604431
0.172742	-0.590227
0.165635	-0.566464
0.158786	-0.533466
0.152555	-0.491726
0.147282	-0.441899
0.143276	-0.384787
0.140792	-0.321325
0.140009	-0.252567
0.141018	-0.179664
0.143821	-0.103839
0.148318	-0.0263609
0.154321	0.0514862
0.161554	0.128438
0.169675	0.203267
0.178298	0.274812
0.187023	0.341975
0.195453	0.403735
0.203221	0.459149
0.210017	0.507363
0.215598	0.547623
0.219805	0.579286
0.222567	0.601842
0.223904	0.614919
0.223912	0.618302
0.222757	0.611935
0.220652	0.595928
0.217842	0.570557
0.214587	0.536254
0.211148	0.493607
0.207766	0.443341
0.20466	0.3863
0.202008	0.323437
0.199941	0.255793
0.198536	0.184484
0.197812	0.110677
0.197726	0.0355622
0.198178	-0.0396731
0.199029	-0.113872
0.200096	-0.185923
0.201173	-0.254777
0.202043	-0.319447
0.202483	-0.37901
0.202286	-0.432612
0.201275	-0.479469
0.199313	-0.518876
0.196324	-0.550211
0.192294	-0.572955
0.187284	-0.586698
0.181428	-0.59116
0.174927	-0.586199
0.16804	-0.571826
0.161071	-0.548207
0.154344	-0.51567
0.148188	-0.474706
0.14292	-0.425959
0.138827	-0.370213
0.136142	-0.308381
0.135037	-0.241487
0.135602	-0.170647
0.137843	-0.0970429
0.141676	-0.0219031
0.14693	0.0535325
0.153355	0.128039
0.160638	0.200429
0.168427	0.269571
0.176354	0.334404
0.184058	0.393937
0.191207	0.44726
0.197517	0.493552
0.202765	0.532092
0.206807	0.562271
0.209574	0.583606
0.211079	0.595752
0.211406	0.598511
0.210698	0.591842
0.209148	0.575857
0.206976	0.550829
0.204417	0.517183
0.201703	0.475492
0.199058	0.426459
0.196676	0.370904
0.19472	0.309749
0.193308	0.244008
0.192507	0.174757
0.192327	0.103127
0.192722	0.0302729
0.193595	-0.0426523
0.194805	-0.114522
0.196179	-0.184256
0.197519	-0.250831
0.198616	-0.313284
0.199266	-0.370721
0.199276	-0.422319
0.198486	-0.467328
0.196773	-0.505076
0.194065	-0.534979
